[0.032s] Invoking command in '/home/rutvij/rbe500_group_project-1/build/rrbot_description': CMAKE_PREFIX_PATH=${CMAKE_PREFIX_PATH}:/home/rutvij/ros2_ws/install/my_robot_controller:/opt/ros/humble /usr/bin/cmake /home/rutvij/rbe500_group_project-1/rrbot_simulation_files/rrbot_description -DAMENT_CMAKE_SYMLINK_INSTALL=1 -DCMAKE_INSTALL_PREFIX=/home/rutvij/rbe500_group_project-1/install/rrbot_description
[0.090s] -- Found ament_cmake: 1.3.6 (/opt/ros/humble/share/ament_cmake/cmake)
[0.193s] -- Override CMake install command with custom implementation using symlinks instead of copying resources
[0.256s] -- Configuring done
[0.261s] -- Generating done
[0.261s] -- Build files have been written to: /home/rutvij/rbe500_group_project-1/build/rrbot_description
[0.272s] Invoked command in '/home/rutvij/rbe500_group_project-1/build/rrbot_description' returned '0': CMAKE_PREFIX_PATH=${CMAKE_PREFIX_PATH}:/home/rutvij/ros2_ws/install/my_robot_controller:/opt/ros/humble /usr/bin/cmake /home/rutvij/rbe500_group_project-1/rrbot_simulation_files/rrbot_description -DAMENT_CMAKE_SYMLINK_INSTALL=1 -DCMAKE_INSTALL_PREFIX=/home/rutvij/rbe500_group_project-1/install/rrbot_description
[0.273s] Invoking command in '/home/rutvij/rbe500_group_project-1/build/rrbot_description': CMAKE_PREFIX_PATH=${CMAKE_PREFIX_PATH}:/home/rutvij/ros2_ws/install/my_robot_controller:/opt/ros/humble /usr/bin/cmake --build /home/rutvij/rbe500_group_project-1/build/rrbot_description -- -j12 -l12
[0.294s] Invoked command in '/home/rutvij/rbe500_group_project-1/build/rrbot_description' returned '0': CMAKE_PREFIX_PATH=${CMAKE_PREFIX_PATH}:/home/rutvij/ros2_ws/install/my_robot_controller:/opt/ros/humble /usr/bin/cmake --build /home/rutvij/rbe500_group_project-1/build/rrbot_description -- -j12 -l12
[0.311s] Invoking command in '/home/rutvij/rbe500_group_project-1/build/rrbot_description': CMAKE_PREFIX_PATH=${CMAKE_PREFIX_PATH}:/home/rutvij/ros2_ws/install/my_robot_controller:/opt/ros/humble /usr/bin/cmake --install /home/rutvij/rbe500_group_project-1/build/rrbot_description
[0.315s] -- Install configuration: ""
[0.315s] -- Execute custom install script
[0.315s] -- Symlinking: /home/rutvij/rbe500_group_project-1/install/rrbot_description/share/rrbot_description/config/rrbot.rviz
[0.320s] -- Symlinking: /home/rutvij/rbe500_group_project-1/install/rrbot_description/share/rrbot_description/gazebo/rrbot.gazebo.xacro
[0.324s] -- Symlinking: /home/rutvij/rbe500_group_project-1/install/rrbot_description/share/rrbot_description/gazebo/rrbot.materials.xacro
[0.329s] -- Symlinking: /home/rutvij/rbe500_group_project-1/install/rrbot_description/share/rrbot_description/meshes/hokuyo.dae
[0.333s] -- Symlinking: /home/rutvij/rbe500_group_project-1/install/rrbot_description/share/rrbot_description/launch/view_robot.launch.py
[0.337s] -- Symlinking: /home/rutvij/rbe500_group_project-1/install/rrbot_description/share/rrbot_description/ros2_control/rrbot.ros2_control.xacro
[0.342s] -- Symlinking: /home/rutvij/rbe500_group_project-1/install/rrbot_description/share/rrbot_description/urdf/rrbot.urdf.xacro
[0.347s] -- Symlinking: /home/rutvij/rbe500_group_project-1/install/rrbot_description/share/rrbot_description/urdf/rrbot_description.urdf.xacro
[0.351s] -- Symlinking: /home/rutvij/rbe500_group_project-1/install/rrbot_description/share/rrbot_description/urdf/rrbot_description_bryan.urdf.xacro
[0.355s] -- Symlinking: /home/rutvij/rbe500_group_project-1/install/rrbot_description/share/rrbot_description/environment/rrbot_description.dsv
[0.360s] -- Symlinking: /home/rutvij/rbe500_group_project-1/install/rrbot_description/share/ament_index/resource_index/package_run_dependencies/rrbot_description
[0.364s] -- Symlinking: /home/rutvij/rbe500_group_project-1/install/rrbot_description/share/ament_index/resource_index/parent_prefix_path/rrbot_description
[0.368s] -- Symlinking: /home/rutvij/rbe500_group_project-1/install/rrbot_description/share/rrbot_description/environment/ament_prefix_path.sh
[0.372s] -- Symlinking: /home/rutvij/rbe500_group_project-1/install/rrbot_description/share/rrbot_description/environment/ament_prefix_path.dsv
[0.376s] -- Symlinking: /home/rutvij/rbe500_group_project-1/install/rrbot_description/share/rrbot_description/environment/path.sh
[0.381s] -- Symlinking: /home/rutvij/rbe500_group_project-1/install/rrbot_description/share/rrbot_description/environment/path.dsv
[0.385s] -- Symlinking: /home/rutvij/rbe500_group_project-1/install/rrbot_description/share/rrbot_description/local_setup.bash
[0.390s] -- Symlinking: /home/rutvij/rbe500_group_project-1/install/rrbot_description/share/rrbot_description/local_setup.sh
[0.395s] -- Symlinking: /home/rutvij/rbe500_group_project-1/install/rrbot_description/share/rrbot_description/local_setup.zsh
[0.401s] -- Symlinking: /home/rutvij/rbe500_group_project-1/install/rrbot_description/share/rrbot_description/local_setup.dsv
[0.405s] -- Symlinking: /home/rutvij/rbe500_group_project-1/install/rrbot_description/share/rrbot_description/package.dsv
[0.410s] -- Symlinking: /home/rutvij/rbe500_group_project-1/install/rrbot_description/share/ament_index/resource_index/packages/rrbot_description
[0.414s] -- Symlinking: /home/rutvij/rbe500_group_project-1/install/rrbot_description/share/rrbot_description/cmake/rrbot_descriptionConfig.cmake
[0.419s] -- Symlinking: /home/rutvij/rbe500_group_project-1/install/rrbot_description/share/rrbot_description/cmake/rrbot_descriptionConfig-version.cmake
[0.423s] -- Symlinking: /home/rutvij/rbe500_group_project-1/install/rrbot_description/share/rrbot_description/package.xml
[0.429s] Invoked command in '/home/rutvij/rbe500_group_project-1/build/rrbot_description' returned '0': CMAKE_PREFIX_PATH=${CMAKE_PREFIX_PATH}:/home/rutvij/ros2_ws/install/my_robot_controller:/opt/ros/humble /usr/bin/cmake --install /home/rutvij/rbe500_group_project-1/build/rrbot_description
