[0.263s] DEBUG:colcon:Command line arguments: ['/usr/bin/colcon', 'build', '--symlink-install']
[0.263s] DEBUG:colcon:Parsed command line arguments: Namespace(log_base=None, log_level=None, verb_name='build', build_base='build', install_base='install', merge_install=False, symlink_install=True, test_result_base=None, continue_on_error=False, executor='parallel', parallel_workers=8, event_handlers=None, ignore_user_meta=False, metas=['./colcon.meta'], base_paths=['.'], packages_ignore=None, packages_ignore_regex=None, paths=None, packages_up_to=None, packages_up_to_regex=None, packages_above=None, packages_above_and_dependencies=None, packages_above_depth=None, packages_select_by_dep=None, packages_skip_by_dep=None, packages_skip_up_to=None, packages_select_build_failed=False, packages_skip_build_finished=False, packages_select_test_failures=False, packages_skip_test_passed=False, packages_select=None, packages_skip=None, packages_select_regex=None, packages_skip_regex=None, packages_start=None, packages_end=None, allow_overriding=[], cmake_args=None, cmake_target=None, cmake_target_skip_unavailable=False, cmake_clean_cache=False, cmake_clean_first=False, cmake_force_configure=False, ament_cmake_args=None, catkin_cmake_args=None, catkin_skip_building_tests=False, verb_parser=<colcon_defaults.argument_parser.defaults.DefaultArgumentsDecorator object at 0x7fd482fce3b0>, verb_extension=<colcon_core.verb.build.BuildVerb object at 0x7fd48375c250>, main=<bound method BuildVerb.main of <colcon_core.verb.build.BuildVerb object at 0x7fd48375c250>>)
[0.290s] Level 1:colcon.colcon_core.package_discovery:discover_packages(colcon_meta) check parameters
[0.290s] Level 1:colcon.colcon_core.package_discovery:discover_packages(recursive) check parameters
[0.290s] Level 1:colcon.colcon_core.package_discovery:discover_packages(ignore) check parameters
[0.290s] Level 1:colcon.colcon_core.package_discovery:discover_packages(path) check parameters
[0.290s] Level 1:colcon.colcon_core.package_discovery:discover_packages(colcon_meta) discover
[0.291s] Level 1:colcon.colcon_core.package_discovery:discover_packages(recursive) discover
[0.291s] INFO:colcon.colcon_core.package_discovery:Crawling recursively for packages in '/home/joshfarina/ros2_ws/src/rbe500_group_project'
[0.291s] Level 1:colcon.colcon_core.package_identification:_identify(.) by extensions ['ignore', 'ignore_ament_install']
[0.291s] Level 1:colcon.colcon_core.package_identification:_identify(.) by extension 'ignore'
[0.291s] Level 1:colcon.colcon_core.package_identification:_identify(.) by extension 'ignore_ament_install'
[0.291s] Level 1:colcon.colcon_core.package_identification:_identify(.) by extensions ['colcon_pkg']
[0.291s] Level 1:colcon.colcon_core.package_identification:_identify(.) by extension 'colcon_pkg'
[0.291s] Level 1:colcon.colcon_core.package_identification:_identify(.) by extensions ['colcon_meta']
[0.291s] Level 1:colcon.colcon_core.package_identification:_identify(.) by extension 'colcon_meta'
[0.291s] Level 1:colcon.colcon_core.package_identification:_identify(.) by extensions ['ros']
[0.291s] Level 1:colcon.colcon_core.package_identification:_identify(.) by extension 'ros'
[0.300s] Level 1:colcon.colcon_core.package_identification:_identify(.) by extensions ['cmake', 'python']
[0.300s] Level 1:colcon.colcon_core.package_identification:_identify(.) by extension 'cmake'
[0.300s] Level 1:colcon.colcon_core.package_identification:_identify(.) by extension 'python'
[0.300s] Level 1:colcon.colcon_core.package_identification:_identify(.) by extensions ['python_setup_py']
[0.300s] Level 1:colcon.colcon_core.package_identification:_identify(.) by extension 'python_setup_py'
[0.300s] Level 1:colcon.colcon_core.package_identification:_identify(build) by extensions ['ignore', 'ignore_ament_install']
[0.300s] Level 1:colcon.colcon_core.package_identification:_identify(build) by extension 'ignore'
[0.300s] Level 1:colcon.colcon_core.package_identification:_identify(build) ignored
[0.300s] Level 1:colcon.colcon_core.package_identification:_identify(install) by extensions ['ignore', 'ignore_ament_install']
[0.301s] Level 1:colcon.colcon_core.package_identification:_identify(install) by extension 'ignore'
[0.301s] Level 1:colcon.colcon_core.package_identification:_identify(install) ignored
[0.301s] Level 1:colcon.colcon_core.package_identification:_identify(log) by extensions ['ignore', 'ignore_ament_install']
[0.301s] Level 1:colcon.colcon_core.package_identification:_identify(log) by extension 'ignore'
[0.301s] Level 1:colcon.colcon_core.package_identification:_identify(log) ignored
[0.301s] Level 1:colcon.colcon_core.package_identification:_identify(rrbot_simulation_files) by extensions ['ignore', 'ignore_ament_install']
[0.301s] Level 1:colcon.colcon_core.package_identification:_identify(rrbot_simulation_files) by extension 'ignore'
[0.301s] Level 1:colcon.colcon_core.package_identification:_identify(rrbot_simulation_files) by extension 'ignore_ament_install'
[0.301s] Level 1:colcon.colcon_core.package_identification:_identify(rrbot_simulation_files) by extensions ['colcon_pkg']
[0.301s] Level 1:colcon.colcon_core.package_identification:_identify(rrbot_simulation_files) by extension 'colcon_pkg'
[0.301s] Level 1:colcon.colcon_core.package_identification:_identify(rrbot_simulation_files) by extensions ['colcon_meta']
[0.301s] Level 1:colcon.colcon_core.package_identification:_identify(rrbot_simulation_files) by extension 'colcon_meta'
[0.301s] Level 1:colcon.colcon_core.package_identification:_identify(rrbot_simulation_files) by extensions ['ros']
[0.301s] Level 1:colcon.colcon_core.package_identification:_identify(rrbot_simulation_files) by extension 'ros'
[0.301s] Level 1:colcon.colcon_core.package_identification:_identify(rrbot_simulation_files) by extensions ['cmake', 'python']
[0.301s] Level 1:colcon.colcon_core.package_identification:_identify(rrbot_simulation_files) by extension 'cmake'
[0.301s] Level 1:colcon.colcon_core.package_identification:_identify(rrbot_simulation_files) by extension 'python'
[0.301s] Level 1:colcon.colcon_core.package_identification:_identify(rrbot_simulation_files) by extensions ['python_setup_py']
[0.301s] Level 1:colcon.colcon_core.package_identification:_identify(rrbot_simulation_files) by extension 'python_setup_py'
[0.301s] Level 1:colcon.colcon_core.package_identification:_identify(rrbot_simulation_files/build) by extensions ['ignore', 'ignore_ament_install']
[0.301s] Level 1:colcon.colcon_core.package_identification:_identify(rrbot_simulation_files/build) by extension 'ignore'
[0.301s] Level 1:colcon.colcon_core.package_identification:_identify(rrbot_simulation_files/build) ignored
[0.301s] Level 1:colcon.colcon_core.package_identification:_identify(rrbot_simulation_files/install) by extensions ['ignore', 'ignore_ament_install']
[0.301s] Level 1:colcon.colcon_core.package_identification:_identify(rrbot_simulation_files/install) by extension 'ignore'
[0.301s] Level 1:colcon.colcon_core.package_identification:_identify(rrbot_simulation_files/install) ignored
[0.302s] Level 1:colcon.colcon_core.package_identification:_identify(rrbot_simulation_files/log) by extensions ['ignore', 'ignore_ament_install']
[0.302s] Level 1:colcon.colcon_core.package_identification:_identify(rrbot_simulation_files/log) by extension 'ignore'
[0.302s] Level 1:colcon.colcon_core.package_identification:_identify(rrbot_simulation_files/log) ignored
[0.302s] Level 1:colcon.colcon_core.package_identification:_identify(rrbot_simulation_files/rrbot_description) by extensions ['ignore', 'ignore_ament_install']
[0.302s] Level 1:colcon.colcon_core.package_identification:_identify(rrbot_simulation_files/rrbot_description) by extension 'ignore'
[0.302s] Level 1:colcon.colcon_core.package_identification:_identify(rrbot_simulation_files/rrbot_description) by extension 'ignore_ament_install'
[0.302s] Level 1:colcon.colcon_core.package_identification:_identify(rrbot_simulation_files/rrbot_description) by extensions ['colcon_pkg']
[0.302s] Level 1:colcon.colcon_core.package_identification:_identify(rrbot_simulation_files/rrbot_description) by extension 'colcon_pkg'
[0.302s] Level 1:colcon.colcon_core.package_identification:_identify(rrbot_simulation_files/rrbot_description) by extensions ['colcon_meta']
[0.302s] Level 1:colcon.colcon_core.package_identification:_identify(rrbot_simulation_files/rrbot_description) by extension 'colcon_meta'
[0.302s] Level 1:colcon.colcon_core.package_identification:_identify(rrbot_simulation_files/rrbot_description) by extensions ['ros']
[0.302s] Level 1:colcon.colcon_core.package_identification:_identify(rrbot_simulation_files/rrbot_description) by extension 'ros'
[0.304s] DEBUG:colcon.colcon_core.package_identification:Package 'rrbot_simulation_files/rrbot_description' with type 'ros.ament_cmake' and name 'rrbot_description'
[0.304s] Level 1:colcon.colcon_core.package_identification:_identify(rrbot_simulation_files/rrbot_gazebo) by extensions ['ignore', 'ignore_ament_install']
[0.304s] Level 1:colcon.colcon_core.package_identification:_identify(rrbot_simulation_files/rrbot_gazebo) by extension 'ignore'
[0.304s] Level 1:colcon.colcon_core.package_identification:_identify(rrbot_simulation_files/rrbot_gazebo) by extension 'ignore_ament_install'
[0.304s] Level 1:colcon.colcon_core.package_identification:_identify(rrbot_simulation_files/rrbot_gazebo) by extensions ['colcon_pkg']
[0.304s] Level 1:colcon.colcon_core.package_identification:_identify(rrbot_simulation_files/rrbot_gazebo) by extension 'colcon_pkg'
[0.304s] Level 1:colcon.colcon_core.package_identification:_identify(rrbot_simulation_files/rrbot_gazebo) by extensions ['colcon_meta']
[0.304s] Level 1:colcon.colcon_core.package_identification:_identify(rrbot_simulation_files/rrbot_gazebo) by extension 'colcon_meta'
[0.304s] Level 1:colcon.colcon_core.package_identification:_identify(rrbot_simulation_files/rrbot_gazebo) by extensions ['ros']
[0.304s] Level 1:colcon.colcon_core.package_identification:_identify(rrbot_simulation_files/rrbot_gazebo) by extension 'ros'
[0.305s] DEBUG:colcon.colcon_core.package_identification:Package 'rrbot_simulation_files/rrbot_gazebo' with type 'ros.ament_cmake' and name 'rrbot_gazebo'
[0.305s] Level 1:colcon.colcon_core.package_discovery:discover_packages(recursive) using defaults
[0.305s] Level 1:colcon.colcon_core.package_discovery:discover_packages(ignore) discover
[0.305s] Level 1:colcon.colcon_core.package_discovery:discover_packages(ignore) using defaults
[0.305s] Level 1:colcon.colcon_core.package_discovery:discover_packages(path) discover
[0.305s] Level 1:colcon.colcon_core.package_discovery:discover_packages(path) using defaults
[0.335s] Level 1:colcon.colcon_core.package_discovery:discover_packages(prefix_path) check parameters
[0.335s] Level 1:colcon.colcon_core.package_discovery:discover_packages(prefix_path) discover
[0.338s] DEBUG:colcon.colcon_installed_package_information.package_discovery:Found 332 installed packages in /opt/ros/humble
[0.340s] Level 1:colcon.colcon_core.package_discovery:discover_packages(prefix_path) using defaults
[0.395s] Level 5:colcon.colcon_core.verb:set package 'rrbot_description' build argument 'cmake_args' from command line to 'None'
[0.395s] Level 5:colcon.colcon_core.verb:set package 'rrbot_description' build argument 'cmake_target' from command line to 'None'
[0.395s] Level 5:colcon.colcon_core.verb:set package 'rrbot_description' build argument 'cmake_target_skip_unavailable' from command line to 'False'
[0.395s] Level 5:colcon.colcon_core.verb:set package 'rrbot_description' build argument 'cmake_clean_cache' from command line to 'False'
[0.395s] Level 5:colcon.colcon_core.verb:set package 'rrbot_description' build argument 'cmake_clean_first' from command line to 'False'
[0.395s] Level 5:colcon.colcon_core.verb:set package 'rrbot_description' build argument 'cmake_force_configure' from command line to 'False'
[0.395s] Level 5:colcon.colcon_core.verb:set package 'rrbot_description' build argument 'ament_cmake_args' from command line to 'None'
[0.395s] Level 5:colcon.colcon_core.verb:set package 'rrbot_description' build argument 'catkin_cmake_args' from command line to 'None'
[0.395s] Level 5:colcon.colcon_core.verb:set package 'rrbot_description' build argument 'catkin_skip_building_tests' from command line to 'False'
[0.395s] DEBUG:colcon.colcon_core.verb:Building package 'rrbot_description' with the following arguments: {'ament_cmake_args': None, 'build_base': '/home/joshfarina/ros2_ws/src/rbe500_group_project/build/rrbot_description', 'catkin_cmake_args': None, 'catkin_skip_building_tests': False, 'cmake_args': None, 'cmake_clean_cache': False, 'cmake_clean_first': False, 'cmake_force_configure': False, 'cmake_target': None, 'cmake_target_skip_unavailable': False, 'install_base': '/home/joshfarina/ros2_ws/src/rbe500_group_project/install/rrbot_description', 'merge_install': False, 'path': '/home/joshfarina/ros2_ws/src/rbe500_group_project/rrbot_simulation_files/rrbot_description', 'symlink_install': True, 'test_result_base': None}
[0.396s] Level 5:colcon.colcon_core.verb:set package 'rrbot_gazebo' build argument 'cmake_args' from command line to 'None'
[0.396s] Level 5:colcon.colcon_core.verb:set package 'rrbot_gazebo' build argument 'cmake_target' from command line to 'None'
[0.396s] Level 5:colcon.colcon_core.verb:set package 'rrbot_gazebo' build argument 'cmake_target_skip_unavailable' from command line to 'False'
[0.396s] Level 5:colcon.colcon_core.verb:set package 'rrbot_gazebo' build argument 'cmake_clean_cache' from command line to 'False'
[0.396s] Level 5:colcon.colcon_core.verb:set package 'rrbot_gazebo' build argument 'cmake_clean_first' from command line to 'False'
[0.396s] Level 5:colcon.colcon_core.verb:set package 'rrbot_gazebo' build argument 'cmake_force_configure' from command line to 'False'
[0.396s] Level 5:colcon.colcon_core.verb:set package 'rrbot_gazebo' build argument 'ament_cmake_args' from command line to 'None'
[0.396s] Level 5:colcon.colcon_core.verb:set package 'rrbot_gazebo' build argument 'catkin_cmake_args' from command line to 'None'
[0.396s] Level 5:colcon.colcon_core.verb:set package 'rrbot_gazebo' build argument 'catkin_skip_building_tests' from command line to 'False'
[0.396s] DEBUG:colcon.colcon_core.verb:Building package 'rrbot_gazebo' with the following arguments: {'ament_cmake_args': None, 'build_base': '/home/joshfarina/ros2_ws/src/rbe500_group_project/build/rrbot_gazebo', 'catkin_cmake_args': None, 'catkin_skip_building_tests': False, 'cmake_args': None, 'cmake_clean_cache': False, 'cmake_clean_first': False, 'cmake_force_configure': False, 'cmake_target': None, 'cmake_target_skip_unavailable': False, 'install_base': '/home/joshfarina/ros2_ws/src/rbe500_group_project/install/rrbot_gazebo', 'merge_install': False, 'path': '/home/joshfarina/ros2_ws/src/rbe500_group_project/rrbot_simulation_files/rrbot_gazebo', 'symlink_install': True, 'test_result_base': None}
[0.397s] INFO:colcon.colcon_core.executor:Executing jobs using 'parallel' executor
[0.399s] DEBUG:colcon.colcon_parallel_executor.executor.parallel:run_until_complete
[0.399s] INFO:colcon.colcon_ros.task.ament_cmake.build:Building ROS package in '/home/joshfarina/ros2_ws/src/rbe500_group_project/rrbot_simulation_files/rrbot_description' with build type 'ament_cmake'
[0.399s] INFO:colcon.colcon_cmake.task.cmake.build:Building CMake package in '/home/joshfarina/ros2_ws/src/rbe500_group_project/rrbot_simulation_files/rrbot_description'
[0.402s] INFO:colcon.colcon_core.plugin_system:Skipping extension 'colcon_core.shell.bat': Not used on non-Windows systems
[0.402s] INFO:colcon.colcon_core.shell:Skip shell extension 'powershell' for command environment: Not usable outside of PowerShell
[0.403s] DEBUG:colcon.colcon_core.shell:Skip shell extension 'dsv' for command environment
[0.410s] DEBUG:colcon.colcon_core.event_handler.log_command:Invoking command in '/home/joshfarina/ros2_ws/src/rbe500_group_project/build/rrbot_description': CMAKE_PREFIX_PATH=/opt/ros/humble /usr/bin/cmake --build /home/joshfarina/ros2_ws/src/rbe500_group_project/build/rrbot_description -- -j8 -l8
[0.449s] DEBUG:colcon.colcon_core.event_handler.log_command:Invoked command in '/home/joshfarina/ros2_ws/src/rbe500_group_project/build/rrbot_description' returned '0': CMAKE_PREFIX_PATH=/opt/ros/humble /usr/bin/cmake --build /home/joshfarina/ros2_ws/src/rbe500_group_project/build/rrbot_description -- -j8 -l8
[0.479s] DEBUG:colcon.colcon_core.event_handler.log_command:Invoking command in '/home/joshfarina/ros2_ws/src/rbe500_group_project/build/rrbot_description': CMAKE_PREFIX_PATH=/opt/ros/humble /usr/bin/cmake --install /home/joshfarina/ros2_ws/src/rbe500_group_project/build/rrbot_description
[0.499s] Level 1:colcon.colcon_core.environment:create_environment_scripts_only(rrbot_description)
[0.500s] DEBUG:colcon.colcon_core.event_handler.log_command:Invoked command in '/home/joshfarina/ros2_ws/src/rbe500_group_project/build/rrbot_description' returned '0': CMAKE_PREFIX_PATH=/opt/ros/humble /usr/bin/cmake --install /home/joshfarina/ros2_ws/src/rbe500_group_project/build/rrbot_description
[0.503s] Level 1:colcon.colcon_core.environment:checking '/home/joshfarina/ros2_ws/src/rbe500_group_project/install/rrbot_description' for CMake module files
[0.503s] Level 1:colcon.colcon_core.environment:checking '/home/joshfarina/ros2_ws/src/rbe500_group_project/install/rrbot_description' for CMake config files
[0.503s] Level 1:colcon.colcon_core.shell:create_environment_hook('rrbot_description', 'cmake_prefix_path')
[0.504s] INFO:colcon.colcon_core.shell:Creating environment hook '/home/joshfarina/ros2_ws/src/rbe500_group_project/install/rrbot_description/share/rrbot_description/hook/cmake_prefix_path.ps1'
[0.505s] INFO:colcon.colcon_core.shell:Creating environment descriptor '/home/joshfarina/ros2_ws/src/rbe500_group_project/install/rrbot_description/share/rrbot_description/hook/cmake_prefix_path.dsv'
[0.505s] INFO:colcon.colcon_core.shell:Creating environment hook '/home/joshfarina/ros2_ws/src/rbe500_group_project/install/rrbot_description/share/rrbot_description/hook/cmake_prefix_path.sh'
[0.506s] Level 1:colcon.colcon_core.environment:checking '/home/joshfarina/ros2_ws/src/rbe500_group_project/install/rrbot_description/bin'
[0.506s] Level 1:colcon.colcon_core.environment:checking '/home/joshfarina/ros2_ws/src/rbe500_group_project/install/rrbot_description/lib/pkgconfig/rrbot_description.pc'
[0.507s] Level 1:colcon.colcon_core.environment:checking '/home/joshfarina/ros2_ws/src/rbe500_group_project/install/rrbot_description/lib/python3.10/site-packages'
[0.507s] Level 1:colcon.colcon_core.environment:checking '/home/joshfarina/ros2_ws/src/rbe500_group_project/install/rrbot_description/bin'
[0.508s] INFO:colcon.colcon_core.shell:Creating package script '/home/joshfarina/ros2_ws/src/rbe500_group_project/install/rrbot_description/share/rrbot_description/package.ps1'
[0.509s] INFO:colcon.colcon_core.shell:Creating package descriptor '/home/joshfarina/ros2_ws/src/rbe500_group_project/install/rrbot_description/share/rrbot_description/package.dsv'
[0.509s] INFO:colcon.colcon_core.shell:Creating package script '/home/joshfarina/ros2_ws/src/rbe500_group_project/install/rrbot_description/share/rrbot_description/package.sh'
[0.510s] INFO:colcon.colcon_core.shell:Creating package script '/home/joshfarina/ros2_ws/src/rbe500_group_project/install/rrbot_description/share/rrbot_description/package.bash'
[0.510s] INFO:colcon.colcon_core.shell:Creating package script '/home/joshfarina/ros2_ws/src/rbe500_group_project/install/rrbot_description/share/rrbot_description/package.zsh'
[0.511s] Level 1:colcon.colcon_core.environment:create_file_with_runtime_dependencies(/home/joshfarina/ros2_ws/src/rbe500_group_project/install/rrbot_description/share/colcon-core/packages/rrbot_description)
[0.533s] Level 1:colcon.colcon_core.environment:create_environment_scripts_only(rrbot_description)
[0.534s] Level 1:colcon.colcon_core.environment:checking '/home/joshfarina/ros2_ws/src/rbe500_group_project/install/rrbot_description' for CMake module files
[0.534s] Level 1:colcon.colcon_core.environment:checking '/home/joshfarina/ros2_ws/src/rbe500_group_project/install/rrbot_description' for CMake config files
[0.535s] Level 1:colcon.colcon_core.shell:create_environment_hook('rrbot_description', 'cmake_prefix_path')
[0.536s] INFO:colcon.colcon_core.shell:Creating environment hook '/home/joshfarina/ros2_ws/src/rbe500_group_project/install/rrbot_description/share/rrbot_description/hook/cmake_prefix_path.ps1'
[0.536s] INFO:colcon.colcon_core.shell:Creating environment descriptor '/home/joshfarina/ros2_ws/src/rbe500_group_project/install/rrbot_description/share/rrbot_description/hook/cmake_prefix_path.dsv'
[0.536s] INFO:colcon.colcon_core.shell:Creating environment hook '/home/joshfarina/ros2_ws/src/rbe500_group_project/install/rrbot_description/share/rrbot_description/hook/cmake_prefix_path.sh'
[0.537s] Level 1:colcon.colcon_core.environment:checking '/home/joshfarina/ros2_ws/src/rbe500_group_project/install/rrbot_description/bin'
[0.537s] Level 1:colcon.colcon_core.environment:checking '/home/joshfarina/ros2_ws/src/rbe500_group_project/install/rrbot_description/lib/pkgconfig/rrbot_description.pc'
[0.537s] Level 1:colcon.colcon_core.environment:checking '/home/joshfarina/ros2_ws/src/rbe500_group_project/install/rrbot_description/lib/python3.10/site-packages'
[0.537s] Level 1:colcon.colcon_core.environment:checking '/home/joshfarina/ros2_ws/src/rbe500_group_project/install/rrbot_description/bin'
[0.539s] INFO:colcon.colcon_core.shell:Creating package script '/home/joshfarina/ros2_ws/src/rbe500_group_project/install/rrbot_description/share/rrbot_description/package.ps1'
[0.539s] INFO:colcon.colcon_core.shell:Creating package descriptor '/home/joshfarina/ros2_ws/src/rbe500_group_project/install/rrbot_description/share/rrbot_description/package.dsv'
[0.540s] INFO:colcon.colcon_core.shell:Creating package script '/home/joshfarina/ros2_ws/src/rbe500_group_project/install/rrbot_description/share/rrbot_description/package.sh'
[0.540s] INFO:colcon.colcon_core.shell:Creating package script '/home/joshfarina/ros2_ws/src/rbe500_group_project/install/rrbot_description/share/rrbot_description/package.bash'
[0.540s] INFO:colcon.colcon_core.shell:Creating package script '/home/joshfarina/ros2_ws/src/rbe500_group_project/install/rrbot_description/share/rrbot_description/package.zsh'
[0.540s] Level 1:colcon.colcon_core.environment:create_file_with_runtime_dependencies(/home/joshfarina/ros2_ws/src/rbe500_group_project/install/rrbot_description/share/colcon-core/packages/rrbot_description)
[0.541s] INFO:colcon.colcon_ros.task.ament_cmake.build:Building ROS package in '/home/joshfarina/ros2_ws/src/rbe500_group_project/rrbot_simulation_files/rrbot_gazebo' with build type 'ament_cmake'
[0.541s] INFO:colcon.colcon_cmake.task.cmake.build:Building CMake package in '/home/joshfarina/ros2_ws/src/rbe500_group_project/rrbot_simulation_files/rrbot_gazebo'
[0.542s] INFO:colcon.colcon_core.shell:Skip shell extension 'powershell' for command environment: Not usable outside of PowerShell
[0.542s] DEBUG:colcon.colcon_core.shell:Skip shell extension 'dsv' for command environment
[0.550s] DEBUG:colcon.colcon_core.event_handler.log_command:Invoking command in '/home/joshfarina/ros2_ws/src/rbe500_group_project/build/rrbot_gazebo': AMENT_PREFIX_PATH=/home/joshfarina/ros2_ws/src/rbe500_group_project/install/rrbot_description:${AMENT_PREFIX_PATH} CMAKE_PREFIX_PATH=/home/joshfarina/ros2_ws/src/rbe500_group_project/install/rrbot_description:/opt/ros/humble /usr/bin/cmake --build /home/joshfarina/ros2_ws/src/rbe500_group_project/build/rrbot_gazebo -- -j8 -l8
[0.900s] DEBUG:colcon.colcon_core.event_handler.log_command:Invoked command in '/home/joshfarina/ros2_ws/src/rbe500_group_project/build/rrbot_gazebo' returned '0': AMENT_PREFIX_PATH=/home/joshfarina/ros2_ws/src/rbe500_group_project/install/rrbot_description:${AMENT_PREFIX_PATH} CMAKE_PREFIX_PATH=/home/joshfarina/ros2_ws/src/rbe500_group_project/install/rrbot_description:/opt/ros/humble /usr/bin/cmake --build /home/joshfarina/ros2_ws/src/rbe500_group_project/build/rrbot_gazebo -- -j8 -l8
[0.950s] DEBUG:colcon.colcon_core.event_handler.log_command:Invoking command in '/home/joshfarina/ros2_ws/src/rbe500_group_project/build/rrbot_gazebo': AMENT_PREFIX_PATH=/home/joshfarina/ros2_ws/src/rbe500_group_project/install/rrbot_description:${AMENT_PREFIX_PATH} CMAKE_PREFIX_PATH=/home/joshfarina/ros2_ws/src/rbe500_group_project/install/rrbot_description:/opt/ros/humble /usr/bin/cmake --install /home/joshfarina/ros2_ws/src/rbe500_group_project/build/rrbot_gazebo
[1.018s] Level 1:colcon.colcon_core.environment:create_environment_scripts_only(rrbot_gazebo)
[1.021s] Level 1:colcon.colcon_core.environment:checking '/home/joshfarina/ros2_ws/src/rbe500_group_project/install/rrbot_gazebo' for CMake module files
[1.021s] DEBUG:colcon.colcon_core.event_handler.log_command:Invoked command in '/home/joshfarina/ros2_ws/src/rbe500_group_project/build/rrbot_gazebo' returned '0': AMENT_PREFIX_PATH=/home/joshfarina/ros2_ws/src/rbe500_group_project/install/rrbot_description:${AMENT_PREFIX_PATH} CMAKE_PREFIX_PATH=/home/joshfarina/ros2_ws/src/rbe500_group_project/install/rrbot_description:/opt/ros/humble /usr/bin/cmake --install /home/joshfarina/ros2_ws/src/rbe500_group_project/build/rrbot_gazebo
[1.022s] Level 1:colcon.colcon_core.environment:checking '/home/joshfarina/ros2_ws/src/rbe500_group_project/install/rrbot_gazebo' for CMake config files
[1.022s] Level 1:colcon.colcon_core.shell:create_environment_hook('rrbot_gazebo', 'cmake_prefix_path')
[1.023s] INFO:colcon.colcon_core.shell:Creating environment hook '/home/joshfarina/ros2_ws/src/rbe500_group_project/install/rrbot_gazebo/share/rrbot_gazebo/hook/cmake_prefix_path.ps1'
[1.024s] INFO:colcon.colcon_core.shell:Creating environment descriptor '/home/joshfarina/ros2_ws/src/rbe500_group_project/install/rrbot_gazebo/share/rrbot_gazebo/hook/cmake_prefix_path.dsv'
[1.024s] INFO:colcon.colcon_core.shell:Creating environment hook '/home/joshfarina/ros2_ws/src/rbe500_group_project/install/rrbot_gazebo/share/rrbot_gazebo/hook/cmake_prefix_path.sh'
[1.025s] Level 1:colcon.colcon_core.environment:checking '/home/joshfarina/ros2_ws/src/rbe500_group_project/install/rrbot_gazebo/lib'
[1.025s] Level 1:colcon.colcon_core.shell:create_environment_hook('rrbot_gazebo', 'ld_library_path_lib')
[1.026s] INFO:colcon.colcon_core.shell:Creating environment hook '/home/joshfarina/ros2_ws/src/rbe500_group_project/install/rrbot_gazebo/share/rrbot_gazebo/hook/ld_library_path_lib.ps1'
[1.027s] INFO:colcon.colcon_core.shell:Creating environment descriptor '/home/joshfarina/ros2_ws/src/rbe500_group_project/install/rrbot_gazebo/share/rrbot_gazebo/hook/ld_library_path_lib.dsv'
[1.027s] INFO:colcon.colcon_core.shell:Creating environment hook '/home/joshfarina/ros2_ws/src/rbe500_group_project/install/rrbot_gazebo/share/rrbot_gazebo/hook/ld_library_path_lib.sh'
[1.028s] Level 1:colcon.colcon_core.environment:checking '/home/joshfarina/ros2_ws/src/rbe500_group_project/install/rrbot_gazebo/bin'
[1.028s] Level 1:colcon.colcon_core.environment:checking '/home/joshfarina/ros2_ws/src/rbe500_group_project/install/rrbot_gazebo/lib/pkgconfig/rrbot_gazebo.pc'
[1.028s] Level 1:colcon.colcon_core.environment:checking '/home/joshfarina/ros2_ws/src/rbe500_group_project/install/rrbot_gazebo/lib/python3.10/site-packages'
[1.028s] Level 1:colcon.colcon_core.environment:checking '/home/joshfarina/ros2_ws/src/rbe500_group_project/install/rrbot_gazebo/bin'
[1.030s] INFO:colcon.colcon_core.shell:Creating package script '/home/joshfarina/ros2_ws/src/rbe500_group_project/install/rrbot_gazebo/share/rrbot_gazebo/package.ps1'
[1.031s] INFO:colcon.colcon_core.shell:Creating package descriptor '/home/joshfarina/ros2_ws/src/rbe500_group_project/install/rrbot_gazebo/share/rrbot_gazebo/package.dsv'
[1.031s] INFO:colcon.colcon_core.shell:Creating package script '/home/joshfarina/ros2_ws/src/rbe500_group_project/install/rrbot_gazebo/share/rrbot_gazebo/package.sh'
[1.032s] INFO:colcon.colcon_core.shell:Creating package script '/home/joshfarina/ros2_ws/src/rbe500_group_project/install/rrbot_gazebo/share/rrbot_gazebo/package.bash'
[1.032s] INFO:colcon.colcon_core.shell:Creating package script '/home/joshfarina/ros2_ws/src/rbe500_group_project/install/rrbot_gazebo/share/rrbot_gazebo/package.zsh'
[1.032s] Level 1:colcon.colcon_core.environment:create_file_with_runtime_dependencies(/home/joshfarina/ros2_ws/src/rbe500_group_project/install/rrbot_gazebo/share/colcon-core/packages/rrbot_gazebo)
[1.081s] Level 1:colcon.colcon_core.environment:create_environment_scripts_only(rrbot_gazebo)
[1.083s] Level 1:colcon.colcon_core.environment:checking '/home/joshfarina/ros2_ws/src/rbe500_group_project/install/rrbot_gazebo' for CMake module files
[1.084s] Level 1:colcon.colcon_core.environment:checking '/home/joshfarina/ros2_ws/src/rbe500_group_project/install/rrbot_gazebo' for CMake config files
[1.084s] Level 1:colcon.colcon_core.shell:create_environment_hook('rrbot_gazebo', 'cmake_prefix_path')
[1.085s] INFO:colcon.colcon_core.shell:Creating environment hook '/home/joshfarina/ros2_ws/src/rbe500_group_project/install/rrbot_gazebo/share/rrbot_gazebo/hook/cmake_prefix_path.ps1'
[1.086s] INFO:colcon.colcon_core.shell:Creating environment descriptor '/home/joshfarina/ros2_ws/src/rbe500_group_project/install/rrbot_gazebo/share/rrbot_gazebo/hook/cmake_prefix_path.dsv'
[1.086s] INFO:colcon.colcon_core.shell:Creating environment hook '/home/joshfarina/ros2_ws/src/rbe500_group_project/install/rrbot_gazebo/share/rrbot_gazebo/hook/cmake_prefix_path.sh'
[1.087s] Level 1:colcon.colcon_core.environment:checking '/home/joshfarina/ros2_ws/src/rbe500_group_project/install/rrbot_gazebo/lib'
[1.087s] Level 1:colcon.colcon_core.shell:create_environment_hook('rrbot_gazebo', 'ld_library_path_lib')
[1.088s] INFO:colcon.colcon_core.shell:Creating environment hook '/home/joshfarina/ros2_ws/src/rbe500_group_project/install/rrbot_gazebo/share/rrbot_gazebo/hook/ld_library_path_lib.ps1'
[1.088s] INFO:colcon.colcon_core.shell:Creating environment descriptor '/home/joshfarina/ros2_ws/src/rbe500_group_project/install/rrbot_gazebo/share/rrbot_gazebo/hook/ld_library_path_lib.dsv'
[1.088s] INFO:colcon.colcon_core.shell:Creating environment hook '/home/joshfarina/ros2_ws/src/rbe500_group_project/install/rrbot_gazebo/share/rrbot_gazebo/hook/ld_library_path_lib.sh'
[1.088s] Level 1:colcon.colcon_core.environment:checking '/home/joshfarina/ros2_ws/src/rbe500_group_project/install/rrbot_gazebo/bin'
[1.088s] Level 1:colcon.colcon_core.environment:checking '/home/joshfarina/ros2_ws/src/rbe500_group_project/install/rrbot_gazebo/lib/pkgconfig/rrbot_gazebo.pc'
[1.088s] Level 1:colcon.colcon_core.environment:checking '/home/joshfarina/ros2_ws/src/rbe500_group_project/install/rrbot_gazebo/lib/python3.10/site-packages'
[1.089s] Level 1:colcon.colcon_core.environment:checking '/home/joshfarina/ros2_ws/src/rbe500_group_project/install/rrbot_gazebo/bin'
[1.090s] INFO:colcon.colcon_core.shell:Creating package script '/home/joshfarina/ros2_ws/src/rbe500_group_project/install/rrbot_gazebo/share/rrbot_gazebo/package.ps1'
[1.090s] INFO:colcon.colcon_core.shell:Creating package descriptor '/home/joshfarina/ros2_ws/src/rbe500_group_project/install/rrbot_gazebo/share/rrbot_gazebo/package.dsv'
[1.090s] INFO:colcon.colcon_core.shell:Creating package script '/home/joshfarina/ros2_ws/src/rbe500_group_project/install/rrbot_gazebo/share/rrbot_gazebo/package.sh'
[1.090s] INFO:colcon.colcon_core.shell:Creating package script '/home/joshfarina/ros2_ws/src/rbe500_group_project/install/rrbot_gazebo/share/rrbot_gazebo/package.bash'
[1.091s] INFO:colcon.colcon_core.shell:Creating package script '/home/joshfarina/ros2_ws/src/rbe500_group_project/install/rrbot_gazebo/share/rrbot_gazebo/package.zsh'
[1.091s] Level 1:colcon.colcon_core.environment:create_file_with_runtime_dependencies(/home/joshfarina/ros2_ws/src/rbe500_group_project/install/rrbot_gazebo/share/colcon-core/packages/rrbot_gazebo)
[1.091s] DEBUG:colcon.colcon_parallel_executor.executor.parallel:closing loop
[1.091s] DEBUG:colcon.colcon_parallel_executor.executor.parallel:loop closed
[1.091s] DEBUG:colcon.colcon_parallel_executor.executor.parallel:run_until_complete finished with '0'
[1.091s] DEBUG:colcon.colcon_core.event_reactor:joining thread
[1.095s] INFO:colcon.colcon_core.plugin_system:Skipping extension 'colcon_notification.desktop_notification.terminal_notifier': Not used on non-Darwin systems
[1.095s] INFO:colcon.colcon_core.plugin_system:Skipping extension 'colcon_notification.desktop_notification.win32': Not used on non-Windows systems
[1.095s] INFO:colcon.colcon_notification.desktop_notification:Sending desktop notification using 'notify2'
[1.110s] DEBUG:colcon.colcon_core.event_reactor:joined thread
[1.112s] INFO:colcon.colcon_core.shell:Creating prefix script '/home/joshfarina/ros2_ws/src/rbe500_group_project/install/local_setup.ps1'
[1.113s] INFO:colcon.colcon_core.shell:Creating prefix util module '/home/joshfarina/ros2_ws/src/rbe500_group_project/install/_local_setup_util_ps1.py'
[1.115s] INFO:colcon.colcon_core.shell:Creating prefix chain script '/home/joshfarina/ros2_ws/src/rbe500_group_project/install/setup.ps1'
[1.116s] INFO:colcon.colcon_core.shell:Creating prefix script '/home/joshfarina/ros2_ws/src/rbe500_group_project/install/local_setup.sh'
[1.117s] INFO:colcon.colcon_core.shell:Creating prefix util module '/home/joshfarina/ros2_ws/src/rbe500_group_project/install/_local_setup_util_sh.py'
[1.117s] INFO:colcon.colcon_core.shell:Creating prefix chain script '/home/joshfarina/ros2_ws/src/rbe500_group_project/install/setup.sh'
[1.118s] INFO:colcon.colcon_core.shell:Creating prefix script '/home/joshfarina/ros2_ws/src/rbe500_group_project/install/local_setup.bash'
[1.118s] INFO:colcon.colcon_core.shell:Creating prefix chain script '/home/joshfarina/ros2_ws/src/rbe500_group_project/install/setup.bash'
[1.119s] INFO:colcon.colcon_core.shell:Creating prefix script '/home/joshfarina/ros2_ws/src/rbe500_group_project/install/local_setup.zsh'
[1.120s] INFO:colcon.colcon_core.shell:Creating prefix chain script '/home/joshfarina/ros2_ws/src/rbe500_group_project/install/setup.zsh'
