[0.010s] Invoking command in '/home/rutvij/ros2_ws/src/rbe500_group_project/build/rrbot_gazebo': AMENT_PREFIX_PATH=/home/rutvij/ros2_ws/src/rbe500_group_project/install/rrbot_description:${AMENT_PREFIX_PATH} CMAKE_PREFIX_PATH=/home/rutvij/ros2_ws/src/rbe500_group_project/install/rrbot_description:/home/rutvij/ros2_ws/install/rrbot_gazebo:/home/rutvij/ros2_ws/install/rrbot_description:/home/rutvij/ros2_ws/install/rkd_hw3:/home/rutvij/ros2_ws/install/quat_to_euler:/home/rutvij/ros2_ws/install/my_robot_controller:/home/rutvij/ros2_ws/install/RBE500_HW1_RD:/opt/ros/humble /usr/bin/cmake /home/rutvij/ros2_ws/src/rbe500_group_project/rrbot_simulation_files/rrbot_gazebo -DCMAKE_INSTALL_PREFIX=/home/rutvij/ros2_ws/src/rbe500_group_project/install/rrbot_gazebo
[0.075s] -- The C compiler identification is GNU 11.4.0
[0.140s] -- The CXX compiler identification is GNU 11.4.0
[0.148s] -- Detecting C compiler ABI info
[0.231s] -- Detecting C compiler ABI info - done
[0.239s] -- Check for working C compiler: /usr/bin/cc - skipped
[0.240s] -- Detecting C compile features
[0.240s] -- Detecting C compile features - done
[0.244s] -- Detecting CXX compiler ABI info
[0.340s] -- Detecting CXX compiler ABI info - done
[0.349s] -- Check for working CXX compiler: /usr/bin/c++ - skipped
[0.349s] -- Detecting CXX compile features
[0.349s] -- Detecting CXX compile features - done
[0.353s] -- Found ament_cmake: 1.3.5 (/opt/ros/humble/share/ament_cmake/cmake)
[0.561s] -- Found Python3: /usr/bin/python3.10 (found version "3.10.12") found components: Interpreter 
[0.677s] -- Found rclpy: 3.3.9 (/opt/ros/humble/share/rclpy/cmake)
[0.680s] -- Found rclcpp: 16.0.5 (/opt/ros/humble/share/rclcpp/cmake)
[0.760s] -- Found rosidl_generator_c: 3.1.5 (/opt/ros/humble/share/rosidl_generator_c/cmake)
[0.770s] -- Found rosidl_adapter: 3.1.5 (/opt/ros/humble/share/rosidl_adapter/cmake)
[0.786s] -- Found rosidl_generator_cpp: 3.1.5 (/opt/ros/humble/share/rosidl_generator_cpp/cmake)
[0.813s] -- Using all available rosidl_typesupport_c: rosidl_typesupport_fastrtps_c;rosidl_typesupport_introspection_c
[0.846s] -- Using all available rosidl_typesupport_cpp: rosidl_typesupport_fastrtps_cpp;rosidl_typesupport_introspection_cpp
[0.960s] -- Found rmw_implementation_cmake: 6.1.1 (/opt/ros/humble/share/rmw_implementation_cmake/cmake)
[0.966s] -- Found rmw_fastrtps_cpp: 6.2.3 (/opt/ros/humble/share/rmw_fastrtps_cpp/cmake)
[1.114s] -- Found OpenSSL: /usr/lib/x86_64-linux-gnu/libcrypto.so (found version "3.0.2")  
[1.147s] -- Found FastRTPS: /opt/ros/humble/include  
[1.205s] -- Using RMW implementation 'rmw_fastrtps_cpp' as default
[1.223s] -- Looking for pthread.h
[1.326s] -- Looking for pthread.h - found
[1.327s] -- Performing Test CMAKE_HAVE_LIBC_PTHREAD
[1.416s] -- Performing Test CMAKE_HAVE_LIBC_PTHREAD - Success
[1.417s] -- Found Threads: TRUE  
[1.636s] -- Found geometry_msgs: 4.2.3 (/opt/ros/humble/share/geometry_msgs/cmake)
[1.697s] -- Found controller_manager_msgs: 2.32.0 (/opt/ros/humble/share/controller_manager_msgs/cmake)
[1.782s] -- Found rosidl_default_generators: 1.2.0 (/opt/ros/humble/share/rosidl_default_generators/cmake)
[2.150s] -- Found ament_cmake_ros: 0.10.0 (/opt/ros/humble/share/ament_cmake_ros/cmake)
[2.655s] -- Using all available rosidl_typesupport_c: rosidl_typesupport_fastrtps_c;rosidl_typesupport_introspection_c
[2.848s] -- Using all available rosidl_typesupport_cpp: rosidl_typesupport_fastrtps_cpp;rosidl_typesupport_introspection_cpp
[2.875s] -- Found PythonInterp: /usr/bin/python3 (found suitable version "3.10.12", minimum required is "3.6") 
[2.878s] -- Found python_cmake_module: 0.10.0 (/opt/ros/humble/share/python_cmake_module/cmake)
[2.912s] -- Found PythonLibs: /usr/lib/x86_64-linux-gnu/libpython3.10.so (found suitable version "3.10.12", minimum required is "3.5") 
[2.912s] -- Using PYTHON_EXECUTABLE: /usr/bin/python3
[2.912s] -- Using PYTHON_INCLUDE_DIRS: /usr/include/python3.10
[2.912s] -- Using PYTHON_LIBRARIES: /usr/lib/x86_64-linux-gnu/libpython3.10.so
[2.936s] -- Found PythonExtra: .so  
[3.024s] -- Configuring done
[3.078s] -- Generating done
[3.082s] -- Build files have been written to: /home/rutvij/ros2_ws/src/rbe500_group_project/build/rrbot_gazebo
[3.096s] Invoked command in '/home/rutvij/ros2_ws/src/rbe500_group_project/build/rrbot_gazebo' returned '0': AMENT_PREFIX_PATH=/home/rutvij/ros2_ws/src/rbe500_group_project/install/rrbot_description:${AMENT_PREFIX_PATH} CMAKE_PREFIX_PATH=/home/rutvij/ros2_ws/src/rbe500_group_project/install/rrbot_description:/home/rutvij/ros2_ws/install/rrbot_gazebo:/home/rutvij/ros2_ws/install/rrbot_description:/home/rutvij/ros2_ws/install/rkd_hw3:/home/rutvij/ros2_ws/install/quat_to_euler:/home/rutvij/ros2_ws/install/my_robot_controller:/home/rutvij/ros2_ws/install/RBE500_HW1_RD:/opt/ros/humble /usr/bin/cmake /home/rutvij/ros2_ws/src/rbe500_group_project/rrbot_simulation_files/rrbot_gazebo -DCMAKE_INSTALL_PREFIX=/home/rutvij/ros2_ws/src/rbe500_group_project/install/rrbot_gazebo
[3.097s] Invoking command in '/home/rutvij/ros2_ws/src/rbe500_group_project/build/rrbot_gazebo': AMENT_PREFIX_PATH=/home/rutvij/ros2_ws/src/rbe500_group_project/install/rrbot_description:${AMENT_PREFIX_PATH} CMAKE_PREFIX_PATH=/home/rutvij/ros2_ws/src/rbe500_group_project/install/rrbot_description:/home/rutvij/ros2_ws/install/rrbot_gazebo:/home/rutvij/ros2_ws/install/rrbot_description:/home/rutvij/ros2_ws/install/rkd_hw3:/home/rutvij/ros2_ws/install/quat_to_euler:/home/rutvij/ros2_ws/install/my_robot_controller:/home/rutvij/ros2_ws/install/RBE500_HW1_RD:/opt/ros/humble /usr/bin/cmake --build /home/rutvij/ros2_ws/src/rbe500_group_project/build/rrbot_gazebo -- -j4 -l4
[3.153s] [  2%] [34m[1mGenerating C code for ROS interfaces[0m
[3.172s] [  5%] [32mBuilding CXX object CMakeFiles/switch.dir/src/controller_switch.cpp.o[0m
[3.172s] [  8%] [34m[1mGenerating C++ code for ROS interfaces[0m
[3.172s] [ 11%] [32mBuilding CXX object CMakeFiles/publisher.dir/src/position_publisher.cpp.o[0m
[3.851s] [ 14%] [32mBuilding C object CMakeFiles/rrbot_gazebo__rosidl_generator_c.dir/rosidl_generator_c/rrbot_gazebo/srv/detail/ik_service__functions.c.o[0m
[3.856s] [ 14%] Built target rrbot_gazebo__cpp
[3.905s] [ 14%] Built target ament_cmake_python_copy_rrbot_gazebo
[3.924s] [ 17%] [34m[1mGenerating C++ type support dispatch for ROS interfaces[0m
[3.991s] [ 20%] [32m[1mLinking C shared library librrbot_gazebo__rosidl_generator_c.so[0m
[4.065s] [ 20%] Built target rrbot_gazebo__rosidl_generator_c
[4.086s] [ 22%] [34m[1mGenerating C++ type support for eProsima Fast-RTPS[0m
[4.414s] [ 25%] [32mBuilding CXX object CMakeFiles/rrbot_gazebo__rosidl_typesupport_cpp.dir/rosidl_typesupport_cpp/rrbot_gazebo/srv/ik_service__type_support.cpp.o[0m
[4.733s] [ 28%] [32mBuilding CXX object CMakeFiles/rrbot_gazebo__rosidl_typesupport_fastrtps_cpp.dir/rosidl_typesupport_fastrtps_cpp/rrbot_gazebo/srv/detail/dds_fastrtps/ik_service__type_support.cpp.o[0m
[4.890s] [ 31%] [32m[1mLinking CXX shared library librrbot_gazebo__rosidl_typesupport_cpp.so[0m
[4.967s] [ 31%] Built target rrbot_gazebo__rosidl_typesupport_cpp
[4.985s] [ 34%] [34m[1mGenerating C introspection for ROS interfaces[0m
[5.538s] [ 37%] [32mBuilding C object CMakeFiles/rrbot_gazebo__rosidl_typesupport_introspection_c.dir/rosidl_typesupport_introspection_c/rrbot_gazebo/srv/detail/ik_service__type_support.c.o[0m
[5.571s] [ 40%] [32m[1mLinking CXX shared library librrbot_gazebo__rosidl_typesupport_fastrtps_cpp.so[0m
[5.604s] [ 42%] [32m[1mLinking C shared library librrbot_gazebo__rosidl_typesupport_introspection_c.so[0m
[5.662s] [ 42%] Built target rrbot_gazebo__rosidl_typesupport_introspection_c
[5.681s] [ 45%] [34m[1mGenerating C type support dispatch for ROS interfaces[0m
[5.731s] [ 45%] Built target rrbot_gazebo__rosidl_typesupport_fastrtps_cpp
[5.753s] [ 48%] [34m[1mGenerating C++ introspection for ROS interfaces[0m
[6.163s] [ 51%] [32mBuilding CXX object CMakeFiles/rrbot_gazebo__rosidl_typesupport_c.dir/rosidl_typesupport_c/rrbot_gazebo/srv/ik_service__type_support.cpp.o[0m
[6.219s] [ 54%] [32m[1mLinking CXX shared library librrbot_gazebo__rosidl_typesupport_c.so[0m
[6.295s] [ 54%] Built target rrbot_gazebo__rosidl_typesupport_c
[6.360s] [ 57%] [32mBuilding CXX object CMakeFiles/rrbot_gazebo__rosidl_typesupport_introspection_cpp.dir/rosidl_typesupport_introspection_cpp/rrbot_gazebo/srv/detail/ik_service__type_support.cpp.o[0m
[6.825s] running egg_info
[6.826s] creating rrbot_gazebo.egg-info
[6.826s] writing rrbot_gazebo.egg-info/PKG-INFO
[6.827s] writing dependency_links to rrbot_gazebo.egg-info/dependency_links.txt
[6.827s] writing top-level names to rrbot_gazebo.egg-info/top_level.txt
[6.827s] writing manifest file 'rrbot_gazebo.egg-info/SOURCES.txt'
[6.832s] reading manifest file 'rrbot_gazebo.egg-info/SOURCES.txt'
[6.833s] writing manifest file 'rrbot_gazebo.egg-info/SOURCES.txt'
[6.876s] [ 57%] Built target ament_cmake_python_build_rrbot_gazebo_egg
[6.894s] [ 60%] [34m[1mGenerating C type support for eProsima Fast-RTPS[0m
[7.152s] [ 62%] [32m[1mLinking CXX shared library librrbot_gazebo__rosidl_typesupport_introspection_cpp.so[0m
[7.234s] [ 62%] Built target rrbot_gazebo__rosidl_typesupport_introspection_cpp
[7.415s] [ 65%] [32mBuilding CXX object CMakeFiles/rrbot_gazebo__rosidl_typesupport_fastrtps_c.dir/rosidl_typesupport_fastrtps_c/rrbot_gazebo/srv/detail/ik_service__type_support_c.cpp.o[0m
[7.837s] [ 68%] [32m[1mLinking CXX shared library librrbot_gazebo__rosidl_typesupport_fastrtps_c.so[0m
[7.933s] [ 68%] Built target rrbot_gazebo__rosidl_typesupport_fastrtps_c
[7.959s] [ 68%] Built target rrbot_gazebo
[7.986s] [ 71%] [34m[1mGenerating Python code for ROS interfaces[0m
[8.465s] [ 71%] Built target rrbot_gazebo__py
[8.492s] [ 74%] [32mBuilding C object CMakeFiles/rrbot_gazebo__rosidl_generator_py.dir/rosidl_generator_py/rrbot_gazebo/srv/_ik_service_s.c.o[0m
[8.703s] [ 77%] [32m[1mLinking C shared library rosidl_generator_py/rrbot_gazebo/librrbot_gazebo__rosidl_generator_py.so[0m
[8.783s] [ 77%] Built target rrbot_gazebo__rosidl_generator_py
[8.821s] [ 80%] [32mBuilding C object CMakeFiles/rrbot_gazebo__rosidl_typesupport_fastrtps_c__pyext.dir/rosidl_generator_py/rrbot_gazebo/_rrbot_gazebo_s.ep.rosidl_typesupport_fastrtps_c.c.o[0m
[8.826s] [ 82%] [32mBuilding C object CMakeFiles/rrbot_gazebo__rosidl_typesupport_introspection_c__pyext.dir/rosidl_generator_py/rrbot_gazebo/_rrbot_gazebo_s.ep.rosidl_typesupport_introspection_c.c.o[0m
[9.013s] [ 85%] [32m[1mLinking C shared library rosidl_generator_py/rrbot_gazebo/rrbot_gazebo_s__rosidl_typesupport_fastrtps_c.cpython-310-x86_64-linux-gnu.so[0m
[9.030s] [ 88%] [32m[1mLinking C shared library rosidl_generator_py/rrbot_gazebo/rrbot_gazebo_s__rosidl_typesupport_introspection_c.cpython-310-x86_64-linux-gnu.so[0m
[9.086s] [ 88%] Built target rrbot_gazebo__rosidl_typesupport_fastrtps_c__pyext
[9.111s] [ 88%] Built target rrbot_gazebo__rosidl_typesupport_introspection_c__pyext
[9.122s] [ 91%] [32mBuilding C object CMakeFiles/rrbot_gazebo__rosidl_typesupport_c__pyext.dir/rosidl_generator_py/rrbot_gazebo/_rrbot_gazebo_s.ep.rosidl_typesupport_c.c.o[0m
[9.315s] [ 94%] [32m[1mLinking C shared library rosidl_generator_py/rrbot_gazebo/rrbot_gazebo_s__rosidl_typesupport_c.cpython-310-x86_64-linux-gnu.so[0m
[9.391s] [ 94%] Built target rrbot_gazebo__rosidl_typesupport_c__pyext
[9.667s] [ 97%] [32m[1mLinking CXX executable switch[0m
[9.892s] [ 97%] Built target switch
[10.406s] [100%] [32m[1mLinking CXX executable publisher[0m
[10.621s] [100%] Built target publisher
[10.635s] Invoked command in '/home/rutvij/ros2_ws/src/rbe500_group_project/build/rrbot_gazebo' returned '0': AMENT_PREFIX_PATH=/home/rutvij/ros2_ws/src/rbe500_group_project/install/rrbot_description:${AMENT_PREFIX_PATH} CMAKE_PREFIX_PATH=/home/rutvij/ros2_ws/src/rbe500_group_project/install/rrbot_description:/home/rutvij/ros2_ws/install/rrbot_gazebo:/home/rutvij/ros2_ws/install/rrbot_description:/home/rutvij/ros2_ws/install/rkd_hw3:/home/rutvij/ros2_ws/install/quat_to_euler:/home/rutvij/ros2_ws/install/my_robot_controller:/home/rutvij/ros2_ws/install/RBE500_HW1_RD:/opt/ros/humble /usr/bin/cmake --build /home/rutvij/ros2_ws/src/rbe500_group_project/build/rrbot_gazebo -- -j4 -l4
[10.727s] Invoking command in '/home/rutvij/ros2_ws/src/rbe500_group_project/build/rrbot_gazebo': AMENT_PREFIX_PATH=/home/rutvij/ros2_ws/src/rbe500_group_project/install/rrbot_description:${AMENT_PREFIX_PATH} CMAKE_PREFIX_PATH=/home/rutvij/ros2_ws/src/rbe500_group_project/install/rrbot_description:/home/rutvij/ros2_ws/install/rrbot_gazebo:/home/rutvij/ros2_ws/install/rrbot_description:/home/rutvij/ros2_ws/install/rkd_hw3:/home/rutvij/ros2_ws/install/quat_to_euler:/home/rutvij/ros2_ws/install/my_robot_controller:/home/rutvij/ros2_ws/install/RBE500_HW1_RD:/opt/ros/humble /usr/bin/cmake --install /home/rutvij/ros2_ws/src/rbe500_group_project/build/rrbot_gazebo
[10.739s] -- Install configuration: ""
[10.739s] -- Installing: /home/rutvij/ros2_ws/src/rbe500_group_project/install/rrbot_gazebo/lib/rrbot_gazebo/publisher
[10.742s] -- Set runtime path of "/home/rutvij/ros2_ws/src/rbe500_group_project/install/rrbot_gazebo/lib/rrbot_gazebo/publisher" to ""
[10.742s] -- Installing: /home/rutvij/ros2_ws/src/rbe500_group_project/install/rrbot_gazebo/lib/rrbot_gazebo/switch
[10.743s] -- Set runtime path of "/home/rutvij/ros2_ws/src/rbe500_group_project/install/rrbot_gazebo/lib/rrbot_gazebo/switch" to ""
[10.743s] -- Installing: /home/rutvij/ros2_ws/src/rbe500_group_project/install/rrbot_gazebo/share/rrbot_gazebo/launch
[10.744s] -- Installing: /home/rutvij/ros2_ws/src/rbe500_group_project/install/rrbot_gazebo/share/rrbot_gazebo/launch/rrbot_world.launch.py
[10.744s] -- Installing: /home/rutvij/ros2_ws/src/rbe500_group_project/install/rrbot_gazebo/share/rrbot_gazebo/worlds
[10.744s] -- Installing: /home/rutvij/ros2_ws/src/rbe500_group_project/install/rrbot_gazebo/share/rrbot_gazebo/worlds/rrbot.world
[10.744s] -- Installing: /home/rutvij/ros2_ws/src/rbe500_group_project/install/rrbot_gazebo/share/rrbot_gazebo/config
[10.744s] -- Installing: /home/rutvij/ros2_ws/src/rbe500_group_project/install/rrbot_gazebo/share/rrbot_gazebo/config/gazebo_controllers.yaml
[10.744s] -- Installing: /home/rutvij/ros2_ws/src/rbe500_group_project/install/rrbot_gazebo/share/rrbot_gazebo/config/controllers.yaml
[10.745s] -- Installing: /home/rutvij/ros2_ws/src/rbe500_group_project/install/rrbot_gazebo/share/ament_index/resource_index/rosidl_interfaces/rrbot_gazebo
[10.745s] -- Installing: /home/rutvij/ros2_ws/src/rbe500_group_project/install/rrbot_gazebo/include/rrbot_gazebo/rrbot_gazebo
[10.745s] -- Installing: /home/rutvij/ros2_ws/src/rbe500_group_project/install/rrbot_gazebo/include/rrbot_gazebo/rrbot_gazebo/srv
[10.745s] -- Installing: /home/rutvij/ros2_ws/src/rbe500_group_project/install/rrbot_gazebo/include/rrbot_gazebo/rrbot_gazebo/srv/detail
[10.745s] -- Installing: /home/rutvij/ros2_ws/src/rbe500_group_project/install/rrbot_gazebo/include/rrbot_gazebo/rrbot_gazebo/srv/detail/ik_service__functions.h
[10.746s] -- Installing: /home/rutvij/ros2_ws/src/rbe500_group_project/install/rrbot_gazebo/include/rrbot_gazebo/rrbot_gazebo/srv/detail/ik_service__struct.h
[10.746s] -- Installing: /home/rutvij/ros2_ws/src/rbe500_group_project/install/rrbot_gazebo/include/rrbot_gazebo/rrbot_gazebo/srv/detail/ik_service__type_support.h
[10.746s] -- Installing: /home/rutvij/ros2_ws/src/rbe500_group_project/install/rrbot_gazebo/include/rrbot_gazebo/rrbot_gazebo/srv/detail/ik_service__functions.c
[10.746s] -- Installing: /home/rutvij/ros2_ws/src/rbe500_group_project/install/rrbot_gazebo/include/rrbot_gazebo/rrbot_gazebo/srv/ik_service.h
[10.746s] -- Installing: /home/rutvij/ros2_ws/src/rbe500_group_project/install/rrbot_gazebo/include/rrbot_gazebo/rrbot_gazebo/msg
[10.747s] -- Installing: /home/rutvij/ros2_ws/src/rbe500_group_project/install/rrbot_gazebo/include/rrbot_gazebo/rrbot_gazebo/msg/rosidl_generator_c__visibility_control.h
[10.747s] -- Installing: /home/rutvij/ros2_ws/src/rbe500_group_project/install/rrbot_gazebo/share/rrbot_gazebo/environment/library_path.sh
[10.747s] -- Installing: /home/rutvij/ros2_ws/src/rbe500_group_project/install/rrbot_gazebo/share/rrbot_gazebo/environment/library_path.dsv
[10.747s] -- Installing: /home/rutvij/ros2_ws/src/rbe500_group_project/install/rrbot_gazebo/lib/librrbot_gazebo__rosidl_generator_c.so
[10.748s] -- Set runtime path of "/home/rutvij/ros2_ws/src/rbe500_group_project/install/rrbot_gazebo/lib/librrbot_gazebo__rosidl_generator_c.so" to ""
[10.748s] -- Up-to-date: /home/rutvij/ros2_ws/src/rbe500_group_project/install/rrbot_gazebo/include/rrbot_gazebo/rrbot_gazebo
[10.748s] -- Up-to-date: /home/rutvij/ros2_ws/src/rbe500_group_project/install/rrbot_gazebo/include/rrbot_gazebo/rrbot_gazebo/srv
[10.749s] -- Up-to-date: /home/rutvij/ros2_ws/src/rbe500_group_project/install/rrbot_gazebo/include/rrbot_gazebo/rrbot_gazebo/srv/detail
[10.749s] -- Installing: /home/rutvij/ros2_ws/src/rbe500_group_project/install/rrbot_gazebo/include/rrbot_gazebo/rrbot_gazebo/srv/detail/ik_service__rosidl_typesupport_fastrtps_c.h
[10.749s] -- Up-to-date: /home/rutvij/ros2_ws/src/rbe500_group_project/install/rrbot_gazebo/include/rrbot_gazebo/rrbot_gazebo/msg
[10.749s] -- Installing: /home/rutvij/ros2_ws/src/rbe500_group_project/install/rrbot_gazebo/include/rrbot_gazebo/rrbot_gazebo/msg/rosidl_typesupport_fastrtps_c__visibility_control.h
[10.749s] -- Installing: /home/rutvij/ros2_ws/src/rbe500_group_project/install/rrbot_gazebo/lib/librrbot_gazebo__rosidl_typesupport_fastrtps_c.so
[10.750s] -- Set runtime path of "/home/rutvij/ros2_ws/src/rbe500_group_project/install/rrbot_gazebo/lib/librrbot_gazebo__rosidl_typesupport_fastrtps_c.so" to ""
[10.750s] -- Up-to-date: /home/rutvij/ros2_ws/src/rbe500_group_project/install/rrbot_gazebo/include/rrbot_gazebo/rrbot_gazebo
[10.750s] -- Up-to-date: /home/rutvij/ros2_ws/src/rbe500_group_project/install/rrbot_gazebo/include/rrbot_gazebo/rrbot_gazebo/srv
[10.750s] -- Installing: /home/rutvij/ros2_ws/src/rbe500_group_project/install/rrbot_gazebo/include/rrbot_gazebo/rrbot_gazebo/srv/ik_service.hpp
[10.750s] -- Up-to-date: /home/rutvij/ros2_ws/src/rbe500_group_project/install/rrbot_gazebo/include/rrbot_gazebo/rrbot_gazebo/srv/detail
[10.751s] -- Installing: /home/rutvij/ros2_ws/src/rbe500_group_project/install/rrbot_gazebo/include/rrbot_gazebo/rrbot_gazebo/srv/detail/ik_service__struct.hpp
[10.751s] -- Installing: /home/rutvij/ros2_ws/src/rbe500_group_project/install/rrbot_gazebo/include/rrbot_gazebo/rrbot_gazebo/srv/detail/ik_service__builder.hpp
[10.751s] -- Installing: /home/rutvij/ros2_ws/src/rbe500_group_project/install/rrbot_gazebo/include/rrbot_gazebo/rrbot_gazebo/srv/detail/ik_service__traits.hpp
[10.751s] -- Up-to-date: /home/rutvij/ros2_ws/src/rbe500_group_project/install/rrbot_gazebo/include/rrbot_gazebo/rrbot_gazebo
[10.751s] -- Up-to-date: /home/rutvij/ros2_ws/src/rbe500_group_project/install/rrbot_gazebo/include/rrbot_gazebo/rrbot_gazebo/srv
[10.752s] -- Up-to-date: /home/rutvij/ros2_ws/src/rbe500_group_project/install/rrbot_gazebo/include/rrbot_gazebo/rrbot_gazebo/srv/detail
[10.752s] -- Installing: /home/rutvij/ros2_ws/src/rbe500_group_project/install/rrbot_gazebo/include/rrbot_gazebo/rrbot_gazebo/srv/detail/dds_fastrtps
[10.752s] -- Installing: /home/rutvij/ros2_ws/src/rbe500_group_project/install/rrbot_gazebo/include/rrbot_gazebo/rrbot_gazebo/srv/detail/ik_service__rosidl_typesupport_fastrtps_cpp.hpp
[10.752s] -- Up-to-date: /home/rutvij/ros2_ws/src/rbe500_group_project/install/rrbot_gazebo/include/rrbot_gazebo/rrbot_gazebo/msg
[10.752s] -- Installing: /home/rutvij/ros2_ws/src/rbe500_group_project/install/rrbot_gazebo/include/rrbot_gazebo/rrbot_gazebo/msg/rosidl_typesupport_fastrtps_cpp__visibility_control.h
[10.752s] -- Installing: /home/rutvij/ros2_ws/src/rbe500_group_project/install/rrbot_gazebo/lib/librrbot_gazebo__rosidl_typesupport_fastrtps_cpp.so
[10.753s] -- Set runtime path of "/home/rutvij/ros2_ws/src/rbe500_group_project/install/rrbot_gazebo/lib/librrbot_gazebo__rosidl_typesupport_fastrtps_cpp.so" to ""
[10.753s] -- Up-to-date: /home/rutvij/ros2_ws/src/rbe500_group_project/install/rrbot_gazebo/include/rrbot_gazebo/rrbot_gazebo
[10.753s] -- Up-to-date: /home/rutvij/ros2_ws/src/rbe500_group_project/install/rrbot_gazebo/include/rrbot_gazebo/rrbot_gazebo/srv
[10.753s] -- Up-to-date: /home/rutvij/ros2_ws/src/rbe500_group_project/install/rrbot_gazebo/include/rrbot_gazebo/rrbot_gazebo/srv/detail
[10.754s] -- Installing: /home/rutvij/ros2_ws/src/rbe500_group_project/install/rrbot_gazebo/include/rrbot_gazebo/rrbot_gazebo/srv/detail/ik_service__type_support.c
[10.754s] -- Installing: /home/rutvij/ros2_ws/src/rbe500_group_project/install/rrbot_gazebo/include/rrbot_gazebo/rrbot_gazebo/srv/detail/ik_service__rosidl_typesupport_introspection_c.h
[10.754s] -- Up-to-date: /home/rutvij/ros2_ws/src/rbe500_group_project/install/rrbot_gazebo/include/rrbot_gazebo/rrbot_gazebo/msg
[10.754s] -- Installing: /home/rutvij/ros2_ws/src/rbe500_group_project/install/rrbot_gazebo/include/rrbot_gazebo/rrbot_gazebo/msg/rosidl_typesupport_introspection_c__visibility_control.h
[10.754s] -- Installing: /home/rutvij/ros2_ws/src/rbe500_group_project/install/rrbot_gazebo/lib/librrbot_gazebo__rosidl_typesupport_introspection_c.so
[10.755s] -- Set runtime path of "/home/rutvij/ros2_ws/src/rbe500_group_project/install/rrbot_gazebo/lib/librrbot_gazebo__rosidl_typesupport_introspection_c.so" to ""
[10.755s] -- Installing: /home/rutvij/ros2_ws/src/rbe500_group_project/install/rrbot_gazebo/lib/librrbot_gazebo__rosidl_typesupport_c.so
[10.756s] -- Set runtime path of "/home/rutvij/ros2_ws/src/rbe500_group_project/install/rrbot_gazebo/lib/librrbot_gazebo__rosidl_typesupport_c.so" to ""
[10.756s] -- Up-to-date: /home/rutvij/ros2_ws/src/rbe500_group_project/install/rrbot_gazebo/include/rrbot_gazebo/rrbot_gazebo
[10.756s] -- Up-to-date: /home/rutvij/ros2_ws/src/rbe500_group_project/install/rrbot_gazebo/include/rrbot_gazebo/rrbot_gazebo/srv
[10.756s] -- Up-to-date: /home/rutvij/ros2_ws/src/rbe500_group_project/install/rrbot_gazebo/include/rrbot_gazebo/rrbot_gazebo/srv/detail
[10.756s] -- Installing: /home/rutvij/ros2_ws/src/rbe500_group_project/install/rrbot_gazebo/include/rrbot_gazebo/rrbot_gazebo/srv/detail/ik_service__type_support.cpp
[10.757s] -- Installing: /home/rutvij/ros2_ws/src/rbe500_group_project/install/rrbot_gazebo/include/rrbot_gazebo/rrbot_gazebo/srv/detail/ik_service__rosidl_typesupport_introspection_cpp.hpp
[10.757s] -- Installing: /home/rutvij/ros2_ws/src/rbe500_group_project/install/rrbot_gazebo/lib/librrbot_gazebo__rosidl_typesupport_introspection_cpp.so
[10.757s] -- Set runtime path of "/home/rutvij/ros2_ws/src/rbe500_group_project/install/rrbot_gazebo/lib/librrbot_gazebo__rosidl_typesupport_introspection_cpp.so" to ""
[10.757s] -- Installing: /home/rutvij/ros2_ws/src/rbe500_group_project/install/rrbot_gazebo/lib/librrbot_gazebo__rosidl_typesupport_cpp.so
[10.758s] -- Set runtime path of "/home/rutvij/ros2_ws/src/rbe500_group_project/install/rrbot_gazebo/lib/librrbot_gazebo__rosidl_typesupport_cpp.so" to ""
[10.758s] -- Installing: /home/rutvij/ros2_ws/src/rbe500_group_project/install/rrbot_gazebo/share/rrbot_gazebo/environment/pythonpath.sh
[10.758s] -- Installing: /home/rutvij/ros2_ws/src/rbe500_group_project/install/rrbot_gazebo/share/rrbot_gazebo/environment/pythonpath.dsv
[10.759s] -- Installing: /home/rutvij/ros2_ws/src/rbe500_group_project/install/rrbot_gazebo/local/lib/python3.10/dist-packages/rrbot_gazebo-0.2.0-py3.10.egg-info
[10.759s] -- Installing: /home/rutvij/ros2_ws/src/rbe500_group_project/install/rrbot_gazebo/local/lib/python3.10/dist-packages/rrbot_gazebo-0.2.0-py3.10.egg-info/top_level.txt
[10.759s] -- Installing: /home/rutvij/ros2_ws/src/rbe500_group_project/install/rrbot_gazebo/local/lib/python3.10/dist-packages/rrbot_gazebo-0.2.0-py3.10.egg-info/PKG-INFO
[10.759s] -- Installing: /home/rutvij/ros2_ws/src/rbe500_group_project/install/rrbot_gazebo/local/lib/python3.10/dist-packages/rrbot_gazebo-0.2.0-py3.10.egg-info/dependency_links.txt
[10.759s] -- Installing: /home/rutvij/ros2_ws/src/rbe500_group_project/install/rrbot_gazebo/local/lib/python3.10/dist-packages/rrbot_gazebo-0.2.0-py3.10.egg-info/SOURCES.txt
[10.760s] -- Installing: /home/rutvij/ros2_ws/src/rbe500_group_project/install/rrbot_gazebo/local/lib/python3.10/dist-packages/rrbot_gazebo
[10.760s] -- Installing: /home/rutvij/ros2_ws/src/rbe500_group_project/install/rrbot_gazebo/local/lib/python3.10/dist-packages/rrbot_gazebo/srv
[10.760s] -- Installing: /home/rutvij/ros2_ws/src/rbe500_group_project/install/rrbot_gazebo/local/lib/python3.10/dist-packages/rrbot_gazebo/srv/_ik_service_s.c
[10.760s] -- Installing: /home/rutvij/ros2_ws/src/rbe500_group_project/install/rrbot_gazebo/local/lib/python3.10/dist-packages/rrbot_gazebo/srv/__init__.py
[10.761s] -- Installing: /home/rutvij/ros2_ws/src/rbe500_group_project/install/rrbot_gazebo/local/lib/python3.10/dist-packages/rrbot_gazebo/srv/_ik_service.py
[10.761s] -- Installing: /home/rutvij/ros2_ws/src/rbe500_group_project/install/rrbot_gazebo/local/lib/python3.10/dist-packages/rrbot_gazebo/__init__.py
[10.761s] -- Installing: /home/rutvij/ros2_ws/src/rbe500_group_project/install/rrbot_gazebo/local/lib/python3.10/dist-packages/rrbot_gazebo/_rrbot_gazebo_s.ep.rosidl_typesupport_fastrtps_c.c
[10.761s] -- Installing: /home/rutvij/ros2_ws/src/rbe500_group_project/install/rrbot_gazebo/local/lib/python3.10/dist-packages/rrbot_gazebo/rrbot_gazebo_s__rosidl_typesupport_introspection_c.cpython-310-x86_64-linux-gnu.so
[10.761s] -- Installing: /home/rutvij/ros2_ws/src/rbe500_group_project/install/rrbot_gazebo/local/lib/python3.10/dist-packages/rrbot_gazebo/_rrbot_gazebo_s.ep.rosidl_typesupport_introspection_c.c
[10.762s] -- Installing: /home/rutvij/ros2_ws/src/rbe500_group_project/install/rrbot_gazebo/local/lib/python3.10/dist-packages/rrbot_gazebo/_rrbot_gazebo_s.ep.rosidl_typesupport_c.c
[10.762s] -- Installing: /home/rutvij/ros2_ws/src/rbe500_group_project/install/rrbot_gazebo/local/lib/python3.10/dist-packages/rrbot_gazebo/rrbot_gazebo_s__rosidl_typesupport_c.cpython-310-x86_64-linux-gnu.so
[10.762s] -- Installing: /home/rutvij/ros2_ws/src/rbe500_group_project/install/rrbot_gazebo/local/lib/python3.10/dist-packages/rrbot_gazebo/rrbot_gazebo_s__rosidl_typesupport_fastrtps_c.cpython-310-x86_64-linux-gnu.so
[10.762s] -- Installing: /home/rutvij/ros2_ws/src/rbe500_group_project/install/rrbot_gazebo/local/lib/python3.10/dist-packages/rrbot_gazebo/librrbot_gazebo__rosidl_generator_py.so
[10.804s] Listing '/home/rutvij/ros2_ws/src/rbe500_group_project/install/rrbot_gazebo/local/lib/python3.10/dist-packages/rrbot_gazebo'...
[10.804s] Compiling '/home/rutvij/ros2_ws/src/rbe500_group_project/install/rrbot_gazebo/local/lib/python3.10/dist-packages/rrbot_gazebo/__init__.py'...
[10.805s] Listing '/home/rutvij/ros2_ws/src/rbe500_group_project/install/rrbot_gazebo/local/lib/python3.10/dist-packages/rrbot_gazebo/srv'...
[10.805s] Compiling '/home/rutvij/ros2_ws/src/rbe500_group_project/install/rrbot_gazebo/local/lib/python3.10/dist-packages/rrbot_gazebo/srv/__init__.py'...
[10.805s] Compiling '/home/rutvij/ros2_ws/src/rbe500_group_project/install/rrbot_gazebo/local/lib/python3.10/dist-packages/rrbot_gazebo/srv/_ik_service.py'...
[10.811s] -- Installing: /home/rutvij/ros2_ws/src/rbe500_group_project/install/rrbot_gazebo/local/lib/python3.10/dist-packages/rrbot_gazebo/rrbot_gazebo_s__rosidl_typesupport_fastrtps_c.cpython-310-x86_64-linux-gnu.so
[10.811s] -- Set runtime path of "/home/rutvij/ros2_ws/src/rbe500_group_project/install/rrbot_gazebo/local/lib/python3.10/dist-packages/rrbot_gazebo/rrbot_gazebo_s__rosidl_typesupport_fastrtps_c.cpython-310-x86_64-linux-gnu.so" to ""
[10.812s] -- Installing: /home/rutvij/ros2_ws/src/rbe500_group_project/install/rrbot_gazebo/local/lib/python3.10/dist-packages/rrbot_gazebo/rrbot_gazebo_s__rosidl_typesupport_introspection_c.cpython-310-x86_64-linux-gnu.so
[10.812s] -- Set runtime path of "/home/rutvij/ros2_ws/src/rbe500_group_project/install/rrbot_gazebo/local/lib/python3.10/dist-packages/rrbot_gazebo/rrbot_gazebo_s__rosidl_typesupport_introspection_c.cpython-310-x86_64-linux-gnu.so" to ""
[10.813s] -- Installing: /home/rutvij/ros2_ws/src/rbe500_group_project/install/rrbot_gazebo/local/lib/python3.10/dist-packages/rrbot_gazebo/rrbot_gazebo_s__rosidl_typesupport_c.cpython-310-x86_64-linux-gnu.so
[10.813s] -- Set runtime path of "/home/rutvij/ros2_ws/src/rbe500_group_project/install/rrbot_gazebo/local/lib/python3.10/dist-packages/rrbot_gazebo/rrbot_gazebo_s__rosidl_typesupport_c.cpython-310-x86_64-linux-gnu.so" to ""
[10.814s] -- Installing: /home/rutvij/ros2_ws/src/rbe500_group_project/install/rrbot_gazebo/lib/librrbot_gazebo__rosidl_generator_py.so
[10.814s] -- Set runtime path of "/home/rutvij/ros2_ws/src/rbe500_group_project/install/rrbot_gazebo/lib/librrbot_gazebo__rosidl_generator_py.so" to ""
[10.814s] -- Installing: /home/rutvij/ros2_ws/src/rbe500_group_project/install/rrbot_gazebo/share/rrbot_gazebo/srv/IKService.idl
[10.814s] -- Installing: /home/rutvij/ros2_ws/src/rbe500_group_project/install/rrbot_gazebo/share/rrbot_gazebo/srv/IKService.srv
[10.815s] -- Installing: /home/rutvij/ros2_ws/src/rbe500_group_project/install/rrbot_gazebo/share/rrbot_gazebo/srv/IKService_Request.msg
[10.815s] -- Installing: /home/rutvij/ros2_ws/src/rbe500_group_project/install/rrbot_gazebo/share/rrbot_gazebo/srv/IKService_Response.msg
[10.815s] -- Installing: /home/rutvij/ros2_ws/src/rbe500_group_project/install/rrbot_gazebo/share/ament_index/resource_index/package_run_dependencies/rrbot_gazebo
[10.815s] -- Installing: /home/rutvij/ros2_ws/src/rbe500_group_project/install/rrbot_gazebo/share/ament_index/resource_index/parent_prefix_path/rrbot_gazebo
[10.816s] -- Installing: /home/rutvij/ros2_ws/src/rbe500_group_project/install/rrbot_gazebo/share/rrbot_gazebo/environment/ament_prefix_path.sh
[10.816s] -- Installing: /home/rutvij/ros2_ws/src/rbe500_group_project/install/rrbot_gazebo/share/rrbot_gazebo/environment/ament_prefix_path.dsv
[10.816s] -- Installing: /home/rutvij/ros2_ws/src/rbe500_group_project/install/rrbot_gazebo/share/rrbot_gazebo/environment/path.sh
[10.816s] -- Installing: /home/rutvij/ros2_ws/src/rbe500_group_project/install/rrbot_gazebo/share/rrbot_gazebo/environment/path.dsv
[10.817s] -- Installing: /home/rutvij/ros2_ws/src/rbe500_group_project/install/rrbot_gazebo/share/rrbot_gazebo/local_setup.bash
[10.817s] -- Installing: /home/rutvij/ros2_ws/src/rbe500_group_project/install/rrbot_gazebo/share/rrbot_gazebo/local_setup.sh
[10.817s] -- Installing: /home/rutvij/ros2_ws/src/rbe500_group_project/install/rrbot_gazebo/share/rrbot_gazebo/local_setup.zsh
[10.817s] -- Installing: /home/rutvij/ros2_ws/src/rbe500_group_project/install/rrbot_gazebo/share/rrbot_gazebo/local_setup.dsv
[10.817s] -- Installing: /home/rutvij/ros2_ws/src/rbe500_group_project/install/rrbot_gazebo/share/rrbot_gazebo/package.dsv
[10.818s] -- Installing: /home/rutvij/ros2_ws/src/rbe500_group_project/install/rrbot_gazebo/share/ament_index/resource_index/packages/rrbot_gazebo
[10.818s] -- Installing: /home/rutvij/ros2_ws/src/rbe500_group_project/install/rrbot_gazebo/share/rrbot_gazebo/cmake/export_rrbot_gazebo__rosidl_generator_cExport.cmake
[10.818s] -- Installing: /home/rutvij/ros2_ws/src/rbe500_group_project/install/rrbot_gazebo/share/rrbot_gazebo/cmake/export_rrbot_gazebo__rosidl_generator_cExport-noconfig.cmake
[10.818s] -- Installing: /home/rutvij/ros2_ws/src/rbe500_group_project/install/rrbot_gazebo/share/rrbot_gazebo/cmake/export_rrbot_gazebo__rosidl_typesupport_fastrtps_cExport.cmake
[10.819s] -- Installing: /home/rutvij/ros2_ws/src/rbe500_group_project/install/rrbot_gazebo/share/rrbot_gazebo/cmake/export_rrbot_gazebo__rosidl_typesupport_fastrtps_cExport-noconfig.cmake
[10.819s] -- Installing: /home/rutvij/ros2_ws/src/rbe500_group_project/install/rrbot_gazebo/share/rrbot_gazebo/cmake/export_rrbot_gazebo__rosidl_generator_cppExport.cmake
[10.819s] -- Installing: /home/rutvij/ros2_ws/src/rbe500_group_project/install/rrbot_gazebo/share/rrbot_gazebo/cmake/export_rrbot_gazebo__rosidl_typesupport_fastrtps_cppExport.cmake
[10.819s] -- Installing: /home/rutvij/ros2_ws/src/rbe500_group_project/install/rrbot_gazebo/share/rrbot_gazebo/cmake/export_rrbot_gazebo__rosidl_typesupport_fastrtps_cppExport-noconfig.cmake
[10.820s] -- Installing: /home/rutvij/ros2_ws/src/rbe500_group_project/install/rrbot_gazebo/share/rrbot_gazebo/cmake/rrbot_gazebo__rosidl_typesupport_introspection_cExport.cmake
[10.820s] -- Installing: /home/rutvij/ros2_ws/src/rbe500_group_project/install/rrbot_gazebo/share/rrbot_gazebo/cmake/rrbot_gazebo__rosidl_typesupport_introspection_cExport-noconfig.cmake
[10.820s] -- Installing: /home/rutvij/ros2_ws/src/rbe500_group_project/install/rrbot_gazebo/share/rrbot_gazebo/cmake/rrbot_gazebo__rosidl_typesupport_cExport.cmake
[10.820s] -- Installing: /home/rutvij/ros2_ws/src/rbe500_group_project/install/rrbot_gazebo/share/rrbot_gazebo/cmake/rrbot_gazebo__rosidl_typesupport_cExport-noconfig.cmake
[10.821s] -- Installing: /home/rutvij/ros2_ws/src/rbe500_group_project/install/rrbot_gazebo/share/rrbot_gazebo/cmake/rrbot_gazebo__rosidl_typesupport_introspection_cppExport.cmake
[10.821s] -- Installing: /home/rutvij/ros2_ws/src/rbe500_group_project/install/rrbot_gazebo/share/rrbot_gazebo/cmake/rrbot_gazebo__rosidl_typesupport_introspection_cppExport-noconfig.cmake
[10.821s] -- Installing: /home/rutvij/ros2_ws/src/rbe500_group_project/install/rrbot_gazebo/share/rrbot_gazebo/cmake/rrbot_gazebo__rosidl_typesupport_cppExport.cmake
[10.821s] -- Installing: /home/rutvij/ros2_ws/src/rbe500_group_project/install/rrbot_gazebo/share/rrbot_gazebo/cmake/rrbot_gazebo__rosidl_typesupport_cppExport-noconfig.cmake
[10.821s] -- Installing: /home/rutvij/ros2_ws/src/rbe500_group_project/install/rrbot_gazebo/share/rrbot_gazebo/cmake/export_rrbot_gazebo__rosidl_generator_pyExport.cmake
[10.822s] -- Installing: /home/rutvij/ros2_ws/src/rbe500_group_project/install/rrbot_gazebo/share/rrbot_gazebo/cmake/export_rrbot_gazebo__rosidl_generator_pyExport-noconfig.cmake
[10.822s] -- Installing: /home/rutvij/ros2_ws/src/rbe500_group_project/install/rrbot_gazebo/share/rrbot_gazebo/cmake/rosidl_cmake-extras.cmake
[10.822s] -- Installing: /home/rutvij/ros2_ws/src/rbe500_group_project/install/rrbot_gazebo/share/rrbot_gazebo/cmake/ament_cmake_export_dependencies-extras.cmake
[10.822s] -- Installing: /home/rutvij/ros2_ws/src/rbe500_group_project/install/rrbot_gazebo/share/rrbot_gazebo/cmake/ament_cmake_export_include_directories-extras.cmake
[10.823s] -- Installing: /home/rutvij/ros2_ws/src/rbe500_group_project/install/rrbot_gazebo/share/rrbot_gazebo/cmake/ament_cmake_export_libraries-extras.cmake
[10.823s] -- Installing: /home/rutvij/ros2_ws/src/rbe500_group_project/install/rrbot_gazebo/share/rrbot_gazebo/cmake/ament_cmake_export_targets-extras.cmake
[10.823s] -- Installing: /home/rutvij/ros2_ws/src/rbe500_group_project/install/rrbot_gazebo/share/rrbot_gazebo/cmake/rosidl_cmake_export_typesupport_targets-extras.cmake
[10.823s] -- Installing: /home/rutvij/ros2_ws/src/rbe500_group_project/install/rrbot_gazebo/share/rrbot_gazebo/cmake/rosidl_cmake_export_typesupport_libraries-extras.cmake
[10.823s] -- Installing: /home/rutvij/ros2_ws/src/rbe500_group_project/install/rrbot_gazebo/share/rrbot_gazebo/cmake/rrbot_gazeboConfig.cmake
[10.824s] -- Installing: /home/rutvij/ros2_ws/src/rbe500_group_project/install/rrbot_gazebo/share/rrbot_gazebo/cmake/rrbot_gazeboConfig-version.cmake
[10.824s] -- Installing: /home/rutvij/ros2_ws/src/rbe500_group_project/install/rrbot_gazebo/share/rrbot_gazebo/package.xml
[10.824s] -- Installing: /home/rutvij/ros2_ws/src/rbe500_group_project/install/rrbot_gazebo/lib/rrbot_gazebo/forward_kinematics_node.py
[10.825s] -- Installing: /home/rutvij/ros2_ws/src/rbe500_group_project/install/rrbot_gazebo/lib/rrbot_gazebo/inverse_kinematics_node.py
[10.829s] Invoked command in '/home/rutvij/ros2_ws/src/rbe500_group_project/build/rrbot_gazebo' returned '0': AMENT_PREFIX_PATH=/home/rutvij/ros2_ws/src/rbe500_group_project/install/rrbot_description:${AMENT_PREFIX_PATH} CMAKE_PREFIX_PATH=/home/rutvij/ros2_ws/src/rbe500_group_project/install/rrbot_description:/home/rutvij/ros2_ws/install/rrbot_gazebo:/home/rutvij/ros2_ws/install/rrbot_description:/home/rutvij/ros2_ws/install/rkd_hw3:/home/rutvij/ros2_ws/install/quat_to_euler:/home/rutvij/ros2_ws/install/my_robot_controller:/home/rutvij/ros2_ws/install/RBE500_HW1_RD:/opt/ros/humble /usr/bin/cmake --install /home/rutvij/ros2_ws/src/rbe500_group_project/build/rrbot_gazebo
