[0.430s] DEBUG:colcon:Command line arguments: ['/usr/bin/colcon', 'build', '--symlink-install']
[0.430s] DEBUG:colcon:Parsed command line arguments: Namespace(log_base=None, log_level=None, verb_name='build', build_base='build', install_base='install', merge_install=False, symlink_install=True, test_result_base=None, continue_on_error=False, executor='parallel', parallel_workers=12, event_handlers=None, ignore_user_meta=False, metas=['./colcon.meta'], base_paths=['.'], packages_ignore=None, packages_ignore_regex=None, paths=None, packages_up_to=None, packages_up_to_regex=None, packages_above=None, packages_above_and_dependencies=None, packages_above_depth=None, packages_select_by_dep=None, packages_skip_by_dep=None, packages_skip_up_to=None, packages_select_build_failed=False, packages_skip_build_finished=False, packages_select_test_failures=False, packages_skip_test_passed=False, packages_select=None, packages_skip=None, packages_select_regex=None, packages_skip_regex=None, packages_start=None, packages_end=None, allow_overriding=[], cmake_args=None, cmake_target=None, cmake_target_skip_unavailable=False, cmake_clean_cache=False, cmake_clean_first=False, cmake_force_configure=False, ament_cmake_args=None, catkin_cmake_args=None, catkin_skip_building_tests=False, verb_parser=<colcon_defaults.argument_parser.defaults.DefaultArgumentsDecorator object at 0x7fcb2ebcf190>, verb_extension=<colcon_core.verb.build.BuildVerb object at 0x7fcb2ebce7a0>, main=<bound method BuildVerb.main of <colcon_core.verb.build.BuildVerb object at 0x7fcb2ebce7a0>>)
[0.450s] Level 1:colcon.colcon_core.package_discovery:discover_packages(colcon_meta) check parameters
[0.450s] Level 1:colcon.colcon_core.package_discovery:discover_packages(recursive) check parameters
[0.450s] Level 1:colcon.colcon_core.package_discovery:discover_packages(ignore) check parameters
[0.450s] Level 1:colcon.colcon_core.package_discovery:discover_packages(path) check parameters
[0.450s] Level 1:colcon.colcon_core.package_discovery:discover_packages(colcon_meta) discover
[0.450s] Level 1:colcon.colcon_core.package_discovery:discover_packages(recursive) discover
[0.450s] INFO:colcon.colcon_core.package_discovery:Crawling recursively for packages in '/home/rutvij/rbe500_group_project-1'
[0.450s] Level 1:colcon.colcon_core.package_identification:_identify(.) by extensions ['ignore', 'ignore_ament_install']
[0.450s] Level 1:colcon.colcon_core.package_identification:_identify(.) by extension 'ignore'
[0.450s] Level 1:colcon.colcon_core.package_identification:_identify(.) by extension 'ignore_ament_install'
[0.450s] Level 1:colcon.colcon_core.package_identification:_identify(.) by extensions ['colcon_pkg']
[0.450s] Level 1:colcon.colcon_core.package_identification:_identify(.) by extension 'colcon_pkg'
[0.450s] Level 1:colcon.colcon_core.package_identification:_identify(.) by extensions ['colcon_meta']
[0.450s] Level 1:colcon.colcon_core.package_identification:_identify(.) by extension 'colcon_meta'
[0.451s] Level 1:colcon.colcon_core.package_identification:_identify(.) by extensions ['ros']
[0.451s] Level 1:colcon.colcon_core.package_identification:_identify(.) by extension 'ros'
[0.493s] Level 1:colcon.colcon_core.package_identification:_identify(.) by extensions ['cmake', 'python']
[0.493s] Level 1:colcon.colcon_core.package_identification:_identify(.) by extension 'cmake'
[0.493s] Level 1:colcon.colcon_core.package_identification:_identify(.) by extension 'python'
[0.493s] Level 1:colcon.colcon_core.package_identification:_identify(.) by extensions ['python_setup_py']
[0.493s] Level 1:colcon.colcon_core.package_identification:_identify(.) by extension 'python_setup_py'
[0.493s] Level 1:colcon.colcon_core.package_identification:_identify(build) by extensions ['ignore', 'ignore_ament_install']
[0.493s] Level 1:colcon.colcon_core.package_identification:_identify(build) by extension 'ignore'
[0.494s] Level 1:colcon.colcon_core.package_identification:_identify(build) ignored
[0.494s] Level 1:colcon.colcon_core.package_identification:_identify(install) by extensions ['ignore', 'ignore_ament_install']
[0.494s] Level 1:colcon.colcon_core.package_identification:_identify(install) by extension 'ignore'
[0.494s] Level 1:colcon.colcon_core.package_identification:_identify(install) ignored
[0.494s] Level 1:colcon.colcon_core.package_identification:_identify(log) by extensions ['ignore', 'ignore_ament_install']
[0.494s] Level 1:colcon.colcon_core.package_identification:_identify(log) by extension 'ignore'
[0.494s] Level 1:colcon.colcon_core.package_identification:_identify(log) ignored
[0.494s] Level 1:colcon.colcon_core.package_identification:_identify(rrbot_simulation_files) by extensions ['ignore', 'ignore_ament_install']
[0.494s] Level 1:colcon.colcon_core.package_identification:_identify(rrbot_simulation_files) by extension 'ignore'
[0.494s] Level 1:colcon.colcon_core.package_identification:_identify(rrbot_simulation_files) by extension 'ignore_ament_install'
[0.494s] Level 1:colcon.colcon_core.package_identification:_identify(rrbot_simulation_files) by extensions ['colcon_pkg']
[0.494s] Level 1:colcon.colcon_core.package_identification:_identify(rrbot_simulation_files) by extension 'colcon_pkg'
[0.494s] Level 1:colcon.colcon_core.package_identification:_identify(rrbot_simulation_files) by extensions ['colcon_meta']
[0.494s] Level 1:colcon.colcon_core.package_identification:_identify(rrbot_simulation_files) by extension 'colcon_meta'
[0.494s] Level 1:colcon.colcon_core.package_identification:_identify(rrbot_simulation_files) by extensions ['ros']
[0.494s] Level 1:colcon.colcon_core.package_identification:_identify(rrbot_simulation_files) by extension 'ros'
[0.494s] Level 1:colcon.colcon_core.package_identification:_identify(rrbot_simulation_files) by extensions ['cmake', 'python']
[0.494s] Level 1:colcon.colcon_core.package_identification:_identify(rrbot_simulation_files) by extension 'cmake'
[0.494s] Level 1:colcon.colcon_core.package_identification:_identify(rrbot_simulation_files) by extension 'python'
[0.494s] Level 1:colcon.colcon_core.package_identification:_identify(rrbot_simulation_files) by extensions ['python_setup_py']
[0.494s] Level 1:colcon.colcon_core.package_identification:_identify(rrbot_simulation_files) by extension 'python_setup_py'
[0.494s] Level 1:colcon.colcon_core.package_identification:_identify(rrbot_simulation_files/build) by extensions ['ignore', 'ignore_ament_install']
[0.494s] Level 1:colcon.colcon_core.package_identification:_identify(rrbot_simulation_files/build) by extension 'ignore'
[0.494s] Level 1:colcon.colcon_core.package_identification:_identify(rrbot_simulation_files/build) ignored
[0.494s] Level 1:colcon.colcon_core.package_identification:_identify(rrbot_simulation_files/install) by extensions ['ignore', 'ignore_ament_install']
[0.494s] Level 1:colcon.colcon_core.package_identification:_identify(rrbot_simulation_files/install) by extension 'ignore'
[0.494s] Level 1:colcon.colcon_core.package_identification:_identify(rrbot_simulation_files/install) ignored
[0.494s] Level 1:colcon.colcon_core.package_identification:_identify(rrbot_simulation_files/log) by extensions ['ignore', 'ignore_ament_install']
[0.494s] Level 1:colcon.colcon_core.package_identification:_identify(rrbot_simulation_files/log) by extension 'ignore'
[0.494s] Level 1:colcon.colcon_core.package_identification:_identify(rrbot_simulation_files/log) ignored
[0.494s] Level 1:colcon.colcon_core.package_identification:_identify(rrbot_simulation_files/rrbot_description) by extensions ['ignore', 'ignore_ament_install']
[0.494s] Level 1:colcon.colcon_core.package_identification:_identify(rrbot_simulation_files/rrbot_description) by extension 'ignore'
[0.494s] Level 1:colcon.colcon_core.package_identification:_identify(rrbot_simulation_files/rrbot_description) by extension 'ignore_ament_install'
[0.494s] Level 1:colcon.colcon_core.package_identification:_identify(rrbot_simulation_files/rrbot_description) by extensions ['colcon_pkg']
[0.494s] Level 1:colcon.colcon_core.package_identification:_identify(rrbot_simulation_files/rrbot_description) by extension 'colcon_pkg'
[0.494s] Level 1:colcon.colcon_core.package_identification:_identify(rrbot_simulation_files/rrbot_description) by extensions ['colcon_meta']
[0.494s] Level 1:colcon.colcon_core.package_identification:_identify(rrbot_simulation_files/rrbot_description) by extension 'colcon_meta'
[0.494s] Level 1:colcon.colcon_core.package_identification:_identify(rrbot_simulation_files/rrbot_description) by extensions ['ros']
[0.495s] Level 1:colcon.colcon_core.package_identification:_identify(rrbot_simulation_files/rrbot_description) by extension 'ros'
[0.507s] DEBUG:colcon.colcon_core.package_identification:Package 'rrbot_simulation_files/rrbot_description' with type 'ros.ament_cmake' and name 'rrbot_description'
[0.507s] Level 1:colcon.colcon_core.package_identification:_identify(rrbot_simulation_files/rrbot_gazebo) by extensions ['ignore', 'ignore_ament_install']
[0.507s] Level 1:colcon.colcon_core.package_identification:_identify(rrbot_simulation_files/rrbot_gazebo) by extension 'ignore'
[0.507s] Level 1:colcon.colcon_core.package_identification:_identify(rrbot_simulation_files/rrbot_gazebo) by extension 'ignore_ament_install'
[0.507s] Level 1:colcon.colcon_core.package_identification:_identify(rrbot_simulation_files/rrbot_gazebo) by extensions ['colcon_pkg']
[0.507s] Level 1:colcon.colcon_core.package_identification:_identify(rrbot_simulation_files/rrbot_gazebo) by extension 'colcon_pkg'
[0.507s] Level 1:colcon.colcon_core.package_identification:_identify(rrbot_simulation_files/rrbot_gazebo) by extensions ['colcon_meta']
[0.507s] Level 1:colcon.colcon_core.package_identification:_identify(rrbot_simulation_files/rrbot_gazebo) by extension 'colcon_meta'
[0.507s] Level 1:colcon.colcon_core.package_identification:_identify(rrbot_simulation_files/rrbot_gazebo) by extensions ['ros']
[0.507s] Level 1:colcon.colcon_core.package_identification:_identify(rrbot_simulation_files/rrbot_gazebo) by extension 'ros'
[0.508s] DEBUG:colcon.colcon_core.package_identification:Package 'rrbot_simulation_files/rrbot_gazebo' with type 'ros.ament_cmake' and name 'rrbot_gazebo'
[0.508s] Level 1:colcon.colcon_core.package_discovery:discover_packages(recursive) using defaults
[0.508s] Level 1:colcon.colcon_core.package_discovery:discover_packages(ignore) discover
[0.508s] Level 1:colcon.colcon_core.package_discovery:discover_packages(ignore) using defaults
[0.508s] Level 1:colcon.colcon_core.package_discovery:discover_packages(path) discover
[0.508s] Level 1:colcon.colcon_core.package_discovery:discover_packages(path) using defaults
[0.546s] Level 1:colcon.colcon_core.package_discovery:discover_packages(prefix_path) check parameters
[0.546s] Level 1:colcon.colcon_core.package_discovery:discover_packages(prefix_path) discover
[0.561s] DEBUG:colcon.colcon_installed_package_information.package_discovery:Found 3 installed packages in /home/rutvij/ros2_ws/install
[0.567s] DEBUG:colcon.colcon_installed_package_information.package_discovery:Found 320 installed packages in /opt/ros/humble
[0.568s] Level 1:colcon.colcon_core.package_discovery:discover_packages(prefix_path) using defaults
[0.619s] Level 5:colcon.colcon_core.verb:set package 'rrbot_description' build argument 'cmake_args' from command line to 'None'
[0.619s] Level 5:colcon.colcon_core.verb:set package 'rrbot_description' build argument 'cmake_target' from command line to 'None'
[0.619s] Level 5:colcon.colcon_core.verb:set package 'rrbot_description' build argument 'cmake_target_skip_unavailable' from command line to 'False'
[0.619s] Level 5:colcon.colcon_core.verb:set package 'rrbot_description' build argument 'cmake_clean_cache' from command line to 'False'
[0.619s] Level 5:colcon.colcon_core.verb:set package 'rrbot_description' build argument 'cmake_clean_first' from command line to 'False'
[0.619s] Level 5:colcon.colcon_core.verb:set package 'rrbot_description' build argument 'cmake_force_configure' from command line to 'False'
[0.619s] Level 5:colcon.colcon_core.verb:set package 'rrbot_description' build argument 'ament_cmake_args' from command line to 'None'
[0.619s] Level 5:colcon.colcon_core.verb:set package 'rrbot_description' build argument 'catkin_cmake_args' from command line to 'None'
[0.619s] Level 5:colcon.colcon_core.verb:set package 'rrbot_description' build argument 'catkin_skip_building_tests' from command line to 'False'
[0.619s] DEBUG:colcon.colcon_core.verb:Building package 'rrbot_description' with the following arguments: {'ament_cmake_args': None, 'build_base': '/home/rutvij/rbe500_group_project-1/build/rrbot_description', 'catkin_cmake_args': None, 'catkin_skip_building_tests': False, 'cmake_args': None, 'cmake_clean_cache': False, 'cmake_clean_first': False, 'cmake_force_configure': False, 'cmake_target': None, 'cmake_target_skip_unavailable': False, 'install_base': '/home/rutvij/rbe500_group_project-1/install/rrbot_description', 'merge_install': False, 'path': '/home/rutvij/rbe500_group_project-1/rrbot_simulation_files/rrbot_description', 'symlink_install': True, 'test_result_base': None}
[0.624s] Level 5:colcon.colcon_core.verb:set package 'rrbot_gazebo' build argument 'cmake_args' from command line to 'None'
[0.624s] Level 5:colcon.colcon_core.verb:set package 'rrbot_gazebo' build argument 'cmake_target' from command line to 'None'
[0.624s] Level 5:colcon.colcon_core.verb:set package 'rrbot_gazebo' build argument 'cmake_target_skip_unavailable' from command line to 'False'
[0.624s] Level 5:colcon.colcon_core.verb:set package 'rrbot_gazebo' build argument 'cmake_clean_cache' from command line to 'False'
[0.624s] Level 5:colcon.colcon_core.verb:set package 'rrbot_gazebo' build argument 'cmake_clean_first' from command line to 'False'
[0.624s] Level 5:colcon.colcon_core.verb:set package 'rrbot_gazebo' build argument 'cmake_force_configure' from command line to 'False'
[0.624s] Level 5:colcon.colcon_core.verb:set package 'rrbot_gazebo' build argument 'ament_cmake_args' from command line to 'None'
[0.625s] Level 5:colcon.colcon_core.verb:set package 'rrbot_gazebo' build argument 'catkin_cmake_args' from command line to 'None'
[0.625s] Level 5:colcon.colcon_core.verb:set package 'rrbot_gazebo' build argument 'catkin_skip_building_tests' from command line to 'False'
[0.625s] DEBUG:colcon.colcon_core.verb:Building package 'rrbot_gazebo' with the following arguments: {'ament_cmake_args': None, 'build_base': '/home/rutvij/rbe500_group_project-1/build/rrbot_gazebo', 'catkin_cmake_args': None, 'catkin_skip_building_tests': False, 'cmake_args': None, 'cmake_clean_cache': False, 'cmake_clean_first': False, 'cmake_force_configure': False, 'cmake_target': None, 'cmake_target_skip_unavailable': False, 'install_base': '/home/rutvij/rbe500_group_project-1/install/rrbot_gazebo', 'merge_install': False, 'path': '/home/rutvij/rbe500_group_project-1/rrbot_simulation_files/rrbot_gazebo', 'symlink_install': True, 'test_result_base': None}
[0.630s] INFO:colcon.colcon_core.executor:Executing jobs using 'parallel' executor
[0.636s] DEBUG:colcon.colcon_parallel_executor.executor.parallel:run_until_complete
[0.636s] INFO:colcon.colcon_ros.task.ament_cmake.build:Building ROS package in '/home/rutvij/rbe500_group_project-1/rrbot_simulation_files/rrbot_description' with build type 'ament_cmake'
[0.636s] INFO:colcon.colcon_cmake.task.cmake.build:Building CMake package in '/home/rutvij/rbe500_group_project-1/rrbot_simulation_files/rrbot_description'
[0.644s] INFO:colcon.colcon_core.plugin_system:Skipping extension 'colcon_core.shell.bat': Not used on non-Windows systems
[0.644s] INFO:colcon.colcon_core.shell:Skip shell extension 'powershell' for command environment: Not usable outside of PowerShell
[0.644s] DEBUG:colcon.colcon_core.shell:Skip shell extension 'dsv' for command environment
[0.668s] DEBUG:colcon.colcon_core.event_handler.log_command:Invoking command in '/home/rutvij/rbe500_group_project-1/build/rrbot_description': CMAKE_PREFIX_PATH=${CMAKE_PREFIX_PATH}:/home/rutvij/ros2_ws/install/my_robot_controller:/opt/ros/humble /usr/bin/cmake /home/rutvij/rbe500_group_project-1/rrbot_simulation_files/rrbot_description -DAMENT_CMAKE_SYMLINK_INSTALL=1 -DCMAKE_INSTALL_PREFIX=/home/rutvij/rbe500_group_project-1/install/rrbot_description
[0.909s] DEBUG:colcon.colcon_core.event_handler.log_command:Invoked command in '/home/rutvij/rbe500_group_project-1/build/rrbot_description' returned '0': CMAKE_PREFIX_PATH=${CMAKE_PREFIX_PATH}:/home/rutvij/ros2_ws/install/my_robot_controller:/opt/ros/humble /usr/bin/cmake /home/rutvij/rbe500_group_project-1/rrbot_simulation_files/rrbot_description -DAMENT_CMAKE_SYMLINK_INSTALL=1 -DCMAKE_INSTALL_PREFIX=/home/rutvij/rbe500_group_project-1/install/rrbot_description
[0.910s] DEBUG:colcon.colcon_core.event_handler.log_command:Invoking command in '/home/rutvij/rbe500_group_project-1/build/rrbot_description': CMAKE_PREFIX_PATH=${CMAKE_PREFIX_PATH}:/home/rutvij/ros2_ws/install/my_robot_controller:/opt/ros/humble /usr/bin/cmake --build /home/rutvij/rbe500_group_project-1/build/rrbot_description -- -j12 -l12
[0.931s] DEBUG:colcon.colcon_core.event_handler.log_command:Invoked command in '/home/rutvij/rbe500_group_project-1/build/rrbot_description' returned '0': CMAKE_PREFIX_PATH=${CMAKE_PREFIX_PATH}:/home/rutvij/ros2_ws/install/my_robot_controller:/opt/ros/humble /usr/bin/cmake --build /home/rutvij/rbe500_group_project-1/build/rrbot_description -- -j12 -l12
[0.947s] DEBUG:colcon.colcon_core.event_handler.log_command:Invoking command in '/home/rutvij/rbe500_group_project-1/build/rrbot_description': CMAKE_PREFIX_PATH=${CMAKE_PREFIX_PATH}:/home/rutvij/ros2_ws/install/my_robot_controller:/opt/ros/humble /usr/bin/cmake --install /home/rutvij/rbe500_group_project-1/build/rrbot_description
[1.065s] Level 1:colcon.colcon_core.environment:create_environment_scripts_only(rrbot_description)
[1.065s] DEBUG:colcon.colcon_core.event_handler.log_command:Invoked command in '/home/rutvij/rbe500_group_project-1/build/rrbot_description' returned '0': CMAKE_PREFIX_PATH=${CMAKE_PREFIX_PATH}:/home/rutvij/ros2_ws/install/my_robot_controller:/opt/ros/humble /usr/bin/cmake --install /home/rutvij/rbe500_group_project-1/build/rrbot_description
[1.078s] Level 1:colcon.colcon_core.environment:checking '/home/rutvij/rbe500_group_project-1/install/rrbot_description' for CMake module files
[1.078s] Level 1:colcon.colcon_core.environment:checking '/home/rutvij/rbe500_group_project-1/install/rrbot_description' for CMake config files
[1.078s] Level 1:colcon.colcon_core.shell:create_environment_hook('rrbot_description', 'cmake_prefix_path')
[1.086s] INFO:colcon.colcon_core.shell:Creating environment hook '/home/rutvij/rbe500_group_project-1/install/rrbot_description/share/rrbot_description/hook/cmake_prefix_path.ps1'
[1.087s] INFO:colcon.colcon_core.shell:Creating environment descriptor '/home/rutvij/rbe500_group_project-1/install/rrbot_description/share/rrbot_description/hook/cmake_prefix_path.dsv'
[1.087s] INFO:colcon.colcon_core.shell:Creating environment hook '/home/rutvij/rbe500_group_project-1/install/rrbot_description/share/rrbot_description/hook/cmake_prefix_path.sh'
[1.088s] Level 1:colcon.colcon_core.environment:checking '/home/rutvij/rbe500_group_project-1/install/rrbot_description/bin'
[1.088s] Level 1:colcon.colcon_core.environment:checking '/home/rutvij/rbe500_group_project-1/install/rrbot_description/lib/pkgconfig/rrbot_description.pc'
[1.088s] Level 1:colcon.colcon_core.environment:checking '/home/rutvij/rbe500_group_project-1/install/rrbot_description/lib/python3.10/site-packages'
[1.089s] Level 1:colcon.colcon_core.environment:checking '/home/rutvij/rbe500_group_project-1/install/rrbot_description/bin'
[1.095s] INFO:colcon.colcon_core.shell:Creating package script '/home/rutvij/rbe500_group_project-1/install/rrbot_description/share/rrbot_description/package.ps1'
[1.096s] INFO:colcon.colcon_core.shell:Creating package descriptor '/home/rutvij/rbe500_group_project-1/install/rrbot_description/share/rrbot_description/package.dsv'
[1.096s] INFO:colcon.colcon_core.shell:Creating package script '/home/rutvij/rbe500_group_project-1/install/rrbot_description/share/rrbot_description/package.sh'
[1.097s] INFO:colcon.colcon_core.shell:Creating package script '/home/rutvij/rbe500_group_project-1/install/rrbot_description/share/rrbot_description/package.bash'
[1.098s] INFO:colcon.colcon_core.shell:Creating package script '/home/rutvij/rbe500_group_project-1/install/rrbot_description/share/rrbot_description/package.zsh'
[1.098s] Level 1:colcon.colcon_core.environment:create_file_with_runtime_dependencies(/home/rutvij/rbe500_group_project-1/install/rrbot_description/share/colcon-core/packages/rrbot_description)
[1.116s] Level 1:colcon.colcon_core.environment:create_environment_scripts_only(rrbot_description)
[1.122s] Level 1:colcon.colcon_core.environment:checking '/home/rutvij/rbe500_group_project-1/install/rrbot_description' for CMake module files
[1.123s] Level 1:colcon.colcon_core.environment:checking '/home/rutvij/rbe500_group_project-1/install/rrbot_description' for CMake config files
[1.123s] Level 1:colcon.colcon_core.shell:create_environment_hook('rrbot_description', 'cmake_prefix_path')
[1.128s] INFO:colcon.colcon_core.shell:Creating environment hook '/home/rutvij/rbe500_group_project-1/install/rrbot_description/share/rrbot_description/hook/cmake_prefix_path.ps1'
[1.129s] INFO:colcon.colcon_core.shell:Creating environment descriptor '/home/rutvij/rbe500_group_project-1/install/rrbot_description/share/rrbot_description/hook/cmake_prefix_path.dsv'
[1.129s] INFO:colcon.colcon_core.shell:Creating environment hook '/home/rutvij/rbe500_group_project-1/install/rrbot_description/share/rrbot_description/hook/cmake_prefix_path.sh'
[1.129s] Level 1:colcon.colcon_core.environment:checking '/home/rutvij/rbe500_group_project-1/install/rrbot_description/bin'
[1.129s] Level 1:colcon.colcon_core.environment:checking '/home/rutvij/rbe500_group_project-1/install/rrbot_description/lib/pkgconfig/rrbot_description.pc'
[1.129s] Level 1:colcon.colcon_core.environment:checking '/home/rutvij/rbe500_group_project-1/install/rrbot_description/lib/python3.10/site-packages'
[1.129s] Level 1:colcon.colcon_core.environment:checking '/home/rutvij/rbe500_group_project-1/install/rrbot_description/bin'
[1.135s] INFO:colcon.colcon_core.shell:Creating package script '/home/rutvij/rbe500_group_project-1/install/rrbot_description/share/rrbot_description/package.ps1'
[1.135s] INFO:colcon.colcon_core.shell:Creating package descriptor '/home/rutvij/rbe500_group_project-1/install/rrbot_description/share/rrbot_description/package.dsv'
[1.135s] INFO:colcon.colcon_core.shell:Creating package script '/home/rutvij/rbe500_group_project-1/install/rrbot_description/share/rrbot_description/package.sh'
[1.135s] INFO:colcon.colcon_core.shell:Creating package script '/home/rutvij/rbe500_group_project-1/install/rrbot_description/share/rrbot_description/package.bash'
[1.136s] INFO:colcon.colcon_core.shell:Creating package script '/home/rutvij/rbe500_group_project-1/install/rrbot_description/share/rrbot_description/package.zsh'
[1.136s] Level 1:colcon.colcon_core.environment:create_file_with_runtime_dependencies(/home/rutvij/rbe500_group_project-1/install/rrbot_description/share/colcon-core/packages/rrbot_description)
[1.136s] INFO:colcon.colcon_ros.task.ament_cmake.build:Building ROS package in '/home/rutvij/rbe500_group_project-1/rrbot_simulation_files/rrbot_gazebo' with build type 'ament_cmake'
[1.136s] INFO:colcon.colcon_cmake.task.cmake.build:Building CMake package in '/home/rutvij/rbe500_group_project-1/rrbot_simulation_files/rrbot_gazebo'
[1.149s] INFO:colcon.colcon_core.shell:Skip shell extension 'powershell' for command environment: Not usable outside of PowerShell
[1.150s] DEBUG:colcon.colcon_core.shell:Skip shell extension 'dsv' for command environment
[1.172s] DEBUG:colcon.colcon_core.event_handler.log_command:Invoking command in '/home/rutvij/rbe500_group_project-1/build/rrbot_gazebo': AMENT_PREFIX_PATH=/home/rutvij/rbe500_group_project-1/install/rrbot_description:${AMENT_PREFIX_PATH} CMAKE_PREFIX_PATH=/home/rutvij/rbe500_group_project-1/install/rrbot_description:/home/rutvij/ros2_ws/install/rrbot_gazebo:/home/rutvij/ros2_ws/install/rrbot_description:/home/rutvij/ros2_ws/install/my_robot_controller:/opt/ros/humble /usr/bin/cmake /home/rutvij/rbe500_group_project-1/rrbot_simulation_files/rrbot_gazebo -DAMENT_CMAKE_SYMLINK_INSTALL=1 -DCMAKE_INSTALL_PREFIX=/home/rutvij/rbe500_group_project-1/install/rrbot_gazebo
[2.257s] DEBUG:colcon.colcon_core.event_handler.log_command:Invoked command in '/home/rutvij/rbe500_group_project-1/build/rrbot_gazebo' returned '0': AMENT_PREFIX_PATH=/home/rutvij/rbe500_group_project-1/install/rrbot_description:${AMENT_PREFIX_PATH} CMAKE_PREFIX_PATH=/home/rutvij/rbe500_group_project-1/install/rrbot_description:/home/rutvij/ros2_ws/install/rrbot_gazebo:/home/rutvij/ros2_ws/install/rrbot_description:/home/rutvij/ros2_ws/install/my_robot_controller:/opt/ros/humble /usr/bin/cmake /home/rutvij/rbe500_group_project-1/rrbot_simulation_files/rrbot_gazebo -DAMENT_CMAKE_SYMLINK_INSTALL=1 -DCMAKE_INSTALL_PREFIX=/home/rutvij/rbe500_group_project-1/install/rrbot_gazebo
[2.258s] DEBUG:colcon.colcon_core.event_handler.log_command:Invoking command in '/home/rutvij/rbe500_group_project-1/build/rrbot_gazebo': AMENT_PREFIX_PATH=/home/rutvij/rbe500_group_project-1/install/rrbot_description:${AMENT_PREFIX_PATH} CMAKE_PREFIX_PATH=/home/rutvij/rbe500_group_project-1/install/rrbot_description:/home/rutvij/ros2_ws/install/rrbot_gazebo:/home/rutvij/ros2_ws/install/rrbot_description:/home/rutvij/ros2_ws/install/my_robot_controller:/opt/ros/humble /usr/bin/cmake --build /home/rutvij/rbe500_group_project-1/build/rrbot_gazebo -- -j12 -l12
[5.719s] DEBUG:colcon.colcon_core.event_handler.log_command:Invoked command in '/home/rutvij/rbe500_group_project-1/build/rrbot_gazebo' returned '0': AMENT_PREFIX_PATH=/home/rutvij/rbe500_group_project-1/install/rrbot_description:${AMENT_PREFIX_PATH} CMAKE_PREFIX_PATH=/home/rutvij/rbe500_group_project-1/install/rrbot_description:/home/rutvij/ros2_ws/install/rrbot_gazebo:/home/rutvij/ros2_ws/install/rrbot_description:/home/rutvij/ros2_ws/install/my_robot_controller:/opt/ros/humble /usr/bin/cmake --build /home/rutvij/rbe500_group_project-1/build/rrbot_gazebo -- -j12 -l12
[5.772s] DEBUG:colcon.colcon_core.event_handler.log_command:Invoking command in '/home/rutvij/rbe500_group_project-1/build/rrbot_gazebo': AMENT_PREFIX_PATH=/home/rutvij/rbe500_group_project-1/install/rrbot_description:${AMENT_PREFIX_PATH} CMAKE_PREFIX_PATH=/home/rutvij/rbe500_group_project-1/install/rrbot_description:/home/rutvij/ros2_ws/install/rrbot_gazebo:/home/rutvij/ros2_ws/install/rrbot_description:/home/rutvij/ros2_ws/install/my_robot_controller:/opt/ros/humble /usr/bin/cmake --install /home/rutvij/rbe500_group_project-1/build/rrbot_gazebo
[6.356s] Level 1:colcon.colcon_core.environment:create_environment_scripts_only(rrbot_gazebo)
[6.357s] DEBUG:colcon.colcon_core.event_handler.log_command:Invoked command in '/home/rutvij/rbe500_group_project-1/build/rrbot_gazebo' returned '0': AMENT_PREFIX_PATH=/home/rutvij/rbe500_group_project-1/install/rrbot_description:${AMENT_PREFIX_PATH} CMAKE_PREFIX_PATH=/home/rutvij/rbe500_group_project-1/install/rrbot_description:/home/rutvij/ros2_ws/install/rrbot_gazebo:/home/rutvij/ros2_ws/install/rrbot_description:/home/rutvij/ros2_ws/install/my_robot_controller:/opt/ros/humble /usr/bin/cmake --install /home/rutvij/rbe500_group_project-1/build/rrbot_gazebo
[6.363s] Level 1:colcon.colcon_core.environment:checking '/home/rutvij/rbe500_group_project-1/install/rrbot_gazebo' for CMake module files
[6.363s] Level 1:colcon.colcon_core.environment:checking '/home/rutvij/rbe500_group_project-1/install/rrbot_gazebo' for CMake config files
[6.363s] Level 1:colcon.colcon_core.shell:create_environment_hook('rrbot_gazebo', 'cmake_prefix_path')
[6.369s] INFO:colcon.colcon_core.shell:Creating environment hook '/home/rutvij/rbe500_group_project-1/install/rrbot_gazebo/share/rrbot_gazebo/hook/cmake_prefix_path.ps1'
[6.369s] INFO:colcon.colcon_core.shell:Creating environment descriptor '/home/rutvij/rbe500_group_project-1/install/rrbot_gazebo/share/rrbot_gazebo/hook/cmake_prefix_path.dsv'
[6.369s] INFO:colcon.colcon_core.shell:Creating environment hook '/home/rutvij/rbe500_group_project-1/install/rrbot_gazebo/share/rrbot_gazebo/hook/cmake_prefix_path.sh'
[6.369s] Level 1:colcon.colcon_core.environment:checking '/home/rutvij/rbe500_group_project-1/install/rrbot_gazebo/lib'
[6.370s] Level 1:colcon.colcon_core.shell:create_environment_hook('rrbot_gazebo', 'ld_library_path_lib')
[6.375s] INFO:colcon.colcon_core.shell:Creating environment hook '/home/rutvij/rbe500_group_project-1/install/rrbot_gazebo/share/rrbot_gazebo/hook/ld_library_path_lib.ps1'
[6.375s] INFO:colcon.colcon_core.shell:Creating environment descriptor '/home/rutvij/rbe500_group_project-1/install/rrbot_gazebo/share/rrbot_gazebo/hook/ld_library_path_lib.dsv'
[6.375s] INFO:colcon.colcon_core.shell:Creating environment hook '/home/rutvij/rbe500_group_project-1/install/rrbot_gazebo/share/rrbot_gazebo/hook/ld_library_path_lib.sh'
[6.376s] Level 1:colcon.colcon_core.environment:checking '/home/rutvij/rbe500_group_project-1/install/rrbot_gazebo/bin'
[6.376s] Level 1:colcon.colcon_core.environment:checking '/home/rutvij/rbe500_group_project-1/install/rrbot_gazebo/lib/pkgconfig/rrbot_gazebo.pc'
[6.376s] Level 1:colcon.colcon_core.environment:checking '/home/rutvij/rbe500_group_project-1/install/rrbot_gazebo/lib/python3.10/site-packages'
[6.376s] Level 1:colcon.colcon_core.environment:checking '/home/rutvij/rbe500_group_project-1/install/rrbot_gazebo/bin'
[6.382s] INFO:colcon.colcon_core.shell:Creating package script '/home/rutvij/rbe500_group_project-1/install/rrbot_gazebo/share/rrbot_gazebo/package.ps1'
[6.382s] INFO:colcon.colcon_core.shell:Creating package descriptor '/home/rutvij/rbe500_group_project-1/install/rrbot_gazebo/share/rrbot_gazebo/package.dsv'
[6.382s] INFO:colcon.colcon_core.shell:Creating package script '/home/rutvij/rbe500_group_project-1/install/rrbot_gazebo/share/rrbot_gazebo/package.sh'
[6.382s] INFO:colcon.colcon_core.shell:Creating package script '/home/rutvij/rbe500_group_project-1/install/rrbot_gazebo/share/rrbot_gazebo/package.bash'
[6.382s] INFO:colcon.colcon_core.shell:Creating package script '/home/rutvij/rbe500_group_project-1/install/rrbot_gazebo/share/rrbot_gazebo/package.zsh'
[6.383s] Level 1:colcon.colcon_core.environment:create_file_with_runtime_dependencies(/home/rutvij/rbe500_group_project-1/install/rrbot_gazebo/share/colcon-core/packages/rrbot_gazebo)
[6.439s] Level 1:colcon.colcon_core.environment:create_environment_scripts_only(rrbot_gazebo)
[6.445s] Level 1:colcon.colcon_core.environment:checking '/home/rutvij/rbe500_group_project-1/install/rrbot_gazebo' for CMake module files
[6.446s] Level 1:colcon.colcon_core.environment:checking '/home/rutvij/rbe500_group_project-1/install/rrbot_gazebo' for CMake config files
[6.446s] Level 1:colcon.colcon_core.shell:create_environment_hook('rrbot_gazebo', 'cmake_prefix_path')
[6.452s] INFO:colcon.colcon_core.shell:Creating environment hook '/home/rutvij/rbe500_group_project-1/install/rrbot_gazebo/share/rrbot_gazebo/hook/cmake_prefix_path.ps1'
[6.452s] INFO:colcon.colcon_core.shell:Creating environment descriptor '/home/rutvij/rbe500_group_project-1/install/rrbot_gazebo/share/rrbot_gazebo/hook/cmake_prefix_path.dsv'
[6.452s] INFO:colcon.colcon_core.shell:Creating environment hook '/home/rutvij/rbe500_group_project-1/install/rrbot_gazebo/share/rrbot_gazebo/hook/cmake_prefix_path.sh'
[6.452s] Level 1:colcon.colcon_core.environment:checking '/home/rutvij/rbe500_group_project-1/install/rrbot_gazebo/lib'
[6.452s] Level 1:colcon.colcon_core.shell:create_environment_hook('rrbot_gazebo', 'ld_library_path_lib')
[6.458s] INFO:colcon.colcon_core.shell:Creating environment hook '/home/rutvij/rbe500_group_project-1/install/rrbot_gazebo/share/rrbot_gazebo/hook/ld_library_path_lib.ps1'
[6.458s] INFO:colcon.colcon_core.shell:Creating environment descriptor '/home/rutvij/rbe500_group_project-1/install/rrbot_gazebo/share/rrbot_gazebo/hook/ld_library_path_lib.dsv'
[6.458s] INFO:colcon.colcon_core.shell:Creating environment hook '/home/rutvij/rbe500_group_project-1/install/rrbot_gazebo/share/rrbot_gazebo/hook/ld_library_path_lib.sh'
[6.458s] Level 1:colcon.colcon_core.environment:checking '/home/rutvij/rbe500_group_project-1/install/rrbot_gazebo/bin'
[6.458s] Level 1:colcon.colcon_core.environment:checking '/home/rutvij/rbe500_group_project-1/install/rrbot_gazebo/lib/pkgconfig/rrbot_gazebo.pc'
[6.459s] Level 1:colcon.colcon_core.environment:checking '/home/rutvij/rbe500_group_project-1/install/rrbot_gazebo/lib/python3.10/site-packages'
[6.459s] Level 1:colcon.colcon_core.environment:checking '/home/rutvij/rbe500_group_project-1/install/rrbot_gazebo/bin'
[6.464s] INFO:colcon.colcon_core.shell:Creating package script '/home/rutvij/rbe500_group_project-1/install/rrbot_gazebo/share/rrbot_gazebo/package.ps1'
[6.464s] INFO:colcon.colcon_core.shell:Creating package descriptor '/home/rutvij/rbe500_group_project-1/install/rrbot_gazebo/share/rrbot_gazebo/package.dsv'
[6.465s] INFO:colcon.colcon_core.shell:Creating package script '/home/rutvij/rbe500_group_project-1/install/rrbot_gazebo/share/rrbot_gazebo/package.sh'
[6.465s] INFO:colcon.colcon_core.shell:Creating package script '/home/rutvij/rbe500_group_project-1/install/rrbot_gazebo/share/rrbot_gazebo/package.bash'
[6.465s] INFO:colcon.colcon_core.shell:Creating package script '/home/rutvij/rbe500_group_project-1/install/rrbot_gazebo/share/rrbot_gazebo/package.zsh'
[6.465s] Level 1:colcon.colcon_core.environment:create_file_with_runtime_dependencies(/home/rutvij/rbe500_group_project-1/install/rrbot_gazebo/share/colcon-core/packages/rrbot_gazebo)
[6.465s] DEBUG:colcon.colcon_parallel_executor.executor.parallel:closing loop
[6.465s] DEBUG:colcon.colcon_parallel_executor.executor.parallel:loop closed
[6.465s] DEBUG:colcon.colcon_parallel_executor.executor.parallel:run_until_complete finished with '0'
[6.465s] DEBUG:colcon.colcon_core.event_reactor:joining thread
[6.478s] INFO:colcon.colcon_core.plugin_system:Skipping extension 'colcon_notification.desktop_notification.terminal_notifier': Not used on non-Darwin systems
[6.478s] INFO:colcon.colcon_core.plugin_system:Skipping extension 'colcon_notification.desktop_notification.win32': Not used on non-Windows systems
[6.478s] INFO:colcon.colcon_notification.desktop_notification:Sending desktop notification using 'notify2'
[6.492s] DEBUG:colcon.colcon_core.event_reactor:joined thread
[6.506s] INFO:colcon.colcon_core.shell:Creating prefix script '/home/rutvij/rbe500_group_project-1/install/local_setup.ps1'
[6.507s] INFO:colcon.colcon_core.shell:Creating prefix util module '/home/rutvij/rbe500_group_project-1/install/_local_setup_util_ps1.py'
[6.509s] INFO:colcon.colcon_core.shell:Creating prefix chain script '/home/rutvij/rbe500_group_project-1/install/setup.ps1'
[6.516s] INFO:colcon.colcon_core.shell:Creating prefix script '/home/rutvij/rbe500_group_project-1/install/local_setup.sh'
[6.517s] INFO:colcon.colcon_core.shell:Creating prefix util module '/home/rutvij/rbe500_group_project-1/install/_local_setup_util_sh.py'
[6.517s] INFO:colcon.colcon_core.shell:Creating prefix chain script '/home/rutvij/rbe500_group_project-1/install/setup.sh'
[6.524s] INFO:colcon.colcon_core.shell:Creating prefix script '/home/rutvij/rbe500_group_project-1/install/local_setup.bash'
[6.525s] INFO:colcon.colcon_core.shell:Creating prefix chain script '/home/rutvij/rbe500_group_project-1/install/setup.bash'
[6.531s] INFO:colcon.colcon_core.shell:Creating prefix script '/home/rutvij/rbe500_group_project-1/install/local_setup.zsh'
[6.532s] INFO:colcon.colcon_core.shell:Creating prefix chain script '/home/rutvij/rbe500_group_project-1/install/setup.zsh'
