[0.038s] Invoking command in '/home/rutvij/rbe500_group_project-1/build/rrbot_gazebo': CMAKE_PREFIX_PATH=/home/rutvij/rbe500_group_project-1/install/rrbot_description:/home/rutvij/rbe500_group_project-1/install/rrbot_gazebo:/home/rutvij/ros2_ws/install/rrbot_gazebo:/home/rutvij/ros2_ws/install/rrbot_description:/home/rutvij/ros2_ws/install/my_robot_controller:/opt/ros/humble /usr/bin/cmake --build /home/rutvij/rbe500_group_project-1/build/rrbot_gazebo -- -j12 -l12
[0.054s] -- Found ament_cmake: 1.3.6 (/opt/ros/humble/share/ament_cmake/cmake)
[0.142s] -- Override CMake install command with custom implementation using symlinks instead of copying resources
[0.147s] -- Found rclpy: 3.3.11 (/opt/ros/humble/share/rclpy/cmake)
[0.147s] -- Found rclcpp: 16.0.7 (/opt/ros/humble/share/rclcpp/cmake)
[0.165s] -- Found rosidl_generator_c: 3.1.5 (/opt/ros/humble/share/rosidl_generator_c/cmake)
[0.166s] -- Found rosidl_adapter: 3.1.5 (/opt/ros/humble/share/rosidl_adapter/cmake)
[0.170s] -- Found rosidl_generator_cpp: 3.1.5 (/opt/ros/humble/share/rosidl_generator_cpp/cmake)
[0.177s] -- Using all available rosidl_typesupport_c: rosidl_typesupport_fastrtps_c;rosidl_typesupport_introspection_c
[0.186s] -- Using all available rosidl_typesupport_cpp: rosidl_typesupport_fastrtps_cpp;rosidl_typesupport_introspection_cpp
[0.220s] -- Found rmw_implementation_cmake: 6.1.1 (/opt/ros/humble/share/rmw_implementation_cmake/cmake)
[0.221s] -- Found rmw_fastrtps_cpp: 6.2.5 (/opt/ros/humble/share/rmw_fastrtps_cpp/cmake)
[0.292s] -- Using RMW implementation 'rmw_fastrtps_cpp' as default
[0.390s] -- Found geometry_msgs: 4.2.3 (/opt/ros/humble/share/geometry_msgs/cmake)
[0.417s] -- Found controller_manager_msgs: 2.35.0 (/opt/ros/humble/share/controller_manager_msgs/cmake)
[0.453s] -- Found rosidl_default_generators: 1.2.0 (/opt/ros/humble/share/rosidl_default_generators/cmake)
[0.647s] -- Found ament_cmake_ros: 0.10.0 (/opt/ros/humble/share/ament_cmake_ros/cmake)
[0.901s] -- Using all available rosidl_typesupport_c: rosidl_typesupport_fastrtps_c;rosidl_typesupport_introspection_c
[1.001s] -- Using all available rosidl_typesupport_cpp: rosidl_typesupport_fastrtps_cpp;rosidl_typesupport_introspection_cpp
[1.016s] -- Found python_cmake_module: 0.10.0 (/opt/ros/humble/share/python_cmake_module/cmake)
[1.030s] -- Using PYTHON_EXECUTABLE: /usr/bin/python3
[1.030s] -- Using PYTHON_INCLUDE_DIRS: /usr/include/python3.10
[1.031s] -- Using PYTHON_LIBRARIES: /usr/lib/x86_64-linux-gnu/libpython3.10.so
[1.056s] -- Configuring done
[1.080s] -- Generating done
[1.082s] -- Build files have been written to: /home/rutvij/rbe500_group_project-1/build/rrbot_gazebo
[1.100s] [35m[1mConsolidate compiler generated dependencies of target publisher[0m
[1.100s] [35m[1mConsolidate compiler generated dependencies of target switch[0m
[1.102s] [35m[1mConsolidate compiler generated dependencies of target rrbot_gazebo__rosidl_generator_c[0m
[1.110s] [  1%] Built target rrbot_gazebo__cpp
[1.110s] [  5%] Built target publisher
[1.110s] [  8%] Built target switch
[1.112s] [ 18%] Built target rrbot_gazebo__rosidl_generator_c
[1.115s] [ 18%] Built target ament_cmake_python_symlink_rrbot_gazebo
[1.117s] [35m[1mConsolidate compiler generated dependencies of target rrbot_gazebo__rosidl_typesupport_fastrtps_cpp[0m
[1.119s] [35m[1mConsolidate compiler generated dependencies of target rrbot_gazebo__rosidl_typesupport_cpp[0m
[1.119s] [35m[1mConsolidate compiler generated dependencies of target rrbot_gazebo__rosidl_typesupport_introspection_cpp[0m
[1.121s] [35m[1mConsolidate compiler generated dependencies of target rrbot_gazebo__rosidl_typesupport_c[0m
[1.121s] [35m[1mConsolidate compiler generated dependencies of target rrbot_gazebo__rosidl_typesupport_introspection_c[0m
[1.121s] [35m[1mConsolidate compiler generated dependencies of target rrbot_gazebo__rosidl_typesupport_fastrtps_c[0m
[1.127s] [ 28%] Built target rrbot_gazebo__rosidl_typesupport_fastrtps_cpp
[1.129s] [ 38%] Built target rrbot_gazebo__rosidl_typesupport_cpp
[1.131s] [ 54%] Built target rrbot_gazebo__rosidl_typesupport_c
[1.131s] [ 69%] Built target rrbot_gazebo__rosidl_typesupport_introspection_cpp
[1.131s] [ 69%] Built target rrbot_gazebo__rosidl_typesupport_introspection_c
[1.133s] [ 79%] Built target rrbot_gazebo__rosidl_typesupport_fastrtps_c
[1.146s] [ 79%] Built target rrbot_gazebo
[1.160s] [ 81%] Built target rrbot_gazebo__py
[1.167s] [35m[1mConsolidate compiler generated dependencies of target rrbot_gazebo__rosidl_generator_py[0m
[1.176s] [ 89%] Built target rrbot_gazebo__rosidl_generator_py
[1.183s] [35m[1mConsolidate compiler generated dependencies of target rrbot_gazebo__rosidl_typesupport_fastrtps_c__pyext[0m
[1.185s] [35m[1mConsolidate compiler generated dependencies of target rrbot_gazebo__rosidl_typesupport_introspection_c__pyext[0m
[1.185s] [35m[1mConsolidate compiler generated dependencies of target rrbot_gazebo__rosidl_typesupport_c__pyext[0m
[1.191s] [ 93%] Built target rrbot_gazebo__rosidl_typesupport_fastrtps_c__pyext
[1.195s] [ 96%] Built target rrbot_gazebo__rosidl_typesupport_introspection_c__pyext
[1.195s] [100%] Built target rrbot_gazebo__rosidl_typesupport_c__pyext
[1.269s] running egg_info
[1.269s] writing rrbot_gazebo.egg-info/PKG-INFO
[1.269s] writing dependency_links to rrbot_gazebo.egg-info/dependency_links.txt
[1.270s] writing top-level names to rrbot_gazebo.egg-info/top_level.txt
[1.271s] reading manifest file 'rrbot_gazebo.egg-info/SOURCES.txt'
[1.271s] writing manifest file 'rrbot_gazebo.egg-info/SOURCES.txt'
[1.288s] [100%] Built target ament_cmake_python_build_rrbot_gazebo_egg
[1.296s] Invoked command in '/home/rutvij/rbe500_group_project-1/build/rrbot_gazebo' returned '0': CMAKE_PREFIX_PATH=/home/rutvij/rbe500_group_project-1/install/rrbot_description:/home/rutvij/rbe500_group_project-1/install/rrbot_gazebo:/home/rutvij/ros2_ws/install/rrbot_gazebo:/home/rutvij/ros2_ws/install/rrbot_description:/home/rutvij/ros2_ws/install/my_robot_controller:/opt/ros/humble /usr/bin/cmake --build /home/rutvij/rbe500_group_project-1/build/rrbot_gazebo -- -j12 -l12
[1.353s] Invoking command in '/home/rutvij/rbe500_group_project-1/build/rrbot_gazebo': CMAKE_PREFIX_PATH=/home/rutvij/rbe500_group_project-1/install/rrbot_description:/home/rutvij/rbe500_group_project-1/install/rrbot_gazebo:/home/rutvij/ros2_ws/install/rrbot_gazebo:/home/rutvij/ros2_ws/install/rrbot_description:/home/rutvij/ros2_ws/install/my_robot_controller:/opt/ros/humble /usr/bin/cmake --install /home/rutvij/rbe500_group_project-1/build/rrbot_gazebo
[1.358s] -- Install configuration: ""
[1.359s] -- Execute custom install script
[1.359s] -- Up-to-date symlink: /home/rutvij/rbe500_group_project-1/install/rrbot_gazebo/lib/rrbot_gazebo/publisher
[1.359s] -- Up-to-date symlink: /home/rutvij/rbe500_group_project-1/install/rrbot_gazebo/lib/rrbot_gazebo/switch
[1.359s] -- Up-to-date symlink: /home/rutvij/rbe500_group_project-1/install/rrbot_gazebo/share/rrbot_gazebo/launch/rrbot_world.launch.py
[1.359s] -- Up-to-date symlink: /home/rutvij/rbe500_group_project-1/install/rrbot_gazebo/share/rrbot_gazebo/worlds/rrbot.world
[1.359s] -- Up-to-date symlink: /home/rutvij/rbe500_group_project-1/install/rrbot_gazebo/share/rrbot_gazebo/config/controllers.yaml
[1.360s] -- Up-to-date symlink: /home/rutvij/rbe500_group_project-1/install/rrbot_gazebo/share/rrbot_gazebo/config/gazebo_controllers.yaml
[1.360s] -- Up-to-date symlink: /home/rutvij/rbe500_group_project-1/install/rrbot_gazebo/lib/rrbot_gazebo/forward_kinematics_node.py
[1.360s] -- Up-to-date symlink: /home/rutvij/rbe500_group_project-1/install/rrbot_gazebo/lib/rrbot_gazebo/inverse_kinematics_node.py
[1.360s] -- Up-to-date symlink: /home/rutvij/rbe500_group_project-1/install/rrbot_gazebo/lib/rrbot_gazebo/joint_effort_control_node.py
[1.360s] -- Symlinking: /home/rutvij/rbe500_group_project-1/install/rrbot_gazebo/lib/rrbot_gazebo/joint_velocity_control_node.py
[1.366s] -- Up-to-date symlink: /home/rutvij/rbe500_group_project-1/install/rrbot_gazebo/share/ament_index/resource_index/rosidl_interfaces/rrbot_gazebo
[1.366s] -- Up-to-date symlink: /home/rutvij/rbe500_group_project-1/install/rrbot_gazebo/include/rrbot_gazebo/rrbot_gazebo/msg/rosidl_generator_c__visibility_control.h
[1.366s] -- Up-to-date symlink: /home/rutvij/rbe500_group_project-1/install/rrbot_gazebo/include/rrbot_gazebo/rrbot_gazebo/srv/cartesian_velocity_input.h
[1.366s] -- Up-to-date symlink: /home/rutvij/rbe500_group_project-1/install/rrbot_gazebo/include/rrbot_gazebo/rrbot_gazebo/srv/control_input.h
[1.366s] -- Up-to-date symlink: /home/rutvij/rbe500_group_project-1/install/rrbot_gazebo/include/rrbot_gazebo/rrbot_gazebo/srv/detail/cartesian_velocity_input__functions.h
[1.367s] -- Up-to-date symlink: /home/rutvij/rbe500_group_project-1/install/rrbot_gazebo/include/rrbot_gazebo/rrbot_gazebo/srv/detail/cartesian_velocity_input__struct.h
[1.367s] -- Up-to-date symlink: /home/rutvij/rbe500_group_project-1/install/rrbot_gazebo/include/rrbot_gazebo/rrbot_gazebo/srv/detail/cartesian_velocity_input__type_support.h
[1.367s] -- Up-to-date symlink: /home/rutvij/rbe500_group_project-1/install/rrbot_gazebo/include/rrbot_gazebo/rrbot_gazebo/srv/detail/control_input__functions.h
[1.367s] -- Up-to-date symlink: /home/rutvij/rbe500_group_project-1/install/rrbot_gazebo/include/rrbot_gazebo/rrbot_gazebo/srv/detail/control_input__struct.h
[1.367s] -- Up-to-date symlink: /home/rutvij/rbe500_group_project-1/install/rrbot_gazebo/include/rrbot_gazebo/rrbot_gazebo/srv/detail/control_input__type_support.h
[1.367s] -- Up-to-date symlink: /home/rutvij/rbe500_group_project-1/install/rrbot_gazebo/include/rrbot_gazebo/rrbot_gazebo/srv/detail/ik_service__functions.h
[1.367s] -- Up-to-date symlink: /home/rutvij/rbe500_group_project-1/install/rrbot_gazebo/include/rrbot_gazebo/rrbot_gazebo/srv/detail/ik_service__struct.h
[1.367s] -- Up-to-date symlink: /home/rutvij/rbe500_group_project-1/install/rrbot_gazebo/include/rrbot_gazebo/rrbot_gazebo/srv/detail/ik_service__type_support.h
[1.367s] -- Up-to-date symlink: /home/rutvij/rbe500_group_project-1/install/rrbot_gazebo/include/rrbot_gazebo/rrbot_gazebo/srv/detail/joint_velocity_input__functions.h
[1.367s] -- Up-to-date symlink: /home/rutvij/rbe500_group_project-1/install/rrbot_gazebo/include/rrbot_gazebo/rrbot_gazebo/srv/detail/joint_velocity_input__struct.h
[1.367s] -- Up-to-date symlink: /home/rutvij/rbe500_group_project-1/install/rrbot_gazebo/include/rrbot_gazebo/rrbot_gazebo/srv/detail/joint_velocity_input__type_support.h
[1.367s] -- Up-to-date symlink: /home/rutvij/rbe500_group_project-1/install/rrbot_gazebo/include/rrbot_gazebo/rrbot_gazebo/srv/ik_service.h
[1.368s] -- Up-to-date symlink: /home/rutvij/rbe500_group_project-1/install/rrbot_gazebo/include/rrbot_gazebo/rrbot_gazebo/srv/joint_velocity_input.h
[1.368s] -- Up-to-date symlink: /home/rutvij/rbe500_group_project-1/install/rrbot_gazebo/share/rrbot_gazebo/environment/library_path.sh
[1.368s] -- Up-to-date symlink: /home/rutvij/rbe500_group_project-1/install/rrbot_gazebo/share/rrbot_gazebo/environment/library_path.dsv
[1.368s] -- Up-to-date symlink: /home/rutvij/rbe500_group_project-1/install/rrbot_gazebo/include/rrbot_gazebo/rrbot_gazebo/msg/rosidl_typesupport_fastrtps_c__visibility_control.h
[1.368s] -- Up-to-date symlink: /home/rutvij/rbe500_group_project-1/install/rrbot_gazebo/include/rrbot_gazebo/rrbot_gazebo/srv/detail/cartesian_velocity_input__rosidl_typesupport_fastrtps_c.h
[1.368s] -- Up-to-date symlink: /home/rutvij/rbe500_group_project-1/install/rrbot_gazebo/include/rrbot_gazebo/rrbot_gazebo/srv/detail/control_input__rosidl_typesupport_fastrtps_c.h
[1.368s] -- Up-to-date symlink: /home/rutvij/rbe500_group_project-1/install/rrbot_gazebo/include/rrbot_gazebo/rrbot_gazebo/srv/detail/ik_service__rosidl_typesupport_fastrtps_c.h
[1.368s] -- Up-to-date symlink: /home/rutvij/rbe500_group_project-1/install/rrbot_gazebo/include/rrbot_gazebo/rrbot_gazebo/srv/detail/joint_velocity_input__rosidl_typesupport_fastrtps_c.h
[1.369s] -- Up-to-date symlink: /home/rutvij/rbe500_group_project-1/install/rrbot_gazebo/include/rrbot_gazebo/rrbot_gazebo/srv/cartesian_velocity_input.hpp
[1.369s] -- Up-to-date symlink: /home/rutvij/rbe500_group_project-1/install/rrbot_gazebo/include/rrbot_gazebo/rrbot_gazebo/srv/control_input.hpp
[1.369s] -- Up-to-date symlink: /home/rutvij/rbe500_group_project-1/install/rrbot_gazebo/include/rrbot_gazebo/rrbot_gazebo/srv/detail/cartesian_velocity_input__builder.hpp
[1.369s] -- Up-to-date symlink: /home/rutvij/rbe500_group_project-1/install/rrbot_gazebo/include/rrbot_gazebo/rrbot_gazebo/srv/detail/cartesian_velocity_input__struct.hpp
[1.369s] -- Up-to-date symlink: /home/rutvij/rbe500_group_project-1/install/rrbot_gazebo/include/rrbot_gazebo/rrbot_gazebo/srv/detail/cartesian_velocity_input__traits.hpp
[1.369s] -- Up-to-date symlink: /home/rutvij/rbe500_group_project-1/install/rrbot_gazebo/include/rrbot_gazebo/rrbot_gazebo/srv/detail/control_input__builder.hpp
[1.369s] -- Up-to-date symlink: /home/rutvij/rbe500_group_project-1/install/rrbot_gazebo/include/rrbot_gazebo/rrbot_gazebo/srv/detail/control_input__struct.hpp
[1.369s] -- Up-to-date symlink: /home/rutvij/rbe500_group_project-1/install/rrbot_gazebo/include/rrbot_gazebo/rrbot_gazebo/srv/detail/control_input__traits.hpp
[1.369s] -- Up-to-date symlink: /home/rutvij/rbe500_group_project-1/install/rrbot_gazebo/include/rrbot_gazebo/rrbot_gazebo/srv/detail/ik_service__builder.hpp
[1.369s] -- Up-to-date symlink: /home/rutvij/rbe500_group_project-1/install/rrbot_gazebo/include/rrbot_gazebo/rrbot_gazebo/srv/detail/ik_service__struct.hpp
[1.369s] -- Up-to-date symlink: /home/rutvij/rbe500_group_project-1/install/rrbot_gazebo/include/rrbot_gazebo/rrbot_gazebo/srv/detail/ik_service__traits.hpp
[1.369s] -- Up-to-date symlink: /home/rutvij/rbe500_group_project-1/install/rrbot_gazebo/include/rrbot_gazebo/rrbot_gazebo/srv/detail/joint_velocity_input__builder.hpp
[1.370s] -- Up-to-date symlink: /home/rutvij/rbe500_group_project-1/install/rrbot_gazebo/include/rrbot_gazebo/rrbot_gazebo/srv/detail/joint_velocity_input__struct.hpp
[1.370s] -- Up-to-date symlink: /home/rutvij/rbe500_group_project-1/install/rrbot_gazebo/include/rrbot_gazebo/rrbot_gazebo/srv/detail/joint_velocity_input__traits.hpp
[1.370s] -- Up-to-date symlink: /home/rutvij/rbe500_group_project-1/install/rrbot_gazebo/include/rrbot_gazebo/rrbot_gazebo/srv/ik_service.hpp
[1.370s] -- Up-to-date symlink: /home/rutvij/rbe500_group_project-1/install/rrbot_gazebo/include/rrbot_gazebo/rrbot_gazebo/srv/joint_velocity_input.hpp
[1.370s] -- Up-to-date symlink: /home/rutvij/rbe500_group_project-1/install/rrbot_gazebo/include/rrbot_gazebo/rrbot_gazebo/msg/rosidl_typesupport_fastrtps_cpp__visibility_control.h
[1.370s] -- Up-to-date symlink: /home/rutvij/rbe500_group_project-1/install/rrbot_gazebo/include/rrbot_gazebo/rrbot_gazebo/srv/detail/cartesian_velocity_input__rosidl_typesupport_fastrtps_cpp.hpp
[1.370s] -- Up-to-date symlink: /home/rutvij/rbe500_group_project-1/install/rrbot_gazebo/include/rrbot_gazebo/rrbot_gazebo/srv/detail/control_input__rosidl_typesupport_fastrtps_cpp.hpp
[1.370s] -- Up-to-date symlink: /home/rutvij/rbe500_group_project-1/install/rrbot_gazebo/include/rrbot_gazebo/rrbot_gazebo/srv/detail/ik_service__rosidl_typesupport_fastrtps_cpp.hpp
[1.370s] -- Up-to-date symlink: /home/rutvij/rbe500_group_project-1/install/rrbot_gazebo/include/rrbot_gazebo/rrbot_gazebo/srv/detail/joint_velocity_input__rosidl_typesupport_fastrtps_cpp.hpp
[1.371s] -- Up-to-date symlink: /home/rutvij/rbe500_group_project-1/install/rrbot_gazebo/include/rrbot_gazebo/rrbot_gazebo/msg/rosidl_typesupport_introspection_c__visibility_control.h
[1.371s] -- Up-to-date symlink: /home/rutvij/rbe500_group_project-1/install/rrbot_gazebo/include/rrbot_gazebo/rrbot_gazebo/srv/detail/cartesian_velocity_input__rosidl_typesupport_introspection_c.h
[1.371s] -- Up-to-date symlink: /home/rutvij/rbe500_group_project-1/install/rrbot_gazebo/include/rrbot_gazebo/rrbot_gazebo/srv/detail/control_input__rosidl_typesupport_introspection_c.h
[1.371s] -- Up-to-date symlink: /home/rutvij/rbe500_group_project-1/install/rrbot_gazebo/include/rrbot_gazebo/rrbot_gazebo/srv/detail/ik_service__rosidl_typesupport_introspection_c.h
[1.371s] -- Up-to-date symlink: /home/rutvij/rbe500_group_project-1/install/rrbot_gazebo/include/rrbot_gazebo/rrbot_gazebo/srv/detail/joint_velocity_input__rosidl_typesupport_introspection_c.h
[1.371s] -- Up-to-date symlink: /home/rutvij/rbe500_group_project-1/install/rrbot_gazebo/include/rrbot_gazebo/rrbot_gazebo/srv/detail/cartesian_velocity_input__rosidl_typesupport_introspection_cpp.hpp
[1.371s] -- Up-to-date symlink: /home/rutvij/rbe500_group_project-1/install/rrbot_gazebo/include/rrbot_gazebo/rrbot_gazebo/srv/detail/control_input__rosidl_typesupport_introspection_cpp.hpp
[1.371s] -- Up-to-date symlink: /home/rutvij/rbe500_group_project-1/install/rrbot_gazebo/include/rrbot_gazebo/rrbot_gazebo/srv/detail/ik_service__rosidl_typesupport_introspection_cpp.hpp
[1.371s] -- Up-to-date symlink: /home/rutvij/rbe500_group_project-1/install/rrbot_gazebo/include/rrbot_gazebo/rrbot_gazebo/srv/detail/joint_velocity_input__rosidl_typesupport_introspection_cpp.hpp
[1.372s] -- Up-to-date symlink: /home/rutvij/rbe500_group_project-1/install/rrbot_gazebo/share/rrbot_gazebo/environment/pythonpath.sh
[1.372s] -- Up-to-date symlink: /home/rutvij/rbe500_group_project-1/install/rrbot_gazebo/share/rrbot_gazebo/environment/pythonpath.dsv
[1.372s] -- Up-to-date symlink: /home/rutvij/rbe500_group_project-1/install/rrbot_gazebo/local/lib/python3.10/dist-packages/rrbot_gazebo-0.2.0-py3.10.egg-info/PKG-INFO
[1.372s] -- Up-to-date symlink: /home/rutvij/rbe500_group_project-1/install/rrbot_gazebo/local/lib/python3.10/dist-packages/rrbot_gazebo-0.2.0-py3.10.egg-info/SOURCES.txt
[1.372s] -- Up-to-date symlink: /home/rutvij/rbe500_group_project-1/install/rrbot_gazebo/local/lib/python3.10/dist-packages/rrbot_gazebo-0.2.0-py3.10.egg-info/dependency_links.txt
[1.372s] -- Up-to-date symlink: /home/rutvij/rbe500_group_project-1/install/rrbot_gazebo/local/lib/python3.10/dist-packages/rrbot_gazebo-0.2.0-py3.10.egg-info/top_level.txt
[1.373s] -- Up-to-date symlink: /home/rutvij/rbe500_group_project-1/install/rrbot_gazebo/local/lib/python3.10/dist-packages/rrbot_gazebo/__init__.py
[1.373s] -- Up-to-date symlink: /home/rutvij/rbe500_group_project-1/install/rrbot_gazebo/local/lib/python3.10/dist-packages/rrbot_gazebo/_rrbot_gazebo_s.ep.rosidl_typesupport_c.c
[1.373s] -- Up-to-date symlink: /home/rutvij/rbe500_group_project-1/install/rrbot_gazebo/local/lib/python3.10/dist-packages/rrbot_gazebo/_rrbot_gazebo_s.ep.rosidl_typesupport_fastrtps_c.c
[1.373s] -- Up-to-date symlink: /home/rutvij/rbe500_group_project-1/install/rrbot_gazebo/local/lib/python3.10/dist-packages/rrbot_gazebo/_rrbot_gazebo_s.ep.rosidl_typesupport_introspection_c.c
[1.373s] -- Up-to-date symlink: /home/rutvij/rbe500_group_project-1/install/rrbot_gazebo/local/lib/python3.10/dist-packages/rrbot_gazebo/librrbot_gazebo__rosidl_generator_py.so
[1.373s] -- Up-to-date symlink: /home/rutvij/rbe500_group_project-1/install/rrbot_gazebo/local/lib/python3.10/dist-packages/rrbot_gazebo/rrbot_gazebo_s__rosidl_typesupport_c.cpython-310-x86_64-linux-gnu.so
[1.373s] -- Up-to-date symlink: /home/rutvij/rbe500_group_project-1/install/rrbot_gazebo/local/lib/python3.10/dist-packages/rrbot_gazebo/rrbot_gazebo_s__rosidl_typesupport_fastrtps_c.cpython-310-x86_64-linux-gnu.so
[1.373s] -- Up-to-date symlink: /home/rutvij/rbe500_group_project-1/install/rrbot_gazebo/local/lib/python3.10/dist-packages/rrbot_gazebo/rrbot_gazebo_s__rosidl_typesupport_introspection_c.cpython-310-x86_64-linux-gnu.so
[1.373s] -- Up-to-date symlink: /home/rutvij/rbe500_group_project-1/install/rrbot_gazebo/local/lib/python3.10/dist-packages/rrbot_gazebo/srv/__init__.py
[1.373s] -- Up-to-date symlink: /home/rutvij/rbe500_group_project-1/install/rrbot_gazebo/local/lib/python3.10/dist-packages/rrbot_gazebo/srv/_cartesian_velocity_input.py
[1.373s] -- Up-to-date symlink: /home/rutvij/rbe500_group_project-1/install/rrbot_gazebo/local/lib/python3.10/dist-packages/rrbot_gazebo/srv/_cartesian_velocity_input_s.c
[1.373s] -- Up-to-date symlink: /home/rutvij/rbe500_group_project-1/install/rrbot_gazebo/local/lib/python3.10/dist-packages/rrbot_gazebo/srv/_control_input.py
[1.373s] -- Up-to-date symlink: /home/rutvij/rbe500_group_project-1/install/rrbot_gazebo/local/lib/python3.10/dist-packages/rrbot_gazebo/srv/_control_input_s.c
[1.374s] -- Up-to-date symlink: /home/rutvij/rbe500_group_project-1/install/rrbot_gazebo/local/lib/python3.10/dist-packages/rrbot_gazebo/srv/_ik_service.py
[1.374s] -- Up-to-date symlink: /home/rutvij/rbe500_group_project-1/install/rrbot_gazebo/local/lib/python3.10/dist-packages/rrbot_gazebo/srv/_ik_service_s.c
[1.374s] -- Up-to-date symlink: /home/rutvij/rbe500_group_project-1/install/rrbot_gazebo/local/lib/python3.10/dist-packages/rrbot_gazebo/srv/_joint_velocity_input.py
[1.374s] -- Up-to-date symlink: /home/rutvij/rbe500_group_project-1/install/rrbot_gazebo/local/lib/python3.10/dist-packages/rrbot_gazebo/srv/_joint_velocity_input_s.c
[1.374s] -- Up-to-date symlink: /home/rutvij/rbe500_group_project-1/install/rrbot_gazebo/local/lib/python3.10/dist-packages/rrbot_gazebo/rrbot_gazebo_s__rosidl_typesupport_fastrtps_c.cpython-310-x86_64-linux-gnu.so
[1.374s] -- Up-to-date symlink: /home/rutvij/rbe500_group_project-1/install/rrbot_gazebo/local/lib/python3.10/dist-packages/rrbot_gazebo/rrbot_gazebo_s__rosidl_typesupport_introspection_c.cpython-310-x86_64-linux-gnu.so
[1.374s] -- Up-to-date symlink: /home/rutvij/rbe500_group_project-1/install/rrbot_gazebo/local/lib/python3.10/dist-packages/rrbot_gazebo/rrbot_gazebo_s__rosidl_typesupport_c.cpython-310-x86_64-linux-gnu.so
[1.374s] -- Up-to-date symlink: /home/rutvij/rbe500_group_project-1/install/rrbot_gazebo/share/rrbot_gazebo/srv/IKService.idl
[1.375s] -- Up-to-date symlink: /home/rutvij/rbe500_group_project-1/install/rrbot_gazebo/share/rrbot_gazebo/srv/ControlInput.idl
[1.375s] -- Up-to-date symlink: /home/rutvij/rbe500_group_project-1/install/rrbot_gazebo/share/rrbot_gazebo/srv/CartesianVelocityInput.idl
[1.375s] -- Up-to-date symlink: /home/rutvij/rbe500_group_project-1/install/rrbot_gazebo/share/rrbot_gazebo/srv/JointVelocityInput.idl
[1.375s] -- Up-to-date symlink: /home/rutvij/rbe500_group_project-1/install/rrbot_gazebo/share/rrbot_gazebo/srv/IKService.srv
[1.375s] -- Up-to-date symlink: /home/rutvij/rbe500_group_project-1/install/rrbot_gazebo/share/rrbot_gazebo/srv/IKService_Request.msg
[1.375s] -- Up-to-date symlink: /home/rutvij/rbe500_group_project-1/install/rrbot_gazebo/share/rrbot_gazebo/srv/IKService_Response.msg
[1.375s] -- Up-to-date symlink: /home/rutvij/rbe500_group_project-1/install/rrbot_gazebo/share/rrbot_gazebo/srv/ControlInput.srv
[1.375s] -- Up-to-date symlink: /home/rutvij/rbe500_group_project-1/install/rrbot_gazebo/share/rrbot_gazebo/srv/ControlInput_Request.msg
[1.375s] -- Up-to-date symlink: /home/rutvij/rbe500_group_project-1/install/rrbot_gazebo/share/rrbot_gazebo/srv/ControlInput_Response.msg
[1.376s] -- Up-to-date symlink: /home/rutvij/rbe500_group_project-1/install/rrbot_gazebo/share/rrbot_gazebo/srv/CartesianVelocityInput.srv
[1.376s] -- Up-to-date symlink: /home/rutvij/rbe500_group_project-1/install/rrbot_gazebo/share/rrbot_gazebo/srv/CartesianVelocityInput_Request.msg
[1.376s] -- Up-to-date symlink: /home/rutvij/rbe500_group_project-1/install/rrbot_gazebo/share/rrbot_gazebo/srv/CartesianVelocityInput_Response.msg
[1.376s] -- Up-to-date symlink: /home/rutvij/rbe500_group_project-1/install/rrbot_gazebo/share/rrbot_gazebo/srv/JointVelocityInput.srv
[1.376s] -- Up-to-date symlink: /home/rutvij/rbe500_group_project-1/install/rrbot_gazebo/share/rrbot_gazebo/srv/JointVelocityInput_Request.msg
[1.376s] -- Up-to-date symlink: /home/rutvij/rbe500_group_project-1/install/rrbot_gazebo/share/rrbot_gazebo/srv/JointVelocityInput_Response.msg
[1.376s] -- Up-to-date symlink: /home/rutvij/rbe500_group_project-1/install/rrbot_gazebo/share/ament_index/resource_index/package_run_dependencies/rrbot_gazebo
[1.376s] -- Up-to-date symlink: /home/rutvij/rbe500_group_project-1/install/rrbot_gazebo/share/ament_index/resource_index/parent_prefix_path/rrbot_gazebo
[1.377s] -- Up-to-date symlink: /home/rutvij/rbe500_group_project-1/install/rrbot_gazebo/share/rrbot_gazebo/environment/ament_prefix_path.sh
[1.377s] -- Up-to-date symlink: /home/rutvij/rbe500_group_project-1/install/rrbot_gazebo/share/rrbot_gazebo/environment/ament_prefix_path.dsv
[1.377s] -- Up-to-date symlink: /home/rutvij/rbe500_group_project-1/install/rrbot_gazebo/share/rrbot_gazebo/environment/path.sh
[1.377s] -- Up-to-date symlink: /home/rutvij/rbe500_group_project-1/install/rrbot_gazebo/share/rrbot_gazebo/environment/path.dsv
[1.377s] -- Up-to-date symlink: /home/rutvij/rbe500_group_project-1/install/rrbot_gazebo/share/rrbot_gazebo/local_setup.bash
[1.377s] -- Up-to-date symlink: /home/rutvij/rbe500_group_project-1/install/rrbot_gazebo/share/rrbot_gazebo/local_setup.sh
[1.377s] -- Up-to-date symlink: /home/rutvij/rbe500_group_project-1/install/rrbot_gazebo/share/rrbot_gazebo/local_setup.zsh
[1.377s] -- Up-to-date symlink: /home/rutvij/rbe500_group_project-1/install/rrbot_gazebo/share/rrbot_gazebo/local_setup.dsv
[1.377s] -- Symlinking: /home/rutvij/rbe500_group_project-1/install/rrbot_gazebo/share/rrbot_gazebo/package.dsv
[1.383s] -- Up-to-date symlink: /home/rutvij/rbe500_group_project-1/install/rrbot_gazebo/share/ament_index/resource_index/packages/rrbot_gazebo
[1.383s] -- Up-to-date symlink: /home/rutvij/rbe500_group_project-1/install/rrbot_gazebo/share/rrbot_gazebo/cmake/rosidl_cmake-extras.cmake
[1.383s] -- Up-to-date symlink: /home/rutvij/rbe500_group_project-1/install/rrbot_gazebo/share/rrbot_gazebo/cmake/ament_cmake_export_dependencies-extras.cmake
[1.384s] -- Up-to-date symlink: /home/rutvij/rbe500_group_project-1/install/rrbot_gazebo/share/rrbot_gazebo/cmake/ament_cmake_export_include_directories-extras.cmake
[1.384s] -- Up-to-date symlink: /home/rutvij/rbe500_group_project-1/install/rrbot_gazebo/share/rrbot_gazebo/cmake/ament_cmake_export_libraries-extras.cmake
[1.384s] -- Up-to-date symlink: /home/rutvij/rbe500_group_project-1/install/rrbot_gazebo/share/rrbot_gazebo/cmake/ament_cmake_export_targets-extras.cmake
[1.384s] -- Up-to-date symlink: /home/rutvij/rbe500_group_project-1/install/rrbot_gazebo/share/rrbot_gazebo/cmake/rosidl_cmake_export_typesupport_targets-extras.cmake
[1.384s] -- Up-to-date symlink: /home/rutvij/rbe500_group_project-1/install/rrbot_gazebo/share/rrbot_gazebo/cmake/rosidl_cmake_export_typesupport_libraries-extras.cmake
[1.384s] -- Up-to-date symlink: /home/rutvij/rbe500_group_project-1/install/rrbot_gazebo/share/rrbot_gazebo/cmake/rrbot_gazeboConfig.cmake
[1.384s] -- Up-to-date symlink: /home/rutvij/rbe500_group_project-1/install/rrbot_gazebo/share/rrbot_gazebo/cmake/rrbot_gazeboConfig-version.cmake
[1.384s] -- Up-to-date symlink: /home/rutvij/rbe500_group_project-1/install/rrbot_gazebo/share/rrbot_gazebo/package.xml
[1.384s] -- Up-to-date: /home/rutvij/rbe500_group_project-1/install/rrbot_gazebo/lib/librrbot_gazebo__rosidl_generator_c.so
[1.385s] -- Up-to-date: /home/rutvij/rbe500_group_project-1/install/rrbot_gazebo/lib/librrbot_gazebo__rosidl_typesupport_fastrtps_c.so
[1.385s] -- Up-to-date: /home/rutvij/rbe500_group_project-1/install/rrbot_gazebo/lib/librrbot_gazebo__rosidl_typesupport_fastrtps_cpp.so
[1.385s] -- Up-to-date: /home/rutvij/rbe500_group_project-1/install/rrbot_gazebo/lib/librrbot_gazebo__rosidl_typesupport_introspection_c.so
[1.385s] -- Up-to-date: /home/rutvij/rbe500_group_project-1/install/rrbot_gazebo/lib/librrbot_gazebo__rosidl_typesupport_c.so
[1.385s] -- Up-to-date: /home/rutvij/rbe500_group_project-1/install/rrbot_gazebo/lib/librrbot_gazebo__rosidl_typesupport_introspection_cpp.so
[1.385s] -- Up-to-date: /home/rutvij/rbe500_group_project-1/install/rrbot_gazebo/lib/librrbot_gazebo__rosidl_typesupport_cpp.so
[1.407s] Listing '/home/rutvij/rbe500_group_project-1/install/rrbot_gazebo/local/lib/python3.10/dist-packages/rrbot_gazebo'...
[1.407s] Compiling '/home/rutvij/rbe500_group_project-1/install/rrbot_gazebo/local/lib/python3.10/dist-packages/rrbot_gazebo/__init__.py'...
[1.407s] Listing '/home/rutvij/rbe500_group_project-1/install/rrbot_gazebo/local/lib/python3.10/dist-packages/rrbot_gazebo/srv'...
[1.410s] -- Up-to-date: /home/rutvij/rbe500_group_project-1/install/rrbot_gazebo/lib/librrbot_gazebo__rosidl_generator_py.so
[1.410s] -- Up-to-date: /home/rutvij/rbe500_group_project-1/install/rrbot_gazebo/share/rrbot_gazebo/cmake/export_rrbot_gazebo__rosidl_generator_cExport.cmake
[1.410s] -- Up-to-date: /home/rutvij/rbe500_group_project-1/install/rrbot_gazebo/share/rrbot_gazebo/cmake/export_rrbot_gazebo__rosidl_generator_cExport-noconfig.cmake
[1.410s] -- Up-to-date: /home/rutvij/rbe500_group_project-1/install/rrbot_gazebo/share/rrbot_gazebo/cmake/export_rrbot_gazebo__rosidl_typesupport_fastrtps_cExport.cmake
[1.410s] -- Up-to-date: /home/rutvij/rbe500_group_project-1/install/rrbot_gazebo/share/rrbot_gazebo/cmake/export_rrbot_gazebo__rosidl_typesupport_fastrtps_cExport-noconfig.cmake
[1.410s] -- Up-to-date: /home/rutvij/rbe500_group_project-1/install/rrbot_gazebo/share/rrbot_gazebo/cmake/export_rrbot_gazebo__rosidl_generator_cppExport.cmake
[1.410s] -- Up-to-date: /home/rutvij/rbe500_group_project-1/install/rrbot_gazebo/share/rrbot_gazebo/cmake/export_rrbot_gazebo__rosidl_typesupport_fastrtps_cppExport.cmake
[1.410s] -- Up-to-date: /home/rutvij/rbe500_group_project-1/install/rrbot_gazebo/share/rrbot_gazebo/cmake/export_rrbot_gazebo__rosidl_typesupport_fastrtps_cppExport-noconfig.cmake
[1.410s] -- Up-to-date: /home/rutvij/rbe500_group_project-1/install/rrbot_gazebo/share/rrbot_gazebo/cmake/rrbot_gazebo__rosidl_typesupport_introspection_cExport.cmake
[1.410s] -- Up-to-date: /home/rutvij/rbe500_group_project-1/install/rrbot_gazebo/share/rrbot_gazebo/cmake/rrbot_gazebo__rosidl_typesupport_introspection_cExport-noconfig.cmake
[1.411s] -- Up-to-date: /home/rutvij/rbe500_group_project-1/install/rrbot_gazebo/share/rrbot_gazebo/cmake/rrbot_gazebo__rosidl_typesupport_cExport.cmake
[1.411s] -- Up-to-date: /home/rutvij/rbe500_group_project-1/install/rrbot_gazebo/share/rrbot_gazebo/cmake/rrbot_gazebo__rosidl_typesupport_cExport-noconfig.cmake
[1.411s] -- Up-to-date: /home/rutvij/rbe500_group_project-1/install/rrbot_gazebo/share/rrbot_gazebo/cmake/rrbot_gazebo__rosidl_typesupport_introspection_cppExport.cmake
[1.411s] -- Up-to-date: /home/rutvij/rbe500_group_project-1/install/rrbot_gazebo/share/rrbot_gazebo/cmake/rrbot_gazebo__rosidl_typesupport_introspection_cppExport-noconfig.cmake
[1.411s] -- Up-to-date: /home/rutvij/rbe500_group_project-1/install/rrbot_gazebo/share/rrbot_gazebo/cmake/rrbot_gazebo__rosidl_typesupport_cppExport.cmake
[1.411s] -- Up-to-date: /home/rutvij/rbe500_group_project-1/install/rrbot_gazebo/share/rrbot_gazebo/cmake/rrbot_gazebo__rosidl_typesupport_cppExport-noconfig.cmake
[1.411s] -- Up-to-date: /home/rutvij/rbe500_group_project-1/install/rrbot_gazebo/share/rrbot_gazebo/cmake/export_rrbot_gazebo__rosidl_generator_pyExport.cmake
[1.411s] -- Up-to-date: /home/rutvij/rbe500_group_project-1/install/rrbot_gazebo/share/rrbot_gazebo/cmake/export_rrbot_gazebo__rosidl_generator_pyExport-noconfig.cmake
[1.413s] Invoked command in '/home/rutvij/rbe500_group_project-1/build/rrbot_gazebo' returned '0': CMAKE_PREFIX_PATH=/home/rutvij/rbe500_group_project-1/install/rrbot_description:/home/rutvij/rbe500_group_project-1/install/rrbot_gazebo:/home/rutvij/ros2_ws/install/rrbot_gazebo:/home/rutvij/ros2_ws/install/rrbot_description:/home/rutvij/ros2_ws/install/my_robot_controller:/opt/ros/humble /usr/bin/cmake --install /home/rutvij/rbe500_group_project-1/build/rrbot_gazebo
