[0.014s] Invoking command in '/home/joshfarina/ros2_ws/src/rbe500_group_project/build/rrbot_description': CMAKE_PREFIX_PATH=/opt/ros/humble /usr/bin/cmake /home/joshfarina/ros2_ws/src/rbe500_group_project/rrbot_simulation_files/rrbot_description -DAMENT_CMAKE_SYMLINK_INSTALL=1 -DCMAKE_INSTALL_PREFIX=/home/joshfarina/ros2_ws/src/rbe500_group_project/install/rrbot_description
[0.123s] -- The C compiler identification is GNU 11.4.0
[0.188s] -- The CXX compiler identification is GNU 11.4.0
[0.195s] -- Detecting C compiler ABI info
[0.257s] -- Detecting C compiler ABI info - done
[0.263s] -- Check for working C compiler: /usr/bin/cc - skipped
[0.263s] -- Detecting C compile features
[0.264s] -- Detecting C compile features - done
[0.267s] -- Detecting CXX compiler ABI info
[0.327s] -- Detecting CXX compiler ABI info - done
[0.333s] -- Check for working CXX compiler: /usr/bin/c++ - skipped
[0.333s] -- Detecting CXX compile features
[0.333s] -- Detecting CXX compile features - done
[0.336s] -- Found ament_cmake: 1.3.5 (/opt/ros/humble/share/ament_cmake/cmake)
[0.466s] -- Found Python3: /usr/bin/python3.10 (found version "3.10.12") found components: Interpreter 
[0.512s] -- Override CMake install command with custom implementation using symlinks instead of copying resources
[0.585s] -- Configuring done
[0.587s] -- Generating done
[0.587s] -- Build files have been written to: /home/joshfarina/ros2_ws/src/rbe500_group_project/build/rrbot_description
[0.590s] Invoked command in '/home/joshfarina/ros2_ws/src/rbe500_group_project/build/rrbot_description' returned '0': CMAKE_PREFIX_PATH=/opt/ros/humble /usr/bin/cmake /home/joshfarina/ros2_ws/src/rbe500_group_project/rrbot_simulation_files/rrbot_description -DAMENT_CMAKE_SYMLINK_INSTALL=1 -DCMAKE_INSTALL_PREFIX=/home/joshfarina/ros2_ws/src/rbe500_group_project/install/rrbot_description
[0.591s] Invoking command in '/home/joshfarina/ros2_ws/src/rbe500_group_project/build/rrbot_description': CMAKE_PREFIX_PATH=/opt/ros/humble /usr/bin/cmake --build /home/joshfarina/ros2_ws/src/rbe500_group_project/build/rrbot_description -- -j8 -l8
[0.620s] Invoked command in '/home/joshfarina/ros2_ws/src/rbe500_group_project/build/rrbot_description' returned '0': CMAKE_PREFIX_PATH=/opt/ros/humble /usr/bin/cmake --build /home/joshfarina/ros2_ws/src/rbe500_group_project/build/rrbot_description -- -j8 -l8
[0.642s] Invoking command in '/home/joshfarina/ros2_ws/src/rbe500_group_project/build/rrbot_description': CMAKE_PREFIX_PATH=/opt/ros/humble /usr/bin/cmake --install /home/joshfarina/ros2_ws/src/rbe500_group_project/build/rrbot_description
[0.647s] -- Install configuration: ""
[0.647s] -- Execute custom install script
[0.648s] -- Symlinking: /home/joshfarina/ros2_ws/src/rbe500_group_project/install/rrbot_description/share/rrbot_description/config/rrbot.rviz
[0.655s] -- Symlinking: /home/joshfarina/ros2_ws/src/rbe500_group_project/install/rrbot_description/share/rrbot_description/gazebo/rrbot.gazebo.xacro
[0.665s] -- Symlinking: /home/joshfarina/ros2_ws/src/rbe500_group_project/install/rrbot_description/share/rrbot_description/gazebo/rrbot.materials.xacro
[0.672s] -- Symlinking: /home/joshfarina/ros2_ws/src/rbe500_group_project/install/rrbot_description/share/rrbot_description/meshes/hokuyo.dae
[0.679s] -- Symlinking: /home/joshfarina/ros2_ws/src/rbe500_group_project/install/rrbot_description/share/rrbot_description/launch/view_robot.launch.py
[0.685s] -- Symlinking: /home/joshfarina/ros2_ws/src/rbe500_group_project/install/rrbot_description/share/rrbot_description/ros2_control/rrbot.ros2_control.xacro
[0.692s] -- Symlinking: /home/joshfarina/ros2_ws/src/rbe500_group_project/install/rrbot_description/share/rrbot_description/urdf/rrbot.urdf.xacro
[0.700s] -- Symlinking: /home/joshfarina/ros2_ws/src/rbe500_group_project/install/rrbot_description/share/rrbot_description/urdf/rrbot_description.urdf.xacro
[0.707s] -- Symlinking: /home/joshfarina/ros2_ws/src/rbe500_group_project/install/rrbot_description/share/rrbot_description/urdf/rrbot_description_bryan.urdf.xacro
[0.714s] -- Symlinking: /home/joshfarina/ros2_ws/src/rbe500_group_project/install/rrbot_description/share/rrbot_description/environment/rrbot_description.dsv
[0.722s] -- Symlinking: /home/joshfarina/ros2_ws/src/rbe500_group_project/install/rrbot_description/share/ament_index/resource_index/package_run_dependencies/rrbot_description
[0.730s] -- Symlinking: /home/joshfarina/ros2_ws/src/rbe500_group_project/install/rrbot_description/share/ament_index/resource_index/parent_prefix_path/rrbot_description
[0.737s] -- Symlinking: /home/joshfarina/ros2_ws/src/rbe500_group_project/install/rrbot_description/share/rrbot_description/environment/ament_prefix_path.sh
[0.745s] -- Symlinking: /home/joshfarina/ros2_ws/src/rbe500_group_project/install/rrbot_description/share/rrbot_description/environment/ament_prefix_path.dsv
[0.751s] -- Symlinking: /home/joshfarina/ros2_ws/src/rbe500_group_project/install/rrbot_description/share/rrbot_description/environment/path.sh
[0.757s] -- Symlinking: /home/joshfarina/ros2_ws/src/rbe500_group_project/install/rrbot_description/share/rrbot_description/environment/path.dsv
[0.764s] -- Symlinking: /home/joshfarina/ros2_ws/src/rbe500_group_project/install/rrbot_description/share/rrbot_description/local_setup.bash
[0.771s] -- Symlinking: /home/joshfarina/ros2_ws/src/rbe500_group_project/install/rrbot_description/share/rrbot_description/local_setup.sh
[0.777s] -- Symlinking: /home/joshfarina/ros2_ws/src/rbe500_group_project/install/rrbot_description/share/rrbot_description/local_setup.zsh
[0.785s] -- Symlinking: /home/joshfarina/ros2_ws/src/rbe500_group_project/install/rrbot_description/share/rrbot_description/local_setup.dsv
[0.791s] -- Symlinking: /home/joshfarina/ros2_ws/src/rbe500_group_project/install/rrbot_description/share/rrbot_description/package.dsv
[0.799s] -- Symlinking: /home/joshfarina/ros2_ws/src/rbe500_group_project/install/rrbot_description/share/ament_index/resource_index/packages/rrbot_description
[0.805s] -- Symlinking: /home/joshfarina/ros2_ws/src/rbe500_group_project/install/rrbot_description/share/rrbot_description/cmake/rrbot_descriptionConfig.cmake
[0.813s] -- Symlinking: /home/joshfarina/ros2_ws/src/rbe500_group_project/install/rrbot_description/share/rrbot_description/cmake/rrbot_descriptionConfig-version.cmake
[0.819s] -- Symlinking: /home/joshfarina/ros2_ws/src/rbe500_group_project/install/rrbot_description/share/rrbot_description/package.xml
[0.829s] Invoked command in '/home/joshfarina/ros2_ws/src/rbe500_group_project/build/rrbot_description' returned '0': CMAKE_PREFIX_PATH=/opt/ros/humble /usr/bin/cmake --install /home/joshfarina/ros2_ws/src/rbe500_group_project/build/rrbot_description
