[0.014s] Invoking command in '/home/rutvij/ros2_ws/src/rbe500_group_project/build/rrbot_gazebo': AMENT_PREFIX_PATH=/home/rutvij/ros2_ws/src/rbe500_group_project/install/rrbot_description:${AMENT_PREFIX_PATH} CMAKE_PREFIX_PATH=/home/rutvij/ros2_ws/src/rbe500_group_project/install/rrbot_description:/home/rutvij/ros2_ws/install/rrbot_gazebo:/home/rutvij/ros2_ws/install/rrbot_description:/home/rutvij/ros2_ws/install/rkd_hw3:/home/rutvij/ros2_ws/install/quat_to_euler:/home/rutvij/ros2_ws/install/my_robot_controller:/home/rutvij/ros2_ws/install/RBE500_HW1_RD:/opt/ros/humble /usr/bin/cmake --build /home/rutvij/ros2_ws/src/rbe500_group_project/build/rrbot_gazebo -- -j4 -l4
[0.070s] [35m[1mConsolidate compiler generated dependencies of target rrbot_gazebo__rosidl_generator_c[0m
[0.071s] [35m[1mConsolidate compiler generated dependencies of target switch[0m
[0.072s] [35m[1mConsolidate compiler generated dependencies of target publisher[0m
[0.091s] [  8%] Built target rrbot_gazebo__cpp
[0.091s] [ 11%] Built target rrbot_gazebo__rosidl_generator_c
[0.104s] [ 17%] Built target switch
[0.108s] [ 22%] Built target publisher
[0.110s] [35m[1mConsolidate compiler generated dependencies of target rrbot_gazebo__rosidl_typesupport_cpp[0m
[0.123s] [35m[1mConsolidate compiler generated dependencies of target rrbot_gazebo__rosidl_typesupport_fastrtps_c[0m
[0.129s] [35m[1mConsolidate compiler generated dependencies of target rrbot_gazebo__rosidl_typesupport_fastrtps_cpp[0m
[0.138s] [ 31%] Built target rrbot_gazebo__rosidl_typesupport_cpp
[0.148s] [ 31%] Built target ament_cmake_python_copy_rrbot_gazebo
[0.148s] [ 40%] Built target rrbot_gazebo__rosidl_typesupport_fastrtps_c
[0.158s] [ 48%] Built target rrbot_gazebo__rosidl_typesupport_fastrtps_cpp
[0.158s] [35m[1mConsolidate compiler generated dependencies of target rrbot_gazebo__rosidl_typesupport_introspection_c[0m
[0.168s] [35m[1mConsolidate compiler generated dependencies of target rrbot_gazebo__rosidl_typesupport_introspection_cpp[0m
[0.169s] [35m[1mConsolidate compiler generated dependencies of target rrbot_gazebo__rosidl_typesupport_c[0m
[0.183s] [ 57%] Built target rrbot_gazebo__rosidl_typesupport_introspection_c
[0.189s] [ 65%] Built target rrbot_gazebo__rosidl_typesupport_c
[0.192s] [ 74%] Built target rrbot_gazebo__rosidl_typesupport_introspection_cpp
[0.218s] [ 74%] Built target rrbot_gazebo
[0.243s] [ 77%] Built target rrbot_gazebo__py
[0.257s] [35m[1mConsolidate compiler generated dependencies of target rrbot_gazebo__rosidl_generator_py[0m
[0.274s] [ 82%] Built target rrbot_gazebo__rosidl_generator_py
[0.292s] [35m[1mConsolidate compiler generated dependencies of target rrbot_gazebo__rosidl_typesupport_fastrtps_c__pyext[0m
[0.292s] [35m[1mConsolidate compiler generated dependencies of target rrbot_gazebo__rosidl_typesupport_c__pyext[0m
[0.293s] [35m[1mConsolidate compiler generated dependencies of target rrbot_gazebo__rosidl_typesupport_introspection_c__pyext[0m
[0.316s] [ 88%] Built target rrbot_gazebo__rosidl_typesupport_fastrtps_c__pyext
[0.317s] [ 94%] Built target rrbot_gazebo__rosidl_typesupport_c__pyext
[0.317s] [100%] Built target rrbot_gazebo__rosidl_typesupport_introspection_c__pyext
[0.519s] running egg_info
[0.520s] writing rrbot_gazebo.egg-info/PKG-INFO
[0.520s] writing dependency_links to rrbot_gazebo.egg-info/dependency_links.txt
[0.520s] writing top-level names to rrbot_gazebo.egg-info/top_level.txt
[0.523s] reading manifest file 'rrbot_gazebo.egg-info/SOURCES.txt'
[0.524s] writing manifest file 'rrbot_gazebo.egg-info/SOURCES.txt'
[0.554s] [100%] Built target ament_cmake_python_build_rrbot_gazebo_egg
[0.568s] Invoked command in '/home/rutvij/ros2_ws/src/rbe500_group_project/build/rrbot_gazebo' returned '0': AMENT_PREFIX_PATH=/home/rutvij/ros2_ws/src/rbe500_group_project/install/rrbot_description:${AMENT_PREFIX_PATH} CMAKE_PREFIX_PATH=/home/rutvij/ros2_ws/src/rbe500_group_project/install/rrbot_description:/home/rutvij/ros2_ws/install/rrbot_gazebo:/home/rutvij/ros2_ws/install/rrbot_description:/home/rutvij/ros2_ws/install/rkd_hw3:/home/rutvij/ros2_ws/install/quat_to_euler:/home/rutvij/ros2_ws/install/my_robot_controller:/home/rutvij/ros2_ws/install/RBE500_HW1_RD:/opt/ros/humble /usr/bin/cmake --build /home/rutvij/ros2_ws/src/rbe500_group_project/build/rrbot_gazebo -- -j4 -l4
[0.661s] Invoking command in '/home/rutvij/ros2_ws/src/rbe500_group_project/build/rrbot_gazebo': AMENT_PREFIX_PATH=/home/rutvij/ros2_ws/src/rbe500_group_project/install/rrbot_description:${AMENT_PREFIX_PATH} CMAKE_PREFIX_PATH=/home/rutvij/ros2_ws/src/rbe500_group_project/install/rrbot_description:/home/rutvij/ros2_ws/install/rrbot_gazebo:/home/rutvij/ros2_ws/install/rrbot_description:/home/rutvij/ros2_ws/install/rkd_hw3:/home/rutvij/ros2_ws/install/quat_to_euler:/home/rutvij/ros2_ws/install/my_robot_controller:/home/rutvij/ros2_ws/install/RBE500_HW1_RD:/opt/ros/humble /usr/bin/cmake --install /home/rutvij/ros2_ws/src/rbe500_group_project/build/rrbot_gazebo
[0.671s] -- Install configuration: ""
[0.671s] -- Up-to-date: /home/rutvij/ros2_ws/src/rbe500_group_project/install/rrbot_gazebo/lib/rrbot_gazebo/publisher
[0.672s] -- Up-to-date: /home/rutvij/ros2_ws/src/rbe500_group_project/install/rrbot_gazebo/lib/rrbot_gazebo/switch
[0.672s] -- Up-to-date: /home/rutvij/ros2_ws/src/rbe500_group_project/install/rrbot_gazebo/share/rrbot_gazebo/launch
[0.673s] -- Up-to-date: /home/rutvij/ros2_ws/src/rbe500_group_project/install/rrbot_gazebo/share/rrbot_gazebo/launch/rrbot_world.launch.py
[0.673s] -- Up-to-date: /home/rutvij/ros2_ws/src/rbe500_group_project/install/rrbot_gazebo/share/rrbot_gazebo/worlds
[0.673s] -- Up-to-date: /home/rutvij/ros2_ws/src/rbe500_group_project/install/rrbot_gazebo/share/rrbot_gazebo/worlds/rrbot.world
[0.673s] -- Up-to-date: /home/rutvij/ros2_ws/src/rbe500_group_project/install/rrbot_gazebo/share/rrbot_gazebo/config
[0.673s] -- Up-to-date: /home/rutvij/ros2_ws/src/rbe500_group_project/install/rrbot_gazebo/share/rrbot_gazebo/config/gazebo_controllers.yaml
[0.673s] -- Up-to-date: /home/rutvij/ros2_ws/src/rbe500_group_project/install/rrbot_gazebo/share/rrbot_gazebo/config/controllers.yaml
[0.674s] -- Up-to-date: /home/rutvij/ros2_ws/src/rbe500_group_project/install/rrbot_gazebo/share/ament_index/resource_index/rosidl_interfaces/rrbot_gazebo
[0.674s] -- Up-to-date: /home/rutvij/ros2_ws/src/rbe500_group_project/install/rrbot_gazebo/include/rrbot_gazebo/rrbot_gazebo
[0.674s] -- Up-to-date: /home/rutvij/ros2_ws/src/rbe500_group_project/install/rrbot_gazebo/include/rrbot_gazebo/rrbot_gazebo/srv
[0.674s] -- Up-to-date: /home/rutvij/ros2_ws/src/rbe500_group_project/install/rrbot_gazebo/include/rrbot_gazebo/rrbot_gazebo/srv/detail
[0.674s] -- Up-to-date: /home/rutvij/ros2_ws/src/rbe500_group_project/install/rrbot_gazebo/include/rrbot_gazebo/rrbot_gazebo/srv/detail/ik_service__functions.h
[0.674s] -- Up-to-date: /home/rutvij/ros2_ws/src/rbe500_group_project/install/rrbot_gazebo/include/rrbot_gazebo/rrbot_gazebo/srv/detail/ik_service__struct.h
[0.674s] -- Up-to-date: /home/rutvij/ros2_ws/src/rbe500_group_project/install/rrbot_gazebo/include/rrbot_gazebo/rrbot_gazebo/srv/detail/ik_service__type_support.h
[0.674s] -- Up-to-date: /home/rutvij/ros2_ws/src/rbe500_group_project/install/rrbot_gazebo/include/rrbot_gazebo/rrbot_gazebo/srv/detail/ik_service__functions.c
[0.675s] -- Up-to-date: /home/rutvij/ros2_ws/src/rbe500_group_project/install/rrbot_gazebo/include/rrbot_gazebo/rrbot_gazebo/srv/ik_service.h
[0.675s] -- Up-to-date: /home/rutvij/ros2_ws/src/rbe500_group_project/install/rrbot_gazebo/include/rrbot_gazebo/rrbot_gazebo/msg
[0.675s] -- Up-to-date: /home/rutvij/ros2_ws/src/rbe500_group_project/install/rrbot_gazebo/include/rrbot_gazebo/rrbot_gazebo/msg/rosidl_generator_c__visibility_control.h
[0.675s] -- Up-to-date: /home/rutvij/ros2_ws/src/rbe500_group_project/install/rrbot_gazebo/share/rrbot_gazebo/environment/library_path.sh
[0.675s] -- Up-to-date: /home/rutvij/ros2_ws/src/rbe500_group_project/install/rrbot_gazebo/share/rrbot_gazebo/environment/library_path.dsv
[0.675s] -- Up-to-date: /home/rutvij/ros2_ws/src/rbe500_group_project/install/rrbot_gazebo/lib/librrbot_gazebo__rosidl_generator_c.so
[0.676s] -- Up-to-date: /home/rutvij/ros2_ws/src/rbe500_group_project/install/rrbot_gazebo/include/rrbot_gazebo/rrbot_gazebo
[0.676s] -- Up-to-date: /home/rutvij/ros2_ws/src/rbe500_group_project/install/rrbot_gazebo/include/rrbot_gazebo/rrbot_gazebo/srv
[0.676s] -- Up-to-date: /home/rutvij/ros2_ws/src/rbe500_group_project/install/rrbot_gazebo/include/rrbot_gazebo/rrbot_gazebo/srv/detail
[0.676s] -- Up-to-date: /home/rutvij/ros2_ws/src/rbe500_group_project/install/rrbot_gazebo/include/rrbot_gazebo/rrbot_gazebo/srv/detail/ik_service__rosidl_typesupport_fastrtps_c.h
[0.676s] -- Up-to-date: /home/rutvij/ros2_ws/src/rbe500_group_project/install/rrbot_gazebo/include/rrbot_gazebo/rrbot_gazebo/msg
[0.676s] -- Up-to-date: /home/rutvij/ros2_ws/src/rbe500_group_project/install/rrbot_gazebo/include/rrbot_gazebo/rrbot_gazebo/msg/rosidl_typesupport_fastrtps_c__visibility_control.h
[0.676s] -- Up-to-date: /home/rutvij/ros2_ws/src/rbe500_group_project/install/rrbot_gazebo/lib/librrbot_gazebo__rosidl_typesupport_fastrtps_c.so
[0.677s] -- Up-to-date: /home/rutvij/ros2_ws/src/rbe500_group_project/install/rrbot_gazebo/include/rrbot_gazebo/rrbot_gazebo
[0.677s] -- Up-to-date: /home/rutvij/ros2_ws/src/rbe500_group_project/install/rrbot_gazebo/include/rrbot_gazebo/rrbot_gazebo/srv
[0.677s] -- Up-to-date: /home/rutvij/ros2_ws/src/rbe500_group_project/install/rrbot_gazebo/include/rrbot_gazebo/rrbot_gazebo/srv/ik_service.hpp
[0.677s] -- Up-to-date: /home/rutvij/ros2_ws/src/rbe500_group_project/install/rrbot_gazebo/include/rrbot_gazebo/rrbot_gazebo/srv/detail
[0.677s] -- Up-to-date: /home/rutvij/ros2_ws/src/rbe500_group_project/install/rrbot_gazebo/include/rrbot_gazebo/rrbot_gazebo/srv/detail/ik_service__struct.hpp
[0.677s] -- Up-to-date: /home/rutvij/ros2_ws/src/rbe500_group_project/install/rrbot_gazebo/include/rrbot_gazebo/rrbot_gazebo/srv/detail/ik_service__builder.hpp
[0.678s] -- Up-to-date: /home/rutvij/ros2_ws/src/rbe500_group_project/install/rrbot_gazebo/include/rrbot_gazebo/rrbot_gazebo/srv/detail/ik_service__traits.hpp
[0.678s] -- Up-to-date: /home/rutvij/ros2_ws/src/rbe500_group_project/install/rrbot_gazebo/include/rrbot_gazebo/rrbot_gazebo
[0.678s] -- Up-to-date: /home/rutvij/ros2_ws/src/rbe500_group_project/install/rrbot_gazebo/include/rrbot_gazebo/rrbot_gazebo/srv
[0.678s] -- Up-to-date: /home/rutvij/ros2_ws/src/rbe500_group_project/install/rrbot_gazebo/include/rrbot_gazebo/rrbot_gazebo/srv/detail
[0.678s] -- Up-to-date: /home/rutvij/ros2_ws/src/rbe500_group_project/install/rrbot_gazebo/include/rrbot_gazebo/rrbot_gazebo/srv/detail/dds_fastrtps
[0.678s] -- Up-to-date: /home/rutvij/ros2_ws/src/rbe500_group_project/install/rrbot_gazebo/include/rrbot_gazebo/rrbot_gazebo/srv/detail/ik_service__rosidl_typesupport_fastrtps_cpp.hpp
[0.678s] -- Up-to-date: /home/rutvij/ros2_ws/src/rbe500_group_project/install/rrbot_gazebo/include/rrbot_gazebo/rrbot_gazebo/msg
[0.678s] -- Up-to-date: /home/rutvij/ros2_ws/src/rbe500_group_project/install/rrbot_gazebo/include/rrbot_gazebo/rrbot_gazebo/msg/rosidl_typesupport_fastrtps_cpp__visibility_control.h
[0.679s] -- Up-to-date: /home/rutvij/ros2_ws/src/rbe500_group_project/install/rrbot_gazebo/lib/librrbot_gazebo__rosidl_typesupport_fastrtps_cpp.so
[0.679s] -- Up-to-date: /home/rutvij/ros2_ws/src/rbe500_group_project/install/rrbot_gazebo/include/rrbot_gazebo/rrbot_gazebo
[0.679s] -- Up-to-date: /home/rutvij/ros2_ws/src/rbe500_group_project/install/rrbot_gazebo/include/rrbot_gazebo/rrbot_gazebo/srv
[0.679s] -- Up-to-date: /home/rutvij/ros2_ws/src/rbe500_group_project/install/rrbot_gazebo/include/rrbot_gazebo/rrbot_gazebo/srv/detail
[0.679s] -- Up-to-date: /home/rutvij/ros2_ws/src/rbe500_group_project/install/rrbot_gazebo/include/rrbot_gazebo/rrbot_gazebo/srv/detail/ik_service__type_support.c
[0.679s] -- Up-to-date: /home/rutvij/ros2_ws/src/rbe500_group_project/install/rrbot_gazebo/include/rrbot_gazebo/rrbot_gazebo/srv/detail/ik_service__rosidl_typesupport_introspection_c.h
[0.679s] -- Up-to-date: /home/rutvij/ros2_ws/src/rbe500_group_project/install/rrbot_gazebo/include/rrbot_gazebo/rrbot_gazebo/msg
[0.680s] -- Up-to-date: /home/rutvij/ros2_ws/src/rbe500_group_project/install/rrbot_gazebo/include/rrbot_gazebo/rrbot_gazebo/msg/rosidl_typesupport_introspection_c__visibility_control.h
[0.680s] -- Up-to-date: /home/rutvij/ros2_ws/src/rbe500_group_project/install/rrbot_gazebo/lib/librrbot_gazebo__rosidl_typesupport_introspection_c.so
[0.680s] -- Up-to-date: /home/rutvij/ros2_ws/src/rbe500_group_project/install/rrbot_gazebo/lib/librrbot_gazebo__rosidl_typesupport_c.so
[0.680s] -- Up-to-date: /home/rutvij/ros2_ws/src/rbe500_group_project/install/rrbot_gazebo/include/rrbot_gazebo/rrbot_gazebo
[0.680s] -- Up-to-date: /home/rutvij/ros2_ws/src/rbe500_group_project/install/rrbot_gazebo/include/rrbot_gazebo/rrbot_gazebo/srv
[0.680s] -- Up-to-date: /home/rutvij/ros2_ws/src/rbe500_group_project/install/rrbot_gazebo/include/rrbot_gazebo/rrbot_gazebo/srv/detail
[0.681s] -- Up-to-date: /home/rutvij/ros2_ws/src/rbe500_group_project/install/rrbot_gazebo/include/rrbot_gazebo/rrbot_gazebo/srv/detail/ik_service__type_support.cpp
[0.681s] -- Up-to-date: /home/rutvij/ros2_ws/src/rbe500_group_project/install/rrbot_gazebo/include/rrbot_gazebo/rrbot_gazebo/srv/detail/ik_service__rosidl_typesupport_introspection_cpp.hpp
[0.681s] -- Up-to-date: /home/rutvij/ros2_ws/src/rbe500_group_project/install/rrbot_gazebo/lib/librrbot_gazebo__rosidl_typesupport_introspection_cpp.so
[0.681s] -- Up-to-date: /home/rutvij/ros2_ws/src/rbe500_group_project/install/rrbot_gazebo/lib/librrbot_gazebo__rosidl_typesupport_cpp.so
[0.681s] -- Up-to-date: /home/rutvij/ros2_ws/src/rbe500_group_project/install/rrbot_gazebo/share/rrbot_gazebo/environment/pythonpath.sh
[0.681s] -- Up-to-date: /home/rutvij/ros2_ws/src/rbe500_group_project/install/rrbot_gazebo/share/rrbot_gazebo/environment/pythonpath.dsv
[0.681s] -- Up-to-date: /home/rutvij/ros2_ws/src/rbe500_group_project/install/rrbot_gazebo/local/lib/python3.10/dist-packages/rrbot_gazebo-0.2.0-py3.10.egg-info
[0.681s] -- Installing: /home/rutvij/ros2_ws/src/rbe500_group_project/install/rrbot_gazebo/local/lib/python3.10/dist-packages/rrbot_gazebo-0.2.0-py3.10.egg-info/top_level.txt
[0.682s] -- Installing: /home/rutvij/ros2_ws/src/rbe500_group_project/install/rrbot_gazebo/local/lib/python3.10/dist-packages/rrbot_gazebo-0.2.0-py3.10.egg-info/PKG-INFO
[0.682s] -- Installing: /home/rutvij/ros2_ws/src/rbe500_group_project/install/rrbot_gazebo/local/lib/python3.10/dist-packages/rrbot_gazebo-0.2.0-py3.10.egg-info/dependency_links.txt
[0.682s] -- Installing: /home/rutvij/ros2_ws/src/rbe500_group_project/install/rrbot_gazebo/local/lib/python3.10/dist-packages/rrbot_gazebo-0.2.0-py3.10.egg-info/SOURCES.txt
[0.682s] -- Up-to-date: /home/rutvij/ros2_ws/src/rbe500_group_project/install/rrbot_gazebo/local/lib/python3.10/dist-packages/rrbot_gazebo
[0.682s] -- Up-to-date: /home/rutvij/ros2_ws/src/rbe500_group_project/install/rrbot_gazebo/local/lib/python3.10/dist-packages/rrbot_gazebo/srv
[0.682s] -- Up-to-date: /home/rutvij/ros2_ws/src/rbe500_group_project/install/rrbot_gazebo/local/lib/python3.10/dist-packages/rrbot_gazebo/srv/_ik_service_s.c
[0.682s] -- Up-to-date: /home/rutvij/ros2_ws/src/rbe500_group_project/install/rrbot_gazebo/local/lib/python3.10/dist-packages/rrbot_gazebo/srv/__init__.py
[0.682s] -- Up-to-date: /home/rutvij/ros2_ws/src/rbe500_group_project/install/rrbot_gazebo/local/lib/python3.10/dist-packages/rrbot_gazebo/srv/_ik_service.py
[0.683s] -- Up-to-date: /home/rutvij/ros2_ws/src/rbe500_group_project/install/rrbot_gazebo/local/lib/python3.10/dist-packages/rrbot_gazebo/__init__.py
[0.683s] -- Up-to-date: /home/rutvij/ros2_ws/src/rbe500_group_project/install/rrbot_gazebo/local/lib/python3.10/dist-packages/rrbot_gazebo/_rrbot_gazebo_s.ep.rosidl_typesupport_fastrtps_c.c
[0.683s] -- Up-to-date: /home/rutvij/ros2_ws/src/rbe500_group_project/install/rrbot_gazebo/local/lib/python3.10/dist-packages/rrbot_gazebo/rrbot_gazebo_s__rosidl_typesupport_introspection_c.cpython-310-x86_64-linux-gnu.so
[0.683s] -- Up-to-date: /home/rutvij/ros2_ws/src/rbe500_group_project/install/rrbot_gazebo/local/lib/python3.10/dist-packages/rrbot_gazebo/_rrbot_gazebo_s.ep.rosidl_typesupport_introspection_c.c
[0.683s] -- Up-to-date: /home/rutvij/ros2_ws/src/rbe500_group_project/install/rrbot_gazebo/local/lib/python3.10/dist-packages/rrbot_gazebo/_rrbot_gazebo_s.ep.rosidl_typesupport_c.c
[0.683s] -- Up-to-date: /home/rutvij/ros2_ws/src/rbe500_group_project/install/rrbot_gazebo/local/lib/python3.10/dist-packages/rrbot_gazebo/rrbot_gazebo_s__rosidl_typesupport_c.cpython-310-x86_64-linux-gnu.so
[0.683s] -- Up-to-date: /home/rutvij/ros2_ws/src/rbe500_group_project/install/rrbot_gazebo/local/lib/python3.10/dist-packages/rrbot_gazebo/rrbot_gazebo_s__rosidl_typesupport_fastrtps_c.cpython-310-x86_64-linux-gnu.so
[0.683s] -- Up-to-date: /home/rutvij/ros2_ws/src/rbe500_group_project/install/rrbot_gazebo/local/lib/python3.10/dist-packages/rrbot_gazebo/librrbot_gazebo__rosidl_generator_py.so
[0.715s] Listing '/home/rutvij/ros2_ws/src/rbe500_group_project/install/rrbot_gazebo/local/lib/python3.10/dist-packages/rrbot_gazebo'...
[0.715s] Listing '/home/rutvij/ros2_ws/src/rbe500_group_project/install/rrbot_gazebo/local/lib/python3.10/dist-packages/rrbot_gazebo/srv'...
[0.720s] -- Up-to-date: /home/rutvij/ros2_ws/src/rbe500_group_project/install/rrbot_gazebo/local/lib/python3.10/dist-packages/rrbot_gazebo/rrbot_gazebo_s__rosidl_typesupport_fastrtps_c.cpython-310-x86_64-linux-gnu.so
[0.720s] -- Up-to-date: /home/rutvij/ros2_ws/src/rbe500_group_project/install/rrbot_gazebo/local/lib/python3.10/dist-packages/rrbot_gazebo/rrbot_gazebo_s__rosidl_typesupport_introspection_c.cpython-310-x86_64-linux-gnu.so
[0.721s] -- Up-to-date: /home/rutvij/ros2_ws/src/rbe500_group_project/install/rrbot_gazebo/local/lib/python3.10/dist-packages/rrbot_gazebo/rrbot_gazebo_s__rosidl_typesupport_c.cpython-310-x86_64-linux-gnu.so
[0.721s] -- Up-to-date: /home/rutvij/ros2_ws/src/rbe500_group_project/install/rrbot_gazebo/lib/librrbot_gazebo__rosidl_generator_py.so
[0.722s] -- Up-to-date: /home/rutvij/ros2_ws/src/rbe500_group_project/install/rrbot_gazebo/share/rrbot_gazebo/srv/IKService.idl
[0.722s] -- Up-to-date: /home/rutvij/ros2_ws/src/rbe500_group_project/install/rrbot_gazebo/share/rrbot_gazebo/srv/IKService.srv
[0.722s] -- Up-to-date: /home/rutvij/ros2_ws/src/rbe500_group_project/install/rrbot_gazebo/share/rrbot_gazebo/srv/IKService_Request.msg
[0.722s] -- Up-to-date: /home/rutvij/ros2_ws/src/rbe500_group_project/install/rrbot_gazebo/share/rrbot_gazebo/srv/IKService_Response.msg
[0.722s] -- Up-to-date: /home/rutvij/ros2_ws/src/rbe500_group_project/install/rrbot_gazebo/share/ament_index/resource_index/package_run_dependencies/rrbot_gazebo
[0.722s] -- Up-to-date: /home/rutvij/ros2_ws/src/rbe500_group_project/install/rrbot_gazebo/share/ament_index/resource_index/parent_prefix_path/rrbot_gazebo
[0.723s] -- Up-to-date: /home/rutvij/ros2_ws/src/rbe500_group_project/install/rrbot_gazebo/share/rrbot_gazebo/environment/ament_prefix_path.sh
[0.723s] -- Up-to-date: /home/rutvij/ros2_ws/src/rbe500_group_project/install/rrbot_gazebo/share/rrbot_gazebo/environment/ament_prefix_path.dsv
[0.723s] -- Up-to-date: /home/rutvij/ros2_ws/src/rbe500_group_project/install/rrbot_gazebo/share/rrbot_gazebo/environment/path.sh
[0.723s] -- Up-to-date: /home/rutvij/ros2_ws/src/rbe500_group_project/install/rrbot_gazebo/share/rrbot_gazebo/environment/path.dsv
[0.723s] -- Up-to-date: /home/rutvij/ros2_ws/src/rbe500_group_project/install/rrbot_gazebo/share/rrbot_gazebo/local_setup.bash
[0.723s] -- Up-to-date: /home/rutvij/ros2_ws/src/rbe500_group_project/install/rrbot_gazebo/share/rrbot_gazebo/local_setup.sh
[0.723s] -- Up-to-date: /home/rutvij/ros2_ws/src/rbe500_group_project/install/rrbot_gazebo/share/rrbot_gazebo/local_setup.zsh
[0.724s] -- Up-to-date: /home/rutvij/ros2_ws/src/rbe500_group_project/install/rrbot_gazebo/share/rrbot_gazebo/local_setup.dsv
[0.724s] -- Installing: /home/rutvij/ros2_ws/src/rbe500_group_project/install/rrbot_gazebo/share/rrbot_gazebo/package.dsv
[0.724s] -- Up-to-date: /home/rutvij/ros2_ws/src/rbe500_group_project/install/rrbot_gazebo/share/ament_index/resource_index/packages/rrbot_gazebo
[0.724s] -- Up-to-date: /home/rutvij/ros2_ws/src/rbe500_group_project/install/rrbot_gazebo/share/rrbot_gazebo/cmake/export_rrbot_gazebo__rosidl_generator_cExport.cmake
[0.724s] -- Up-to-date: /home/rutvij/ros2_ws/src/rbe500_group_project/install/rrbot_gazebo/share/rrbot_gazebo/cmake/export_rrbot_gazebo__rosidl_generator_cExport-noconfig.cmake
[0.724s] -- Up-to-date: /home/rutvij/ros2_ws/src/rbe500_group_project/install/rrbot_gazebo/share/rrbot_gazebo/cmake/export_rrbot_gazebo__rosidl_typesupport_fastrtps_cExport.cmake
[0.725s] -- Up-to-date: /home/rutvij/ros2_ws/src/rbe500_group_project/install/rrbot_gazebo/share/rrbot_gazebo/cmake/export_rrbot_gazebo__rosidl_typesupport_fastrtps_cExport-noconfig.cmake
[0.725s] -- Up-to-date: /home/rutvij/ros2_ws/src/rbe500_group_project/install/rrbot_gazebo/share/rrbot_gazebo/cmake/export_rrbot_gazebo__rosidl_generator_cppExport.cmake
[0.725s] -- Up-to-date: /home/rutvij/ros2_ws/src/rbe500_group_project/install/rrbot_gazebo/share/rrbot_gazebo/cmake/export_rrbot_gazebo__rosidl_typesupport_fastrtps_cppExport.cmake
[0.725s] -- Up-to-date: /home/rutvij/ros2_ws/src/rbe500_group_project/install/rrbot_gazebo/share/rrbot_gazebo/cmake/export_rrbot_gazebo__rosidl_typesupport_fastrtps_cppExport-noconfig.cmake
[0.725s] -- Up-to-date: /home/rutvij/ros2_ws/src/rbe500_group_project/install/rrbot_gazebo/share/rrbot_gazebo/cmake/rrbot_gazebo__rosidl_typesupport_introspection_cExport.cmake
[0.725s] -- Up-to-date: /home/rutvij/ros2_ws/src/rbe500_group_project/install/rrbot_gazebo/share/rrbot_gazebo/cmake/rrbot_gazebo__rosidl_typesupport_introspection_cExport-noconfig.cmake
[0.726s] -- Up-to-date: /home/rutvij/ros2_ws/src/rbe500_group_project/install/rrbot_gazebo/share/rrbot_gazebo/cmake/rrbot_gazebo__rosidl_typesupport_cExport.cmake
[0.726s] -- Up-to-date: /home/rutvij/ros2_ws/src/rbe500_group_project/install/rrbot_gazebo/share/rrbot_gazebo/cmake/rrbot_gazebo__rosidl_typesupport_cExport-noconfig.cmake
[0.726s] -- Up-to-date: /home/rutvij/ros2_ws/src/rbe500_group_project/install/rrbot_gazebo/share/rrbot_gazebo/cmake/rrbot_gazebo__rosidl_typesupport_introspection_cppExport.cmake
[0.726s] -- Up-to-date: /home/rutvij/ros2_ws/src/rbe500_group_project/install/rrbot_gazebo/share/rrbot_gazebo/cmake/rrbot_gazebo__rosidl_typesupport_introspection_cppExport-noconfig.cmake
[0.726s] -- Up-to-date: /home/rutvij/ros2_ws/src/rbe500_group_project/install/rrbot_gazebo/share/rrbot_gazebo/cmake/rrbot_gazebo__rosidl_typesupport_cppExport.cmake
[0.726s] -- Up-to-date: /home/rutvij/ros2_ws/src/rbe500_group_project/install/rrbot_gazebo/share/rrbot_gazebo/cmake/rrbot_gazebo__rosidl_typesupport_cppExport-noconfig.cmake
[0.726s] -- Up-to-date: /home/rutvij/ros2_ws/src/rbe500_group_project/install/rrbot_gazebo/share/rrbot_gazebo/cmake/export_rrbot_gazebo__rosidl_generator_pyExport.cmake
[0.726s] -- Up-to-date: /home/rutvij/ros2_ws/src/rbe500_group_project/install/rrbot_gazebo/share/rrbot_gazebo/cmake/export_rrbot_gazebo__rosidl_generator_pyExport-noconfig.cmake
[0.726s] -- Up-to-date: /home/rutvij/ros2_ws/src/rbe500_group_project/install/rrbot_gazebo/share/rrbot_gazebo/cmake/rosidl_cmake-extras.cmake
[0.727s] -- Up-to-date: /home/rutvij/ros2_ws/src/rbe500_group_project/install/rrbot_gazebo/share/rrbot_gazebo/cmake/ament_cmake_export_dependencies-extras.cmake
[0.727s] -- Up-to-date: /home/rutvij/ros2_ws/src/rbe500_group_project/install/rrbot_gazebo/share/rrbot_gazebo/cmake/ament_cmake_export_include_directories-extras.cmake
[0.727s] -- Up-to-date: /home/rutvij/ros2_ws/src/rbe500_group_project/install/rrbot_gazebo/share/rrbot_gazebo/cmake/ament_cmake_export_libraries-extras.cmake
[0.727s] -- Up-to-date: /home/rutvij/ros2_ws/src/rbe500_group_project/install/rrbot_gazebo/share/rrbot_gazebo/cmake/ament_cmake_export_targets-extras.cmake
[0.727s] -- Up-to-date: /home/rutvij/ros2_ws/src/rbe500_group_project/install/rrbot_gazebo/share/rrbot_gazebo/cmake/rosidl_cmake_export_typesupport_targets-extras.cmake
[0.727s] -- Up-to-date: /home/rutvij/ros2_ws/src/rbe500_group_project/install/rrbot_gazebo/share/rrbot_gazebo/cmake/rosidl_cmake_export_typesupport_libraries-extras.cmake
[0.727s] -- Up-to-date: /home/rutvij/ros2_ws/src/rbe500_group_project/install/rrbot_gazebo/share/rrbot_gazebo/cmake/rrbot_gazeboConfig.cmake
[0.727s] -- Up-to-date: /home/rutvij/ros2_ws/src/rbe500_group_project/install/rrbot_gazebo/share/rrbot_gazebo/cmake/rrbot_gazeboConfig-version.cmake
[0.727s] -- Up-to-date: /home/rutvij/ros2_ws/src/rbe500_group_project/install/rrbot_gazebo/share/rrbot_gazebo/package.xml
[0.728s] -- Up-to-date: /home/rutvij/ros2_ws/src/rbe500_group_project/install/rrbot_gazebo/lib/rrbot_gazebo/forward_kinematics_node.py
[0.728s] -- Up-to-date: /home/rutvij/ros2_ws/src/rbe500_group_project/install/rrbot_gazebo/lib/rrbot_gazebo/inverse_kinematics_node.py
[0.731s] Invoked command in '/home/rutvij/ros2_ws/src/rbe500_group_project/build/rrbot_gazebo' returned '0': AMENT_PREFIX_PATH=/home/rutvij/ros2_ws/src/rbe500_group_project/install/rrbot_description:${AMENT_PREFIX_PATH} CMAKE_PREFIX_PATH=/home/rutvij/ros2_ws/src/rbe500_group_project/install/rrbot_description:/home/rutvij/ros2_ws/install/rrbot_gazebo:/home/rutvij/ros2_ws/install/rrbot_description:/home/rutvij/ros2_ws/install/rkd_hw3:/home/rutvij/ros2_ws/install/quat_to_euler:/home/rutvij/ros2_ws/install/my_robot_controller:/home/rutvij/ros2_ws/install/RBE500_HW1_RD:/opt/ros/humble /usr/bin/cmake --install /home/rutvij/ros2_ws/src/rbe500_group_project/build/rrbot_gazebo
