-- Found ament_cmake: 1.3.6 (/opt/ros/humble/share/ament_cmake/cmake)
-- Override CMake install command with custom implementation using symlinks instead of copying resources
-- Found rclpy: 3.3.11 (/opt/ros/humble/share/rclpy/cmake)
-- Found rclcpp: 16.0.7 (/opt/ros/humble/share/rclcpp/cmake)
-- Found rosidl_generator_c: 3.1.5 (/opt/ros/humble/share/rosidl_generator_c/cmake)
-- Found rosidl_adapter: 3.1.5 (/opt/ros/humble/share/rosidl_adapter/cmake)
-- Found rosidl_generator_cpp: 3.1.5 (/opt/ros/humble/share/rosidl_generator_cpp/cmake)
-- Using all available rosidl_typesupport_c: rosidl_typesupport_fastrtps_c;rosidl_typesupport_introspection_c
-- Using all available rosidl_typesupport_cpp: rosidl_typesupport_fastrtps_cpp;rosidl_typesupport_introspection_cpp
-- Found rmw_implementation_cmake: 6.1.1 (/opt/ros/humble/share/rmw_implementation_cmake/cmake)
-- Found rmw_fastrtps_cpp: 6.2.5 (/opt/ros/humble/share/rmw_fastrtps_cpp/cmake)
-- Using RMW implementation 'rmw_fastrtps_cpp' as default
-- Found geometry_msgs: 4.2.3 (/opt/ros/humble/share/geometry_msgs/cmake)
-- Found controller_manager_msgs: 2.35.0 (/opt/ros/humble/share/controller_manager_msgs/cmake)
-- Found rosidl_default_generators: 1.2.0 (/opt/ros/humble/share/rosidl_default_generators/cmake)
-- Found ament_cmake_ros: 0.10.0 (/opt/ros/humble/share/ament_cmake_ros/cmake)
-- Using all available rosidl_typesupport_c: rosidl_typesupport_fastrtps_c;rosidl_typesupport_introspection_c
-- Using all available rosidl_typesupport_cpp: rosidl_typesupport_fastrtps_cpp;rosidl_typesupport_introspection_cpp
-- Found PythonInterp: /usr/bin/python3 (found suitable version "3.10.12", minimum required is "3.6") 
-- Found python_cmake_module: 0.10.0 (/opt/ros/humble/share/python_cmake_module/cmake)
-- Found PythonLibs: /usr/lib/x86_64-linux-gnu/libpython3.10.so (found suitable version "3.10.12", minimum required is "3.5") 
-- Using PYTHON_EXECUTABLE: /usr/bin/python3
-- Using PYTHON_INCLUDE_DIRS: /usr/include/python3.10
-- Using PYTHON_LIBRARIES: /usr/lib/x86_64-linux-gnu/libpython3.10.so
-- Found PythonExtra: .so  
-- Configuring done
-- Generating done
-- Build files have been written to: /home/rutvij/rbe500_group_project-1/build/rrbot_gazebo
[  1%] [34m[1mGenerating C code for ROS interfaces[0m
[  5%] [32mBuilding CXX object CMakeFiles/switch.dir/src/controller_switch.cpp.o[0m
[  5%] [32mBuilding CXX object CMakeFiles/publisher.dir/src/position_publisher.cpp.o[0m
[  6%] [34m[1mGenerating C++ code for ROS interfaces[0m
[  6%] Built target ament_cmake_python_symlink_rrbot_gazebo
running egg_info
creating rrbot_gazebo.egg-info
writing rrbot_gazebo.egg-info/PKG-INFO
writing dependency_links to rrbot_gazebo.egg-info/dependency_links.txt
writing top-level names to rrbot_gazebo.egg-info/top_level.txt
writing manifest file 'rrbot_gazebo.egg-info/SOURCES.txt'
reading manifest file 'rrbot_gazebo.egg-info/SOURCES.txt'
writing manifest file 'rrbot_gazebo.egg-info/SOURCES.txt'
[  6%] Built target ament_cmake_python_build_rrbot_gazebo_egg
[  8%] [32mBuilding C object CMakeFiles/rrbot_gazebo__rosidl_generator_c.dir/rosidl_generator_c/rrbot_gazebo/srv/detail/cartesian_velocity_input__functions.c.o[0m
[ 11%] [32mBuilding C object CMakeFiles/rrbot_gazebo__rosidl_generator_c.dir/rosidl_generator_c/rrbot_gazebo/srv/detail/ik_service__functions.c.o[0m
[ 11%] [32mBuilding C object CMakeFiles/rrbot_gazebo__rosidl_generator_c.dir/rosidl_generator_c/rrbot_gazebo/srv/detail/control_input__functions.c.o[0m
[ 13%] [32mBuilding C object CMakeFiles/rrbot_gazebo__rosidl_generator_c.dir/rosidl_generator_c/rrbot_gazebo/srv/detail/joint_velocity_input__functions.c.o[0m
[ 13%] Built target rrbot_gazebo__cpp
[ 16%] [34m[1mGenerating C++ type support for eProsima Fast-RTPS[0m
[ 16%] [34m[1mGenerating C++ type support dispatch for ROS interfaces[0m
[ 18%] [34m[1mGenerating C++ introspection for ROS interfaces[0m
[ 20%] [32m[1mLinking C shared library librrbot_gazebo__rosidl_generator_c.so[0m
[ 20%] Built target rrbot_gazebo__rosidl_generator_c
[ 25%] [34m[1mGenerating C type support dispatch for ROS interfaces[0m
[ 25%] [34m[1mGenerating C type support for eProsima Fast-RTPS[0m
[ 25%] [34m[1mGenerating C introspection for ROS interfaces[0m
[ 27%] [32mBuilding CXX object CMakeFiles/rrbot_gazebo__rosidl_typesupport_introspection_cpp.dir/rosidl_typesupport_introspection_cpp/rrbot_gazebo/srv/detail/joint_velocity_input__type_support.cpp.o[0m
[ 30%] [32mBuilding CXX object CMakeFiles/rrbot_gazebo__rosidl_typesupport_introspection_cpp.dir/rosidl_typesupport_introspection_cpp/rrbot_gazebo/srv/detail/ik_service__type_support.cpp.o[0m
[ 30%] [32mBuilding CXX object CMakeFiles/rrbot_gazebo__rosidl_typesupport_introspection_cpp.dir/rosidl_typesupport_introspection_cpp/rrbot_gazebo/srv/detail/control_input__type_support.cpp.o[0m
[ 32%] [32mBuilding CXX object CMakeFiles/rrbot_gazebo__rosidl_typesupport_introspection_cpp.dir/rosidl_typesupport_introspection_cpp/rrbot_gazebo/srv/detail/cartesian_velocity_input__type_support.cpp.o[0m
[ 33%] [32mBuilding CXX object CMakeFiles/rrbot_gazebo__rosidl_typesupport_cpp.dir/rosidl_typesupport_cpp/rrbot_gazebo/srv/ik_service__type_support.cpp.o[0m
[ 35%] [32mBuilding CXX object CMakeFiles/rrbot_gazebo__rosidl_typesupport_cpp.dir/rosidl_typesupport_cpp/rrbot_gazebo/srv/control_input__type_support.cpp.o[0m
[ 37%] [32mBuilding CXX object CMakeFiles/rrbot_gazebo__rosidl_typesupport_fastrtps_cpp.dir/rosidl_typesupport_fastrtps_cpp/rrbot_gazebo/srv/detail/dds_fastrtps/ik_service__type_support.cpp.o[0m
[ 38%] [32mBuilding CXX object CMakeFiles/rrbot_gazebo__rosidl_typesupport_c.dir/rosidl_typesupport_c/rrbot_gazebo/srv/ik_service__type_support.cpp.o[0m
[ 40%] [32mBuilding CXX object CMakeFiles/rrbot_gazebo__rosidl_typesupport_fastrtps_cpp.dir/rosidl_typesupport_fastrtps_cpp/rrbot_gazebo/srv/detail/dds_fastrtps/control_input__type_support.cpp.o[0m
[ 42%] [32mBuilding CXX object CMakeFiles/rrbot_gazebo__rosidl_typesupport_c.dir/rosidl_typesupport_c/rrbot_gazebo/srv/control_input__type_support.cpp.o[0m
[ 44%] [32mBuilding CXX object CMakeFiles/rrbot_gazebo__rosidl_typesupport_c.dir/rosidl_typesupport_c/rrbot_gazebo/srv/cartesian_velocity_input__type_support.cpp.o[0m
[ 45%] [32mBuilding C object CMakeFiles/rrbot_gazebo__rosidl_typesupport_introspection_c.dir/rosidl_typesupport_introspection_c/rrbot_gazebo/srv/detail/ik_service__type_support.c.o[0m
[ 47%] [32mBuilding CXX object CMakeFiles/rrbot_gazebo__rosidl_typesupport_cpp.dir/rosidl_typesupport_cpp/rrbot_gazebo/srv/cartesian_velocity_input__type_support.cpp.o[0m
[ 49%] [32mBuilding CXX object CMakeFiles/rrbot_gazebo__rosidl_typesupport_c.dir/rosidl_typesupport_c/rrbot_gazebo/srv/joint_velocity_input__type_support.cpp.o[0m
[ 50%] [32mBuilding CXX object CMakeFiles/rrbot_gazebo__rosidl_typesupport_fastrtps_cpp.dir/rosidl_typesupport_fastrtps_cpp/rrbot_gazebo/srv/detail/dds_fastrtps/cartesian_velocity_input__type_support.cpp.o[0m
[ 52%] [32m[1mLinking CXX shared library librrbot_gazebo__rosidl_typesupport_introspection_cpp.so[0m
[ 54%] [32mBuilding CXX object CMakeFiles/rrbot_gazebo__rosidl_typesupport_fastrtps_cpp.dir/rosidl_typesupport_fastrtps_cpp/rrbot_gazebo/srv/detail/dds_fastrtps/joint_velocity_input__type_support.cpp.o[0m
[ 55%] [32mBuilding CXX object CMakeFiles/rrbot_gazebo__rosidl_typesupport_cpp.dir/rosidl_typesupport_cpp/rrbot_gazebo/srv/joint_velocity_input__type_support.cpp.o[0m
[ 57%] [32mBuilding C object CMakeFiles/rrbot_gazebo__rosidl_typesupport_introspection_c.dir/rosidl_typesupport_introspection_c/rrbot_gazebo/srv/detail/control_input__type_support.c.o[0m
[ 59%] [32mBuilding CXX object CMakeFiles/rrbot_gazebo__rosidl_typesupport_fastrtps_c.dir/rosidl_typesupport_fastrtps_c/rrbot_gazebo/srv/detail/ik_service__type_support_c.cpp.o[0m
[ 61%] [32m[1mLinking CXX shared library librrbot_gazebo__rosidl_typesupport_c.so[0m
[ 61%] Built target rrbot_gazebo__rosidl_typesupport_introspection_cpp
[ 62%] [32mBuilding CXX object CMakeFiles/rrbot_gazebo__rosidl_typesupport_fastrtps_c.dir/rosidl_typesupport_fastrtps_c/rrbot_gazebo/srv/detail/control_input__type_support_c.cpp.o[0m
[ 64%] [32mBuilding C object CMakeFiles/rrbot_gazebo__rosidl_typesupport_introspection_c.dir/rosidl_typesupport_introspection_c/rrbot_gazebo/srv/detail/cartesian_velocity_input__type_support.c.o[0m
[ 64%] Built target rrbot_gazebo__rosidl_typesupport_c
[ 66%] [32mBuilding C object CMakeFiles/rrbot_gazebo__rosidl_typesupport_introspection_c.dir/rosidl_typesupport_introspection_c/rrbot_gazebo/srv/detail/joint_velocity_input__type_support.c.o[0m
[ 67%] [32mBuilding CXX object CMakeFiles/rrbot_gazebo__rosidl_typesupport_fastrtps_c.dir/rosidl_typesupport_fastrtps_c/rrbot_gazebo/srv/detail/cartesian_velocity_input__type_support_c.cpp.o[0m
[ 69%] [32m[1mLinking C shared library librrbot_gazebo__rosidl_typesupport_introspection_c.so[0m
[ 71%] [32mBuilding CXX object CMakeFiles/rrbot_gazebo__rosidl_typesupport_fastrtps_c.dir/rosidl_typesupport_fastrtps_c/rrbot_gazebo/srv/detail/joint_velocity_input__type_support_c.cpp.o[0m
[ 71%] Built target rrbot_gazebo__rosidl_typesupport_introspection_c
[ 72%] [32m[1mLinking CXX shared library librrbot_gazebo__rosidl_typesupport_cpp.so[0m
[ 72%] Built target rrbot_gazebo__rosidl_typesupport_cpp
[ 74%] [32m[1mLinking CXX shared library librrbot_gazebo__rosidl_typesupport_fastrtps_cpp.so[0m
[ 74%] Built target rrbot_gazebo__rosidl_typesupport_fastrtps_cpp
[ 76%] [32m[1mLinking CXX shared library librrbot_gazebo__rosidl_typesupport_fastrtps_c.so[0m
[ 76%] Built target rrbot_gazebo__rosidl_typesupport_fastrtps_c
[ 76%] Built target rrbot_gazebo
[ 77%] [34m[1mGenerating Python code for ROS interfaces[0m
[ 77%] Built target rrbot_gazebo__py
[ 84%] [32mBuilding C object CMakeFiles/rrbot_gazebo__rosidl_generator_py.dir/rosidl_generator_py/rrbot_gazebo/srv/_joint_velocity_input_s.c.o[0m
[ 84%] [32mBuilding C object CMakeFiles/rrbot_gazebo__rosidl_generator_py.dir/rosidl_generator_py/rrbot_gazebo/srv/_control_input_s.c.o[0m
[ 84%] [32mBuilding C object CMakeFiles/rrbot_gazebo__rosidl_generator_py.dir/rosidl_generator_py/rrbot_gazebo/srv/_cartesian_velocity_input_s.c.o[0m
[ 84%] [32mBuilding C object CMakeFiles/rrbot_gazebo__rosidl_generator_py.dir/rosidl_generator_py/rrbot_gazebo/srv/_ik_service_s.c.o[0m
[ 86%] [32m[1mLinking C shared library rosidl_generator_py/rrbot_gazebo/librrbot_gazebo__rosidl_generator_py.so[0m
[ 86%] Built target rrbot_gazebo__rosidl_generator_py
[ 91%] [32mBuilding C object CMakeFiles/rrbot_gazebo__rosidl_typesupport_c__pyext.dir/rosidl_generator_py/rrbot_gazebo/_rrbot_gazebo_s.ep.rosidl_typesupport_c.c.o[0m
[ 91%] [32mBuilding C object CMakeFiles/rrbot_gazebo__rosidl_typesupport_introspection_c__pyext.dir/rosidl_generator_py/rrbot_gazebo/_rrbot_gazebo_s.ep.rosidl_typesupport_introspection_c.c.o[0m
[ 91%] [32mBuilding C object CMakeFiles/rrbot_gazebo__rosidl_typesupport_fastrtps_c__pyext.dir/rosidl_generator_py/rrbot_gazebo/_rrbot_gazebo_s.ep.rosidl_typesupport_fastrtps_c.c.o[0m
[ 93%] [32m[1mLinking CXX executable switch[0m
[ 94%] [32m[1mLinking C shared library rosidl_generator_py/rrbot_gazebo/rrbot_gazebo_s__rosidl_typesupport_c.cpython-310-x86_64-linux-gnu.so[0m
[ 96%] [32m[1mLinking C shared library rosidl_generator_py/rrbot_gazebo/rrbot_gazebo_s__rosidl_typesupport_fastrtps_c.cpython-310-x86_64-linux-gnu.so[0m
[ 98%] [32m[1mLinking C shared library rosidl_generator_py/rrbot_gazebo/rrbot_gazebo_s__rosidl_typesupport_introspection_c.cpython-310-x86_64-linux-gnu.so[0m
[ 98%] Built target rrbot_gazebo__rosidl_typesupport_fastrtps_c__pyext
[ 98%] Built target rrbot_gazebo__rosidl_typesupport_introspection_c__pyext
[ 98%] Built target rrbot_gazebo__rosidl_typesupport_c__pyext
[ 98%] Built target switch
[100%] [32m[1mLinking CXX executable publisher[0m
[100%] Built target publisher
-- Install configuration: ""
-- Execute custom install script
-- Symlinking: /home/rutvij/rbe500_group_project-1/install/rrbot_gazebo/lib/rrbot_gazebo/publisher
-- Symlinking: /home/rutvij/rbe500_group_project-1/install/rrbot_gazebo/lib/rrbot_gazebo/switch
-- Symlinking: /home/rutvij/rbe500_group_project-1/install/rrbot_gazebo/share/rrbot_gazebo/launch/rrbot_world.launch.py
-- Symlinking: /home/rutvij/rbe500_group_project-1/install/rrbot_gazebo/share/rrbot_gazebo/worlds/rrbot.world
-- Symlinking: /home/rutvij/rbe500_group_project-1/install/rrbot_gazebo/share/rrbot_gazebo/config/controllers.yaml
-- Symlinking: /home/rutvij/rbe500_group_project-1/install/rrbot_gazebo/share/rrbot_gazebo/config/gazebo_controllers.yaml
-- Symlinking: /home/rutvij/rbe500_group_project-1/install/rrbot_gazebo/lib/rrbot_gazebo/forward_kinematics_node.py
-- Symlinking: /home/rutvij/rbe500_group_project-1/install/rrbot_gazebo/lib/rrbot_gazebo/inverse_kinematics_node.py
-- Symlinking: /home/rutvij/rbe500_group_project-1/install/rrbot_gazebo/lib/rrbot_gazebo/joint_effort_control_node.py
-- Symlinking: /home/rutvij/rbe500_group_project-1/install/rrbot_gazebo/share/ament_index/resource_index/rosidl_interfaces/rrbot_gazebo
-- Symlinking: /home/rutvij/rbe500_group_project-1/install/rrbot_gazebo/include/rrbot_gazebo/rrbot_gazebo/msg/rosidl_generator_c__visibility_control.h
-- Symlinking: /home/rutvij/rbe500_group_project-1/install/rrbot_gazebo/include/rrbot_gazebo/rrbot_gazebo/srv/cartesian_velocity_input.h
-- Symlinking: /home/rutvij/rbe500_group_project-1/install/rrbot_gazebo/include/rrbot_gazebo/rrbot_gazebo/srv/control_input.h
-- Symlinking: /home/rutvij/rbe500_group_project-1/install/rrbot_gazebo/include/rrbot_gazebo/rrbot_gazebo/srv/detail/cartesian_velocity_input__functions.h
-- Symlinking: /home/rutvij/rbe500_group_project-1/install/rrbot_gazebo/include/rrbot_gazebo/rrbot_gazebo/srv/detail/cartesian_velocity_input__struct.h
-- Symlinking: /home/rutvij/rbe500_group_project-1/install/rrbot_gazebo/include/rrbot_gazebo/rrbot_gazebo/srv/detail/cartesian_velocity_input__type_support.h
-- Symlinking: /home/rutvij/rbe500_group_project-1/install/rrbot_gazebo/include/rrbot_gazebo/rrbot_gazebo/srv/detail/control_input__functions.h
-- Symlinking: /home/rutvij/rbe500_group_project-1/install/rrbot_gazebo/include/rrbot_gazebo/rrbot_gazebo/srv/detail/control_input__struct.h
-- Symlinking: /home/rutvij/rbe500_group_project-1/install/rrbot_gazebo/include/rrbot_gazebo/rrbot_gazebo/srv/detail/control_input__type_support.h
-- Symlinking: /home/rutvij/rbe500_group_project-1/install/rrbot_gazebo/include/rrbot_gazebo/rrbot_gazebo/srv/detail/ik_service__functions.h
-- Symlinking: /home/rutvij/rbe500_group_project-1/install/rrbot_gazebo/include/rrbot_gazebo/rrbot_gazebo/srv/detail/ik_service__struct.h
-- Symlinking: /home/rutvij/rbe500_group_project-1/install/rrbot_gazebo/include/rrbot_gazebo/rrbot_gazebo/srv/detail/ik_service__type_support.h
-- Symlinking: /home/rutvij/rbe500_group_project-1/install/rrbot_gazebo/include/rrbot_gazebo/rrbot_gazebo/srv/detail/joint_velocity_input__functions.h
-- Symlinking: /home/rutvij/rbe500_group_project-1/install/rrbot_gazebo/include/rrbot_gazebo/rrbot_gazebo/srv/detail/joint_velocity_input__struct.h
-- Symlinking: /home/rutvij/rbe500_group_project-1/install/rrbot_gazebo/include/rrbot_gazebo/rrbot_gazebo/srv/detail/joint_velocity_input__type_support.h
-- Symlinking: /home/rutvij/rbe500_group_project-1/install/rrbot_gazebo/include/rrbot_gazebo/rrbot_gazebo/srv/ik_service.h
-- Symlinking: /home/rutvij/rbe500_group_project-1/install/rrbot_gazebo/include/rrbot_gazebo/rrbot_gazebo/srv/joint_velocity_input.h
-- Symlinking: /home/rutvij/rbe500_group_project-1/install/rrbot_gazebo/share/rrbot_gazebo/environment/library_path.sh
-- Symlinking: /home/rutvij/rbe500_group_project-1/install/rrbot_gazebo/share/rrbot_gazebo/environment/library_path.dsv
-- Symlinking: /home/rutvij/rbe500_group_project-1/install/rrbot_gazebo/include/rrbot_gazebo/rrbot_gazebo/msg/rosidl_typesupport_fastrtps_c__visibility_control.h
-- Symlinking: /home/rutvij/rbe500_group_project-1/install/rrbot_gazebo/include/rrbot_gazebo/rrbot_gazebo/srv/detail/cartesian_velocity_input__rosidl_typesupport_fastrtps_c.h
-- Symlinking: /home/rutvij/rbe500_group_project-1/install/rrbot_gazebo/include/rrbot_gazebo/rrbot_gazebo/srv/detail/control_input__rosidl_typesupport_fastrtps_c.h
-- Symlinking: /home/rutvij/rbe500_group_project-1/install/rrbot_gazebo/include/rrbot_gazebo/rrbot_gazebo/srv/detail/ik_service__rosidl_typesupport_fastrtps_c.h
-- Symlinking: /home/rutvij/rbe500_group_project-1/install/rrbot_gazebo/include/rrbot_gazebo/rrbot_gazebo/srv/detail/joint_velocity_input__rosidl_typesupport_fastrtps_c.h
-- Symlinking: /home/rutvij/rbe500_group_project-1/install/rrbot_gazebo/include/rrbot_gazebo/rrbot_gazebo/srv/cartesian_velocity_input.hpp
-- Symlinking: /home/rutvij/rbe500_group_project-1/install/rrbot_gazebo/include/rrbot_gazebo/rrbot_gazebo/srv/control_input.hpp
-- Symlinking: /home/rutvij/rbe500_group_project-1/install/rrbot_gazebo/include/rrbot_gazebo/rrbot_gazebo/srv/detail/cartesian_velocity_input__builder.hpp
-- Symlinking: /home/rutvij/rbe500_group_project-1/install/rrbot_gazebo/include/rrbot_gazebo/rrbot_gazebo/srv/detail/cartesian_velocity_input__struct.hpp
-- Symlinking: /home/rutvij/rbe500_group_project-1/install/rrbot_gazebo/include/rrbot_gazebo/rrbot_gazebo/srv/detail/cartesian_velocity_input__traits.hpp
-- Symlinking: /home/rutvij/rbe500_group_project-1/install/rrbot_gazebo/include/rrbot_gazebo/rrbot_gazebo/srv/detail/control_input__builder.hpp
-- Symlinking: /home/rutvij/rbe500_group_project-1/install/rrbot_gazebo/include/rrbot_gazebo/rrbot_gazebo/srv/detail/control_input__struct.hpp
-- Symlinking: /home/rutvij/rbe500_group_project-1/install/rrbot_gazebo/include/rrbot_gazebo/rrbot_gazebo/srv/detail/control_input__traits.hpp
-- Symlinking: /home/rutvij/rbe500_group_project-1/install/rrbot_gazebo/include/rrbot_gazebo/rrbot_gazebo/srv/detail/ik_service__builder.hpp
-- Symlinking: /home/rutvij/rbe500_group_project-1/install/rrbot_gazebo/include/rrbot_gazebo/rrbot_gazebo/srv/detail/ik_service__struct.hpp
-- Symlinking: /home/rutvij/rbe500_group_project-1/install/rrbot_gazebo/include/rrbot_gazebo/rrbot_gazebo/srv/detail/ik_service__traits.hpp
-- Symlinking: /home/rutvij/rbe500_group_project-1/install/rrbot_gazebo/include/rrbot_gazebo/rrbot_gazebo/srv/detail/joint_velocity_input__builder.hpp
-- Symlinking: /home/rutvij/rbe500_group_project-1/install/rrbot_gazebo/include/rrbot_gazebo/rrbot_gazebo/srv/detail/joint_velocity_input__struct.hpp
-- Symlinking: /home/rutvij/rbe500_group_project-1/install/rrbot_gazebo/include/rrbot_gazebo/rrbot_gazebo/srv/detail/joint_velocity_input__traits.hpp
-- Symlinking: /home/rutvij/rbe500_group_project-1/install/rrbot_gazebo/include/rrbot_gazebo/rrbot_gazebo/srv/ik_service.hpp
-- Symlinking: /home/rutvij/rbe500_group_project-1/install/rrbot_gazebo/include/rrbot_gazebo/rrbot_gazebo/srv/joint_velocity_input.hpp
-- Symlinking: /home/rutvij/rbe500_group_project-1/install/rrbot_gazebo/include/rrbot_gazebo/rrbot_gazebo/msg/rosidl_typesupport_fastrtps_cpp__visibility_control.h
-- Symlinking: /home/rutvij/rbe500_group_project-1/install/rrbot_gazebo/include/rrbot_gazebo/rrbot_gazebo/srv/detail/cartesian_velocity_input__rosidl_typesupport_fastrtps_cpp.hpp
-- Symlinking: /home/rutvij/rbe500_group_project-1/install/rrbot_gazebo/include/rrbot_gazebo/rrbot_gazebo/srv/detail/control_input__rosidl_typesupport_fastrtps_cpp.hpp
-- Symlinking: /home/rutvij/rbe500_group_project-1/install/rrbot_gazebo/include/rrbot_gazebo/rrbot_gazebo/srv/detail/ik_service__rosidl_typesupport_fastrtps_cpp.hpp
-- Symlinking: /home/rutvij/rbe500_group_project-1/install/rrbot_gazebo/include/rrbot_gazebo/rrbot_gazebo/srv/detail/joint_velocity_input__rosidl_typesupport_fastrtps_cpp.hpp
-- Symlinking: /home/rutvij/rbe500_group_project-1/install/rrbot_gazebo/include/rrbot_gazebo/rrbot_gazebo/msg/rosidl_typesupport_introspection_c__visibility_control.h
-- Symlinking: /home/rutvij/rbe500_group_project-1/install/rrbot_gazebo/include/rrbot_gazebo/rrbot_gazebo/srv/detail/cartesian_velocity_input__rosidl_typesupport_introspection_c.h
-- Symlinking: /home/rutvij/rbe500_group_project-1/install/rrbot_gazebo/include/rrbot_gazebo/rrbot_gazebo/srv/detail/control_input__rosidl_typesupport_introspection_c.h
-- Symlinking: /home/rutvij/rbe500_group_project-1/install/rrbot_gazebo/include/rrbot_gazebo/rrbot_gazebo/srv/detail/ik_service__rosidl_typesupport_introspection_c.h
-- Symlinking: /home/rutvij/rbe500_group_project-1/install/rrbot_gazebo/include/rrbot_gazebo/rrbot_gazebo/srv/detail/joint_velocity_input__rosidl_typesupport_introspection_c.h
-- Symlinking: /home/rutvij/rbe500_group_project-1/install/rrbot_gazebo/include/rrbot_gazebo/rrbot_gazebo/srv/detail/cartesian_velocity_input__rosidl_typesupport_introspection_cpp.hpp
-- Symlinking: /home/rutvij/rbe500_group_project-1/install/rrbot_gazebo/include/rrbot_gazebo/rrbot_gazebo/srv/detail/control_input__rosidl_typesupport_introspection_cpp.hpp
-- Symlinking: /home/rutvij/rbe500_group_project-1/install/rrbot_gazebo/include/rrbot_gazebo/rrbot_gazebo/srv/detail/ik_service__rosidl_typesupport_introspection_cpp.hpp
-- Symlinking: /home/rutvij/rbe500_group_project-1/install/rrbot_gazebo/include/rrbot_gazebo/rrbot_gazebo/srv/detail/joint_velocity_input__rosidl_typesupport_introspection_cpp.hpp
-- Symlinking: /home/rutvij/rbe500_group_project-1/install/rrbot_gazebo/share/rrbot_gazebo/environment/pythonpath.sh
-- Symlinking: /home/rutvij/rbe500_group_project-1/install/rrbot_gazebo/share/rrbot_gazebo/environment/pythonpath.dsv
-- Symlinking: /home/rutvij/rbe500_group_project-1/install/rrbot_gazebo/local/lib/python3.10/dist-packages/rrbot_gazebo-0.2.0-py3.10.egg-info/PKG-INFO
-- Symlinking: /home/rutvij/rbe500_group_project-1/install/rrbot_gazebo/local/lib/python3.10/dist-packages/rrbot_gazebo-0.2.0-py3.10.egg-info/SOURCES.txt
-- Symlinking: /home/rutvij/rbe500_group_project-1/install/rrbot_gazebo/local/lib/python3.10/dist-packages/rrbot_gazebo-0.2.0-py3.10.egg-info/dependency_links.txt
-- Symlinking: /home/rutvij/rbe500_group_project-1/install/rrbot_gazebo/local/lib/python3.10/dist-packages/rrbot_gazebo-0.2.0-py3.10.egg-info/top_level.txt
-- Symlinking: /home/rutvij/rbe500_group_project-1/install/rrbot_gazebo/local/lib/python3.10/dist-packages/rrbot_gazebo/__init__.py
-- Symlinking: /home/rutvij/rbe500_group_project-1/install/rrbot_gazebo/local/lib/python3.10/dist-packages/rrbot_gazebo/_rrbot_gazebo_s.ep.rosidl_typesupport_c.c
-- Symlinking: /home/rutvij/rbe500_group_project-1/install/rrbot_gazebo/local/lib/python3.10/dist-packages/rrbot_gazebo/_rrbot_gazebo_s.ep.rosidl_typesupport_fastrtps_c.c
-- Symlinking: /home/rutvij/rbe500_group_project-1/install/rrbot_gazebo/local/lib/python3.10/dist-packages/rrbot_gazebo/_rrbot_gazebo_s.ep.rosidl_typesupport_introspection_c.c
-- Symlinking: /home/rutvij/rbe500_group_project-1/install/rrbot_gazebo/local/lib/python3.10/dist-packages/rrbot_gazebo/librrbot_gazebo__rosidl_generator_py.so
-- Symlinking: /home/rutvij/rbe500_group_project-1/install/rrbot_gazebo/local/lib/python3.10/dist-packages/rrbot_gazebo/rrbot_gazebo_s__rosidl_typesupport_c.cpython-310-x86_64-linux-gnu.so
-- Symlinking: /home/rutvij/rbe500_group_project-1/install/rrbot_gazebo/local/lib/python3.10/dist-packages/rrbot_gazebo/rrbot_gazebo_s__rosidl_typesupport_fastrtps_c.cpython-310-x86_64-linux-gnu.so
-- Symlinking: /home/rutvij/rbe500_group_project-1/install/rrbot_gazebo/local/lib/python3.10/dist-packages/rrbot_gazebo/rrbot_gazebo_s__rosidl_typesupport_introspection_c.cpython-310-x86_64-linux-gnu.so
-- Symlinking: /home/rutvij/rbe500_group_project-1/install/rrbot_gazebo/local/lib/python3.10/dist-packages/rrbot_gazebo/srv/__init__.py
-- Symlinking: /home/rutvij/rbe500_group_project-1/install/rrbot_gazebo/local/lib/python3.10/dist-packages/rrbot_gazebo/srv/_cartesian_velocity_input.py
-- Symlinking: /home/rutvij/rbe500_group_project-1/install/rrbot_gazebo/local/lib/python3.10/dist-packages/rrbot_gazebo/srv/_cartesian_velocity_input_s.c
-- Symlinking: /home/rutvij/rbe500_group_project-1/install/rrbot_gazebo/local/lib/python3.10/dist-packages/rrbot_gazebo/srv/_control_input.py
-- Symlinking: /home/rutvij/rbe500_group_project-1/install/rrbot_gazebo/local/lib/python3.10/dist-packages/rrbot_gazebo/srv/_control_input_s.c
-- Symlinking: /home/rutvij/rbe500_group_project-1/install/rrbot_gazebo/local/lib/python3.10/dist-packages/rrbot_gazebo/srv/_ik_service.py
-- Symlinking: /home/rutvij/rbe500_group_project-1/install/rrbot_gazebo/local/lib/python3.10/dist-packages/rrbot_gazebo/srv/_ik_service_s.c
-- Symlinking: /home/rutvij/rbe500_group_project-1/install/rrbot_gazebo/local/lib/python3.10/dist-packages/rrbot_gazebo/srv/_joint_velocity_input.py
-- Symlinking: /home/rutvij/rbe500_group_project-1/install/rrbot_gazebo/local/lib/python3.10/dist-packages/rrbot_gazebo/srv/_joint_velocity_input_s.c
-- Up-to-date symlink: /home/rutvij/rbe500_group_project-1/install/rrbot_gazebo/local/lib/python3.10/dist-packages/rrbot_gazebo/rrbot_gazebo_s__rosidl_typesupport_fastrtps_c.cpython-310-x86_64-linux-gnu.so
-- Up-to-date symlink: /home/rutvij/rbe500_group_project-1/install/rrbot_gazebo/local/lib/python3.10/dist-packages/rrbot_gazebo/rrbot_gazebo_s__rosidl_typesupport_introspection_c.cpython-310-x86_64-linux-gnu.so
-- Up-to-date symlink: /home/rutvij/rbe500_group_project-1/install/rrbot_gazebo/local/lib/python3.10/dist-packages/rrbot_gazebo/rrbot_gazebo_s__rosidl_typesupport_c.cpython-310-x86_64-linux-gnu.so
-- Symlinking: /home/rutvij/rbe500_group_project-1/install/rrbot_gazebo/share/rrbot_gazebo/srv/IKService.idl
-- Symlinking: /home/rutvij/rbe500_group_project-1/install/rrbot_gazebo/share/rrbot_gazebo/srv/ControlInput.idl
-- Symlinking: /home/rutvij/rbe500_group_project-1/install/rrbot_gazebo/share/rrbot_gazebo/srv/CartesianVelocityInput.idl
-- Symlinking: /home/rutvij/rbe500_group_project-1/install/rrbot_gazebo/share/rrbot_gazebo/srv/JointVelocityInput.idl
-- Symlinking: /home/rutvij/rbe500_group_project-1/install/rrbot_gazebo/share/rrbot_gazebo/srv/IKService.srv
-- Symlinking: /home/rutvij/rbe500_group_project-1/install/rrbot_gazebo/share/rrbot_gazebo/srv/IKService_Request.msg
-- Symlinking: /home/rutvij/rbe500_group_project-1/install/rrbot_gazebo/share/rrbot_gazebo/srv/IKService_Response.msg
-- Symlinking: /home/rutvij/rbe500_group_project-1/install/rrbot_gazebo/share/rrbot_gazebo/srv/ControlInput.srv
-- Symlinking: /home/rutvij/rbe500_group_project-1/install/rrbot_gazebo/share/rrbot_gazebo/srv/ControlInput_Request.msg
-- Symlinking: /home/rutvij/rbe500_group_project-1/install/rrbot_gazebo/share/rrbot_gazebo/srv/ControlInput_Response.msg
-- Symlinking: /home/rutvij/rbe500_group_project-1/install/rrbot_gazebo/share/rrbot_gazebo/srv/CartesianVelocityInput.srv
-- Symlinking: /home/rutvij/rbe500_group_project-1/install/rrbot_gazebo/share/rrbot_gazebo/srv/CartesianVelocityInput_Request.msg
-- Symlinking: /home/rutvij/rbe500_group_project-1/install/rrbot_gazebo/share/rrbot_gazebo/srv/CartesianVelocityInput_Response.msg
-- Symlinking: /home/rutvij/rbe500_group_project-1/install/rrbot_gazebo/share/rrbot_gazebo/srv/JointVelocityInput.srv
-- Symlinking: /home/rutvij/rbe500_group_project-1/install/rrbot_gazebo/share/rrbot_gazebo/srv/JointVelocityInput_Request.msg
-- Symlinking: /home/rutvij/rbe500_group_project-1/install/rrbot_gazebo/share/rrbot_gazebo/srv/JointVelocityInput_Response.msg
-- Symlinking: /home/rutvij/rbe500_group_project-1/install/rrbot_gazebo/share/ament_index/resource_index/package_run_dependencies/rrbot_gazebo
-- Symlinking: /home/rutvij/rbe500_group_project-1/install/rrbot_gazebo/share/ament_index/resource_index/parent_prefix_path/rrbot_gazebo
-- Symlinking: /home/rutvij/rbe500_group_project-1/install/rrbot_gazebo/share/rrbot_gazebo/environment/ament_prefix_path.sh
-- Symlinking: /home/rutvij/rbe500_group_project-1/install/rrbot_gazebo/share/rrbot_gazebo/environment/ament_prefix_path.dsv
-- Symlinking: /home/rutvij/rbe500_group_project-1/install/rrbot_gazebo/share/rrbot_gazebo/environment/path.sh
-- Symlinking: /home/rutvij/rbe500_group_project-1/install/rrbot_gazebo/share/rrbot_gazebo/environment/path.dsv
-- Symlinking: /home/rutvij/rbe500_group_project-1/install/rrbot_gazebo/share/rrbot_gazebo/local_setup.bash
-- Symlinking: /home/rutvij/rbe500_group_project-1/install/rrbot_gazebo/share/rrbot_gazebo/local_setup.sh
-- Symlinking: /home/rutvij/rbe500_group_project-1/install/rrbot_gazebo/share/rrbot_gazebo/local_setup.zsh
-- Symlinking: /home/rutvij/rbe500_group_project-1/install/rrbot_gazebo/share/rrbot_gazebo/local_setup.dsv
-- Symlinking: /home/rutvij/rbe500_group_project-1/install/rrbot_gazebo/share/rrbot_gazebo/package.dsv
-- Symlinking: /home/rutvij/rbe500_group_project-1/install/rrbot_gazebo/share/ament_index/resource_index/packages/rrbot_gazebo
-- Symlinking: /home/rutvij/rbe500_group_project-1/install/rrbot_gazebo/share/rrbot_gazebo/cmake/rosidl_cmake-extras.cmake
-- Symlinking: /home/rutvij/rbe500_group_project-1/install/rrbot_gazebo/share/rrbot_gazebo/cmake/ament_cmake_export_dependencies-extras.cmake
-- Symlinking: /home/rutvij/rbe500_group_project-1/install/rrbot_gazebo/share/rrbot_gazebo/cmake/ament_cmake_export_include_directories-extras.cmake
-- Symlinking: /home/rutvij/rbe500_group_project-1/install/rrbot_gazebo/share/rrbot_gazebo/cmake/ament_cmake_export_libraries-extras.cmake
-- Symlinking: /home/rutvij/rbe500_group_project-1/install/rrbot_gazebo/share/rrbot_gazebo/cmake/ament_cmake_export_targets-extras.cmake
-- Symlinking: /home/rutvij/rbe500_group_project-1/install/rrbot_gazebo/share/rrbot_gazebo/cmake/rosidl_cmake_export_typesupport_targets-extras.cmake
-- Symlinking: /home/rutvij/rbe500_group_project-1/install/rrbot_gazebo/share/rrbot_gazebo/cmake/rosidl_cmake_export_typesupport_libraries-extras.cmake
-- Symlinking: /home/rutvij/rbe500_group_project-1/install/rrbot_gazebo/share/rrbot_gazebo/cmake/rrbot_gazeboConfig.cmake
-- Symlinking: /home/rutvij/rbe500_group_project-1/install/rrbot_gazebo/share/rrbot_gazebo/cmake/rrbot_gazeboConfig-version.cmake
-- Symlinking: /home/rutvij/rbe500_group_project-1/install/rrbot_gazebo/share/rrbot_gazebo/package.xml
-- Installing: /home/rutvij/rbe500_group_project-1/install/rrbot_gazebo/lib/librrbot_gazebo__rosidl_generator_c.so
-- Set runtime path of "/home/rutvij/rbe500_group_project-1/install/rrbot_gazebo/lib/librrbot_gazebo__rosidl_generator_c.so" to ""
-- Installing: /home/rutvij/rbe500_group_project-1/install/rrbot_gazebo/lib/librrbot_gazebo__rosidl_typesupport_fastrtps_c.so
-- Set runtime path of "/home/rutvij/rbe500_group_project-1/install/rrbot_gazebo/lib/librrbot_gazebo__rosidl_typesupport_fastrtps_c.so" to ""
-- Installing: /home/rutvij/rbe500_group_project-1/install/rrbot_gazebo/lib/librrbot_gazebo__rosidl_typesupport_fastrtps_cpp.so
-- Set runtime path of "/home/rutvij/rbe500_group_project-1/install/rrbot_gazebo/lib/librrbot_gazebo__rosidl_typesupport_fastrtps_cpp.so" to ""
-- Installing: /home/rutvij/rbe500_group_project-1/install/rrbot_gazebo/lib/librrbot_gazebo__rosidl_typesupport_introspection_c.so
-- Set runtime path of "/home/rutvij/rbe500_group_project-1/install/rrbot_gazebo/lib/librrbot_gazebo__rosidl_typesupport_introspection_c.so" to ""
-- Installing: /home/rutvij/rbe500_group_project-1/install/rrbot_gazebo/lib/librrbot_gazebo__rosidl_typesupport_c.so
-- Set runtime path of "/home/rutvij/rbe500_group_project-1/install/rrbot_gazebo/lib/librrbot_gazebo__rosidl_typesupport_c.so" to ""
-- Installing: /home/rutvij/rbe500_group_project-1/install/rrbot_gazebo/lib/librrbot_gazebo__rosidl_typesupport_introspection_cpp.so
-- Set runtime path of "/home/rutvij/rbe500_group_project-1/install/rrbot_gazebo/lib/librrbot_gazebo__rosidl_typesupport_introspection_cpp.so" to ""
-- Installing: /home/rutvij/rbe500_group_project-1/install/rrbot_gazebo/lib/librrbot_gazebo__rosidl_typesupport_cpp.so
-- Set runtime path of "/home/rutvij/rbe500_group_project-1/install/rrbot_gazebo/lib/librrbot_gazebo__rosidl_typesupport_cpp.so" to ""
Listing '/home/rutvij/rbe500_group_project-1/install/rrbot_gazebo/local/lib/python3.10/dist-packages/rrbot_gazebo'...
Compiling '/home/rutvij/rbe500_group_project-1/install/rrbot_gazebo/local/lib/python3.10/dist-packages/rrbot_gazebo/__init__.py'...
Listing '/home/rutvij/rbe500_group_project-1/install/rrbot_gazebo/local/lib/python3.10/dist-packages/rrbot_gazebo/srv'...
Compiling '/home/rutvij/rbe500_group_project-1/install/rrbot_gazebo/local/lib/python3.10/dist-packages/rrbot_gazebo/srv/__init__.py'...
Compiling '/home/rutvij/rbe500_group_project-1/install/rrbot_gazebo/local/lib/python3.10/dist-packages/rrbot_gazebo/srv/_cartesian_velocity_input.py'...
Compiling '/home/rutvij/rbe500_group_project-1/install/rrbot_gazebo/local/lib/python3.10/dist-packages/rrbot_gazebo/srv/_control_input.py'...
Compiling '/home/rutvij/rbe500_group_project-1/install/rrbot_gazebo/local/lib/python3.10/dist-packages/rrbot_gazebo/srv/_ik_service.py'...
Compiling '/home/rutvij/rbe500_group_project-1/install/rrbot_gazebo/local/lib/python3.10/dist-packages/rrbot_gazebo/srv/_joint_velocity_input.py'...
-- Installing: /home/rutvij/rbe500_group_project-1/install/rrbot_gazebo/lib/librrbot_gazebo__rosidl_generator_py.so
-- Set runtime path of "/home/rutvij/rbe500_group_project-1/install/rrbot_gazebo/lib/librrbot_gazebo__rosidl_generator_py.so" to ""
-- Installing: /home/rutvij/rbe500_group_project-1/install/rrbot_gazebo/share/rrbot_gazebo/cmake/export_rrbot_gazebo__rosidl_generator_cExport.cmake
-- Installing: /home/rutvij/rbe500_group_project-1/install/rrbot_gazebo/share/rrbot_gazebo/cmake/export_rrbot_gazebo__rosidl_generator_cExport-noconfig.cmake
-- Installing: /home/rutvij/rbe500_group_project-1/install/rrbot_gazebo/share/rrbot_gazebo/cmake/export_rrbot_gazebo__rosidl_typesupport_fastrtps_cExport.cmake
-- Installing: /home/rutvij/rbe500_group_project-1/install/rrbot_gazebo/share/rrbot_gazebo/cmake/export_rrbot_gazebo__rosidl_typesupport_fastrtps_cExport-noconfig.cmake
-- Installing: /home/rutvij/rbe500_group_project-1/install/rrbot_gazebo/share/rrbot_gazebo/cmake/export_rrbot_gazebo__rosidl_generator_cppExport.cmake
-- Installing: /home/rutvij/rbe500_group_project-1/install/rrbot_gazebo/share/rrbot_gazebo/cmake/export_rrbot_gazebo__rosidl_typesupport_fastrtps_cppExport.cmake
-- Installing: /home/rutvij/rbe500_group_project-1/install/rrbot_gazebo/share/rrbot_gazebo/cmake/export_rrbot_gazebo__rosidl_typesupport_fastrtps_cppExport-noconfig.cmake
-- Installing: /home/rutvij/rbe500_group_project-1/install/rrbot_gazebo/share/rrbot_gazebo/cmake/rrbot_gazebo__rosidl_typesupport_introspection_cExport.cmake
-- Installing: /home/rutvij/rbe500_group_project-1/install/rrbot_gazebo/share/rrbot_gazebo/cmake/rrbot_gazebo__rosidl_typesupport_introspection_cExport-noconfig.cmake
-- Installing: /home/rutvij/rbe500_group_project-1/install/rrbot_gazebo/share/rrbot_gazebo/cmake/rrbot_gazebo__rosidl_typesupport_cExport.cmake
-- Installing: /home/rutvij/rbe500_group_project-1/install/rrbot_gazebo/share/rrbot_gazebo/cmake/rrbot_gazebo__rosidl_typesupport_cExport-noconfig.cmake
-- Installing: /home/rutvij/rbe500_group_project-1/install/rrbot_gazebo/share/rrbot_gazebo/cmake/rrbot_gazebo__rosidl_typesupport_introspection_cppExport.cmake
-- Installing: /home/rutvij/rbe500_group_project-1/install/rrbot_gazebo/share/rrbot_gazebo/cmake/rrbot_gazebo__rosidl_typesupport_introspection_cppExport-noconfig.cmake
-- Installing: /home/rutvij/rbe500_group_project-1/install/rrbot_gazebo/share/rrbot_gazebo/cmake/rrbot_gazebo__rosidl_typesupport_cppExport.cmake
-- Installing: /home/rutvij/rbe500_group_project-1/install/rrbot_gazebo/share/rrbot_gazebo/cmake/rrbot_gazebo__rosidl_typesupport_cppExport-noconfig.cmake
-- Installing: /home/rutvij/rbe500_group_project-1/install/rrbot_gazebo/share/rrbot_gazebo/cmake/export_rrbot_gazebo__rosidl_generator_pyExport.cmake
-- Installing: /home/rutvij/rbe500_group_project-1/install/rrbot_gazebo/share/rrbot_gazebo/cmake/export_rrbot_gazebo__rosidl_generator_pyExport-noconfig.cmake
