[0.035s] Invoking command in '/home/rutvij/rbe500_group_project-1/build/rrbot_gazebo': AMENT_PREFIX_PATH=/home/rutvij/rbe500_group_project-1/install/rrbot_description:${AMENT_PREFIX_PATH} CMAKE_PREFIX_PATH=/home/rutvij/rbe500_group_project-1/install/rrbot_description:/home/rutvij/ros2_ws/install/rrbot_gazebo:/home/rutvij/ros2_ws/install/rrbot_description:/home/rutvij/ros2_ws/install/my_robot_controller:/opt/ros/humble /usr/bin/cmake /home/rutvij/rbe500_group_project-1/rrbot_simulation_files/rrbot_gazebo -DAMENT_CMAKE_SYMLINK_INSTALL=1 -DCMAKE_INSTALL_PREFIX=/home/rutvij/rbe500_group_project-1/install/rrbot_gazebo
[0.042s] -- Found ament_cmake: 1.3.6 (/opt/ros/humble/share/ament_cmake/cmake)
[0.117s] -- Override CMake install command with custom implementation using symlinks instead of copying resources
[0.124s] -- Found rclpy: 3.3.11 (/opt/ros/humble/share/rclpy/cmake)
[0.125s] -- Found rclcpp: 16.0.7 (/opt/ros/humble/share/rclcpp/cmake)
[0.167s] -- Found rosidl_generator_c: 3.1.5 (/opt/ros/humble/share/rosidl_generator_c/cmake)
[0.174s] -- Found rosidl_adapter: 3.1.5 (/opt/ros/humble/share/rosidl_adapter/cmake)
[0.180s] -- Found rosidl_generator_cpp: 3.1.5 (/opt/ros/humble/share/rosidl_generator_cpp/cmake)
[0.189s] -- Using all available rosidl_typesupport_c: rosidl_typesupport_fastrtps_c;rosidl_typesupport_introspection_c
[0.202s] -- Using all available rosidl_typesupport_cpp: rosidl_typesupport_fastrtps_cpp;rosidl_typesupport_introspection_cpp
[0.247s] -- Found rmw_implementation_cmake: 6.1.1 (/opt/ros/humble/share/rmw_implementation_cmake/cmake)
[0.252s] -- Found rmw_fastrtps_cpp: 6.2.5 (/opt/ros/humble/share/rmw_fastrtps_cpp/cmake)
[0.347s] -- Using RMW implementation 'rmw_fastrtps_cpp' as default
[0.448s] -- Found geometry_msgs: 4.2.3 (/opt/ros/humble/share/geometry_msgs/cmake)
[0.475s] -- Found controller_manager_msgs: 2.35.0 (/opt/ros/humble/share/controller_manager_msgs/cmake)
[0.511s] -- Found rosidl_default_generators: 1.2.0 (/opt/ros/humble/share/rosidl_default_generators/cmake)
[0.694s] -- Found ament_cmake_ros: 0.10.0 (/opt/ros/humble/share/ament_cmake_ros/cmake)
[0.924s] -- Using all available rosidl_typesupport_c: rosidl_typesupport_fastrtps_c;rosidl_typesupport_introspection_c
[1.010s] -- Using all available rosidl_typesupport_cpp: rosidl_typesupport_fastrtps_cpp;rosidl_typesupport_introspection_cpp
[1.023s] -- Found PythonInterp: /usr/bin/python3 (found suitable version "3.10.12", minimum required is "3.6") 
[1.024s] -- Found python_cmake_module: 0.10.0 (/opt/ros/humble/share/python_cmake_module/cmake)
[1.040s] -- Found PythonLibs: /usr/lib/x86_64-linux-gnu/libpython3.10.so (found suitable version "3.10.12", minimum required is "3.5") 
[1.040s] -- Using PYTHON_EXECUTABLE: /usr/bin/python3
[1.040s] -- Using PYTHON_INCLUDE_DIRS: /usr/include/python3.10
[1.040s] -- Using PYTHON_LIBRARIES: /usr/lib/x86_64-linux-gnu/libpython3.10.so
[1.052s] -- Found PythonExtra: .so  
[1.091s] -- Configuring done
[1.113s] -- Generating done
[1.115s] -- Build files have been written to: /home/rutvij/rbe500_group_project-1/build/rrbot_gazebo
[1.120s] Invoked command in '/home/rutvij/rbe500_group_project-1/build/rrbot_gazebo' returned '0': AMENT_PREFIX_PATH=/home/rutvij/rbe500_group_project-1/install/rrbot_description:${AMENT_PREFIX_PATH} CMAKE_PREFIX_PATH=/home/rutvij/rbe500_group_project-1/install/rrbot_description:/home/rutvij/ros2_ws/install/rrbot_gazebo:/home/rutvij/ros2_ws/install/rrbot_description:/home/rutvij/ros2_ws/install/my_robot_controller:/opt/ros/humble /usr/bin/cmake /home/rutvij/rbe500_group_project-1/rrbot_simulation_files/rrbot_gazebo -DAMENT_CMAKE_SYMLINK_INSTALL=1 -DCMAKE_INSTALL_PREFIX=/home/rutvij/rbe500_group_project-1/install/rrbot_gazebo
[1.121s] Invoking command in '/home/rutvij/rbe500_group_project-1/build/rrbot_gazebo': AMENT_PREFIX_PATH=/home/rutvij/rbe500_group_project-1/install/rrbot_description:${AMENT_PREFIX_PATH} CMAKE_PREFIX_PATH=/home/rutvij/rbe500_group_project-1/install/rrbot_description:/home/rutvij/ros2_ws/install/rrbot_gazebo:/home/rutvij/ros2_ws/install/rrbot_description:/home/rutvij/ros2_ws/install/my_robot_controller:/opt/ros/humble /usr/bin/cmake --build /home/rutvij/rbe500_group_project-1/build/rrbot_gazebo -- -j12 -l12
[1.145s] [  1%] [34m[1mGenerating C code for ROS interfaces[0m
[1.149s] [  5%] [32mBuilding CXX object CMakeFiles/switch.dir/src/controller_switch.cpp.o[0m
[1.149s] [  5%] [32mBuilding CXX object CMakeFiles/publisher.dir/src/position_publisher.cpp.o[0m
[1.153s] [  6%] [34m[1mGenerating C++ code for ROS interfaces[0m
[1.159s] [  6%] Built target ament_cmake_python_symlink_rrbot_gazebo
[1.303s] running egg_info
[1.303s] creating rrbot_gazebo.egg-info
[1.304s] writing rrbot_gazebo.egg-info/PKG-INFO
[1.304s] writing dependency_links to rrbot_gazebo.egg-info/dependency_links.txt
[1.304s] writing top-level names to rrbot_gazebo.egg-info/top_level.txt
[1.304s] writing manifest file 'rrbot_gazebo.egg-info/SOURCES.txt'
[1.306s] reading manifest file 'rrbot_gazebo.egg-info/SOURCES.txt'
[1.306s] writing manifest file 'rrbot_gazebo.egg-info/SOURCES.txt'
[1.323s] [  6%] Built target ament_cmake_python_build_rrbot_gazebo_egg
[1.490s] [  8%] [32mBuilding C object CMakeFiles/rrbot_gazebo__rosidl_generator_c.dir/rosidl_generator_c/rrbot_gazebo/srv/detail/cartesian_velocity_input__functions.c.o[0m
[1.490s] [ 11%] [32mBuilding C object CMakeFiles/rrbot_gazebo__rosidl_generator_c.dir/rosidl_generator_c/rrbot_gazebo/srv/detail/ik_service__functions.c.o[0m
[1.490s] [ 11%] [32mBuilding C object CMakeFiles/rrbot_gazebo__rosidl_generator_c.dir/rosidl_generator_c/rrbot_gazebo/srv/detail/control_input__functions.c.o[0m
[1.490s] [ 13%] [32mBuilding C object CMakeFiles/rrbot_gazebo__rosidl_generator_c.dir/rosidl_generator_c/rrbot_gazebo/srv/detail/joint_velocity_input__functions.c.o[0m
[1.538s] [ 13%] Built target rrbot_gazebo__cpp
[1.545s] [ 16%] [34m[1mGenerating C++ type support for eProsima Fast-RTPS[0m
[1.545s] [ 16%] [34m[1mGenerating C++ type support dispatch for ROS interfaces[0m
[1.547s] [ 18%] [34m[1mGenerating C++ introspection for ROS interfaces[0m
[1.661s] [ 20%] [32m[1mLinking C shared library librrbot_gazebo__rosidl_generator_c.so[0m
[1.719s] [ 20%] Built target rrbot_gazebo__rosidl_generator_c
[1.729s] [ 25%] [34m[1mGenerating C type support dispatch for ROS interfaces[0m
[1.729s] [ 25%] [34m[1mGenerating C type support for eProsima Fast-RTPS[0m
[1.729s] [ 25%] [34m[1mGenerating C introspection for ROS interfaces[0m
[1.874s] [ 27%] [32mBuilding CXX object CMakeFiles/rrbot_gazebo__rosidl_typesupport_introspection_cpp.dir/rosidl_typesupport_introspection_cpp/rrbot_gazebo/srv/detail/joint_velocity_input__type_support.cpp.o[0m
[1.874s] [ 30%] [32mBuilding CXX object CMakeFiles/rrbot_gazebo__rosidl_typesupport_introspection_cpp.dir/rosidl_typesupport_introspection_cpp/rrbot_gazebo/srv/detail/ik_service__type_support.cpp.o[0m
[1.874s] [ 30%] [32mBuilding CXX object CMakeFiles/rrbot_gazebo__rosidl_typesupport_introspection_cpp.dir/rosidl_typesupport_introspection_cpp/rrbot_gazebo/srv/detail/control_input__type_support.cpp.o[0m
[1.876s] [ 32%] [32mBuilding CXX object CMakeFiles/rrbot_gazebo__rosidl_typesupport_introspection_cpp.dir/rosidl_typesupport_introspection_cpp/rrbot_gazebo/srv/detail/cartesian_velocity_input__type_support.cpp.o[0m
[1.950s] [ 33%] [32mBuilding CXX object CMakeFiles/rrbot_gazebo__rosidl_typesupport_cpp.dir/rosidl_typesupport_cpp/rrbot_gazebo/srv/ik_service__type_support.cpp.o[0m
[1.970s] [ 35%] [32mBuilding CXX object CMakeFiles/rrbot_gazebo__rosidl_typesupport_cpp.dir/rosidl_typesupport_cpp/rrbot_gazebo/srv/control_input__type_support.cpp.o[0m
[1.992s] [ 37%] [32mBuilding CXX object CMakeFiles/rrbot_gazebo__rosidl_typesupport_fastrtps_cpp.dir/rosidl_typesupport_fastrtps_cpp/rrbot_gazebo/srv/detail/dds_fastrtps/ik_service__type_support.cpp.o[0m
[2.173s] [ 38%] [32mBuilding CXX object CMakeFiles/rrbot_gazebo__rosidl_typesupport_c.dir/rosidl_typesupport_c/rrbot_gazebo/srv/ik_service__type_support.cpp.o[0m
[2.202s] [ 40%] [32mBuilding CXX object CMakeFiles/rrbot_gazebo__rosidl_typesupport_fastrtps_cpp.dir/rosidl_typesupport_fastrtps_cpp/rrbot_gazebo/srv/detail/dds_fastrtps/control_input__type_support.cpp.o[0m
[2.206s] [ 42%] [32mBuilding CXX object CMakeFiles/rrbot_gazebo__rosidl_typesupport_c.dir/rosidl_typesupport_c/rrbot_gazebo/srv/control_input__type_support.cpp.o[0m
[2.240s] [ 44%] [32mBuilding CXX object CMakeFiles/rrbot_gazebo__rosidl_typesupport_c.dir/rosidl_typesupport_c/rrbot_gazebo/srv/cartesian_velocity_input__type_support.cpp.o[0m
[2.253s] [ 45%] [32mBuilding C object CMakeFiles/rrbot_gazebo__rosidl_typesupport_introspection_c.dir/rosidl_typesupport_introspection_c/rrbot_gazebo/srv/detail/ik_service__type_support.c.o[0m
[2.254s] [ 47%] [32mBuilding CXX object CMakeFiles/rrbot_gazebo__rosidl_typesupport_cpp.dir/rosidl_typesupport_cpp/rrbot_gazebo/srv/cartesian_velocity_input__type_support.cpp.o[0m
[2.272s] [ 49%] [32mBuilding CXX object CMakeFiles/rrbot_gazebo__rosidl_typesupport_c.dir/rosidl_typesupport_c/rrbot_gazebo/srv/joint_velocity_input__type_support.cpp.o[0m
[2.274s] [ 50%] [32mBuilding CXX object CMakeFiles/rrbot_gazebo__rosidl_typesupport_fastrtps_cpp.dir/rosidl_typesupport_fastrtps_cpp/rrbot_gazebo/srv/detail/dds_fastrtps/cartesian_velocity_input__type_support.cpp.o[0m
[2.278s] [ 52%] [32m[1mLinking CXX shared library librrbot_gazebo__rosidl_typesupport_introspection_cpp.so[0m
[2.285s] [ 54%] [32mBuilding CXX object CMakeFiles/rrbot_gazebo__rosidl_typesupport_fastrtps_cpp.dir/rosidl_typesupport_fastrtps_cpp/rrbot_gazebo/srv/detail/dds_fastrtps/joint_velocity_input__type_support.cpp.o[0m
[2.290s] [ 55%] [32mBuilding CXX object CMakeFiles/rrbot_gazebo__rosidl_typesupport_cpp.dir/rosidl_typesupport_cpp/rrbot_gazebo/srv/joint_velocity_input__type_support.cpp.o[0m
[2.302s] [ 57%] [32mBuilding C object CMakeFiles/rrbot_gazebo__rosidl_typesupport_introspection_c.dir/rosidl_typesupport_introspection_c/rrbot_gazebo/srv/detail/control_input__type_support.c.o[0m
[2.312s] [ 59%] [32mBuilding CXX object CMakeFiles/rrbot_gazebo__rosidl_typesupport_fastrtps_c.dir/rosidl_typesupport_fastrtps_c/rrbot_gazebo/srv/detail/ik_service__type_support_c.cpp.o[0m
[2.332s] [ 61%] [32m[1mLinking CXX shared library librrbot_gazebo__rosidl_typesupport_c.so[0m
[2.333s] [ 61%] Built target rrbot_gazebo__rosidl_typesupport_introspection_cpp
[2.344s] [ 62%] [32mBuilding CXX object CMakeFiles/rrbot_gazebo__rosidl_typesupport_fastrtps_c.dir/rosidl_typesupport_fastrtps_c/rrbot_gazebo/srv/detail/control_input__type_support_c.cpp.o[0m
[2.347s] [ 64%] [32mBuilding C object CMakeFiles/rrbot_gazebo__rosidl_typesupport_introspection_c.dir/rosidl_typesupport_introspection_c/rrbot_gazebo/srv/detail/cartesian_velocity_input__type_support.c.o[0m
[2.396s] [ 64%] Built target rrbot_gazebo__rosidl_typesupport_c
[2.399s] [ 66%] [32mBuilding C object CMakeFiles/rrbot_gazebo__rosidl_typesupport_introspection_c.dir/rosidl_typesupport_introspection_c/rrbot_gazebo/srv/detail/joint_velocity_input__type_support.c.o[0m
[2.406s] [ 67%] [32mBuilding CXX object CMakeFiles/rrbot_gazebo__rosidl_typesupport_fastrtps_c.dir/rosidl_typesupport_fastrtps_c/rrbot_gazebo/srv/detail/cartesian_velocity_input__type_support_c.cpp.o[0m
[2.439s] [ 69%] [32m[1mLinking C shared library librrbot_gazebo__rosidl_typesupport_introspection_c.so[0m
[2.451s] [ 71%] [32mBuilding CXX object CMakeFiles/rrbot_gazebo__rosidl_typesupport_fastrtps_c.dir/rosidl_typesupport_fastrtps_c/rrbot_gazebo/srv/detail/joint_velocity_input__type_support_c.cpp.o[0m
[2.501s] [ 71%] Built target rrbot_gazebo__rosidl_typesupport_introspection_c
[2.571s] [ 72%] [32m[1mLinking CXX shared library librrbot_gazebo__rosidl_typesupport_cpp.so[0m
[2.603s] [ 72%] Built target rrbot_gazebo__rosidl_typesupport_cpp
[2.714s] [ 74%] [32m[1mLinking CXX shared library librrbot_gazebo__rosidl_typesupport_fastrtps_cpp.so[0m
[2.788s] [ 74%] Built target rrbot_gazebo__rosidl_typesupport_fastrtps_cpp
[2.804s] [ 76%] [32m[1mLinking CXX shared library librrbot_gazebo__rosidl_typesupport_fastrtps_c.so[0m
[2.869s] [ 76%] Built target rrbot_gazebo__rosidl_typesupport_fastrtps_c
[2.885s] [ 76%] Built target rrbot_gazebo
[2.902s] [ 77%] [34m[1mGenerating Python code for ROS interfaces[0m
[3.710s] [ 77%] Built target rrbot_gazebo__py
[3.728s] [ 84%] [32mBuilding C object CMakeFiles/rrbot_gazebo__rosidl_generator_py.dir/rosidl_generator_py/rrbot_gazebo/srv/_joint_velocity_input_s.c.o[0m
[3.728s] [ 84%] [32mBuilding C object CMakeFiles/rrbot_gazebo__rosidl_generator_py.dir/rosidl_generator_py/rrbot_gazebo/srv/_control_input_s.c.o[0m
[3.728s] [ 84%] [32mBuilding C object CMakeFiles/rrbot_gazebo__rosidl_generator_py.dir/rosidl_generator_py/rrbot_gazebo/srv/_cartesian_velocity_input_s.c.o[0m
[3.728s] [ 84%] [32mBuilding C object CMakeFiles/rrbot_gazebo__rosidl_generator_py.dir/rosidl_generator_py/rrbot_gazebo/srv/_ik_service_s.c.o[0m
[3.850s] [ 86%] [32m[1mLinking C shared library rosidl_generator_py/rrbot_gazebo/librrbot_gazebo__rosidl_generator_py.so[0m
[3.893s] [ 86%] Built target rrbot_gazebo__rosidl_generator_py
[3.911s] [ 91%] [32mBuilding C object CMakeFiles/rrbot_gazebo__rosidl_typesupport_c__pyext.dir/rosidl_generator_py/rrbot_gazebo/_rrbot_gazebo_s.ep.rosidl_typesupport_c.c.o[0m
[3.911s] [ 91%] [32mBuilding C object CMakeFiles/rrbot_gazebo__rosidl_typesupport_introspection_c__pyext.dir/rosidl_generator_py/rrbot_gazebo/_rrbot_gazebo_s.ep.rosidl_typesupport_introspection_c.c.o[0m
[3.911s] [ 91%] [32mBuilding C object CMakeFiles/rrbot_gazebo__rosidl_typesupport_fastrtps_c__pyext.dir/rosidl_generator_py/rrbot_gazebo/_rrbot_gazebo_s.ep.rosidl_typesupport_fastrtps_c.c.o[0m
[3.966s] [ 93%] [32m[1mLinking CXX executable switch[0m
[4.011s] [ 94%] [32m[1mLinking C shared library rosidl_generator_py/rrbot_gazebo/rrbot_gazebo_s__rosidl_typesupport_c.cpython-310-x86_64-linux-gnu.so[0m
[4.014s] [ 96%] [32m[1mLinking C shared library rosidl_generator_py/rrbot_gazebo/rrbot_gazebo_s__rosidl_typesupport_fastrtps_c.cpython-310-x86_64-linux-gnu.so[0m
[4.016s] [ 98%] [32m[1mLinking C shared library rosidl_generator_py/rrbot_gazebo/rrbot_gazebo_s__rosidl_typesupport_introspection_c.cpython-310-x86_64-linux-gnu.so[0m
[4.043s] [ 98%] Built target rrbot_gazebo__rosidl_typesupport_fastrtps_c__pyext
[4.046s] [ 98%] Built target rrbot_gazebo__rosidl_typesupport_introspection_c__pyext
[4.047s] [ 98%] Built target rrbot_gazebo__rosidl_typesupport_c__pyext
[4.098s] [ 98%] Built target switch
[4.478s] [100%] [32m[1mLinking CXX executable publisher[0m
[4.576s] [100%] Built target publisher
[4.582s] Invoked command in '/home/rutvij/rbe500_group_project-1/build/rrbot_gazebo' returned '0': AMENT_PREFIX_PATH=/home/rutvij/rbe500_group_project-1/install/rrbot_description:${AMENT_PREFIX_PATH} CMAKE_PREFIX_PATH=/home/rutvij/rbe500_group_project-1/install/rrbot_description:/home/rutvij/ros2_ws/install/rrbot_gazebo:/home/rutvij/ros2_ws/install/rrbot_description:/home/rutvij/ros2_ws/install/my_robot_controller:/opt/ros/humble /usr/bin/cmake --build /home/rutvij/rbe500_group_project-1/build/rrbot_gazebo -- -j12 -l12
[4.634s] Invoking command in '/home/rutvij/rbe500_group_project-1/build/rrbot_gazebo': AMENT_PREFIX_PATH=/home/rutvij/rbe500_group_project-1/install/rrbot_description:${AMENT_PREFIX_PATH} CMAKE_PREFIX_PATH=/home/rutvij/rbe500_group_project-1/install/rrbot_description:/home/rutvij/ros2_ws/install/rrbot_gazebo:/home/rutvij/ros2_ws/install/rrbot_description:/home/rutvij/ros2_ws/install/my_robot_controller:/opt/ros/humble /usr/bin/cmake --install /home/rutvij/rbe500_group_project-1/build/rrbot_gazebo
[4.639s] -- Install configuration: ""
[4.639s] -- Execute custom install script
[4.639s] -- Symlinking: /home/rutvij/rbe500_group_project-1/install/rrbot_gazebo/lib/rrbot_gazebo/publisher
[4.645s] -- Symlinking: /home/rutvij/rbe500_group_project-1/install/rrbot_gazebo/lib/rrbot_gazebo/switch
[4.649s] -- Symlinking: /home/rutvij/rbe500_group_project-1/install/rrbot_gazebo/share/rrbot_gazebo/launch/rrbot_world.launch.py
[4.654s] -- Symlinking: /home/rutvij/rbe500_group_project-1/install/rrbot_gazebo/share/rrbot_gazebo/worlds/rrbot.world
[4.659s] -- Symlinking: /home/rutvij/rbe500_group_project-1/install/rrbot_gazebo/share/rrbot_gazebo/config/controllers.yaml
[4.663s] -- Symlinking: /home/rutvij/rbe500_group_project-1/install/rrbot_gazebo/share/rrbot_gazebo/config/gazebo_controllers.yaml
[4.668s] -- Symlinking: /home/rutvij/rbe500_group_project-1/install/rrbot_gazebo/lib/rrbot_gazebo/forward_kinematics_node.py
[4.672s] -- Symlinking: /home/rutvij/rbe500_group_project-1/install/rrbot_gazebo/lib/rrbot_gazebo/inverse_kinematics_node.py
[4.676s] -- Symlinking: /home/rutvij/rbe500_group_project-1/install/rrbot_gazebo/lib/rrbot_gazebo/joint_effort_control_node.py
[4.680s] -- Symlinking: /home/rutvij/rbe500_group_project-1/install/rrbot_gazebo/share/ament_index/resource_index/rosidl_interfaces/rrbot_gazebo
[4.684s] -- Symlinking: /home/rutvij/rbe500_group_project-1/install/rrbot_gazebo/include/rrbot_gazebo/rrbot_gazebo/msg/rosidl_generator_c__visibility_control.h
[4.689s] -- Symlinking: /home/rutvij/rbe500_group_project-1/install/rrbot_gazebo/include/rrbot_gazebo/rrbot_gazebo/srv/cartesian_velocity_input.h
[4.693s] -- Symlinking: /home/rutvij/rbe500_group_project-1/install/rrbot_gazebo/include/rrbot_gazebo/rrbot_gazebo/srv/control_input.h
[4.697s] -- Symlinking: /home/rutvij/rbe500_group_project-1/install/rrbot_gazebo/include/rrbot_gazebo/rrbot_gazebo/srv/detail/cartesian_velocity_input__functions.h
[4.702s] -- Symlinking: /home/rutvij/rbe500_group_project-1/install/rrbot_gazebo/include/rrbot_gazebo/rrbot_gazebo/srv/detail/cartesian_velocity_input__struct.h
[4.706s] -- Symlinking: /home/rutvij/rbe500_group_project-1/install/rrbot_gazebo/include/rrbot_gazebo/rrbot_gazebo/srv/detail/cartesian_velocity_input__type_support.h
[4.710s] -- Symlinking: /home/rutvij/rbe500_group_project-1/install/rrbot_gazebo/include/rrbot_gazebo/rrbot_gazebo/srv/detail/control_input__functions.h
[4.714s] -- Symlinking: /home/rutvij/rbe500_group_project-1/install/rrbot_gazebo/include/rrbot_gazebo/rrbot_gazebo/srv/detail/control_input__struct.h
[4.718s] -- Symlinking: /home/rutvij/rbe500_group_project-1/install/rrbot_gazebo/include/rrbot_gazebo/rrbot_gazebo/srv/detail/control_input__type_support.h
[4.722s] -- Symlinking: /home/rutvij/rbe500_group_project-1/install/rrbot_gazebo/include/rrbot_gazebo/rrbot_gazebo/srv/detail/ik_service__functions.h
[4.727s] -- Symlinking: /home/rutvij/rbe500_group_project-1/install/rrbot_gazebo/include/rrbot_gazebo/rrbot_gazebo/srv/detail/ik_service__struct.h
[4.731s] -- Symlinking: /home/rutvij/rbe500_group_project-1/install/rrbot_gazebo/include/rrbot_gazebo/rrbot_gazebo/srv/detail/ik_service__type_support.h
[4.735s] -- Symlinking: /home/rutvij/rbe500_group_project-1/install/rrbot_gazebo/include/rrbot_gazebo/rrbot_gazebo/srv/detail/joint_velocity_input__functions.h
[4.740s] -- Symlinking: /home/rutvij/rbe500_group_project-1/install/rrbot_gazebo/include/rrbot_gazebo/rrbot_gazebo/srv/detail/joint_velocity_input__struct.h
[4.744s] -- Symlinking: /home/rutvij/rbe500_group_project-1/install/rrbot_gazebo/include/rrbot_gazebo/rrbot_gazebo/srv/detail/joint_velocity_input__type_support.h
[4.749s] -- Symlinking: /home/rutvij/rbe500_group_project-1/install/rrbot_gazebo/include/rrbot_gazebo/rrbot_gazebo/srv/ik_service.h
[4.754s] -- Symlinking: /home/rutvij/rbe500_group_project-1/install/rrbot_gazebo/include/rrbot_gazebo/rrbot_gazebo/srv/joint_velocity_input.h
[4.759s] -- Symlinking: /home/rutvij/rbe500_group_project-1/install/rrbot_gazebo/share/rrbot_gazebo/environment/library_path.sh
[4.764s] -- Symlinking: /home/rutvij/rbe500_group_project-1/install/rrbot_gazebo/share/rrbot_gazebo/environment/library_path.dsv
[4.768s] -- Symlinking: /home/rutvij/rbe500_group_project-1/install/rrbot_gazebo/include/rrbot_gazebo/rrbot_gazebo/msg/rosidl_typesupport_fastrtps_c__visibility_control.h
[4.773s] -- Symlinking: /home/rutvij/rbe500_group_project-1/install/rrbot_gazebo/include/rrbot_gazebo/rrbot_gazebo/srv/detail/cartesian_velocity_input__rosidl_typesupport_fastrtps_c.h
[4.777s] -- Symlinking: /home/rutvij/rbe500_group_project-1/install/rrbot_gazebo/include/rrbot_gazebo/rrbot_gazebo/srv/detail/control_input__rosidl_typesupport_fastrtps_c.h
[4.781s] -- Symlinking: /home/rutvij/rbe500_group_project-1/install/rrbot_gazebo/include/rrbot_gazebo/rrbot_gazebo/srv/detail/ik_service__rosidl_typesupport_fastrtps_c.h
[4.786s] -- Symlinking: /home/rutvij/rbe500_group_project-1/install/rrbot_gazebo/include/rrbot_gazebo/rrbot_gazebo/srv/detail/joint_velocity_input__rosidl_typesupport_fastrtps_c.h
[4.790s] -- Symlinking: /home/rutvij/rbe500_group_project-1/install/rrbot_gazebo/include/rrbot_gazebo/rrbot_gazebo/srv/cartesian_velocity_input.hpp
[4.794s] -- Symlinking: /home/rutvij/rbe500_group_project-1/install/rrbot_gazebo/include/rrbot_gazebo/rrbot_gazebo/srv/control_input.hpp
[4.798s] -- Symlinking: /home/rutvij/rbe500_group_project-1/install/rrbot_gazebo/include/rrbot_gazebo/rrbot_gazebo/srv/detail/cartesian_velocity_input__builder.hpp
[4.802s] -- Symlinking: /home/rutvij/rbe500_group_project-1/install/rrbot_gazebo/include/rrbot_gazebo/rrbot_gazebo/srv/detail/cartesian_velocity_input__struct.hpp
[4.806s] -- Symlinking: /home/rutvij/rbe500_group_project-1/install/rrbot_gazebo/include/rrbot_gazebo/rrbot_gazebo/srv/detail/cartesian_velocity_input__traits.hpp
[4.811s] -- Symlinking: /home/rutvij/rbe500_group_project-1/install/rrbot_gazebo/include/rrbot_gazebo/rrbot_gazebo/srv/detail/control_input__builder.hpp
[4.815s] -- Symlinking: /home/rutvij/rbe500_group_project-1/install/rrbot_gazebo/include/rrbot_gazebo/rrbot_gazebo/srv/detail/control_input__struct.hpp
[4.819s] -- Symlinking: /home/rutvij/rbe500_group_project-1/install/rrbot_gazebo/include/rrbot_gazebo/rrbot_gazebo/srv/detail/control_input__traits.hpp
[4.823s] -- Symlinking: /home/rutvij/rbe500_group_project-1/install/rrbot_gazebo/include/rrbot_gazebo/rrbot_gazebo/srv/detail/ik_service__builder.hpp
[4.827s] -- Symlinking: /home/rutvij/rbe500_group_project-1/install/rrbot_gazebo/include/rrbot_gazebo/rrbot_gazebo/srv/detail/ik_service__struct.hpp
[4.831s] -- Symlinking: /home/rutvij/rbe500_group_project-1/install/rrbot_gazebo/include/rrbot_gazebo/rrbot_gazebo/srv/detail/ik_service__traits.hpp
[4.836s] -- Symlinking: /home/rutvij/rbe500_group_project-1/install/rrbot_gazebo/include/rrbot_gazebo/rrbot_gazebo/srv/detail/joint_velocity_input__builder.hpp
[4.840s] -- Symlinking: /home/rutvij/rbe500_group_project-1/install/rrbot_gazebo/include/rrbot_gazebo/rrbot_gazebo/srv/detail/joint_velocity_input__struct.hpp
[4.844s] -- Symlinking: /home/rutvij/rbe500_group_project-1/install/rrbot_gazebo/include/rrbot_gazebo/rrbot_gazebo/srv/detail/joint_velocity_input__traits.hpp
[4.849s] -- Symlinking: /home/rutvij/rbe500_group_project-1/install/rrbot_gazebo/include/rrbot_gazebo/rrbot_gazebo/srv/ik_service.hpp
[4.853s] -- Symlinking: /home/rutvij/rbe500_group_project-1/install/rrbot_gazebo/include/rrbot_gazebo/rrbot_gazebo/srv/joint_velocity_input.hpp
[4.859s] -- Symlinking: /home/rutvij/rbe500_group_project-1/install/rrbot_gazebo/include/rrbot_gazebo/rrbot_gazebo/msg/rosidl_typesupport_fastrtps_cpp__visibility_control.h
[4.863s] -- Symlinking: /home/rutvij/rbe500_group_project-1/install/rrbot_gazebo/include/rrbot_gazebo/rrbot_gazebo/srv/detail/cartesian_velocity_input__rosidl_typesupport_fastrtps_cpp.hpp
[4.868s] -- Symlinking: /home/rutvij/rbe500_group_project-1/install/rrbot_gazebo/include/rrbot_gazebo/rrbot_gazebo/srv/detail/control_input__rosidl_typesupport_fastrtps_cpp.hpp
[4.872s] -- Symlinking: /home/rutvij/rbe500_group_project-1/install/rrbot_gazebo/include/rrbot_gazebo/rrbot_gazebo/srv/detail/ik_service__rosidl_typesupport_fastrtps_cpp.hpp
[4.877s] -- Symlinking: /home/rutvij/rbe500_group_project-1/install/rrbot_gazebo/include/rrbot_gazebo/rrbot_gazebo/srv/detail/joint_velocity_input__rosidl_typesupport_fastrtps_cpp.hpp
[4.882s] -- Symlinking: /home/rutvij/rbe500_group_project-1/install/rrbot_gazebo/include/rrbot_gazebo/rrbot_gazebo/msg/rosidl_typesupport_introspection_c__visibility_control.h
[4.886s] -- Symlinking: /home/rutvij/rbe500_group_project-1/install/rrbot_gazebo/include/rrbot_gazebo/rrbot_gazebo/srv/detail/cartesian_velocity_input__rosidl_typesupport_introspection_c.h
[4.891s] -- Symlinking: /home/rutvij/rbe500_group_project-1/install/rrbot_gazebo/include/rrbot_gazebo/rrbot_gazebo/srv/detail/control_input__rosidl_typesupport_introspection_c.h
[4.896s] -- Symlinking: /home/rutvij/rbe500_group_project-1/install/rrbot_gazebo/include/rrbot_gazebo/rrbot_gazebo/srv/detail/ik_service__rosidl_typesupport_introspection_c.h
[4.900s] -- Symlinking: /home/rutvij/rbe500_group_project-1/install/rrbot_gazebo/include/rrbot_gazebo/rrbot_gazebo/srv/detail/joint_velocity_input__rosidl_typesupport_introspection_c.h
[4.905s] -- Symlinking: /home/rutvij/rbe500_group_project-1/install/rrbot_gazebo/include/rrbot_gazebo/rrbot_gazebo/srv/detail/cartesian_velocity_input__rosidl_typesupport_introspection_cpp.hpp
[4.909s] -- Symlinking: /home/rutvij/rbe500_group_project-1/install/rrbot_gazebo/include/rrbot_gazebo/rrbot_gazebo/srv/detail/control_input__rosidl_typesupport_introspection_cpp.hpp
[4.913s] -- Symlinking: /home/rutvij/rbe500_group_project-1/install/rrbot_gazebo/include/rrbot_gazebo/rrbot_gazebo/srv/detail/ik_service__rosidl_typesupport_introspection_cpp.hpp
[4.917s] -- Symlinking: /home/rutvij/rbe500_group_project-1/install/rrbot_gazebo/include/rrbot_gazebo/rrbot_gazebo/srv/detail/joint_velocity_input__rosidl_typesupport_introspection_cpp.hpp
[4.922s] -- Symlinking: /home/rutvij/rbe500_group_project-1/install/rrbot_gazebo/share/rrbot_gazebo/environment/pythonpath.sh
[4.926s] -- Symlinking: /home/rutvij/rbe500_group_project-1/install/rrbot_gazebo/share/rrbot_gazebo/environment/pythonpath.dsv
[4.931s] -- Symlinking: /home/rutvij/rbe500_group_project-1/install/rrbot_gazebo/local/lib/python3.10/dist-packages/rrbot_gazebo-0.2.0-py3.10.egg-info/PKG-INFO
[4.935s] -- Symlinking: /home/rutvij/rbe500_group_project-1/install/rrbot_gazebo/local/lib/python3.10/dist-packages/rrbot_gazebo-0.2.0-py3.10.egg-info/SOURCES.txt
[4.939s] -- Symlinking: /home/rutvij/rbe500_group_project-1/install/rrbot_gazebo/local/lib/python3.10/dist-packages/rrbot_gazebo-0.2.0-py3.10.egg-info/dependency_links.txt
[4.944s] -- Symlinking: /home/rutvij/rbe500_group_project-1/install/rrbot_gazebo/local/lib/python3.10/dist-packages/rrbot_gazebo-0.2.0-py3.10.egg-info/top_level.txt
[4.949s] -- Symlinking: /home/rutvij/rbe500_group_project-1/install/rrbot_gazebo/local/lib/python3.10/dist-packages/rrbot_gazebo/__init__.py
[4.954s] -- Symlinking: /home/rutvij/rbe500_group_project-1/install/rrbot_gazebo/local/lib/python3.10/dist-packages/rrbot_gazebo/_rrbot_gazebo_s.ep.rosidl_typesupport_c.c
[4.959s] -- Symlinking: /home/rutvij/rbe500_group_project-1/install/rrbot_gazebo/local/lib/python3.10/dist-packages/rrbot_gazebo/_rrbot_gazebo_s.ep.rosidl_typesupport_fastrtps_c.c
[4.964s] -- Symlinking: /home/rutvij/rbe500_group_project-1/install/rrbot_gazebo/local/lib/python3.10/dist-packages/rrbot_gazebo/_rrbot_gazebo_s.ep.rosidl_typesupport_introspection_c.c
[4.968s] -- Symlinking: /home/rutvij/rbe500_group_project-1/install/rrbot_gazebo/local/lib/python3.10/dist-packages/rrbot_gazebo/librrbot_gazebo__rosidl_generator_py.so
[4.972s] -- Symlinking: /home/rutvij/rbe500_group_project-1/install/rrbot_gazebo/local/lib/python3.10/dist-packages/rrbot_gazebo/rrbot_gazebo_s__rosidl_typesupport_c.cpython-310-x86_64-linux-gnu.so
[4.977s] -- Symlinking: /home/rutvij/rbe500_group_project-1/install/rrbot_gazebo/local/lib/python3.10/dist-packages/rrbot_gazebo/rrbot_gazebo_s__rosidl_typesupport_fastrtps_c.cpython-310-x86_64-linux-gnu.so
[4.981s] -- Symlinking: /home/rutvij/rbe500_group_project-1/install/rrbot_gazebo/local/lib/python3.10/dist-packages/rrbot_gazebo/rrbot_gazebo_s__rosidl_typesupport_introspection_c.cpython-310-x86_64-linux-gnu.so
[4.985s] -- Symlinking: /home/rutvij/rbe500_group_project-1/install/rrbot_gazebo/local/lib/python3.10/dist-packages/rrbot_gazebo/srv/__init__.py
[4.990s] -- Symlinking: /home/rutvij/rbe500_group_project-1/install/rrbot_gazebo/local/lib/python3.10/dist-packages/rrbot_gazebo/srv/_cartesian_velocity_input.py
[4.994s] -- Symlinking: /home/rutvij/rbe500_group_project-1/install/rrbot_gazebo/local/lib/python3.10/dist-packages/rrbot_gazebo/srv/_cartesian_velocity_input_s.c
[4.998s] -- Symlinking: /home/rutvij/rbe500_group_project-1/install/rrbot_gazebo/local/lib/python3.10/dist-packages/rrbot_gazebo/srv/_control_input.py
[5.002s] -- Symlinking: /home/rutvij/rbe500_group_project-1/install/rrbot_gazebo/local/lib/python3.10/dist-packages/rrbot_gazebo/srv/_control_input_s.c
[5.007s] -- Symlinking: /home/rutvij/rbe500_group_project-1/install/rrbot_gazebo/local/lib/python3.10/dist-packages/rrbot_gazebo/srv/_ik_service.py
[5.011s] -- Symlinking: /home/rutvij/rbe500_group_project-1/install/rrbot_gazebo/local/lib/python3.10/dist-packages/rrbot_gazebo/srv/_ik_service_s.c
[5.015s] -- Symlinking: /home/rutvij/rbe500_group_project-1/install/rrbot_gazebo/local/lib/python3.10/dist-packages/rrbot_gazebo/srv/_joint_velocity_input.py
[5.019s] -- Symlinking: /home/rutvij/rbe500_group_project-1/install/rrbot_gazebo/local/lib/python3.10/dist-packages/rrbot_gazebo/srv/_joint_velocity_input_s.c
[5.024s] -- Up-to-date symlink: /home/rutvij/rbe500_group_project-1/install/rrbot_gazebo/local/lib/python3.10/dist-packages/rrbot_gazebo/rrbot_gazebo_s__rosidl_typesupport_fastrtps_c.cpython-310-x86_64-linux-gnu.so
[5.024s] -- Up-to-date symlink: /home/rutvij/rbe500_group_project-1/install/rrbot_gazebo/local/lib/python3.10/dist-packages/rrbot_gazebo/rrbot_gazebo_s__rosidl_typesupport_introspection_c.cpython-310-x86_64-linux-gnu.so
[5.024s] -- Up-to-date symlink: /home/rutvij/rbe500_group_project-1/install/rrbot_gazebo/local/lib/python3.10/dist-packages/rrbot_gazebo/rrbot_gazebo_s__rosidl_typesupport_c.cpython-310-x86_64-linux-gnu.so
[5.024s] -- Symlinking: /home/rutvij/rbe500_group_project-1/install/rrbot_gazebo/share/rrbot_gazebo/srv/IKService.idl
[5.028s] -- Symlinking: /home/rutvij/rbe500_group_project-1/install/rrbot_gazebo/share/rrbot_gazebo/srv/ControlInput.idl
[5.032s] -- Symlinking: /home/rutvij/rbe500_group_project-1/install/rrbot_gazebo/share/rrbot_gazebo/srv/CartesianVelocityInput.idl
[5.037s] -- Symlinking: /home/rutvij/rbe500_group_project-1/install/rrbot_gazebo/share/rrbot_gazebo/srv/JointVelocityInput.idl
[5.041s] -- Symlinking: /home/rutvij/rbe500_group_project-1/install/rrbot_gazebo/share/rrbot_gazebo/srv/IKService.srv
[5.046s] -- Symlinking: /home/rutvij/rbe500_group_project-1/install/rrbot_gazebo/share/rrbot_gazebo/srv/IKService_Request.msg
[5.050s] -- Symlinking: /home/rutvij/rbe500_group_project-1/install/rrbot_gazebo/share/rrbot_gazebo/srv/IKService_Response.msg
[5.055s] -- Symlinking: /home/rutvij/rbe500_group_project-1/install/rrbot_gazebo/share/rrbot_gazebo/srv/ControlInput.srv
[5.059s] -- Symlinking: /home/rutvij/rbe500_group_project-1/install/rrbot_gazebo/share/rrbot_gazebo/srv/ControlInput_Request.msg
[5.064s] -- Symlinking: /home/rutvij/rbe500_group_project-1/install/rrbot_gazebo/share/rrbot_gazebo/srv/ControlInput_Response.msg
[5.068s] -- Symlinking: /home/rutvij/rbe500_group_project-1/install/rrbot_gazebo/share/rrbot_gazebo/srv/CartesianVelocityInput.srv
[5.072s] -- Symlinking: /home/rutvij/rbe500_group_project-1/install/rrbot_gazebo/share/rrbot_gazebo/srv/CartesianVelocityInput_Request.msg
[5.076s] -- Symlinking: /home/rutvij/rbe500_group_project-1/install/rrbot_gazebo/share/rrbot_gazebo/srv/CartesianVelocityInput_Response.msg
[5.080s] -- Symlinking: /home/rutvij/rbe500_group_project-1/install/rrbot_gazebo/share/rrbot_gazebo/srv/JointVelocityInput.srv
[5.085s] -- Symlinking: /home/rutvij/rbe500_group_project-1/install/rrbot_gazebo/share/rrbot_gazebo/srv/JointVelocityInput_Request.msg
[5.089s] -- Symlinking: /home/rutvij/rbe500_group_project-1/install/rrbot_gazebo/share/rrbot_gazebo/srv/JointVelocityInput_Response.msg
[5.093s] -- Symlinking: /home/rutvij/rbe500_group_project-1/install/rrbot_gazebo/share/ament_index/resource_index/package_run_dependencies/rrbot_gazebo
[5.098s] -- Symlinking: /home/rutvij/rbe500_group_project-1/install/rrbot_gazebo/share/ament_index/resource_index/parent_prefix_path/rrbot_gazebo
[5.103s] -- Symlinking: /home/rutvij/rbe500_group_project-1/install/rrbot_gazebo/share/rrbot_gazebo/environment/ament_prefix_path.sh
[5.108s] -- Symlinking: /home/rutvij/rbe500_group_project-1/install/rrbot_gazebo/share/rrbot_gazebo/environment/ament_prefix_path.dsv
[5.113s] -- Symlinking: /home/rutvij/rbe500_group_project-1/install/rrbot_gazebo/share/rrbot_gazebo/environment/path.sh
[5.117s] -- Symlinking: /home/rutvij/rbe500_group_project-1/install/rrbot_gazebo/share/rrbot_gazebo/environment/path.dsv
[5.122s] -- Symlinking: /home/rutvij/rbe500_group_project-1/install/rrbot_gazebo/share/rrbot_gazebo/local_setup.bash
[5.126s] -- Symlinking: /home/rutvij/rbe500_group_project-1/install/rrbot_gazebo/share/rrbot_gazebo/local_setup.sh
[5.130s] -- Symlinking: /home/rutvij/rbe500_group_project-1/install/rrbot_gazebo/share/rrbot_gazebo/local_setup.zsh
[5.134s] -- Symlinking: /home/rutvij/rbe500_group_project-1/install/rrbot_gazebo/share/rrbot_gazebo/local_setup.dsv
[5.139s] -- Symlinking: /home/rutvij/rbe500_group_project-1/install/rrbot_gazebo/share/rrbot_gazebo/package.dsv
[5.143s] -- Symlinking: /home/rutvij/rbe500_group_project-1/install/rrbot_gazebo/share/ament_index/resource_index/packages/rrbot_gazebo
[5.148s] -- Symlinking: /home/rutvij/rbe500_group_project-1/install/rrbot_gazebo/share/rrbot_gazebo/cmake/rosidl_cmake-extras.cmake
[5.152s] -- Symlinking: /home/rutvij/rbe500_group_project-1/install/rrbot_gazebo/share/rrbot_gazebo/cmake/ament_cmake_export_dependencies-extras.cmake
[5.157s] -- Symlinking: /home/rutvij/rbe500_group_project-1/install/rrbot_gazebo/share/rrbot_gazebo/cmake/ament_cmake_export_include_directories-extras.cmake
[5.161s] -- Symlinking: /home/rutvij/rbe500_group_project-1/install/rrbot_gazebo/share/rrbot_gazebo/cmake/ament_cmake_export_libraries-extras.cmake
[5.165s] -- Symlinking: /home/rutvij/rbe500_group_project-1/install/rrbot_gazebo/share/rrbot_gazebo/cmake/ament_cmake_export_targets-extras.cmake
[5.170s] -- Symlinking: /home/rutvij/rbe500_group_project-1/install/rrbot_gazebo/share/rrbot_gazebo/cmake/rosidl_cmake_export_typesupport_targets-extras.cmake
[5.174s] -- Symlinking: /home/rutvij/rbe500_group_project-1/install/rrbot_gazebo/share/rrbot_gazebo/cmake/rosidl_cmake_export_typesupport_libraries-extras.cmake
[5.178s] -- Symlinking: /home/rutvij/rbe500_group_project-1/install/rrbot_gazebo/share/rrbot_gazebo/cmake/rrbot_gazeboConfig.cmake
[5.183s] -- Symlinking: /home/rutvij/rbe500_group_project-1/install/rrbot_gazebo/share/rrbot_gazebo/cmake/rrbot_gazeboConfig-version.cmake
[5.187s] -- Symlinking: /home/rutvij/rbe500_group_project-1/install/rrbot_gazebo/share/rrbot_gazebo/package.xml
[5.191s] -- Installing: /home/rutvij/rbe500_group_project-1/install/rrbot_gazebo/lib/librrbot_gazebo__rosidl_generator_c.so
[5.192s] -- Set runtime path of "/home/rutvij/rbe500_group_project-1/install/rrbot_gazebo/lib/librrbot_gazebo__rosidl_generator_c.so" to ""
[5.192s] -- Installing: /home/rutvij/rbe500_group_project-1/install/rrbot_gazebo/lib/librrbot_gazebo__rosidl_typesupport_fastrtps_c.so
[5.192s] -- Set runtime path of "/home/rutvij/rbe500_group_project-1/install/rrbot_gazebo/lib/librrbot_gazebo__rosidl_typesupport_fastrtps_c.so" to ""
[5.192s] -- Installing: /home/rutvij/rbe500_group_project-1/install/rrbot_gazebo/lib/librrbot_gazebo__rosidl_typesupport_fastrtps_cpp.so
[5.192s] -- Set runtime path of "/home/rutvij/rbe500_group_project-1/install/rrbot_gazebo/lib/librrbot_gazebo__rosidl_typesupport_fastrtps_cpp.so" to ""
[5.192s] -- Installing: /home/rutvij/rbe500_group_project-1/install/rrbot_gazebo/lib/librrbot_gazebo__rosidl_typesupport_introspection_c.so
[5.193s] -- Set runtime path of "/home/rutvij/rbe500_group_project-1/install/rrbot_gazebo/lib/librrbot_gazebo__rosidl_typesupport_introspection_c.so" to ""
[5.193s] -- Installing: /home/rutvij/rbe500_group_project-1/install/rrbot_gazebo/lib/librrbot_gazebo__rosidl_typesupport_c.so
[5.193s] -- Set runtime path of "/home/rutvij/rbe500_group_project-1/install/rrbot_gazebo/lib/librrbot_gazebo__rosidl_typesupport_c.so" to ""
[5.193s] -- Installing: /home/rutvij/rbe500_group_project-1/install/rrbot_gazebo/lib/librrbot_gazebo__rosidl_typesupport_introspection_cpp.so
[5.193s] -- Set runtime path of "/home/rutvij/rbe500_group_project-1/install/rrbot_gazebo/lib/librrbot_gazebo__rosidl_typesupport_introspection_cpp.so" to ""
[5.193s] -- Installing: /home/rutvij/rbe500_group_project-1/install/rrbot_gazebo/lib/librrbot_gazebo__rosidl_typesupport_cpp.so
[5.193s] -- Set runtime path of "/home/rutvij/rbe500_group_project-1/install/rrbot_gazebo/lib/librrbot_gazebo__rosidl_typesupport_cpp.so" to ""
[5.215s] Listing '/home/rutvij/rbe500_group_project-1/install/rrbot_gazebo/local/lib/python3.10/dist-packages/rrbot_gazebo'...
[5.215s] Compiling '/home/rutvij/rbe500_group_project-1/install/rrbot_gazebo/local/lib/python3.10/dist-packages/rrbot_gazebo/__init__.py'...
[5.215s] Listing '/home/rutvij/rbe500_group_project-1/install/rrbot_gazebo/local/lib/python3.10/dist-packages/rrbot_gazebo/srv'...
[5.215s] Compiling '/home/rutvij/rbe500_group_project-1/install/rrbot_gazebo/local/lib/python3.10/dist-packages/rrbot_gazebo/srv/__init__.py'...
[5.215s] Compiling '/home/rutvij/rbe500_group_project-1/install/rrbot_gazebo/local/lib/python3.10/dist-packages/rrbot_gazebo/srv/_cartesian_velocity_input.py'...
[5.215s] Compiling '/home/rutvij/rbe500_group_project-1/install/rrbot_gazebo/local/lib/python3.10/dist-packages/rrbot_gazebo/srv/_control_input.py'...
[5.215s] Compiling '/home/rutvij/rbe500_group_project-1/install/rrbot_gazebo/local/lib/python3.10/dist-packages/rrbot_gazebo/srv/_ik_service.py'...
[5.215s] Compiling '/home/rutvij/rbe500_group_project-1/install/rrbot_gazebo/local/lib/python3.10/dist-packages/rrbot_gazebo/srv/_joint_velocity_input.py'...
[5.217s] -- Installing: /home/rutvij/rbe500_group_project-1/install/rrbot_gazebo/lib/librrbot_gazebo__rosidl_generator_py.so
[5.217s] -- Set runtime path of "/home/rutvij/rbe500_group_project-1/install/rrbot_gazebo/lib/librrbot_gazebo__rosidl_generator_py.so" to ""
[5.218s] -- Installing: /home/rutvij/rbe500_group_project-1/install/rrbot_gazebo/share/rrbot_gazebo/cmake/export_rrbot_gazebo__rosidl_generator_cExport.cmake
[5.218s] -- Installing: /home/rutvij/rbe500_group_project-1/install/rrbot_gazebo/share/rrbot_gazebo/cmake/export_rrbot_gazebo__rosidl_generator_cExport-noconfig.cmake
[5.218s] -- Installing: /home/rutvij/rbe500_group_project-1/install/rrbot_gazebo/share/rrbot_gazebo/cmake/export_rrbot_gazebo__rosidl_typesupport_fastrtps_cExport.cmake
[5.218s] -- Installing: /home/rutvij/rbe500_group_project-1/install/rrbot_gazebo/share/rrbot_gazebo/cmake/export_rrbot_gazebo__rosidl_typesupport_fastrtps_cExport-noconfig.cmake
[5.218s] -- Installing: /home/rutvij/rbe500_group_project-1/install/rrbot_gazebo/share/rrbot_gazebo/cmake/export_rrbot_gazebo__rosidl_generator_cppExport.cmake
[5.218s] -- Installing: /home/rutvij/rbe500_group_project-1/install/rrbot_gazebo/share/rrbot_gazebo/cmake/export_rrbot_gazebo__rosidl_typesupport_fastrtps_cppExport.cmake
[5.218s] -- Installing: /home/rutvij/rbe500_group_project-1/install/rrbot_gazebo/share/rrbot_gazebo/cmake/export_rrbot_gazebo__rosidl_typesupport_fastrtps_cppExport-noconfig.cmake
[5.218s] -- Installing: /home/rutvij/rbe500_group_project-1/install/rrbot_gazebo/share/rrbot_gazebo/cmake/rrbot_gazebo__rosidl_typesupport_introspection_cExport.cmake
[5.218s] -- Installing: /home/rutvij/rbe500_group_project-1/install/rrbot_gazebo/share/rrbot_gazebo/cmake/rrbot_gazebo__rosidl_typesupport_introspection_cExport-noconfig.cmake
[5.218s] -- Installing: /home/rutvij/rbe500_group_project-1/install/rrbot_gazebo/share/rrbot_gazebo/cmake/rrbot_gazebo__rosidl_typesupport_cExport.cmake
[5.218s] -- Installing: /home/rutvij/rbe500_group_project-1/install/rrbot_gazebo/share/rrbot_gazebo/cmake/rrbot_gazebo__rosidl_typesupport_cExport-noconfig.cmake
[5.218s] -- Installing: /home/rutvij/rbe500_group_project-1/install/rrbot_gazebo/share/rrbot_gazebo/cmake/rrbot_gazebo__rosidl_typesupport_introspection_cppExport.cmake
[5.218s] -- Installing: /home/rutvij/rbe500_group_project-1/install/rrbot_gazebo/share/rrbot_gazebo/cmake/rrbot_gazebo__rosidl_typesupport_introspection_cppExport-noconfig.cmake
[5.219s] -- Installing: /home/rutvij/rbe500_group_project-1/install/rrbot_gazebo/share/rrbot_gazebo/cmake/rrbot_gazebo__rosidl_typesupport_cppExport.cmake
[5.219s] -- Installing: /home/rutvij/rbe500_group_project-1/install/rrbot_gazebo/share/rrbot_gazebo/cmake/rrbot_gazebo__rosidl_typesupport_cppExport-noconfig.cmake
[5.219s] -- Installing: /home/rutvij/rbe500_group_project-1/install/rrbot_gazebo/share/rrbot_gazebo/cmake/export_rrbot_gazebo__rosidl_generator_pyExport.cmake
[5.219s] -- Installing: /home/rutvij/rbe500_group_project-1/install/rrbot_gazebo/share/rrbot_gazebo/cmake/export_rrbot_gazebo__rosidl_generator_pyExport-noconfig.cmake
[5.220s] Invoked command in '/home/rutvij/rbe500_group_project-1/build/rrbot_gazebo' returned '0': AMENT_PREFIX_PATH=/home/rutvij/rbe500_group_project-1/install/rrbot_description:${AMENT_PREFIX_PATH} CMAKE_PREFIX_PATH=/home/rutvij/rbe500_group_project-1/install/rrbot_description:/home/rutvij/ros2_ws/install/rrbot_gazebo:/home/rutvij/ros2_ws/install/rrbot_description:/home/rutvij/ros2_ws/install/my_robot_controller:/opt/ros/humble /usr/bin/cmake --install /home/rutvij/rbe500_group_project-1/build/rrbot_gazebo
