[0.213s] DEBUG:colcon:Command line arguments: ['/usr/bin/colcon', 'build', '--symlink-install']
[0.213s] DEBUG:colcon:Parsed command line arguments: Namespace(log_base=None, log_level=None, verb_name='build', build_base='build', install_base='install', merge_install=False, symlink_install=True, test_result_base=None, continue_on_error=False, executor='parallel', parallel_workers=8, event_handlers=None, ignore_user_meta=False, metas=['./colcon.meta'], base_paths=['.'], packages_ignore=None, packages_ignore_regex=None, paths=None, packages_up_to=None, packages_up_to_regex=None, packages_above=None, packages_above_and_dependencies=None, packages_above_depth=None, packages_select_by_dep=None, packages_skip_by_dep=None, packages_skip_up_to=None, packages_select_build_failed=False, packages_skip_build_finished=False, packages_select_test_failures=False, packages_skip_test_passed=False, packages_select=None, packages_skip=None, packages_select_regex=None, packages_skip_regex=None, packages_start=None, packages_end=None, allow_overriding=[], cmake_args=None, cmake_target=None, cmake_target_skip_unavailable=False, cmake_clean_cache=False, cmake_clean_first=False, cmake_force_configure=False, ament_cmake_args=None, catkin_cmake_args=None, catkin_skip_building_tests=False, verb_parser=<colcon_defaults.argument_parser.defaults.DefaultArgumentsDecorator object at 0x7f7f5b1ea110>, verb_extension=<colcon_core.verb.build.BuildVerb object at 0x7f7f5ba501f0>, main=<bound method BuildVerb.main of <colcon_core.verb.build.BuildVerb object at 0x7f7f5ba501f0>>)
[0.237s] Level 1:colcon.colcon_core.package_discovery:discover_packages(colcon_meta) check parameters
[0.238s] Level 1:colcon.colcon_core.package_discovery:discover_packages(recursive) check parameters
[0.238s] Level 1:colcon.colcon_core.package_discovery:discover_packages(ignore) check parameters
[0.238s] Level 1:colcon.colcon_core.package_discovery:discover_packages(path) check parameters
[0.238s] Level 1:colcon.colcon_core.package_discovery:discover_packages(colcon_meta) discover
[0.238s] Level 1:colcon.colcon_core.package_discovery:discover_packages(recursive) discover
[0.238s] INFO:colcon.colcon_core.package_discovery:Crawling recursively for packages in '/home/joshfarina/ros2_ws/src/rbe500_group_project'
[0.238s] Level 1:colcon.colcon_core.package_identification:_identify(.) by extensions ['ignore', 'ignore_ament_install']
[0.238s] Level 1:colcon.colcon_core.package_identification:_identify(.) by extension 'ignore'
[0.238s] Level 1:colcon.colcon_core.package_identification:_identify(.) by extension 'ignore_ament_install'
[0.238s] Level 1:colcon.colcon_core.package_identification:_identify(.) by extensions ['colcon_pkg']
[0.238s] Level 1:colcon.colcon_core.package_identification:_identify(.) by extension 'colcon_pkg'
[0.238s] Level 1:colcon.colcon_core.package_identification:_identify(.) by extensions ['colcon_meta']
[0.238s] Level 1:colcon.colcon_core.package_identification:_identify(.) by extension 'colcon_meta'
[0.238s] Level 1:colcon.colcon_core.package_identification:_identify(.) by extensions ['ros']
[0.238s] Level 1:colcon.colcon_core.package_identification:_identify(.) by extension 'ros'
[0.247s] Level 1:colcon.colcon_core.package_identification:_identify(.) by extensions ['cmake', 'python']
[0.247s] Level 1:colcon.colcon_core.package_identification:_identify(.) by extension 'cmake'
[0.247s] Level 1:colcon.colcon_core.package_identification:_identify(.) by extension 'python'
[0.247s] Level 1:colcon.colcon_core.package_identification:_identify(.) by extensions ['python_setup_py']
[0.247s] Level 1:colcon.colcon_core.package_identification:_identify(.) by extension 'python_setup_py'
[0.247s] Level 1:colcon.colcon_core.package_identification:_identify(build) by extensions ['ignore', 'ignore_ament_install']
[0.247s] Level 1:colcon.colcon_core.package_identification:_identify(build) by extension 'ignore'
[0.247s] Level 1:colcon.colcon_core.package_identification:_identify(build) ignored
[0.247s] Level 1:colcon.colcon_core.package_identification:_identify(install) by extensions ['ignore', 'ignore_ament_install']
[0.248s] Level 1:colcon.colcon_core.package_identification:_identify(install) by extension 'ignore'
[0.248s] Level 1:colcon.colcon_core.package_identification:_identify(install) ignored
[0.248s] Level 1:colcon.colcon_core.package_identification:_identify(log) by extensions ['ignore', 'ignore_ament_install']
[0.248s] Level 1:colcon.colcon_core.package_identification:_identify(log) by extension 'ignore'
[0.248s] Level 1:colcon.colcon_core.package_identification:_identify(log) ignored
[0.248s] Level 1:colcon.colcon_core.package_identification:_identify(rrbot_simulation_files) by extensions ['ignore', 'ignore_ament_install']
[0.248s] Level 1:colcon.colcon_core.package_identification:_identify(rrbot_simulation_files) by extension 'ignore'
[0.248s] Level 1:colcon.colcon_core.package_identification:_identify(rrbot_simulation_files) by extension 'ignore_ament_install'
[0.248s] Level 1:colcon.colcon_core.package_identification:_identify(rrbot_simulation_files) by extensions ['colcon_pkg']
[0.248s] Level 1:colcon.colcon_core.package_identification:_identify(rrbot_simulation_files) by extension 'colcon_pkg'
[0.248s] Level 1:colcon.colcon_core.package_identification:_identify(rrbot_simulation_files) by extensions ['colcon_meta']
[0.248s] Level 1:colcon.colcon_core.package_identification:_identify(rrbot_simulation_files) by extension 'colcon_meta'
[0.248s] Level 1:colcon.colcon_core.package_identification:_identify(rrbot_simulation_files) by extensions ['ros']
[0.248s] Level 1:colcon.colcon_core.package_identification:_identify(rrbot_simulation_files) by extension 'ros'
[0.248s] Level 1:colcon.colcon_core.package_identification:_identify(rrbot_simulation_files) by extensions ['cmake', 'python']
[0.248s] Level 1:colcon.colcon_core.package_identification:_identify(rrbot_simulation_files) by extension 'cmake'
[0.248s] Level 1:colcon.colcon_core.package_identification:_identify(rrbot_simulation_files) by extension 'python'
[0.248s] Level 1:colcon.colcon_core.package_identification:_identify(rrbot_simulation_files) by extensions ['python_setup_py']
[0.248s] Level 1:colcon.colcon_core.package_identification:_identify(rrbot_simulation_files) by extension 'python_setup_py'
[0.248s] Level 1:colcon.colcon_core.package_identification:_identify(rrbot_simulation_files/build) by extensions ['ignore', 'ignore_ament_install']
[0.248s] Level 1:colcon.colcon_core.package_identification:_identify(rrbot_simulation_files/build) by extension 'ignore'
[0.248s] Level 1:colcon.colcon_core.package_identification:_identify(rrbot_simulation_files/build) ignored
[0.248s] Level 1:colcon.colcon_core.package_identification:_identify(rrbot_simulation_files/install) by extensions ['ignore', 'ignore_ament_install']
[0.248s] Level 1:colcon.colcon_core.package_identification:_identify(rrbot_simulation_files/install) by extension 'ignore'
[0.248s] Level 1:colcon.colcon_core.package_identification:_identify(rrbot_simulation_files/install) ignored
[0.248s] Level 1:colcon.colcon_core.package_identification:_identify(rrbot_simulation_files/log) by extensions ['ignore', 'ignore_ament_install']
[0.248s] Level 1:colcon.colcon_core.package_identification:_identify(rrbot_simulation_files/log) by extension 'ignore'
[0.248s] Level 1:colcon.colcon_core.package_identification:_identify(rrbot_simulation_files/log) ignored
[0.249s] Level 1:colcon.colcon_core.package_identification:_identify(rrbot_simulation_files/rrbot_description) by extensions ['ignore', 'ignore_ament_install']
[0.249s] Level 1:colcon.colcon_core.package_identification:_identify(rrbot_simulation_files/rrbot_description) by extension 'ignore'
[0.249s] Level 1:colcon.colcon_core.package_identification:_identify(rrbot_simulation_files/rrbot_description) by extension 'ignore_ament_install'
[0.249s] Level 1:colcon.colcon_core.package_identification:_identify(rrbot_simulation_files/rrbot_description) by extensions ['colcon_pkg']
[0.249s] Level 1:colcon.colcon_core.package_identification:_identify(rrbot_simulation_files/rrbot_description) by extension 'colcon_pkg'
[0.249s] Level 1:colcon.colcon_core.package_identification:_identify(rrbot_simulation_files/rrbot_description) by extensions ['colcon_meta']
[0.249s] Level 1:colcon.colcon_core.package_identification:_identify(rrbot_simulation_files/rrbot_description) by extension 'colcon_meta'
[0.249s] Level 1:colcon.colcon_core.package_identification:_identify(rrbot_simulation_files/rrbot_description) by extensions ['ros']
[0.249s] Level 1:colcon.colcon_core.package_identification:_identify(rrbot_simulation_files/rrbot_description) by extension 'ros'
[0.251s] DEBUG:colcon.colcon_core.package_identification:Package 'rrbot_simulation_files/rrbot_description' with type 'ros.ament_cmake' and name 'rrbot_description'
[0.251s] Level 1:colcon.colcon_core.package_identification:_identify(rrbot_simulation_files/rrbot_gazebo) by extensions ['ignore', 'ignore_ament_install']
[0.251s] Level 1:colcon.colcon_core.package_identification:_identify(rrbot_simulation_files/rrbot_gazebo) by extension 'ignore'
[0.251s] Level 1:colcon.colcon_core.package_identification:_identify(rrbot_simulation_files/rrbot_gazebo) by extension 'ignore_ament_install'
[0.251s] Level 1:colcon.colcon_core.package_identification:_identify(rrbot_simulation_files/rrbot_gazebo) by extensions ['colcon_pkg']
[0.251s] Level 1:colcon.colcon_core.package_identification:_identify(rrbot_simulation_files/rrbot_gazebo) by extension 'colcon_pkg'
[0.251s] Level 1:colcon.colcon_core.package_identification:_identify(rrbot_simulation_files/rrbot_gazebo) by extensions ['colcon_meta']
[0.251s] Level 1:colcon.colcon_core.package_identification:_identify(rrbot_simulation_files/rrbot_gazebo) by extension 'colcon_meta'
[0.251s] Level 1:colcon.colcon_core.package_identification:_identify(rrbot_simulation_files/rrbot_gazebo) by extensions ['ros']
[0.251s] Level 1:colcon.colcon_core.package_identification:_identify(rrbot_simulation_files/rrbot_gazebo) by extension 'ros'
[0.252s] DEBUG:colcon.colcon_core.package_identification:Package 'rrbot_simulation_files/rrbot_gazebo' with type 'ros.ament_cmake' and name 'rrbot_gazebo'
[0.252s] Level 1:colcon.colcon_core.package_discovery:discover_packages(recursive) using defaults
[0.252s] Level 1:colcon.colcon_core.package_discovery:discover_packages(ignore) discover
[0.252s] Level 1:colcon.colcon_core.package_discovery:discover_packages(ignore) using defaults
[0.252s] Level 1:colcon.colcon_core.package_discovery:discover_packages(path) discover
[0.252s] Level 1:colcon.colcon_core.package_discovery:discover_packages(path) using defaults
[0.268s] Level 1:colcon.colcon_core.package_discovery:discover_packages(prefix_path) check parameters
[0.269s] Level 1:colcon.colcon_core.package_discovery:discover_packages(prefix_path) discover
[0.271s] DEBUG:colcon.colcon_installed_package_information.package_discovery:Found 332 installed packages in /opt/ros/humble
[0.272s] Level 1:colcon.colcon_core.package_discovery:discover_packages(prefix_path) using defaults
[0.320s] Level 5:colcon.colcon_core.verb:set package 'rrbot_description' build argument 'cmake_args' from command line to 'None'
[0.320s] Level 5:colcon.colcon_core.verb:set package 'rrbot_description' build argument 'cmake_target' from command line to 'None'
[0.320s] Level 5:colcon.colcon_core.verb:set package 'rrbot_description' build argument 'cmake_target_skip_unavailable' from command line to 'False'
[0.320s] Level 5:colcon.colcon_core.verb:set package 'rrbot_description' build argument 'cmake_clean_cache' from command line to 'False'
[0.320s] Level 5:colcon.colcon_core.verb:set package 'rrbot_description' build argument 'cmake_clean_first' from command line to 'False'
[0.320s] Level 5:colcon.colcon_core.verb:set package 'rrbot_description' build argument 'cmake_force_configure' from command line to 'False'
[0.320s] Level 5:colcon.colcon_core.verb:set package 'rrbot_description' build argument 'ament_cmake_args' from command line to 'None'
[0.320s] Level 5:colcon.colcon_core.verb:set package 'rrbot_description' build argument 'catkin_cmake_args' from command line to 'None'
[0.320s] Level 5:colcon.colcon_core.verb:set package 'rrbot_description' build argument 'catkin_skip_building_tests' from command line to 'False'
[0.320s] DEBUG:colcon.colcon_core.verb:Building package 'rrbot_description' with the following arguments: {'ament_cmake_args': None, 'build_base': '/home/joshfarina/ros2_ws/src/rbe500_group_project/build/rrbot_description', 'catkin_cmake_args': None, 'catkin_skip_building_tests': False, 'cmake_args': None, 'cmake_clean_cache': False, 'cmake_clean_first': False, 'cmake_force_configure': False, 'cmake_target': None, 'cmake_target_skip_unavailable': False, 'install_base': '/home/joshfarina/ros2_ws/src/rbe500_group_project/install/rrbot_description', 'merge_install': False, 'path': '/home/joshfarina/ros2_ws/src/rbe500_group_project/rrbot_simulation_files/rrbot_description', 'symlink_install': True, 'test_result_base': None}
[0.321s] Level 5:colcon.colcon_core.verb:set package 'rrbot_gazebo' build argument 'cmake_args' from command line to 'None'
[0.321s] Level 5:colcon.colcon_core.verb:set package 'rrbot_gazebo' build argument 'cmake_target' from command line to 'None'
[0.321s] Level 5:colcon.colcon_core.verb:set package 'rrbot_gazebo' build argument 'cmake_target_skip_unavailable' from command line to 'False'
[0.321s] Level 5:colcon.colcon_core.verb:set package 'rrbot_gazebo' build argument 'cmake_clean_cache' from command line to 'False'
[0.321s] Level 5:colcon.colcon_core.verb:set package 'rrbot_gazebo' build argument 'cmake_clean_first' from command line to 'False'
[0.321s] Level 5:colcon.colcon_core.verb:set package 'rrbot_gazebo' build argument 'cmake_force_configure' from command line to 'False'
[0.321s] Level 5:colcon.colcon_core.verb:set package 'rrbot_gazebo' build argument 'ament_cmake_args' from command line to 'None'
[0.321s] Level 5:colcon.colcon_core.verb:set package 'rrbot_gazebo' build argument 'catkin_cmake_args' from command line to 'None'
[0.321s] Level 5:colcon.colcon_core.verb:set package 'rrbot_gazebo' build argument 'catkin_skip_building_tests' from command line to 'False'
[0.321s] DEBUG:colcon.colcon_core.verb:Building package 'rrbot_gazebo' with the following arguments: {'ament_cmake_args': None, 'build_base': '/home/joshfarina/ros2_ws/src/rbe500_group_project/build/rrbot_gazebo', 'catkin_cmake_args': None, 'catkin_skip_building_tests': False, 'cmake_args': None, 'cmake_clean_cache': False, 'cmake_clean_first': False, 'cmake_force_configure': False, 'cmake_target': None, 'cmake_target_skip_unavailable': False, 'install_base': '/home/joshfarina/ros2_ws/src/rbe500_group_project/install/rrbot_gazebo', 'merge_install': False, 'path': '/home/joshfarina/ros2_ws/src/rbe500_group_project/rrbot_simulation_files/rrbot_gazebo', 'symlink_install': True, 'test_result_base': None}
[0.321s] INFO:colcon.colcon_core.executor:Executing jobs using 'parallel' executor
[0.324s] DEBUG:colcon.colcon_parallel_executor.executor.parallel:run_until_complete
[0.324s] INFO:colcon.colcon_ros.task.ament_cmake.build:Building ROS package in '/home/joshfarina/ros2_ws/src/rbe500_group_project/rrbot_simulation_files/rrbot_description' with build type 'ament_cmake'
[0.324s] INFO:colcon.colcon_cmake.task.cmake.build:Building CMake package in '/home/joshfarina/ros2_ws/src/rbe500_group_project/rrbot_simulation_files/rrbot_description'
[0.326s] INFO:colcon.colcon_core.plugin_system:Skipping extension 'colcon_core.shell.bat': Not used on non-Windows systems
[0.327s] INFO:colcon.colcon_core.shell:Skip shell extension 'powershell' for command environment: Not usable outside of PowerShell
[0.327s] DEBUG:colcon.colcon_core.shell:Skip shell extension 'dsv' for command environment
[0.333s] DEBUG:colcon.colcon_core.event_handler.log_command:Invoking command in '/home/joshfarina/ros2_ws/src/rbe500_group_project/build/rrbot_description': CMAKE_PREFIX_PATH=/opt/ros/humble /usr/bin/cmake --build /home/joshfarina/ros2_ws/src/rbe500_group_project/build/rrbot_description -- -j8 -l8
[0.360s] DEBUG:colcon.colcon_core.event_handler.log_command:Invoked command in '/home/joshfarina/ros2_ws/src/rbe500_group_project/build/rrbot_description' returned '0': CMAKE_PREFIX_PATH=/opt/ros/humble /usr/bin/cmake --build /home/joshfarina/ros2_ws/src/rbe500_group_project/build/rrbot_description -- -j8 -l8
[0.383s] DEBUG:colcon.colcon_core.event_handler.log_command:Invoking command in '/home/joshfarina/ros2_ws/src/rbe500_group_project/build/rrbot_description': CMAKE_PREFIX_PATH=/opt/ros/humble /usr/bin/cmake --install /home/joshfarina/ros2_ws/src/rbe500_group_project/build/rrbot_description
[0.406s] Level 1:colcon.colcon_core.environment:create_environment_scripts_only(rrbot_description)
[0.407s] DEBUG:colcon.colcon_core.event_handler.log_command:Invoked command in '/home/joshfarina/ros2_ws/src/rbe500_group_project/build/rrbot_description' returned '0': CMAKE_PREFIX_PATH=/opt/ros/humble /usr/bin/cmake --install /home/joshfarina/ros2_ws/src/rbe500_group_project/build/rrbot_description
[0.412s] Level 1:colcon.colcon_core.environment:checking '/home/joshfarina/ros2_ws/src/rbe500_group_project/install/rrbot_description' for CMake module files
[0.413s] Level 1:colcon.colcon_core.environment:checking '/home/joshfarina/ros2_ws/src/rbe500_group_project/install/rrbot_description' for CMake config files
[0.413s] Level 1:colcon.colcon_core.shell:create_environment_hook('rrbot_description', 'cmake_prefix_path')
[0.414s] INFO:colcon.colcon_core.shell:Creating environment hook '/home/joshfarina/ros2_ws/src/rbe500_group_project/install/rrbot_description/share/rrbot_description/hook/cmake_prefix_path.ps1'
[0.415s] INFO:colcon.colcon_core.shell:Creating environment descriptor '/home/joshfarina/ros2_ws/src/rbe500_group_project/install/rrbot_description/share/rrbot_description/hook/cmake_prefix_path.dsv'
[0.416s] INFO:colcon.colcon_core.shell:Creating environment hook '/home/joshfarina/ros2_ws/src/rbe500_group_project/install/rrbot_description/share/rrbot_description/hook/cmake_prefix_path.sh'
[0.416s] Level 1:colcon.colcon_core.environment:checking '/home/joshfarina/ros2_ws/src/rbe500_group_project/install/rrbot_description/bin'
[0.417s] Level 1:colcon.colcon_core.environment:checking '/home/joshfarina/ros2_ws/src/rbe500_group_project/install/rrbot_description/lib/pkgconfig/rrbot_description.pc'
[0.417s] Level 1:colcon.colcon_core.environment:checking '/home/joshfarina/ros2_ws/src/rbe500_group_project/install/rrbot_description/lib/python3.10/site-packages'
[0.417s] Level 1:colcon.colcon_core.environment:checking '/home/joshfarina/ros2_ws/src/rbe500_group_project/install/rrbot_description/bin'
[0.418s] INFO:colcon.colcon_core.shell:Creating package script '/home/joshfarina/ros2_ws/src/rbe500_group_project/install/rrbot_description/share/rrbot_description/package.ps1'
[0.419s] INFO:colcon.colcon_core.shell:Creating package descriptor '/home/joshfarina/ros2_ws/src/rbe500_group_project/install/rrbot_description/share/rrbot_description/package.dsv'
[0.419s] INFO:colcon.colcon_core.shell:Creating package script '/home/joshfarina/ros2_ws/src/rbe500_group_project/install/rrbot_description/share/rrbot_description/package.sh'
[0.419s] INFO:colcon.colcon_core.shell:Creating package script '/home/joshfarina/ros2_ws/src/rbe500_group_project/install/rrbot_description/share/rrbot_description/package.bash'
[0.420s] INFO:colcon.colcon_core.shell:Creating package script '/home/joshfarina/ros2_ws/src/rbe500_group_project/install/rrbot_description/share/rrbot_description/package.zsh'
[0.420s] Level 1:colcon.colcon_core.environment:create_file_with_runtime_dependencies(/home/joshfarina/ros2_ws/src/rbe500_group_project/install/rrbot_description/share/colcon-core/packages/rrbot_description)
[0.440s] Level 1:colcon.colcon_core.environment:create_environment_scripts_only(rrbot_description)
[0.441s] Level 1:colcon.colcon_core.environment:checking '/home/joshfarina/ros2_ws/src/rbe500_group_project/install/rrbot_description' for CMake module files
[0.442s] Level 1:colcon.colcon_core.environment:checking '/home/joshfarina/ros2_ws/src/rbe500_group_project/install/rrbot_description' for CMake config files
[0.442s] Level 1:colcon.colcon_core.shell:create_environment_hook('rrbot_description', 'cmake_prefix_path')
[0.443s] INFO:colcon.colcon_core.shell:Creating environment hook '/home/joshfarina/ros2_ws/src/rbe500_group_project/install/rrbot_description/share/rrbot_description/hook/cmake_prefix_path.ps1'
[0.443s] INFO:colcon.colcon_core.shell:Creating environment descriptor '/home/joshfarina/ros2_ws/src/rbe500_group_project/install/rrbot_description/share/rrbot_description/hook/cmake_prefix_path.dsv'
[0.443s] INFO:colcon.colcon_core.shell:Creating environment hook '/home/joshfarina/ros2_ws/src/rbe500_group_project/install/rrbot_description/share/rrbot_description/hook/cmake_prefix_path.sh'
[0.444s] Level 1:colcon.colcon_core.environment:checking '/home/joshfarina/ros2_ws/src/rbe500_group_project/install/rrbot_description/bin'
[0.444s] Level 1:colcon.colcon_core.environment:checking '/home/joshfarina/ros2_ws/src/rbe500_group_project/install/rrbot_description/lib/pkgconfig/rrbot_description.pc'
[0.444s] Level 1:colcon.colcon_core.environment:checking '/home/joshfarina/ros2_ws/src/rbe500_group_project/install/rrbot_description/lib/python3.10/site-packages'
[0.444s] Level 1:colcon.colcon_core.environment:checking '/home/joshfarina/ros2_ws/src/rbe500_group_project/install/rrbot_description/bin'
[0.445s] INFO:colcon.colcon_core.shell:Creating package script '/home/joshfarina/ros2_ws/src/rbe500_group_project/install/rrbot_description/share/rrbot_description/package.ps1'
[0.446s] INFO:colcon.colcon_core.shell:Creating package descriptor '/home/joshfarina/ros2_ws/src/rbe500_group_project/install/rrbot_description/share/rrbot_description/package.dsv'
[0.446s] INFO:colcon.colcon_core.shell:Creating package script '/home/joshfarina/ros2_ws/src/rbe500_group_project/install/rrbot_description/share/rrbot_description/package.sh'
[0.447s] INFO:colcon.colcon_core.shell:Creating package script '/home/joshfarina/ros2_ws/src/rbe500_group_project/install/rrbot_description/share/rrbot_description/package.bash'
[0.447s] INFO:colcon.colcon_core.shell:Creating package script '/home/joshfarina/ros2_ws/src/rbe500_group_project/install/rrbot_description/share/rrbot_description/package.zsh'
[0.447s] Level 1:colcon.colcon_core.environment:create_file_with_runtime_dependencies(/home/joshfarina/ros2_ws/src/rbe500_group_project/install/rrbot_description/share/colcon-core/packages/rrbot_description)
[0.447s] INFO:colcon.colcon_ros.task.ament_cmake.build:Building ROS package in '/home/joshfarina/ros2_ws/src/rbe500_group_project/rrbot_simulation_files/rrbot_gazebo' with build type 'ament_cmake'
[0.448s] INFO:colcon.colcon_cmake.task.cmake.build:Building CMake package in '/home/joshfarina/ros2_ws/src/rbe500_group_project/rrbot_simulation_files/rrbot_gazebo'
[0.449s] INFO:colcon.colcon_core.shell:Skip shell extension 'powershell' for command environment: Not usable outside of PowerShell
[0.449s] DEBUG:colcon.colcon_core.shell:Skip shell extension 'dsv' for command environment
[0.455s] DEBUG:colcon.colcon_core.event_handler.log_command:Invoking command in '/home/joshfarina/ros2_ws/src/rbe500_group_project/build/rrbot_gazebo': AMENT_PREFIX_PATH=/home/joshfarina/ros2_ws/src/rbe500_group_project/install/rrbot_description:${AMENT_PREFIX_PATH} CMAKE_PREFIX_PATH=/home/joshfarina/ros2_ws/src/rbe500_group_project/install/rrbot_description:/opt/ros/humble /usr/bin/cmake --build /home/joshfarina/ros2_ws/src/rbe500_group_project/build/rrbot_gazebo -- -j8 -l8
[0.725s] DEBUG:colcon.colcon_core.event_handler.log_command:Invoked command in '/home/joshfarina/ros2_ws/src/rbe500_group_project/build/rrbot_gazebo' returned '0': AMENT_PREFIX_PATH=/home/joshfarina/ros2_ws/src/rbe500_group_project/install/rrbot_description:${AMENT_PREFIX_PATH} CMAKE_PREFIX_PATH=/home/joshfarina/ros2_ws/src/rbe500_group_project/install/rrbot_description:/opt/ros/humble /usr/bin/cmake --build /home/joshfarina/ros2_ws/src/rbe500_group_project/build/rrbot_gazebo -- -j8 -l8
[0.766s] DEBUG:colcon.colcon_core.event_handler.log_command:Invoking command in '/home/joshfarina/ros2_ws/src/rbe500_group_project/build/rrbot_gazebo': AMENT_PREFIX_PATH=/home/joshfarina/ros2_ws/src/rbe500_group_project/install/rrbot_description:${AMENT_PREFIX_PATH} CMAKE_PREFIX_PATH=/home/joshfarina/ros2_ws/src/rbe500_group_project/install/rrbot_description:/opt/ros/humble /usr/bin/cmake --install /home/joshfarina/ros2_ws/src/rbe500_group_project/build/rrbot_gazebo
[0.814s] Level 1:colcon.colcon_core.environment:create_environment_scripts_only(rrbot_gazebo)
[0.816s] Level 1:colcon.colcon_core.environment:checking '/home/joshfarina/ros2_ws/src/rbe500_group_project/install/rrbot_gazebo' for CMake module files
[0.816s] DEBUG:colcon.colcon_core.event_handler.log_command:Invoked command in '/home/joshfarina/ros2_ws/src/rbe500_group_project/build/rrbot_gazebo' returned '0': AMENT_PREFIX_PATH=/home/joshfarina/ros2_ws/src/rbe500_group_project/install/rrbot_description:${AMENT_PREFIX_PATH} CMAKE_PREFIX_PATH=/home/joshfarina/ros2_ws/src/rbe500_group_project/install/rrbot_description:/opt/ros/humble /usr/bin/cmake --install /home/joshfarina/ros2_ws/src/rbe500_group_project/build/rrbot_gazebo
[0.816s] Level 1:colcon.colcon_core.environment:checking '/home/joshfarina/ros2_ws/src/rbe500_group_project/install/rrbot_gazebo' for CMake config files
[0.816s] Level 1:colcon.colcon_core.shell:create_environment_hook('rrbot_gazebo', 'cmake_prefix_path')
[0.817s] INFO:colcon.colcon_core.shell:Creating environment hook '/home/joshfarina/ros2_ws/src/rbe500_group_project/install/rrbot_gazebo/share/rrbot_gazebo/hook/cmake_prefix_path.ps1'
[0.818s] INFO:colcon.colcon_core.shell:Creating environment descriptor '/home/joshfarina/ros2_ws/src/rbe500_group_project/install/rrbot_gazebo/share/rrbot_gazebo/hook/cmake_prefix_path.dsv'
[0.818s] INFO:colcon.colcon_core.shell:Creating environment hook '/home/joshfarina/ros2_ws/src/rbe500_group_project/install/rrbot_gazebo/share/rrbot_gazebo/hook/cmake_prefix_path.sh'
[0.818s] Level 1:colcon.colcon_core.environment:checking '/home/joshfarina/ros2_ws/src/rbe500_group_project/install/rrbot_gazebo/lib'
[0.818s] Level 1:colcon.colcon_core.shell:create_environment_hook('rrbot_gazebo', 'ld_library_path_lib')
[0.819s] INFO:colcon.colcon_core.shell:Creating environment hook '/home/joshfarina/ros2_ws/src/rbe500_group_project/install/rrbot_gazebo/share/rrbot_gazebo/hook/ld_library_path_lib.ps1'
[0.820s] INFO:colcon.colcon_core.shell:Creating environment descriptor '/home/joshfarina/ros2_ws/src/rbe500_group_project/install/rrbot_gazebo/share/rrbot_gazebo/hook/ld_library_path_lib.dsv'
[0.820s] INFO:colcon.colcon_core.shell:Creating environment hook '/home/joshfarina/ros2_ws/src/rbe500_group_project/install/rrbot_gazebo/share/rrbot_gazebo/hook/ld_library_path_lib.sh'
[0.820s] Level 1:colcon.colcon_core.environment:checking '/home/joshfarina/ros2_ws/src/rbe500_group_project/install/rrbot_gazebo/bin'
[0.820s] Level 1:colcon.colcon_core.environment:checking '/home/joshfarina/ros2_ws/src/rbe500_group_project/install/rrbot_gazebo/lib/pkgconfig/rrbot_gazebo.pc'
[0.820s] Level 1:colcon.colcon_core.environment:checking '/home/joshfarina/ros2_ws/src/rbe500_group_project/install/rrbot_gazebo/lib/python3.10/site-packages'
[0.820s] Level 1:colcon.colcon_core.environment:checking '/home/joshfarina/ros2_ws/src/rbe500_group_project/install/rrbot_gazebo/bin'
[0.821s] INFO:colcon.colcon_core.shell:Creating package script '/home/joshfarina/ros2_ws/src/rbe500_group_project/install/rrbot_gazebo/share/rrbot_gazebo/package.ps1'
[0.821s] INFO:colcon.colcon_core.shell:Creating package descriptor '/home/joshfarina/ros2_ws/src/rbe500_group_project/install/rrbot_gazebo/share/rrbot_gazebo/package.dsv'
[0.822s] INFO:colcon.colcon_core.shell:Creating package script '/home/joshfarina/ros2_ws/src/rbe500_group_project/install/rrbot_gazebo/share/rrbot_gazebo/package.sh'
[0.822s] INFO:colcon.colcon_core.shell:Creating package script '/home/joshfarina/ros2_ws/src/rbe500_group_project/install/rrbot_gazebo/share/rrbot_gazebo/package.bash'
[0.822s] INFO:colcon.colcon_core.shell:Creating package script '/home/joshfarina/ros2_ws/src/rbe500_group_project/install/rrbot_gazebo/share/rrbot_gazebo/package.zsh'
[0.822s] Level 1:colcon.colcon_core.environment:create_file_with_runtime_dependencies(/home/joshfarina/ros2_ws/src/rbe500_group_project/install/rrbot_gazebo/share/colcon-core/packages/rrbot_gazebo)
[0.862s] Level 1:colcon.colcon_core.environment:create_environment_scripts_only(rrbot_gazebo)
[0.863s] Level 1:colcon.colcon_core.environment:checking '/home/joshfarina/ros2_ws/src/rbe500_group_project/install/rrbot_gazebo' for CMake module files
[0.863s] Level 1:colcon.colcon_core.environment:checking '/home/joshfarina/ros2_ws/src/rbe500_group_project/install/rrbot_gazebo' for CMake config files
[0.863s] Level 1:colcon.colcon_core.shell:create_environment_hook('rrbot_gazebo', 'cmake_prefix_path')
[0.864s] INFO:colcon.colcon_core.shell:Creating environment hook '/home/joshfarina/ros2_ws/src/rbe500_group_project/install/rrbot_gazebo/share/rrbot_gazebo/hook/cmake_prefix_path.ps1'
[0.865s] INFO:colcon.colcon_core.shell:Creating environment descriptor '/home/joshfarina/ros2_ws/src/rbe500_group_project/install/rrbot_gazebo/share/rrbot_gazebo/hook/cmake_prefix_path.dsv'
[0.865s] INFO:colcon.colcon_core.shell:Creating environment hook '/home/joshfarina/ros2_ws/src/rbe500_group_project/install/rrbot_gazebo/share/rrbot_gazebo/hook/cmake_prefix_path.sh'
[0.865s] Level 1:colcon.colcon_core.environment:checking '/home/joshfarina/ros2_ws/src/rbe500_group_project/install/rrbot_gazebo/lib'
[0.865s] Level 1:colcon.colcon_core.shell:create_environment_hook('rrbot_gazebo', 'ld_library_path_lib')
[0.866s] INFO:colcon.colcon_core.shell:Creating environment hook '/home/joshfarina/ros2_ws/src/rbe500_group_project/install/rrbot_gazebo/share/rrbot_gazebo/hook/ld_library_path_lib.ps1'
[0.866s] INFO:colcon.colcon_core.shell:Creating environment descriptor '/home/joshfarina/ros2_ws/src/rbe500_group_project/install/rrbot_gazebo/share/rrbot_gazebo/hook/ld_library_path_lib.dsv'
[0.866s] INFO:colcon.colcon_core.shell:Creating environment hook '/home/joshfarina/ros2_ws/src/rbe500_group_project/install/rrbot_gazebo/share/rrbot_gazebo/hook/ld_library_path_lib.sh'
[0.866s] Level 1:colcon.colcon_core.environment:checking '/home/joshfarina/ros2_ws/src/rbe500_group_project/install/rrbot_gazebo/bin'
[0.866s] Level 1:colcon.colcon_core.environment:checking '/home/joshfarina/ros2_ws/src/rbe500_group_project/install/rrbot_gazebo/lib/pkgconfig/rrbot_gazebo.pc'
[0.867s] Level 1:colcon.colcon_core.environment:checking '/home/joshfarina/ros2_ws/src/rbe500_group_project/install/rrbot_gazebo/lib/python3.10/site-packages'
[0.867s] Level 1:colcon.colcon_core.environment:checking '/home/joshfarina/ros2_ws/src/rbe500_group_project/install/rrbot_gazebo/bin'
[0.867s] INFO:colcon.colcon_core.shell:Creating package script '/home/joshfarina/ros2_ws/src/rbe500_group_project/install/rrbot_gazebo/share/rrbot_gazebo/package.ps1'
[0.868s] INFO:colcon.colcon_core.shell:Creating package descriptor '/home/joshfarina/ros2_ws/src/rbe500_group_project/install/rrbot_gazebo/share/rrbot_gazebo/package.dsv'
[0.868s] INFO:colcon.colcon_core.shell:Creating package script '/home/joshfarina/ros2_ws/src/rbe500_group_project/install/rrbot_gazebo/share/rrbot_gazebo/package.sh'
[0.868s] INFO:colcon.colcon_core.shell:Creating package script '/home/joshfarina/ros2_ws/src/rbe500_group_project/install/rrbot_gazebo/share/rrbot_gazebo/package.bash'
[0.868s] INFO:colcon.colcon_core.shell:Creating package script '/home/joshfarina/ros2_ws/src/rbe500_group_project/install/rrbot_gazebo/share/rrbot_gazebo/package.zsh'
[0.869s] Level 1:colcon.colcon_core.environment:create_file_with_runtime_dependencies(/home/joshfarina/ros2_ws/src/rbe500_group_project/install/rrbot_gazebo/share/colcon-core/packages/rrbot_gazebo)
[0.869s] DEBUG:colcon.colcon_parallel_executor.executor.parallel:closing loop
[0.869s] DEBUG:colcon.colcon_parallel_executor.executor.parallel:loop closed
[0.869s] DEBUG:colcon.colcon_parallel_executor.executor.parallel:run_until_complete finished with '0'
[0.869s] DEBUG:colcon.colcon_core.event_reactor:joining thread
[0.873s] INFO:colcon.colcon_core.plugin_system:Skipping extension 'colcon_notification.desktop_notification.terminal_notifier': Not used on non-Darwin systems
[0.873s] INFO:colcon.colcon_core.plugin_system:Skipping extension 'colcon_notification.desktop_notification.win32': Not used on non-Windows systems
[0.873s] INFO:colcon.colcon_notification.desktop_notification:Sending desktop notification using 'notify2'
[0.890s] DEBUG:colcon.colcon_core.event_reactor:joined thread
[0.891s] INFO:colcon.colcon_core.shell:Creating prefix script '/home/joshfarina/ros2_ws/src/rbe500_group_project/install/local_setup.ps1'
[0.892s] INFO:colcon.colcon_core.shell:Creating prefix util module '/home/joshfarina/ros2_ws/src/rbe500_group_project/install/_local_setup_util_ps1.py'
[0.893s] INFO:colcon.colcon_core.shell:Creating prefix chain script '/home/joshfarina/ros2_ws/src/rbe500_group_project/install/setup.ps1'
[0.894s] INFO:colcon.colcon_core.shell:Creating prefix script '/home/joshfarina/ros2_ws/src/rbe500_group_project/install/local_setup.sh'
[0.895s] INFO:colcon.colcon_core.shell:Creating prefix util module '/home/joshfarina/ros2_ws/src/rbe500_group_project/install/_local_setup_util_sh.py'
[0.895s] INFO:colcon.colcon_core.shell:Creating prefix chain script '/home/joshfarina/ros2_ws/src/rbe500_group_project/install/setup.sh'
[0.897s] INFO:colcon.colcon_core.shell:Creating prefix script '/home/joshfarina/ros2_ws/src/rbe500_group_project/install/local_setup.bash'
[0.897s] INFO:colcon.colcon_core.shell:Creating prefix chain script '/home/joshfarina/ros2_ws/src/rbe500_group_project/install/setup.bash'
[0.899s] INFO:colcon.colcon_core.shell:Creating prefix script '/home/joshfarina/ros2_ws/src/rbe500_group_project/install/local_setup.zsh'
[0.899s] INFO:colcon.colcon_core.shell:Creating prefix chain script '/home/joshfarina/ros2_ws/src/rbe500_group_project/install/setup.zsh'
