[0.233s] DEBUG:colcon:Command line arguments: ['/usr/bin/colcon', 'build', '--symlink-install']
[0.233s] DEBUG:colcon:Parsed command line arguments: Namespace(log_base=None, log_level=None, verb_name='build', build_base='build', install_base='install', merge_install=False, symlink_install=True, test_result_base=None, continue_on_error=False, executor='parallel', parallel_workers=8, event_handlers=None, ignore_user_meta=False, metas=['./colcon.meta'], base_paths=['.'], packages_ignore=None, packages_ignore_regex=None, paths=None, packages_up_to=None, packages_up_to_regex=None, packages_above=None, packages_above_and_dependencies=None, packages_above_depth=None, packages_select_by_dep=None, packages_skip_by_dep=None, packages_skip_up_to=None, packages_select_build_failed=False, packages_skip_build_finished=False, packages_select_test_failures=False, packages_skip_test_passed=False, packages_select=None, packages_skip=None, packages_select_regex=None, packages_skip_regex=None, packages_start=None, packages_end=None, allow_overriding=[], cmake_args=None, cmake_target=None, cmake_target_skip_unavailable=False, cmake_clean_cache=False, cmake_clean_first=False, cmake_force_configure=False, ament_cmake_args=None, catkin_cmake_args=None, catkin_skip_building_tests=False, verb_parser=<colcon_defaults.argument_parser.defaults.DefaultArgumentsDecorator object at 0x7fdceb9cde40>, verb_extension=<colcon_core.verb.build.BuildVerb object at 0x7fdcec1a9390>, main=<bound method BuildVerb.main of <colcon_core.verb.build.BuildVerb object at 0x7fdcec1a9390>>)
[0.260s] Level 1:colcon.colcon_core.package_discovery:discover_packages(colcon_meta) check parameters
[0.260s] Level 1:colcon.colcon_core.package_discovery:discover_packages(recursive) check parameters
[0.260s] Level 1:colcon.colcon_core.package_discovery:discover_packages(ignore) check parameters
[0.260s] Level 1:colcon.colcon_core.package_discovery:discover_packages(path) check parameters
[0.260s] Level 1:colcon.colcon_core.package_discovery:discover_packages(colcon_meta) discover
[0.260s] Level 1:colcon.colcon_core.package_discovery:discover_packages(recursive) discover
[0.260s] INFO:colcon.colcon_core.package_discovery:Crawling recursively for packages in '/home/joshfarina/ros2_ws/src/rbe500_group_project/rrbot_simulation_files'
[0.260s] Level 1:colcon.colcon_core.package_identification:_identify(.) by extensions ['ignore', 'ignore_ament_install']
[0.260s] Level 1:colcon.colcon_core.package_identification:_identify(.) by extension 'ignore'
[0.260s] Level 1:colcon.colcon_core.package_identification:_identify(.) by extension 'ignore_ament_install'
[0.260s] Level 1:colcon.colcon_core.package_identification:_identify(.) by extensions ['colcon_pkg']
[0.260s] Level 1:colcon.colcon_core.package_identification:_identify(.) by extension 'colcon_pkg'
[0.260s] Level 1:colcon.colcon_core.package_identification:_identify(.) by extensions ['colcon_meta']
[0.260s] Level 1:colcon.colcon_core.package_identification:_identify(.) by extension 'colcon_meta'
[0.260s] Level 1:colcon.colcon_core.package_identification:_identify(.) by extensions ['ros']
[0.260s] Level 1:colcon.colcon_core.package_identification:_identify(.) by extension 'ros'
[0.268s] Level 1:colcon.colcon_core.package_identification:_identify(.) by extensions ['cmake', 'python']
[0.269s] Level 1:colcon.colcon_core.package_identification:_identify(.) by extension 'cmake'
[0.269s] Level 1:colcon.colcon_core.package_identification:_identify(.) by extension 'python'
[0.269s] Level 1:colcon.colcon_core.package_identification:_identify(.) by extensions ['python_setup_py']
[0.269s] Level 1:colcon.colcon_core.package_identification:_identify(.) by extension 'python_setup_py'
[0.269s] Level 1:colcon.colcon_core.package_identification:_identify(build) by extensions ['ignore', 'ignore_ament_install']
[0.269s] Level 1:colcon.colcon_core.package_identification:_identify(build) by extension 'ignore'
[0.269s] Level 1:colcon.colcon_core.package_identification:_identify(build) ignored
[0.269s] Level 1:colcon.colcon_core.package_identification:_identify(install) by extensions ['ignore', 'ignore_ament_install']
[0.269s] Level 1:colcon.colcon_core.package_identification:_identify(install) by extension 'ignore'
[0.269s] Level 1:colcon.colcon_core.package_identification:_identify(install) ignored
[0.269s] Level 1:colcon.colcon_core.package_identification:_identify(log) by extensions ['ignore', 'ignore_ament_install']
[0.269s] Level 1:colcon.colcon_core.package_identification:_identify(log) by extension 'ignore'
[0.269s] Level 1:colcon.colcon_core.package_identification:_identify(log) ignored
[0.269s] Level 1:colcon.colcon_core.package_identification:_identify(rrbot_description) by extensions ['ignore', 'ignore_ament_install']
[0.269s] Level 1:colcon.colcon_core.package_identification:_identify(rrbot_description) by extension 'ignore'
[0.269s] Level 1:colcon.colcon_core.package_identification:_identify(rrbot_description) by extension 'ignore_ament_install'
[0.269s] Level 1:colcon.colcon_core.package_identification:_identify(rrbot_description) by extensions ['colcon_pkg']
[0.269s] Level 1:colcon.colcon_core.package_identification:_identify(rrbot_description) by extension 'colcon_pkg'
[0.269s] Level 1:colcon.colcon_core.package_identification:_identify(rrbot_description) by extensions ['colcon_meta']
[0.269s] Level 1:colcon.colcon_core.package_identification:_identify(rrbot_description) by extension 'colcon_meta'
[0.269s] Level 1:colcon.colcon_core.package_identification:_identify(rrbot_description) by extensions ['ros']
[0.269s] Level 1:colcon.colcon_core.package_identification:_identify(rrbot_description) by extension 'ros'
[0.271s] DEBUG:colcon.colcon_core.package_identification:Package 'rrbot_description' with type 'ros.ament_cmake' and name 'rrbot_description'
[0.271s] Level 1:colcon.colcon_core.package_identification:_identify(rrbot_gazebo) by extensions ['ignore', 'ignore_ament_install']
[0.271s] Level 1:colcon.colcon_core.package_identification:_identify(rrbot_gazebo) by extension 'ignore'
[0.271s] Level 1:colcon.colcon_core.package_identification:_identify(rrbot_gazebo) by extension 'ignore_ament_install'
[0.271s] Level 1:colcon.colcon_core.package_identification:_identify(rrbot_gazebo) by extensions ['colcon_pkg']
[0.271s] Level 1:colcon.colcon_core.package_identification:_identify(rrbot_gazebo) by extension 'colcon_pkg'
[0.271s] Level 1:colcon.colcon_core.package_identification:_identify(rrbot_gazebo) by extensions ['colcon_meta']
[0.271s] Level 1:colcon.colcon_core.package_identification:_identify(rrbot_gazebo) by extension 'colcon_meta'
[0.271s] Level 1:colcon.colcon_core.package_identification:_identify(rrbot_gazebo) by extensions ['ros']
[0.271s] Level 1:colcon.colcon_core.package_identification:_identify(rrbot_gazebo) by extension 'ros'
[0.272s] DEBUG:colcon.colcon_core.package_identification:Package 'rrbot_gazebo' with type 'ros.ament_cmake' and name 'rrbot_gazebo'
[0.272s] Level 1:colcon.colcon_core.package_discovery:discover_packages(recursive) using defaults
[0.272s] Level 1:colcon.colcon_core.package_discovery:discover_packages(ignore) discover
[0.272s] Level 1:colcon.colcon_core.package_discovery:discover_packages(ignore) using defaults
[0.272s] Level 1:colcon.colcon_core.package_discovery:discover_packages(path) discover
[0.272s] Level 1:colcon.colcon_core.package_discovery:discover_packages(path) using defaults
[0.289s] Level 1:colcon.colcon_core.package_discovery:discover_packages(prefix_path) check parameters
[0.289s] Level 1:colcon.colcon_core.package_discovery:discover_packages(prefix_path) discover
[0.291s] DEBUG:colcon.colcon_installed_package_information.package_discovery:Found 332 installed packages in /opt/ros/humble
[0.292s] Level 1:colcon.colcon_core.package_discovery:discover_packages(prefix_path) using defaults
[0.334s] Level 5:colcon.colcon_core.verb:set package 'rrbot_description' build argument 'cmake_args' from command line to 'None'
[0.334s] Level 5:colcon.colcon_core.verb:set package 'rrbot_description' build argument 'cmake_target' from command line to 'None'
[0.334s] Level 5:colcon.colcon_core.verb:set package 'rrbot_description' build argument 'cmake_target_skip_unavailable' from command line to 'False'
[0.334s] Level 5:colcon.colcon_core.verb:set package 'rrbot_description' build argument 'cmake_clean_cache' from command line to 'False'
[0.334s] Level 5:colcon.colcon_core.verb:set package 'rrbot_description' build argument 'cmake_clean_first' from command line to 'False'
[0.334s] Level 5:colcon.colcon_core.verb:set package 'rrbot_description' build argument 'cmake_force_configure' from command line to 'False'
[0.334s] Level 5:colcon.colcon_core.verb:set package 'rrbot_description' build argument 'ament_cmake_args' from command line to 'None'
[0.334s] Level 5:colcon.colcon_core.verb:set package 'rrbot_description' build argument 'catkin_cmake_args' from command line to 'None'
[0.334s] Level 5:colcon.colcon_core.verb:set package 'rrbot_description' build argument 'catkin_skip_building_tests' from command line to 'False'
[0.334s] DEBUG:colcon.colcon_core.verb:Building package 'rrbot_description' with the following arguments: {'ament_cmake_args': None, 'build_base': '/home/joshfarina/ros2_ws/src/rbe500_group_project/rrbot_simulation_files/build/rrbot_description', 'catkin_cmake_args': None, 'catkin_skip_building_tests': False, 'cmake_args': None, 'cmake_clean_cache': False, 'cmake_clean_first': False, 'cmake_force_configure': False, 'cmake_target': None, 'cmake_target_skip_unavailable': False, 'install_base': '/home/joshfarina/ros2_ws/src/rbe500_group_project/rrbot_simulation_files/install/rrbot_description', 'merge_install': False, 'path': '/home/joshfarina/ros2_ws/src/rbe500_group_project/rrbot_simulation_files/rrbot_description', 'symlink_install': True, 'test_result_base': None}
[0.335s] Level 5:colcon.colcon_core.verb:set package 'rrbot_gazebo' build argument 'cmake_args' from command line to 'None'
[0.335s] Level 5:colcon.colcon_core.verb:set package 'rrbot_gazebo' build argument 'cmake_target' from command line to 'None'
[0.335s] Level 5:colcon.colcon_core.verb:set package 'rrbot_gazebo' build argument 'cmake_target_skip_unavailable' from command line to 'False'
[0.335s] Level 5:colcon.colcon_core.verb:set package 'rrbot_gazebo' build argument 'cmake_clean_cache' from command line to 'False'
[0.335s] Level 5:colcon.colcon_core.verb:set package 'rrbot_gazebo' build argument 'cmake_clean_first' from command line to 'False'
[0.335s] Level 5:colcon.colcon_core.verb:set package 'rrbot_gazebo' build argument 'cmake_force_configure' from command line to 'False'
[0.335s] Level 5:colcon.colcon_core.verb:set package 'rrbot_gazebo' build argument 'ament_cmake_args' from command line to 'None'
[0.335s] Level 5:colcon.colcon_core.verb:set package 'rrbot_gazebo' build argument 'catkin_cmake_args' from command line to 'None'
[0.335s] Level 5:colcon.colcon_core.verb:set package 'rrbot_gazebo' build argument 'catkin_skip_building_tests' from command line to 'False'
[0.335s] DEBUG:colcon.colcon_core.verb:Building package 'rrbot_gazebo' with the following arguments: {'ament_cmake_args': None, 'build_base': '/home/joshfarina/ros2_ws/src/rbe500_group_project/rrbot_simulation_files/build/rrbot_gazebo', 'catkin_cmake_args': None, 'catkin_skip_building_tests': False, 'cmake_args': None, 'cmake_clean_cache': False, 'cmake_clean_first': False, 'cmake_force_configure': False, 'cmake_target': None, 'cmake_target_skip_unavailable': False, 'install_base': '/home/joshfarina/ros2_ws/src/rbe500_group_project/rrbot_simulation_files/install/rrbot_gazebo', 'merge_install': False, 'path': '/home/joshfarina/ros2_ws/src/rbe500_group_project/rrbot_simulation_files/rrbot_gazebo', 'symlink_install': True, 'test_result_base': None}
[0.336s] INFO:colcon.colcon_core.executor:Executing jobs using 'parallel' executor
[0.338s] DEBUG:colcon.colcon_parallel_executor.executor.parallel:run_until_complete
[0.338s] INFO:colcon.colcon_ros.task.ament_cmake.build:Building ROS package in '/home/joshfarina/ros2_ws/src/rbe500_group_project/rrbot_simulation_files/rrbot_description' with build type 'ament_cmake'
[0.338s] INFO:colcon.colcon_cmake.task.cmake.build:Building CMake package in '/home/joshfarina/ros2_ws/src/rbe500_group_project/rrbot_simulation_files/rrbot_description'
[0.341s] INFO:colcon.colcon_core.plugin_system:Skipping extension 'colcon_core.shell.bat': Not used on non-Windows systems
[0.341s] INFO:colcon.colcon_core.shell:Skip shell extension 'powershell' for command environment: Not usable outside of PowerShell
[0.341s] DEBUG:colcon.colcon_core.shell:Skip shell extension 'dsv' for command environment
[0.347s] DEBUG:colcon.colcon_core.event_handler.log_command:Invoking command in '/home/joshfarina/ros2_ws/src/rbe500_group_project/rrbot_simulation_files/build/rrbot_description': CMAKE_PREFIX_PATH=/opt/ros/humble /usr/bin/cmake /home/joshfarina/ros2_ws/src/rbe500_group_project/rrbot_simulation_files/rrbot_description -DAMENT_CMAKE_SYMLINK_INSTALL=1 -DCMAKE_INSTALL_PREFIX=/home/joshfarina/ros2_ws/src/rbe500_group_project/rrbot_simulation_files/install/rrbot_description
[0.790s] DEBUG:colcon.colcon_core.event_handler.log_command:Invoked command in '/home/joshfarina/ros2_ws/src/rbe500_group_project/rrbot_simulation_files/build/rrbot_description' returned '0': CMAKE_PREFIX_PATH=/opt/ros/humble /usr/bin/cmake /home/joshfarina/ros2_ws/src/rbe500_group_project/rrbot_simulation_files/rrbot_description -DAMENT_CMAKE_SYMLINK_INSTALL=1 -DCMAKE_INSTALL_PREFIX=/home/joshfarina/ros2_ws/src/rbe500_group_project/rrbot_simulation_files/install/rrbot_description
[0.791s] DEBUG:colcon.colcon_core.event_handler.log_command:Invoking command in '/home/joshfarina/ros2_ws/src/rbe500_group_project/rrbot_simulation_files/build/rrbot_description': CMAKE_PREFIX_PATH=/opt/ros/humble /usr/bin/cmake --build /home/joshfarina/ros2_ws/src/rbe500_group_project/rrbot_simulation_files/build/rrbot_description -- -j8 -l8
[0.817s] DEBUG:colcon.colcon_core.event_handler.log_command:Invoked command in '/home/joshfarina/ros2_ws/src/rbe500_group_project/rrbot_simulation_files/build/rrbot_description' returned '0': CMAKE_PREFIX_PATH=/opt/ros/humble /usr/bin/cmake --build /home/joshfarina/ros2_ws/src/rbe500_group_project/rrbot_simulation_files/build/rrbot_description -- -j8 -l8
[0.839s] DEBUG:colcon.colcon_core.event_handler.log_command:Invoking command in '/home/joshfarina/ros2_ws/src/rbe500_group_project/rrbot_simulation_files/build/rrbot_description': CMAKE_PREFIX_PATH=/opt/ros/humble /usr/bin/cmake --install /home/joshfarina/ros2_ws/src/rbe500_group_project/rrbot_simulation_files/build/rrbot_description
[1.012s] Level 1:colcon.colcon_core.environment:create_environment_scripts_only(rrbot_description)
[1.013s] DEBUG:colcon.colcon_core.event_handler.log_command:Invoked command in '/home/joshfarina/ros2_ws/src/rbe500_group_project/rrbot_simulation_files/build/rrbot_description' returned '0': CMAKE_PREFIX_PATH=/opt/ros/humble /usr/bin/cmake --install /home/joshfarina/ros2_ws/src/rbe500_group_project/rrbot_simulation_files/build/rrbot_description
[1.016s] Level 1:colcon.colcon_core.environment:checking '/home/joshfarina/ros2_ws/src/rbe500_group_project/rrbot_simulation_files/install/rrbot_description' for CMake module files
[1.017s] Level 1:colcon.colcon_core.environment:checking '/home/joshfarina/ros2_ws/src/rbe500_group_project/rrbot_simulation_files/install/rrbot_description' for CMake config files
[1.017s] Level 1:colcon.colcon_core.shell:create_environment_hook('rrbot_description', 'cmake_prefix_path')
[1.018s] INFO:colcon.colcon_core.shell:Creating environment hook '/home/joshfarina/ros2_ws/src/rbe500_group_project/rrbot_simulation_files/install/rrbot_description/share/rrbot_description/hook/cmake_prefix_path.ps1'
[1.018s] INFO:colcon.colcon_core.shell:Creating environment descriptor '/home/joshfarina/ros2_ws/src/rbe500_group_project/rrbot_simulation_files/install/rrbot_description/share/rrbot_description/hook/cmake_prefix_path.dsv'
[1.019s] INFO:colcon.colcon_core.shell:Creating environment hook '/home/joshfarina/ros2_ws/src/rbe500_group_project/rrbot_simulation_files/install/rrbot_description/share/rrbot_description/hook/cmake_prefix_path.sh'
[1.019s] Level 1:colcon.colcon_core.environment:checking '/home/joshfarina/ros2_ws/src/rbe500_group_project/rrbot_simulation_files/install/rrbot_description/bin'
[1.019s] Level 1:colcon.colcon_core.environment:checking '/home/joshfarina/ros2_ws/src/rbe500_group_project/rrbot_simulation_files/install/rrbot_description/lib/pkgconfig/rrbot_description.pc'
[1.019s] Level 1:colcon.colcon_core.environment:checking '/home/joshfarina/ros2_ws/src/rbe500_group_project/rrbot_simulation_files/install/rrbot_description/lib/python3.10/site-packages'
[1.019s] Level 1:colcon.colcon_core.environment:checking '/home/joshfarina/ros2_ws/src/rbe500_group_project/rrbot_simulation_files/install/rrbot_description/bin'
[1.020s] INFO:colcon.colcon_core.shell:Creating package script '/home/joshfarina/ros2_ws/src/rbe500_group_project/rrbot_simulation_files/install/rrbot_description/share/rrbot_description/package.ps1'
[1.021s] INFO:colcon.colcon_core.shell:Creating package descriptor '/home/joshfarina/ros2_ws/src/rbe500_group_project/rrbot_simulation_files/install/rrbot_description/share/rrbot_description/package.dsv'
[1.021s] INFO:colcon.colcon_core.shell:Creating package script '/home/joshfarina/ros2_ws/src/rbe500_group_project/rrbot_simulation_files/install/rrbot_description/share/rrbot_description/package.sh'
[1.022s] INFO:colcon.colcon_core.shell:Creating package script '/home/joshfarina/ros2_ws/src/rbe500_group_project/rrbot_simulation_files/install/rrbot_description/share/rrbot_description/package.bash'
[1.023s] INFO:colcon.colcon_core.shell:Creating package script '/home/joshfarina/ros2_ws/src/rbe500_group_project/rrbot_simulation_files/install/rrbot_description/share/rrbot_description/package.zsh'
[1.023s] Level 1:colcon.colcon_core.environment:create_file_with_runtime_dependencies(/home/joshfarina/ros2_ws/src/rbe500_group_project/rrbot_simulation_files/install/rrbot_description/share/colcon-core/packages/rrbot_description)
[1.039s] Level 1:colcon.colcon_core.environment:create_environment_scripts_only(rrbot_description)
[1.040s] Level 1:colcon.colcon_core.environment:checking '/home/joshfarina/ros2_ws/src/rbe500_group_project/rrbot_simulation_files/install/rrbot_description' for CMake module files
[1.041s] Level 1:colcon.colcon_core.environment:checking '/home/joshfarina/ros2_ws/src/rbe500_group_project/rrbot_simulation_files/install/rrbot_description' for CMake config files
[1.041s] Level 1:colcon.colcon_core.shell:create_environment_hook('rrbot_description', 'cmake_prefix_path')
[1.042s] INFO:colcon.colcon_core.shell:Creating environment hook '/home/joshfarina/ros2_ws/src/rbe500_group_project/rrbot_simulation_files/install/rrbot_description/share/rrbot_description/hook/cmake_prefix_path.ps1'
[1.042s] INFO:colcon.colcon_core.shell:Creating environment descriptor '/home/joshfarina/ros2_ws/src/rbe500_group_project/rrbot_simulation_files/install/rrbot_description/share/rrbot_description/hook/cmake_prefix_path.dsv'
[1.042s] INFO:colcon.colcon_core.shell:Creating environment hook '/home/joshfarina/ros2_ws/src/rbe500_group_project/rrbot_simulation_files/install/rrbot_description/share/rrbot_description/hook/cmake_prefix_path.sh'
[1.042s] Level 1:colcon.colcon_core.environment:checking '/home/joshfarina/ros2_ws/src/rbe500_group_project/rrbot_simulation_files/install/rrbot_description/bin'
[1.042s] Level 1:colcon.colcon_core.environment:checking '/home/joshfarina/ros2_ws/src/rbe500_group_project/rrbot_simulation_files/install/rrbot_description/lib/pkgconfig/rrbot_description.pc'
[1.043s] Level 1:colcon.colcon_core.environment:checking '/home/joshfarina/ros2_ws/src/rbe500_group_project/rrbot_simulation_files/install/rrbot_description/lib/python3.10/site-packages'
[1.043s] Level 1:colcon.colcon_core.environment:checking '/home/joshfarina/ros2_ws/src/rbe500_group_project/rrbot_simulation_files/install/rrbot_description/bin'
[1.044s] INFO:colcon.colcon_core.shell:Creating package script '/home/joshfarina/ros2_ws/src/rbe500_group_project/rrbot_simulation_files/install/rrbot_description/share/rrbot_description/package.ps1'
[1.044s] INFO:colcon.colcon_core.shell:Creating package descriptor '/home/joshfarina/ros2_ws/src/rbe500_group_project/rrbot_simulation_files/install/rrbot_description/share/rrbot_description/package.dsv'
[1.044s] INFO:colcon.colcon_core.shell:Creating package script '/home/joshfarina/ros2_ws/src/rbe500_group_project/rrbot_simulation_files/install/rrbot_description/share/rrbot_description/package.sh'
[1.044s] INFO:colcon.colcon_core.shell:Creating package script '/home/joshfarina/ros2_ws/src/rbe500_group_project/rrbot_simulation_files/install/rrbot_description/share/rrbot_description/package.bash'
[1.045s] INFO:colcon.colcon_core.shell:Creating package script '/home/joshfarina/ros2_ws/src/rbe500_group_project/rrbot_simulation_files/install/rrbot_description/share/rrbot_description/package.zsh'
[1.045s] Level 1:colcon.colcon_core.environment:create_file_with_runtime_dependencies(/home/joshfarina/ros2_ws/src/rbe500_group_project/rrbot_simulation_files/install/rrbot_description/share/colcon-core/packages/rrbot_description)
[1.045s] INFO:colcon.colcon_ros.task.ament_cmake.build:Building ROS package in '/home/joshfarina/ros2_ws/src/rbe500_group_project/rrbot_simulation_files/rrbot_gazebo' with build type 'ament_cmake'
[1.045s] INFO:colcon.colcon_cmake.task.cmake.build:Building CMake package in '/home/joshfarina/ros2_ws/src/rbe500_group_project/rrbot_simulation_files/rrbot_gazebo'
[1.046s] INFO:colcon.colcon_core.shell:Skip shell extension 'powershell' for command environment: Not usable outside of PowerShell
[1.046s] DEBUG:colcon.colcon_core.shell:Skip shell extension 'dsv' for command environment
[1.051s] DEBUG:colcon.colcon_core.event_handler.log_command:Invoking command in '/home/joshfarina/ros2_ws/src/rbe500_group_project/rrbot_simulation_files/build/rrbot_gazebo': AMENT_PREFIX_PATH=/home/joshfarina/ros2_ws/src/rbe500_group_project/rrbot_simulation_files/install/rrbot_description:${AMENT_PREFIX_PATH} CMAKE_PREFIX_PATH=/home/joshfarina/ros2_ws/src/rbe500_group_project/rrbot_simulation_files/install/rrbot_description:/opt/ros/humble /usr/bin/cmake /home/joshfarina/ros2_ws/src/rbe500_group_project/rrbot_simulation_files/rrbot_gazebo -DAMENT_CMAKE_SYMLINK_INSTALL=1 -DCMAKE_INSTALL_PREFIX=/home/joshfarina/ros2_ws/src/rbe500_group_project/rrbot_simulation_files/install/rrbot_gazebo
[2.737s] DEBUG:colcon.colcon_core.event_handler.log_command:Invoked command in '/home/joshfarina/ros2_ws/src/rbe500_group_project/rrbot_simulation_files/build/rrbot_gazebo' returned '0': AMENT_PREFIX_PATH=/home/joshfarina/ros2_ws/src/rbe500_group_project/rrbot_simulation_files/install/rrbot_description:${AMENT_PREFIX_PATH} CMAKE_PREFIX_PATH=/home/joshfarina/ros2_ws/src/rbe500_group_project/rrbot_simulation_files/install/rrbot_description:/opt/ros/humble /usr/bin/cmake /home/joshfarina/ros2_ws/src/rbe500_group_project/rrbot_simulation_files/rrbot_gazebo -DAMENT_CMAKE_SYMLINK_INSTALL=1 -DCMAKE_INSTALL_PREFIX=/home/joshfarina/ros2_ws/src/rbe500_group_project/rrbot_simulation_files/install/rrbot_gazebo
[2.738s] DEBUG:colcon.colcon_core.event_handler.log_command:Invoking command in '/home/joshfarina/ros2_ws/src/rbe500_group_project/rrbot_simulation_files/build/rrbot_gazebo': AMENT_PREFIX_PATH=/home/joshfarina/ros2_ws/src/rbe500_group_project/rrbot_simulation_files/install/rrbot_description:${AMENT_PREFIX_PATH} CMAKE_PREFIX_PATH=/home/joshfarina/ros2_ws/src/rbe500_group_project/rrbot_simulation_files/install/rrbot_description:/opt/ros/humble /usr/bin/cmake --build /home/joshfarina/ros2_ws/src/rbe500_group_project/rrbot_simulation_files/build/rrbot_gazebo -- -j8 -l8
[6.928s] DEBUG:colcon.colcon_core.event_handler.log_command:Invoked command in '/home/joshfarina/ros2_ws/src/rbe500_group_project/rrbot_simulation_files/build/rrbot_gazebo' returned '0': AMENT_PREFIX_PATH=/home/joshfarina/ros2_ws/src/rbe500_group_project/rrbot_simulation_files/install/rrbot_description:${AMENT_PREFIX_PATH} CMAKE_PREFIX_PATH=/home/joshfarina/ros2_ws/src/rbe500_group_project/rrbot_simulation_files/install/rrbot_description:/opt/ros/humble /usr/bin/cmake --build /home/joshfarina/ros2_ws/src/rbe500_group_project/rrbot_simulation_files/build/rrbot_gazebo -- -j8 -l8
[6.969s] DEBUG:colcon.colcon_core.event_handler.log_command:Invoking command in '/home/joshfarina/ros2_ws/src/rbe500_group_project/rrbot_simulation_files/build/rrbot_gazebo': AMENT_PREFIX_PATH=/home/joshfarina/ros2_ws/src/rbe500_group_project/rrbot_simulation_files/install/rrbot_description:${AMENT_PREFIX_PATH} CMAKE_PREFIX_PATH=/home/joshfarina/ros2_ws/src/rbe500_group_project/rrbot_simulation_files/install/rrbot_description:/opt/ros/humble /usr/bin/cmake --install /home/joshfarina/ros2_ws/src/rbe500_group_project/rrbot_simulation_files/build/rrbot_gazebo
[7.466s] Level 1:colcon.colcon_core.environment:create_environment_scripts_only(rrbot_gazebo)
[7.468s] Level 1:colcon.colcon_core.environment:checking '/home/joshfarina/ros2_ws/src/rbe500_group_project/rrbot_simulation_files/install/rrbot_gazebo' for CMake module files
[7.468s] DEBUG:colcon.colcon_core.event_handler.log_command:Invoked command in '/home/joshfarina/ros2_ws/src/rbe500_group_project/rrbot_simulation_files/build/rrbot_gazebo' returned '0': AMENT_PREFIX_PATH=/home/joshfarina/ros2_ws/src/rbe500_group_project/rrbot_simulation_files/install/rrbot_description:${AMENT_PREFIX_PATH} CMAKE_PREFIX_PATH=/home/joshfarina/ros2_ws/src/rbe500_group_project/rrbot_simulation_files/install/rrbot_description:/opt/ros/humble /usr/bin/cmake --install /home/joshfarina/ros2_ws/src/rbe500_group_project/rrbot_simulation_files/build/rrbot_gazebo
[7.469s] Level 1:colcon.colcon_core.environment:checking '/home/joshfarina/ros2_ws/src/rbe500_group_project/rrbot_simulation_files/install/rrbot_gazebo' for CMake config files
[7.469s] Level 1:colcon.colcon_core.shell:create_environment_hook('rrbot_gazebo', 'cmake_prefix_path')
[7.470s] INFO:colcon.colcon_core.shell:Creating environment hook '/home/joshfarina/ros2_ws/src/rbe500_group_project/rrbot_simulation_files/install/rrbot_gazebo/share/rrbot_gazebo/hook/cmake_prefix_path.ps1'
[7.471s] INFO:colcon.colcon_core.shell:Creating environment descriptor '/home/joshfarina/ros2_ws/src/rbe500_group_project/rrbot_simulation_files/install/rrbot_gazebo/share/rrbot_gazebo/hook/cmake_prefix_path.dsv'
[7.471s] INFO:colcon.colcon_core.shell:Creating environment hook '/home/joshfarina/ros2_ws/src/rbe500_group_project/rrbot_simulation_files/install/rrbot_gazebo/share/rrbot_gazebo/hook/cmake_prefix_path.sh'
[7.471s] Level 1:colcon.colcon_core.environment:checking '/home/joshfarina/ros2_ws/src/rbe500_group_project/rrbot_simulation_files/install/rrbot_gazebo/lib'
[7.471s] Level 1:colcon.colcon_core.shell:create_environment_hook('rrbot_gazebo', 'ld_library_path_lib')
[7.472s] INFO:colcon.colcon_core.shell:Creating environment hook '/home/joshfarina/ros2_ws/src/rbe500_group_project/rrbot_simulation_files/install/rrbot_gazebo/share/rrbot_gazebo/hook/ld_library_path_lib.ps1'
[7.473s] INFO:colcon.colcon_core.shell:Creating environment descriptor '/home/joshfarina/ros2_ws/src/rbe500_group_project/rrbot_simulation_files/install/rrbot_gazebo/share/rrbot_gazebo/hook/ld_library_path_lib.dsv'
[7.473s] INFO:colcon.colcon_core.shell:Creating environment hook '/home/joshfarina/ros2_ws/src/rbe500_group_project/rrbot_simulation_files/install/rrbot_gazebo/share/rrbot_gazebo/hook/ld_library_path_lib.sh'
[7.473s] Level 1:colcon.colcon_core.environment:checking '/home/joshfarina/ros2_ws/src/rbe500_group_project/rrbot_simulation_files/install/rrbot_gazebo/bin'
[7.473s] Level 1:colcon.colcon_core.environment:checking '/home/joshfarina/ros2_ws/src/rbe500_group_project/rrbot_simulation_files/install/rrbot_gazebo/lib/pkgconfig/rrbot_gazebo.pc'
[7.473s] Level 1:colcon.colcon_core.environment:checking '/home/joshfarina/ros2_ws/src/rbe500_group_project/rrbot_simulation_files/install/rrbot_gazebo/lib/python3.10/site-packages'
[7.473s] Level 1:colcon.colcon_core.environment:checking '/home/joshfarina/ros2_ws/src/rbe500_group_project/rrbot_simulation_files/install/rrbot_gazebo/bin'
[7.474s] INFO:colcon.colcon_core.shell:Creating package script '/home/joshfarina/ros2_ws/src/rbe500_group_project/rrbot_simulation_files/install/rrbot_gazebo/share/rrbot_gazebo/package.ps1'
[7.474s] INFO:colcon.colcon_core.shell:Creating package descriptor '/home/joshfarina/ros2_ws/src/rbe500_group_project/rrbot_simulation_files/install/rrbot_gazebo/share/rrbot_gazebo/package.dsv'
[7.475s] INFO:colcon.colcon_core.shell:Creating package script '/home/joshfarina/ros2_ws/src/rbe500_group_project/rrbot_simulation_files/install/rrbot_gazebo/share/rrbot_gazebo/package.sh'
[7.475s] INFO:colcon.colcon_core.shell:Creating package script '/home/joshfarina/ros2_ws/src/rbe500_group_project/rrbot_simulation_files/install/rrbot_gazebo/share/rrbot_gazebo/package.bash'
[7.475s] INFO:colcon.colcon_core.shell:Creating package script '/home/joshfarina/ros2_ws/src/rbe500_group_project/rrbot_simulation_files/install/rrbot_gazebo/share/rrbot_gazebo/package.zsh'
[7.475s] Level 1:colcon.colcon_core.environment:create_file_with_runtime_dependencies(/home/joshfarina/ros2_ws/src/rbe500_group_project/rrbot_simulation_files/install/rrbot_gazebo/share/colcon-core/packages/rrbot_gazebo)
[7.515s] Level 1:colcon.colcon_core.environment:create_environment_scripts_only(rrbot_gazebo)
[7.517s] Level 1:colcon.colcon_core.environment:checking '/home/joshfarina/ros2_ws/src/rbe500_group_project/rrbot_simulation_files/install/rrbot_gazebo' for CMake module files
[7.517s] Level 1:colcon.colcon_core.environment:checking '/home/joshfarina/ros2_ws/src/rbe500_group_project/rrbot_simulation_files/install/rrbot_gazebo' for CMake config files
[7.517s] Level 1:colcon.colcon_core.shell:create_environment_hook('rrbot_gazebo', 'cmake_prefix_path')
[7.518s] INFO:colcon.colcon_core.shell:Creating environment hook '/home/joshfarina/ros2_ws/src/rbe500_group_project/rrbot_simulation_files/install/rrbot_gazebo/share/rrbot_gazebo/hook/cmake_prefix_path.ps1'
[7.518s] INFO:colcon.colcon_core.shell:Creating environment descriptor '/home/joshfarina/ros2_ws/src/rbe500_group_project/rrbot_simulation_files/install/rrbot_gazebo/share/rrbot_gazebo/hook/cmake_prefix_path.dsv'
[7.519s] INFO:colcon.colcon_core.shell:Creating environment hook '/home/joshfarina/ros2_ws/src/rbe500_group_project/rrbot_simulation_files/install/rrbot_gazebo/share/rrbot_gazebo/hook/cmake_prefix_path.sh'
[7.519s] Level 1:colcon.colcon_core.environment:checking '/home/joshfarina/ros2_ws/src/rbe500_group_project/rrbot_simulation_files/install/rrbot_gazebo/lib'
[7.519s] Level 1:colcon.colcon_core.shell:create_environment_hook('rrbot_gazebo', 'ld_library_path_lib')
[7.520s] INFO:colcon.colcon_core.shell:Creating environment hook '/home/joshfarina/ros2_ws/src/rbe500_group_project/rrbot_simulation_files/install/rrbot_gazebo/share/rrbot_gazebo/hook/ld_library_path_lib.ps1'
[7.520s] INFO:colcon.colcon_core.shell:Creating environment descriptor '/home/joshfarina/ros2_ws/src/rbe500_group_project/rrbot_simulation_files/install/rrbot_gazebo/share/rrbot_gazebo/hook/ld_library_path_lib.dsv'
[7.520s] INFO:colcon.colcon_core.shell:Creating environment hook '/home/joshfarina/ros2_ws/src/rbe500_group_project/rrbot_simulation_files/install/rrbot_gazebo/share/rrbot_gazebo/hook/ld_library_path_lib.sh'
[7.521s] Level 1:colcon.colcon_core.environment:checking '/home/joshfarina/ros2_ws/src/rbe500_group_project/rrbot_simulation_files/install/rrbot_gazebo/bin'
[7.521s] Level 1:colcon.colcon_core.environment:checking '/home/joshfarina/ros2_ws/src/rbe500_group_project/rrbot_simulation_files/install/rrbot_gazebo/lib/pkgconfig/rrbot_gazebo.pc'
[7.521s] Level 1:colcon.colcon_core.environment:checking '/home/joshfarina/ros2_ws/src/rbe500_group_project/rrbot_simulation_files/install/rrbot_gazebo/lib/python3.10/site-packages'
[7.521s] Level 1:colcon.colcon_core.environment:checking '/home/joshfarina/ros2_ws/src/rbe500_group_project/rrbot_simulation_files/install/rrbot_gazebo/bin'
[7.522s] INFO:colcon.colcon_core.shell:Creating package script '/home/joshfarina/ros2_ws/src/rbe500_group_project/rrbot_simulation_files/install/rrbot_gazebo/share/rrbot_gazebo/package.ps1'
[7.522s] INFO:colcon.colcon_core.shell:Creating package descriptor '/home/joshfarina/ros2_ws/src/rbe500_group_project/rrbot_simulation_files/install/rrbot_gazebo/share/rrbot_gazebo/package.dsv'
[7.522s] INFO:colcon.colcon_core.shell:Creating package script '/home/joshfarina/ros2_ws/src/rbe500_group_project/rrbot_simulation_files/install/rrbot_gazebo/share/rrbot_gazebo/package.sh'
[7.523s] INFO:colcon.colcon_core.shell:Creating package script '/home/joshfarina/ros2_ws/src/rbe500_group_project/rrbot_simulation_files/install/rrbot_gazebo/share/rrbot_gazebo/package.bash'
[7.523s] INFO:colcon.colcon_core.shell:Creating package script '/home/joshfarina/ros2_ws/src/rbe500_group_project/rrbot_simulation_files/install/rrbot_gazebo/share/rrbot_gazebo/package.zsh'
[7.523s] Level 1:colcon.colcon_core.environment:create_file_with_runtime_dependencies(/home/joshfarina/ros2_ws/src/rbe500_group_project/rrbot_simulation_files/install/rrbot_gazebo/share/colcon-core/packages/rrbot_gazebo)
[7.523s] DEBUG:colcon.colcon_parallel_executor.executor.parallel:closing loop
[7.523s] DEBUG:colcon.colcon_parallel_executor.executor.parallel:loop closed
[7.523s] DEBUG:colcon.colcon_parallel_executor.executor.parallel:run_until_complete finished with '0'
[7.524s] DEBUG:colcon.colcon_core.event_reactor:joining thread
[7.527s] INFO:colcon.colcon_core.plugin_system:Skipping extension 'colcon_notification.desktop_notification.terminal_notifier': Not used on non-Darwin systems
[7.527s] INFO:colcon.colcon_core.plugin_system:Skipping extension 'colcon_notification.desktop_notification.win32': Not used on non-Windows systems
[7.527s] INFO:colcon.colcon_notification.desktop_notification:Sending desktop notification using 'notify2'
[7.539s] DEBUG:colcon.colcon_core.event_reactor:joined thread
[7.541s] INFO:colcon.colcon_core.shell:Creating prefix script '/home/joshfarina/ros2_ws/src/rbe500_group_project/rrbot_simulation_files/install/local_setup.ps1'
[7.542s] INFO:colcon.colcon_core.shell:Creating prefix util module '/home/joshfarina/ros2_ws/src/rbe500_group_project/rrbot_simulation_files/install/_local_setup_util_ps1.py'
[7.544s] INFO:colcon.colcon_core.shell:Creating prefix chain script '/home/joshfarina/ros2_ws/src/rbe500_group_project/rrbot_simulation_files/install/setup.ps1'
[7.545s] INFO:colcon.colcon_core.shell:Creating prefix script '/home/joshfarina/ros2_ws/src/rbe500_group_project/rrbot_simulation_files/install/local_setup.sh'
[7.545s] INFO:colcon.colcon_core.shell:Creating prefix util module '/home/joshfarina/ros2_ws/src/rbe500_group_project/rrbot_simulation_files/install/_local_setup_util_sh.py'
[7.545s] INFO:colcon.colcon_core.shell:Creating prefix chain script '/home/joshfarina/ros2_ws/src/rbe500_group_project/rrbot_simulation_files/install/setup.sh'
[7.546s] INFO:colcon.colcon_core.shell:Creating prefix script '/home/joshfarina/ros2_ws/src/rbe500_group_project/rrbot_simulation_files/install/local_setup.bash'
[7.546s] INFO:colcon.colcon_core.shell:Creating prefix chain script '/home/joshfarina/ros2_ws/src/rbe500_group_project/rrbot_simulation_files/install/setup.bash'
[7.547s] INFO:colcon.colcon_core.shell:Creating prefix script '/home/joshfarina/ros2_ws/src/rbe500_group_project/rrbot_simulation_files/install/local_setup.zsh'
[7.547s] INFO:colcon.colcon_core.shell:Creating prefix chain script '/home/joshfarina/ros2_ws/src/rbe500_group_project/rrbot_simulation_files/install/setup.zsh'
