[0.020s] Invoking command in '/home/rutvij/ros2_ws/src/rbe500_group_project/build/rrbot_description': CMAKE_PREFIX_PATH=${CMAKE_PREFIX_PATH}:/home/rutvij/ros2_ws/install/rkd_hw3:/home/rutvij/ros2_ws/install/quat_to_euler:/home/rutvij/ros2_ws/install/my_robot_controller:/home/rutvij/ros2_ws/install/RBE500_HW1_RD:/opt/ros/humble /usr/bin/cmake /home/rutvij/ros2_ws/src/rbe500_group_project/rrbot_simulation_files/rrbot_description -DCMAKE_INSTALL_PREFIX=/home/rutvij/ros2_ws/src/rbe500_group_project/install/rrbot_description
[0.276s] -- The C compiler identification is GNU 11.4.0
[0.493s] -- The CXX compiler identification is GNU 11.4.0
[0.506s] -- Detecting C compiler ABI info
[0.604s] -- Detecting C compiler ABI info - done
[0.612s] -- Check for working C compiler: /usr/bin/cc - skipped
[0.615s] -- Detecting C compile features
[0.616s] -- Detecting C compile features - done
[0.620s] -- Detecting CXX compiler ABI info
[0.724s] -- Detecting CXX compiler ABI info - done
[0.732s] -- Check for working CXX compiler: /usr/bin/c++ - skipped
[0.733s] -- Detecting CXX compile features
[0.733s] -- Detecting CXX compile features - done
[0.747s] -- Found ament_cmake: 1.3.5 (/opt/ros/humble/share/ament_cmake/cmake)
[0.962s] -- Found Python3: /usr/bin/python3.10 (found version "3.10.12") found components: Interpreter 
[1.175s] -- Configuring done
[1.178s] -- Generating done
[1.179s] -- Build files have been written to: /home/rutvij/ros2_ws/src/rbe500_group_project/build/rrbot_description
[1.185s] Invoked command in '/home/rutvij/ros2_ws/src/rbe500_group_project/build/rrbot_description' returned '0': CMAKE_PREFIX_PATH=${CMAKE_PREFIX_PATH}:/home/rutvij/ros2_ws/install/rkd_hw3:/home/rutvij/ros2_ws/install/quat_to_euler:/home/rutvij/ros2_ws/install/my_robot_controller:/home/rutvij/ros2_ws/install/RBE500_HW1_RD:/opt/ros/humble /usr/bin/cmake /home/rutvij/ros2_ws/src/rbe500_group_project/rrbot_simulation_files/rrbot_description -DCMAKE_INSTALL_PREFIX=/home/rutvij/ros2_ws/src/rbe500_group_project/install/rrbot_description
[1.187s] Invoking command in '/home/rutvij/ros2_ws/src/rbe500_group_project/build/rrbot_description': CMAKE_PREFIX_PATH=${CMAKE_PREFIX_PATH}:/home/rutvij/ros2_ws/install/rkd_hw3:/home/rutvij/ros2_ws/install/quat_to_euler:/home/rutvij/ros2_ws/install/my_robot_controller:/home/rutvij/ros2_ws/install/RBE500_HW1_RD:/opt/ros/humble /usr/bin/cmake --build /home/rutvij/ros2_ws/src/rbe500_group_project/build/rrbot_description -- -j4 -l4
[1.233s] Invoked command in '/home/rutvij/ros2_ws/src/rbe500_group_project/build/rrbot_description' returned '0': CMAKE_PREFIX_PATH=${CMAKE_PREFIX_PATH}:/home/rutvij/ros2_ws/install/rkd_hw3:/home/rutvij/ros2_ws/install/quat_to_euler:/home/rutvij/ros2_ws/install/my_robot_controller:/home/rutvij/ros2_ws/install/RBE500_HW1_RD:/opt/ros/humble /usr/bin/cmake --build /home/rutvij/ros2_ws/src/rbe500_group_project/build/rrbot_description -- -j4 -l4
[1.273s] Invoking command in '/home/rutvij/ros2_ws/src/rbe500_group_project/build/rrbot_description': CMAKE_PREFIX_PATH=${CMAKE_PREFIX_PATH}:/home/rutvij/ros2_ws/install/rkd_hw3:/home/rutvij/ros2_ws/install/quat_to_euler:/home/rutvij/ros2_ws/install/my_robot_controller:/home/rutvij/ros2_ws/install/RBE500_HW1_RD:/opt/ros/humble /usr/bin/cmake --install /home/rutvij/ros2_ws/src/rbe500_group_project/build/rrbot_description
[1.283s] -- Install configuration: ""
[1.283s] -- Installing: /home/rutvij/ros2_ws/src/rbe500_group_project/install/rrbot_description/share/rrbot_description/config
[1.284s] -- Installing: /home/rutvij/ros2_ws/src/rbe500_group_project/install/rrbot_description/share/rrbot_description/config/rrbot.rviz
[1.284s] -- Installing: /home/rutvij/ros2_ws/src/rbe500_group_project/install/rrbot_description/share/rrbot_description/gazebo
[1.284s] -- Installing: /home/rutvij/ros2_ws/src/rbe500_group_project/install/rrbot_description/share/rrbot_description/gazebo/rrbot.materials.xacro
[1.284s] -- Installing: /home/rutvij/ros2_ws/src/rbe500_group_project/install/rrbot_description/share/rrbot_description/gazebo/rrbot.gazebo.xacro
[1.284s] -- Installing: /home/rutvij/ros2_ws/src/rbe500_group_project/install/rrbot_description/share/rrbot_description/meshes
[1.285s] -- Installing: /home/rutvij/ros2_ws/src/rbe500_group_project/install/rrbot_description/share/rrbot_description/meshes/hokuyo.dae
[1.285s] -- Installing: /home/rutvij/ros2_ws/src/rbe500_group_project/install/rrbot_description/share/rrbot_description/launch
[1.285s] -- Installing: /home/rutvij/ros2_ws/src/rbe500_group_project/install/rrbot_description/share/rrbot_description/launch/view_robot.launch.py
[1.285s] -- Installing: /home/rutvij/ros2_ws/src/rbe500_group_project/install/rrbot_description/share/rrbot_description/ros2_control
[1.285s] -- Installing: /home/rutvij/ros2_ws/src/rbe500_group_project/install/rrbot_description/share/rrbot_description/ros2_control/rrbot.ros2_control.xacro
[1.285s] -- Installing: /home/rutvij/ros2_ws/src/rbe500_group_project/install/rrbot_description/share/rrbot_description/urdf
[1.285s] -- Installing: /home/rutvij/ros2_ws/src/rbe500_group_project/install/rrbot_description/share/rrbot_description/urdf/rrbot.urdf.xacro
[1.285s] -- Installing: /home/rutvij/ros2_ws/src/rbe500_group_project/install/rrbot_description/share/rrbot_description/urdf/rrbot_description.urdf.xacro
[1.286s] -- Installing: /home/rutvij/ros2_ws/src/rbe500_group_project/install/rrbot_description/share/rrbot_description/urdf/rrbot_description_bryan.urdf.xacro
[1.286s] -- Installing: /home/rutvij/ros2_ws/src/rbe500_group_project/install/rrbot_description/share/rrbot_description/environment/rrbot_description.dsv
[1.286s] -- Installing: /home/rutvij/ros2_ws/src/rbe500_group_project/install/rrbot_description/share/ament_index/resource_index/package_run_dependencies/rrbot_description
[1.287s] -- Installing: /home/rutvij/ros2_ws/src/rbe500_group_project/install/rrbot_description/share/ament_index/resource_index/parent_prefix_path/rrbot_description
[1.287s] -- Installing: /home/rutvij/ros2_ws/src/rbe500_group_project/install/rrbot_description/share/rrbot_description/environment/ament_prefix_path.sh
[1.287s] -- Installing: /home/rutvij/ros2_ws/src/rbe500_group_project/install/rrbot_description/share/rrbot_description/environment/ament_prefix_path.dsv
[1.287s] -- Installing: /home/rutvij/ros2_ws/src/rbe500_group_project/install/rrbot_description/share/rrbot_description/environment/path.sh
[1.287s] -- Installing: /home/rutvij/ros2_ws/src/rbe500_group_project/install/rrbot_description/share/rrbot_description/environment/path.dsv
[1.288s] -- Installing: /home/rutvij/ros2_ws/src/rbe500_group_project/install/rrbot_description/share/rrbot_description/local_setup.bash
[1.288s] -- Installing: /home/rutvij/ros2_ws/src/rbe500_group_project/install/rrbot_description/share/rrbot_description/local_setup.sh
[1.288s] -- Installing: /home/rutvij/ros2_ws/src/rbe500_group_project/install/rrbot_description/share/rrbot_description/local_setup.zsh
[1.288s] -- Installing: /home/rutvij/ros2_ws/src/rbe500_group_project/install/rrbot_description/share/rrbot_description/local_setup.dsv
[1.288s] -- Installing: /home/rutvij/ros2_ws/src/rbe500_group_project/install/rrbot_description/share/rrbot_description/package.dsv
[1.289s] -- Installing: /home/rutvij/ros2_ws/src/rbe500_group_project/install/rrbot_description/share/ament_index/resource_index/packages/rrbot_description
[1.289s] -- Installing: /home/rutvij/ros2_ws/src/rbe500_group_project/install/rrbot_description/share/rrbot_description/cmake/rrbot_descriptionConfig.cmake
[1.289s] -- Installing: /home/rutvij/ros2_ws/src/rbe500_group_project/install/rrbot_description/share/rrbot_description/cmake/rrbot_descriptionConfig-version.cmake
[1.289s] -- Installing: /home/rutvij/ros2_ws/src/rbe500_group_project/install/rrbot_description/share/rrbot_description/package.xml
[1.292s] Invoked command in '/home/rutvij/ros2_ws/src/rbe500_group_project/build/rrbot_description' returned '0': CMAKE_PREFIX_PATH=${CMAKE_PREFIX_PATH}:/home/rutvij/ros2_ws/install/rkd_hw3:/home/rutvij/ros2_ws/install/quat_to_euler:/home/rutvij/ros2_ws/install/my_robot_controller:/home/rutvij/ros2_ws/install/RBE500_HW1_RD:/opt/ros/humble /usr/bin/cmake --install /home/rutvij/ros2_ws/src/rbe500_group_project/build/rrbot_description
