[0.259s] DEBUG:colcon:Command line arguments: ['/usr/bin/colcon', 'build', '--symlink-install']
[0.259s] DEBUG:colcon:Parsed command line arguments: Namespace(log_base=None, log_level=None, verb_name='build', build_base='build', install_base='install', merge_install=False, symlink_install=True, test_result_base=None, continue_on_error=False, executor='parallel', parallel_workers=8, event_handlers=None, ignore_user_meta=False, metas=['./colcon.meta'], base_paths=['.'], packages_ignore=None, packages_ignore_regex=None, paths=None, packages_up_to=None, packages_up_to_regex=None, packages_above=None, packages_above_and_dependencies=None, packages_above_depth=None, packages_select_by_dep=None, packages_skip_by_dep=None, packages_skip_up_to=None, packages_select_build_failed=False, packages_skip_build_finished=False, packages_select_test_failures=False, packages_skip_test_passed=False, packages_select=None, packages_skip=None, packages_select_regex=None, packages_skip_regex=None, packages_start=None, packages_end=None, allow_overriding=[], cmake_args=None, cmake_target=None, cmake_target_skip_unavailable=False, cmake_clean_cache=False, cmake_clean_first=False, cmake_force_configure=False, ament_cmake_args=None, catkin_cmake_args=None, catkin_skip_building_tests=False, verb_parser=<colcon_defaults.argument_parser.defaults.DefaultArgumentsDecorator object at 0x7fa4338ce5f0>, verb_extension=<colcon_core.verb.build.BuildVerb object at 0x7fa4340b31f0>, main=<bound method BuildVerb.main of <colcon_core.verb.build.BuildVerb object at 0x7fa4340b31f0>>)
[0.286s] Level 1:colcon.colcon_core.package_discovery:discover_packages(colcon_meta) check parameters
[0.286s] Level 1:colcon.colcon_core.package_discovery:discover_packages(recursive) check parameters
[0.286s] Level 1:colcon.colcon_core.package_discovery:discover_packages(ignore) check parameters
[0.286s] Level 1:colcon.colcon_core.package_discovery:discover_packages(path) check parameters
[0.286s] Level 1:colcon.colcon_core.package_discovery:discover_packages(colcon_meta) discover
[0.286s] Level 1:colcon.colcon_core.package_discovery:discover_packages(recursive) discover
[0.286s] INFO:colcon.colcon_core.package_discovery:Crawling recursively for packages in '/home/joshfarina/ros2_ws/src/rbe500_group_project'
[0.286s] Level 1:colcon.colcon_core.package_identification:_identify(.) by extensions ['ignore', 'ignore_ament_install']
[0.286s] Level 1:colcon.colcon_core.package_identification:_identify(.) by extension 'ignore'
[0.286s] Level 1:colcon.colcon_core.package_identification:_identify(.) by extension 'ignore_ament_install'
[0.287s] Level 1:colcon.colcon_core.package_identification:_identify(.) by extensions ['colcon_pkg']
[0.287s] Level 1:colcon.colcon_core.package_identification:_identify(.) by extension 'colcon_pkg'
[0.287s] Level 1:colcon.colcon_core.package_identification:_identify(.) by extensions ['colcon_meta']
[0.287s] Level 1:colcon.colcon_core.package_identification:_identify(.) by extension 'colcon_meta'
[0.287s] Level 1:colcon.colcon_core.package_identification:_identify(.) by extensions ['ros']
[0.287s] Level 1:colcon.colcon_core.package_identification:_identify(.) by extension 'ros'
[0.295s] Level 1:colcon.colcon_core.package_identification:_identify(.) by extensions ['cmake', 'python']
[0.296s] Level 1:colcon.colcon_core.package_identification:_identify(.) by extension 'cmake'
[0.296s] Level 1:colcon.colcon_core.package_identification:_identify(.) by extension 'python'
[0.296s] Level 1:colcon.colcon_core.package_identification:_identify(.) by extensions ['python_setup_py']
[0.296s] Level 1:colcon.colcon_core.package_identification:_identify(.) by extension 'python_setup_py'
[0.296s] Level 1:colcon.colcon_core.package_identification:_identify(build) by extensions ['ignore', 'ignore_ament_install']
[0.296s] Level 1:colcon.colcon_core.package_identification:_identify(build) by extension 'ignore'
[0.296s] Level 1:colcon.colcon_core.package_identification:_identify(build) ignored
[0.296s] Level 1:colcon.colcon_core.package_identification:_identify(install) by extensions ['ignore', 'ignore_ament_install']
[0.296s] Level 1:colcon.colcon_core.package_identification:_identify(install) by extension 'ignore'
[0.296s] Level 1:colcon.colcon_core.package_identification:_identify(install) ignored
[0.296s] Level 1:colcon.colcon_core.package_identification:_identify(log) by extensions ['ignore', 'ignore_ament_install']
[0.296s] Level 1:colcon.colcon_core.package_identification:_identify(log) by extension 'ignore'
[0.296s] Level 1:colcon.colcon_core.package_identification:_identify(log) ignored
[0.296s] Level 1:colcon.colcon_core.package_identification:_identify(rrbot_simulation_files) by extensions ['ignore', 'ignore_ament_install']
[0.296s] Level 1:colcon.colcon_core.package_identification:_identify(rrbot_simulation_files) by extension 'ignore'
[0.296s] Level 1:colcon.colcon_core.package_identification:_identify(rrbot_simulation_files) by extension 'ignore_ament_install'
[0.296s] Level 1:colcon.colcon_core.package_identification:_identify(rrbot_simulation_files) by extensions ['colcon_pkg']
[0.297s] Level 1:colcon.colcon_core.package_identification:_identify(rrbot_simulation_files) by extension 'colcon_pkg'
[0.297s] Level 1:colcon.colcon_core.package_identification:_identify(rrbot_simulation_files) by extensions ['colcon_meta']
[0.297s] Level 1:colcon.colcon_core.package_identification:_identify(rrbot_simulation_files) by extension 'colcon_meta'
[0.297s] Level 1:colcon.colcon_core.package_identification:_identify(rrbot_simulation_files) by extensions ['ros']
[0.297s] Level 1:colcon.colcon_core.package_identification:_identify(rrbot_simulation_files) by extension 'ros'
[0.297s] Level 1:colcon.colcon_core.package_identification:_identify(rrbot_simulation_files) by extensions ['cmake', 'python']
[0.297s] Level 1:colcon.colcon_core.package_identification:_identify(rrbot_simulation_files) by extension 'cmake'
[0.297s] Level 1:colcon.colcon_core.package_identification:_identify(rrbot_simulation_files) by extension 'python'
[0.297s] Level 1:colcon.colcon_core.package_identification:_identify(rrbot_simulation_files) by extensions ['python_setup_py']
[0.297s] Level 1:colcon.colcon_core.package_identification:_identify(rrbot_simulation_files) by extension 'python_setup_py'
[0.297s] Level 1:colcon.colcon_core.package_identification:_identify(rrbot_simulation_files/build) by extensions ['ignore', 'ignore_ament_install']
[0.297s] Level 1:colcon.colcon_core.package_identification:_identify(rrbot_simulation_files/build) by extension 'ignore'
[0.297s] Level 1:colcon.colcon_core.package_identification:_identify(rrbot_simulation_files/build) ignored
[0.297s] Level 1:colcon.colcon_core.package_identification:_identify(rrbot_simulation_files/install) by extensions ['ignore', 'ignore_ament_install']
[0.297s] Level 1:colcon.colcon_core.package_identification:_identify(rrbot_simulation_files/install) by extension 'ignore'
[0.297s] Level 1:colcon.colcon_core.package_identification:_identify(rrbot_simulation_files/install) ignored
[0.297s] Level 1:colcon.colcon_core.package_identification:_identify(rrbot_simulation_files/log) by extensions ['ignore', 'ignore_ament_install']
[0.297s] Level 1:colcon.colcon_core.package_identification:_identify(rrbot_simulation_files/log) by extension 'ignore'
[0.297s] Level 1:colcon.colcon_core.package_identification:_identify(rrbot_simulation_files/log) ignored
[0.297s] Level 1:colcon.colcon_core.package_identification:_identify(rrbot_simulation_files/rrbot_description) by extensions ['ignore', 'ignore_ament_install']
[0.297s] Level 1:colcon.colcon_core.package_identification:_identify(rrbot_simulation_files/rrbot_description) by extension 'ignore'
[0.297s] Level 1:colcon.colcon_core.package_identification:_identify(rrbot_simulation_files/rrbot_description) by extension 'ignore_ament_install'
[0.297s] Level 1:colcon.colcon_core.package_identification:_identify(rrbot_simulation_files/rrbot_description) by extensions ['colcon_pkg']
[0.297s] Level 1:colcon.colcon_core.package_identification:_identify(rrbot_simulation_files/rrbot_description) by extension 'colcon_pkg'
[0.297s] Level 1:colcon.colcon_core.package_identification:_identify(rrbot_simulation_files/rrbot_description) by extensions ['colcon_meta']
[0.297s] Level 1:colcon.colcon_core.package_identification:_identify(rrbot_simulation_files/rrbot_description) by extension 'colcon_meta'
[0.297s] Level 1:colcon.colcon_core.package_identification:_identify(rrbot_simulation_files/rrbot_description) by extensions ['ros']
[0.297s] Level 1:colcon.colcon_core.package_identification:_identify(rrbot_simulation_files/rrbot_description) by extension 'ros'
[0.299s] DEBUG:colcon.colcon_core.package_identification:Package 'rrbot_simulation_files/rrbot_description' with type 'ros.ament_cmake' and name 'rrbot_description'
[0.299s] Level 1:colcon.colcon_core.package_identification:_identify(rrbot_simulation_files/rrbot_gazebo) by extensions ['ignore', 'ignore_ament_install']
[0.299s] Level 1:colcon.colcon_core.package_identification:_identify(rrbot_simulation_files/rrbot_gazebo) by extension 'ignore'
[0.299s] Level 1:colcon.colcon_core.package_identification:_identify(rrbot_simulation_files/rrbot_gazebo) by extension 'ignore_ament_install'
[0.299s] Level 1:colcon.colcon_core.package_identification:_identify(rrbot_simulation_files/rrbot_gazebo) by extensions ['colcon_pkg']
[0.299s] Level 1:colcon.colcon_core.package_identification:_identify(rrbot_simulation_files/rrbot_gazebo) by extension 'colcon_pkg'
[0.300s] Level 1:colcon.colcon_core.package_identification:_identify(rrbot_simulation_files/rrbot_gazebo) by extensions ['colcon_meta']
[0.300s] Level 1:colcon.colcon_core.package_identification:_identify(rrbot_simulation_files/rrbot_gazebo) by extension 'colcon_meta'
[0.300s] Level 1:colcon.colcon_core.package_identification:_identify(rrbot_simulation_files/rrbot_gazebo) by extensions ['ros']
[0.300s] Level 1:colcon.colcon_core.package_identification:_identify(rrbot_simulation_files/rrbot_gazebo) by extension 'ros'
[0.300s] DEBUG:colcon.colcon_core.package_identification:Package 'rrbot_simulation_files/rrbot_gazebo' with type 'ros.ament_cmake' and name 'rrbot_gazebo'
[0.301s] Level 1:colcon.colcon_core.package_discovery:discover_packages(recursive) using defaults
[0.301s] Level 1:colcon.colcon_core.package_discovery:discover_packages(ignore) discover
[0.301s] Level 1:colcon.colcon_core.package_discovery:discover_packages(ignore) using defaults
[0.301s] Level 1:colcon.colcon_core.package_discovery:discover_packages(path) discover
[0.301s] Level 1:colcon.colcon_core.package_discovery:discover_packages(path) using defaults
[0.322s] Level 1:colcon.colcon_core.package_discovery:discover_packages(prefix_path) check parameters
[0.322s] Level 1:colcon.colcon_core.package_discovery:discover_packages(prefix_path) discover
[0.324s] DEBUG:colcon.colcon_installed_package_information.package_discovery:Found 2 installed packages in /home/joshfarina/ros2_ws/src/rbe500_group_project/install
[0.325s] DEBUG:colcon.colcon_installed_package_information.package_discovery:Found 332 installed packages in /opt/ros/humble
[0.327s] Level 1:colcon.colcon_core.package_discovery:discover_packages(prefix_path) using defaults
[0.374s] Level 5:colcon.colcon_core.verb:set package 'rrbot_description' build argument 'cmake_args' from command line to 'None'
[0.374s] Level 5:colcon.colcon_core.verb:set package 'rrbot_description' build argument 'cmake_target' from command line to 'None'
[0.374s] Level 5:colcon.colcon_core.verb:set package 'rrbot_description' build argument 'cmake_target_skip_unavailable' from command line to 'False'
[0.374s] Level 5:colcon.colcon_core.verb:set package 'rrbot_description' build argument 'cmake_clean_cache' from command line to 'False'
[0.374s] Level 5:colcon.colcon_core.verb:set package 'rrbot_description' build argument 'cmake_clean_first' from command line to 'False'
[0.374s] Level 5:colcon.colcon_core.verb:set package 'rrbot_description' build argument 'cmake_force_configure' from command line to 'False'
[0.374s] Level 5:colcon.colcon_core.verb:set package 'rrbot_description' build argument 'ament_cmake_args' from command line to 'None'
[0.374s] Level 5:colcon.colcon_core.verb:set package 'rrbot_description' build argument 'catkin_cmake_args' from command line to 'None'
[0.374s] Level 5:colcon.colcon_core.verb:set package 'rrbot_description' build argument 'catkin_skip_building_tests' from command line to 'False'
[0.374s] DEBUG:colcon.colcon_core.verb:Building package 'rrbot_description' with the following arguments: {'ament_cmake_args': None, 'build_base': '/home/joshfarina/ros2_ws/src/rbe500_group_project/build/rrbot_description', 'catkin_cmake_args': None, 'catkin_skip_building_tests': False, 'cmake_args': None, 'cmake_clean_cache': False, 'cmake_clean_first': False, 'cmake_force_configure': False, 'cmake_target': None, 'cmake_target_skip_unavailable': False, 'install_base': '/home/joshfarina/ros2_ws/src/rbe500_group_project/install/rrbot_description', 'merge_install': False, 'path': '/home/joshfarina/ros2_ws/src/rbe500_group_project/rrbot_simulation_files/rrbot_description', 'symlink_install': True, 'test_result_base': None}
[0.375s] Level 5:colcon.colcon_core.verb:set package 'rrbot_gazebo' build argument 'cmake_args' from command line to 'None'
[0.375s] Level 5:colcon.colcon_core.verb:set package 'rrbot_gazebo' build argument 'cmake_target' from command line to 'None'
[0.375s] Level 5:colcon.colcon_core.verb:set package 'rrbot_gazebo' build argument 'cmake_target_skip_unavailable' from command line to 'False'
[0.375s] Level 5:colcon.colcon_core.verb:set package 'rrbot_gazebo' build argument 'cmake_clean_cache' from command line to 'False'
[0.375s] Level 5:colcon.colcon_core.verb:set package 'rrbot_gazebo' build argument 'cmake_clean_first' from command line to 'False'
[0.375s] Level 5:colcon.colcon_core.verb:set package 'rrbot_gazebo' build argument 'cmake_force_configure' from command line to 'False'
[0.376s] Level 5:colcon.colcon_core.verb:set package 'rrbot_gazebo' build argument 'ament_cmake_args' from command line to 'None'
[0.376s] Level 5:colcon.colcon_core.verb:set package 'rrbot_gazebo' build argument 'catkin_cmake_args' from command line to 'None'
[0.376s] Level 5:colcon.colcon_core.verb:set package 'rrbot_gazebo' build argument 'catkin_skip_building_tests' from command line to 'False'
[0.376s] DEBUG:colcon.colcon_core.verb:Building package 'rrbot_gazebo' with the following arguments: {'ament_cmake_args': None, 'build_base': '/home/joshfarina/ros2_ws/src/rbe500_group_project/build/rrbot_gazebo', 'catkin_cmake_args': None, 'catkin_skip_building_tests': False, 'cmake_args': None, 'cmake_clean_cache': False, 'cmake_clean_first': False, 'cmake_force_configure': False, 'cmake_target': None, 'cmake_target_skip_unavailable': False, 'install_base': '/home/joshfarina/ros2_ws/src/rbe500_group_project/install/rrbot_gazebo', 'merge_install': False, 'path': '/home/joshfarina/ros2_ws/src/rbe500_group_project/rrbot_simulation_files/rrbot_gazebo', 'symlink_install': True, 'test_result_base': None}
[0.376s] INFO:colcon.colcon_core.executor:Executing jobs using 'parallel' executor
[0.379s] DEBUG:colcon.colcon_parallel_executor.executor.parallel:run_until_complete
[0.379s] INFO:colcon.colcon_ros.task.ament_cmake.build:Building ROS package in '/home/joshfarina/ros2_ws/src/rbe500_group_project/rrbot_simulation_files/rrbot_description' with build type 'ament_cmake'
[0.379s] INFO:colcon.colcon_cmake.task.cmake.build:Building CMake package in '/home/joshfarina/ros2_ws/src/rbe500_group_project/rrbot_simulation_files/rrbot_description'
[0.384s] INFO:colcon.colcon_core.plugin_system:Skipping extension 'colcon_core.shell.bat': Not used on non-Windows systems
[0.384s] INFO:colcon.colcon_core.shell:Skip shell extension 'powershell' for command environment: Not usable outside of PowerShell
[0.384s] DEBUG:colcon.colcon_core.shell:Skip shell extension 'dsv' for command environment
[0.392s] DEBUG:colcon.colcon_core.event_handler.log_command:Invoking command in '/home/joshfarina/ros2_ws/src/rbe500_group_project/build/rrbot_description': CMAKE_PREFIX_PATH=${CMAKE_PREFIX_PATH}:/opt/ros/humble /usr/bin/cmake --build /home/joshfarina/ros2_ws/src/rbe500_group_project/build/rrbot_description -- -j8 -l8
[0.427s] DEBUG:colcon.colcon_core.event_handler.log_command:Invoked command in '/home/joshfarina/ros2_ws/src/rbe500_group_project/build/rrbot_description' returned '0': CMAKE_PREFIX_PATH=${CMAKE_PREFIX_PATH}:/opt/ros/humble /usr/bin/cmake --build /home/joshfarina/ros2_ws/src/rbe500_group_project/build/rrbot_description -- -j8 -l8
[0.458s] DEBUG:colcon.colcon_core.event_handler.log_command:Invoking command in '/home/joshfarina/ros2_ws/src/rbe500_group_project/build/rrbot_description': CMAKE_PREFIX_PATH=${CMAKE_PREFIX_PATH}:/opt/ros/humble /usr/bin/cmake --install /home/joshfarina/ros2_ws/src/rbe500_group_project/build/rrbot_description
[0.481s] Level 1:colcon.colcon_core.environment:create_environment_scripts_only(rrbot_description)
[0.482s] DEBUG:colcon.colcon_core.event_handler.log_command:Invoked command in '/home/joshfarina/ros2_ws/src/rbe500_group_project/build/rrbot_description' returned '0': CMAKE_PREFIX_PATH=${CMAKE_PREFIX_PATH}:/opt/ros/humble /usr/bin/cmake --install /home/joshfarina/ros2_ws/src/rbe500_group_project/build/rrbot_description
[0.485s] Level 1:colcon.colcon_core.environment:checking '/home/joshfarina/ros2_ws/src/rbe500_group_project/install/rrbot_description' for CMake module files
[0.485s] Level 1:colcon.colcon_core.environment:checking '/home/joshfarina/ros2_ws/src/rbe500_group_project/install/rrbot_description' for CMake config files
[0.485s] Level 1:colcon.colcon_core.shell:create_environment_hook('rrbot_description', 'cmake_prefix_path')
[0.486s] INFO:colcon.colcon_core.shell:Creating environment hook '/home/joshfarina/ros2_ws/src/rbe500_group_project/install/rrbot_description/share/rrbot_description/hook/cmake_prefix_path.ps1'
[0.487s] INFO:colcon.colcon_core.shell:Creating environment descriptor '/home/joshfarina/ros2_ws/src/rbe500_group_project/install/rrbot_description/share/rrbot_description/hook/cmake_prefix_path.dsv'
[0.487s] INFO:colcon.colcon_core.shell:Creating environment hook '/home/joshfarina/ros2_ws/src/rbe500_group_project/install/rrbot_description/share/rrbot_description/hook/cmake_prefix_path.sh'
[0.488s] Level 1:colcon.colcon_core.environment:checking '/home/joshfarina/ros2_ws/src/rbe500_group_project/install/rrbot_description/bin'
[0.488s] Level 1:colcon.colcon_core.environment:checking '/home/joshfarina/ros2_ws/src/rbe500_group_project/install/rrbot_description/lib/pkgconfig/rrbot_description.pc'
[0.488s] Level 1:colcon.colcon_core.environment:checking '/home/joshfarina/ros2_ws/src/rbe500_group_project/install/rrbot_description/lib/python3.10/site-packages'
[0.488s] Level 1:colcon.colcon_core.environment:checking '/home/joshfarina/ros2_ws/src/rbe500_group_project/install/rrbot_description/bin'
[0.489s] INFO:colcon.colcon_core.shell:Creating package script '/home/joshfarina/ros2_ws/src/rbe500_group_project/install/rrbot_description/share/rrbot_description/package.ps1'
[0.490s] INFO:colcon.colcon_core.shell:Creating package descriptor '/home/joshfarina/ros2_ws/src/rbe500_group_project/install/rrbot_description/share/rrbot_description/package.dsv'
[0.490s] INFO:colcon.colcon_core.shell:Creating package script '/home/joshfarina/ros2_ws/src/rbe500_group_project/install/rrbot_description/share/rrbot_description/package.sh'
[0.491s] INFO:colcon.colcon_core.shell:Creating package script '/home/joshfarina/ros2_ws/src/rbe500_group_project/install/rrbot_description/share/rrbot_description/package.bash'
[0.491s] INFO:colcon.colcon_core.shell:Creating package script '/home/joshfarina/ros2_ws/src/rbe500_group_project/install/rrbot_description/share/rrbot_description/package.zsh'
[0.492s] Level 1:colcon.colcon_core.environment:create_file_with_runtime_dependencies(/home/joshfarina/ros2_ws/src/rbe500_group_project/install/rrbot_description/share/colcon-core/packages/rrbot_description)
[0.511s] Level 1:colcon.colcon_core.environment:create_environment_scripts_only(rrbot_description)
[0.513s] Level 1:colcon.colcon_core.environment:checking '/home/joshfarina/ros2_ws/src/rbe500_group_project/install/rrbot_description' for CMake module files
[0.513s] Level 1:colcon.colcon_core.environment:checking '/home/joshfarina/ros2_ws/src/rbe500_group_project/install/rrbot_description' for CMake config files
[0.513s] Level 1:colcon.colcon_core.shell:create_environment_hook('rrbot_description', 'cmake_prefix_path')
[0.514s] INFO:colcon.colcon_core.shell:Creating environment hook '/home/joshfarina/ros2_ws/src/rbe500_group_project/install/rrbot_description/share/rrbot_description/hook/cmake_prefix_path.ps1'
[0.515s] INFO:colcon.colcon_core.shell:Creating environment descriptor '/home/joshfarina/ros2_ws/src/rbe500_group_project/install/rrbot_description/share/rrbot_description/hook/cmake_prefix_path.dsv'
[0.515s] INFO:colcon.colcon_core.shell:Creating environment hook '/home/joshfarina/ros2_ws/src/rbe500_group_project/install/rrbot_description/share/rrbot_description/hook/cmake_prefix_path.sh'
[0.515s] Level 1:colcon.colcon_core.environment:checking '/home/joshfarina/ros2_ws/src/rbe500_group_project/install/rrbot_description/bin'
[0.515s] Level 1:colcon.colcon_core.environment:checking '/home/joshfarina/ros2_ws/src/rbe500_group_project/install/rrbot_description/lib/pkgconfig/rrbot_description.pc'
[0.516s] Level 1:colcon.colcon_core.environment:checking '/home/joshfarina/ros2_ws/src/rbe500_group_project/install/rrbot_description/lib/python3.10/site-packages'
[0.516s] Level 1:colcon.colcon_core.environment:checking '/home/joshfarina/ros2_ws/src/rbe500_group_project/install/rrbot_description/bin'
[0.517s] INFO:colcon.colcon_core.shell:Creating package script '/home/joshfarina/ros2_ws/src/rbe500_group_project/install/rrbot_description/share/rrbot_description/package.ps1'
[0.517s] INFO:colcon.colcon_core.shell:Creating package descriptor '/home/joshfarina/ros2_ws/src/rbe500_group_project/install/rrbot_description/share/rrbot_description/package.dsv'
[0.517s] INFO:colcon.colcon_core.shell:Creating package script '/home/joshfarina/ros2_ws/src/rbe500_group_project/install/rrbot_description/share/rrbot_description/package.sh'
[0.517s] INFO:colcon.colcon_core.shell:Creating package script '/home/joshfarina/ros2_ws/src/rbe500_group_project/install/rrbot_description/share/rrbot_description/package.bash'
[0.518s] INFO:colcon.colcon_core.shell:Creating package script '/home/joshfarina/ros2_ws/src/rbe500_group_project/install/rrbot_description/share/rrbot_description/package.zsh'
[0.518s] Level 1:colcon.colcon_core.environment:create_file_with_runtime_dependencies(/home/joshfarina/ros2_ws/src/rbe500_group_project/install/rrbot_description/share/colcon-core/packages/rrbot_description)
[0.518s] INFO:colcon.colcon_ros.task.ament_cmake.build:Building ROS package in '/home/joshfarina/ros2_ws/src/rbe500_group_project/rrbot_simulation_files/rrbot_gazebo' with build type 'ament_cmake'
[0.518s] INFO:colcon.colcon_cmake.task.cmake.build:Building CMake package in '/home/joshfarina/ros2_ws/src/rbe500_group_project/rrbot_simulation_files/rrbot_gazebo'
[0.519s] INFO:colcon.colcon_core.shell:Skip shell extension 'powershell' for command environment: Not usable outside of PowerShell
[0.519s] DEBUG:colcon.colcon_core.shell:Skip shell extension 'dsv' for command environment
[0.527s] DEBUG:colcon.colcon_core.event_handler.log_command:Invoking command in '/home/joshfarina/ros2_ws/src/rbe500_group_project/build/rrbot_gazebo': CMAKE_PREFIX_PATH=/home/joshfarina/ros2_ws/src/rbe500_group_project/install/rrbot_description:/home/joshfarina/ros2_ws/src/rbe500_group_project/install/rrbot_gazebo:/opt/ros/humble /usr/bin/cmake --build /home/joshfarina/ros2_ws/src/rbe500_group_project/build/rrbot_gazebo -- -j8 -l8
[0.852s] DEBUG:colcon.colcon_core.event_handler.log_command:Invoked command in '/home/joshfarina/ros2_ws/src/rbe500_group_project/build/rrbot_gazebo' returned '0': CMAKE_PREFIX_PATH=/home/joshfarina/ros2_ws/src/rbe500_group_project/install/rrbot_description:/home/joshfarina/ros2_ws/src/rbe500_group_project/install/rrbot_gazebo:/opt/ros/humble /usr/bin/cmake --build /home/joshfarina/ros2_ws/src/rbe500_group_project/build/rrbot_gazebo -- -j8 -l8
[0.918s] DEBUG:colcon.colcon_core.event_handler.log_command:Invoking command in '/home/joshfarina/ros2_ws/src/rbe500_group_project/build/rrbot_gazebo': CMAKE_PREFIX_PATH=/home/joshfarina/ros2_ws/src/rbe500_group_project/install/rrbot_description:/home/joshfarina/ros2_ws/src/rbe500_group_project/install/rrbot_gazebo:/opt/ros/humble /usr/bin/cmake --install /home/joshfarina/ros2_ws/src/rbe500_group_project/build/rrbot_gazebo
[0.972s] Level 1:colcon.colcon_core.environment:create_environment_scripts_only(rrbot_gazebo)
[0.973s] Level 1:colcon.colcon_core.environment:checking '/home/joshfarina/ros2_ws/src/rbe500_group_project/install/rrbot_gazebo' for CMake module files
[0.974s] DEBUG:colcon.colcon_core.event_handler.log_command:Invoked command in '/home/joshfarina/ros2_ws/src/rbe500_group_project/build/rrbot_gazebo' returned '0': CMAKE_PREFIX_PATH=/home/joshfarina/ros2_ws/src/rbe500_group_project/install/rrbot_description:/home/joshfarina/ros2_ws/src/rbe500_group_project/install/rrbot_gazebo:/opt/ros/humble /usr/bin/cmake --install /home/joshfarina/ros2_ws/src/rbe500_group_project/build/rrbot_gazebo
[0.974s] Level 1:colcon.colcon_core.environment:checking '/home/joshfarina/ros2_ws/src/rbe500_group_project/install/rrbot_gazebo' for CMake config files
[0.975s] Level 1:colcon.colcon_core.shell:create_environment_hook('rrbot_gazebo', 'cmake_prefix_path')
[0.976s] INFO:colcon.colcon_core.shell:Creating environment hook '/home/joshfarina/ros2_ws/src/rbe500_group_project/install/rrbot_gazebo/share/rrbot_gazebo/hook/cmake_prefix_path.ps1'
[0.977s] INFO:colcon.colcon_core.shell:Creating environment descriptor '/home/joshfarina/ros2_ws/src/rbe500_group_project/install/rrbot_gazebo/share/rrbot_gazebo/hook/cmake_prefix_path.dsv'
[0.977s] INFO:colcon.colcon_core.shell:Creating environment hook '/home/joshfarina/ros2_ws/src/rbe500_group_project/install/rrbot_gazebo/share/rrbot_gazebo/hook/cmake_prefix_path.sh'
[0.978s] Level 1:colcon.colcon_core.environment:checking '/home/joshfarina/ros2_ws/src/rbe500_group_project/install/rrbot_gazebo/lib'
[0.978s] Level 1:colcon.colcon_core.shell:create_environment_hook('rrbot_gazebo', 'ld_library_path_lib')
[0.979s] INFO:colcon.colcon_core.shell:Creating environment hook '/home/joshfarina/ros2_ws/src/rbe500_group_project/install/rrbot_gazebo/share/rrbot_gazebo/hook/ld_library_path_lib.ps1'
[0.980s] INFO:colcon.colcon_core.shell:Creating environment descriptor '/home/joshfarina/ros2_ws/src/rbe500_group_project/install/rrbot_gazebo/share/rrbot_gazebo/hook/ld_library_path_lib.dsv'
[0.980s] INFO:colcon.colcon_core.shell:Creating environment hook '/home/joshfarina/ros2_ws/src/rbe500_group_project/install/rrbot_gazebo/share/rrbot_gazebo/hook/ld_library_path_lib.sh'
[0.980s] Level 1:colcon.colcon_core.environment:checking '/home/joshfarina/ros2_ws/src/rbe500_group_project/install/rrbot_gazebo/bin'
[0.980s] Level 1:colcon.colcon_core.environment:checking '/home/joshfarina/ros2_ws/src/rbe500_group_project/install/rrbot_gazebo/lib/pkgconfig/rrbot_gazebo.pc'
[0.980s] Level 1:colcon.colcon_core.environment:checking '/home/joshfarina/ros2_ws/src/rbe500_group_project/install/rrbot_gazebo/lib/python3.10/site-packages'
[0.980s] Level 1:colcon.colcon_core.environment:checking '/home/joshfarina/ros2_ws/src/rbe500_group_project/install/rrbot_gazebo/bin'
[0.981s] INFO:colcon.colcon_core.shell:Creating package script '/home/joshfarina/ros2_ws/src/rbe500_group_project/install/rrbot_gazebo/share/rrbot_gazebo/package.ps1'
[0.982s] INFO:colcon.colcon_core.shell:Creating package descriptor '/home/joshfarina/ros2_ws/src/rbe500_group_project/install/rrbot_gazebo/share/rrbot_gazebo/package.dsv'
[0.982s] INFO:colcon.colcon_core.shell:Creating package script '/home/joshfarina/ros2_ws/src/rbe500_group_project/install/rrbot_gazebo/share/rrbot_gazebo/package.sh'
[0.982s] INFO:colcon.colcon_core.shell:Creating package script '/home/joshfarina/ros2_ws/src/rbe500_group_project/install/rrbot_gazebo/share/rrbot_gazebo/package.bash'
[0.982s] INFO:colcon.colcon_core.shell:Creating package script '/home/joshfarina/ros2_ws/src/rbe500_group_project/install/rrbot_gazebo/share/rrbot_gazebo/package.zsh'
[0.983s] Level 1:colcon.colcon_core.environment:create_file_with_runtime_dependencies(/home/joshfarina/ros2_ws/src/rbe500_group_project/install/rrbot_gazebo/share/colcon-core/packages/rrbot_gazebo)
[1.031s] Level 1:colcon.colcon_core.environment:create_environment_scripts_only(rrbot_gazebo)
[1.032s] Level 1:colcon.colcon_core.environment:checking '/home/joshfarina/ros2_ws/src/rbe500_group_project/install/rrbot_gazebo' for CMake module files
[1.033s] Level 1:colcon.colcon_core.environment:checking '/home/joshfarina/ros2_ws/src/rbe500_group_project/install/rrbot_gazebo' for CMake config files
[1.033s] Level 1:colcon.colcon_core.shell:create_environment_hook('rrbot_gazebo', 'cmake_prefix_path')
[1.034s] INFO:colcon.colcon_core.shell:Creating environment hook '/home/joshfarina/ros2_ws/src/rbe500_group_project/install/rrbot_gazebo/share/rrbot_gazebo/hook/cmake_prefix_path.ps1'
[1.034s] INFO:colcon.colcon_core.shell:Creating environment descriptor '/home/joshfarina/ros2_ws/src/rbe500_group_project/install/rrbot_gazebo/share/rrbot_gazebo/hook/cmake_prefix_path.dsv'
[1.034s] INFO:colcon.colcon_core.shell:Creating environment hook '/home/joshfarina/ros2_ws/src/rbe500_group_project/install/rrbot_gazebo/share/rrbot_gazebo/hook/cmake_prefix_path.sh'
[1.035s] Level 1:colcon.colcon_core.environment:checking '/home/joshfarina/ros2_ws/src/rbe500_group_project/install/rrbot_gazebo/lib'
[1.035s] Level 1:colcon.colcon_core.shell:create_environment_hook('rrbot_gazebo', 'ld_library_path_lib')
[1.035s] INFO:colcon.colcon_core.shell:Creating environment hook '/home/joshfarina/ros2_ws/src/rbe500_group_project/install/rrbot_gazebo/share/rrbot_gazebo/hook/ld_library_path_lib.ps1'
[1.036s] INFO:colcon.colcon_core.shell:Creating environment descriptor '/home/joshfarina/ros2_ws/src/rbe500_group_project/install/rrbot_gazebo/share/rrbot_gazebo/hook/ld_library_path_lib.dsv'
[1.036s] INFO:colcon.colcon_core.shell:Creating environment hook '/home/joshfarina/ros2_ws/src/rbe500_group_project/install/rrbot_gazebo/share/rrbot_gazebo/hook/ld_library_path_lib.sh'
[1.036s] Level 1:colcon.colcon_core.environment:checking '/home/joshfarina/ros2_ws/src/rbe500_group_project/install/rrbot_gazebo/bin'
[1.036s] Level 1:colcon.colcon_core.environment:checking '/home/joshfarina/ros2_ws/src/rbe500_group_project/install/rrbot_gazebo/lib/pkgconfig/rrbot_gazebo.pc'
[1.036s] Level 1:colcon.colcon_core.environment:checking '/home/joshfarina/ros2_ws/src/rbe500_group_project/install/rrbot_gazebo/lib/python3.10/site-packages'
[1.037s] Level 1:colcon.colcon_core.environment:checking '/home/joshfarina/ros2_ws/src/rbe500_group_project/install/rrbot_gazebo/bin'
[1.038s] INFO:colcon.colcon_core.shell:Creating package script '/home/joshfarina/ros2_ws/src/rbe500_group_project/install/rrbot_gazebo/share/rrbot_gazebo/package.ps1'
[1.039s] INFO:colcon.colcon_core.shell:Creating package descriptor '/home/joshfarina/ros2_ws/src/rbe500_group_project/install/rrbot_gazebo/share/rrbot_gazebo/package.dsv'
[1.039s] INFO:colcon.colcon_core.shell:Creating package script '/home/joshfarina/ros2_ws/src/rbe500_group_project/install/rrbot_gazebo/share/rrbot_gazebo/package.sh'
[1.040s] INFO:colcon.colcon_core.shell:Creating package script '/home/joshfarina/ros2_ws/src/rbe500_group_project/install/rrbot_gazebo/share/rrbot_gazebo/package.bash'
[1.040s] INFO:colcon.colcon_core.shell:Creating package script '/home/joshfarina/ros2_ws/src/rbe500_group_project/install/rrbot_gazebo/share/rrbot_gazebo/package.zsh'
[1.040s] Level 1:colcon.colcon_core.environment:create_file_with_runtime_dependencies(/home/joshfarina/ros2_ws/src/rbe500_group_project/install/rrbot_gazebo/share/colcon-core/packages/rrbot_gazebo)
[1.040s] DEBUG:colcon.colcon_parallel_executor.executor.parallel:closing loop
[1.041s] DEBUG:colcon.colcon_parallel_executor.executor.parallel:loop closed
[1.041s] DEBUG:colcon.colcon_parallel_executor.executor.parallel:run_until_complete finished with '0'
[1.041s] DEBUG:colcon.colcon_core.event_reactor:joining thread
[1.048s] INFO:colcon.colcon_core.plugin_system:Skipping extension 'colcon_notification.desktop_notification.terminal_notifier': Not used on non-Darwin systems
[1.048s] INFO:colcon.colcon_core.plugin_system:Skipping extension 'colcon_notification.desktop_notification.win32': Not used on non-Windows systems
[1.049s] INFO:colcon.colcon_notification.desktop_notification:Sending desktop notification using 'notify2'
[1.066s] DEBUG:colcon.colcon_core.event_reactor:joined thread
[1.068s] INFO:colcon.colcon_core.shell:Creating prefix script '/home/joshfarina/ros2_ws/src/rbe500_group_project/install/local_setup.ps1'
[1.068s] INFO:colcon.colcon_core.shell:Creating prefix util module '/home/joshfarina/ros2_ws/src/rbe500_group_project/install/_local_setup_util_ps1.py'
[1.070s] INFO:colcon.colcon_core.shell:Creating prefix chain script '/home/joshfarina/ros2_ws/src/rbe500_group_project/install/setup.ps1'
[1.072s] INFO:colcon.colcon_core.shell:Creating prefix script '/home/joshfarina/ros2_ws/src/rbe500_group_project/install/local_setup.sh'
[1.072s] INFO:colcon.colcon_core.shell:Creating prefix util module '/home/joshfarina/ros2_ws/src/rbe500_group_project/install/_local_setup_util_sh.py'
[1.073s] INFO:colcon.colcon_core.shell:Creating prefix chain script '/home/joshfarina/ros2_ws/src/rbe500_group_project/install/setup.sh'
[1.074s] INFO:colcon.colcon_core.shell:Creating prefix script '/home/joshfarina/ros2_ws/src/rbe500_group_project/install/local_setup.bash'
[1.074s] INFO:colcon.colcon_core.shell:Creating prefix chain script '/home/joshfarina/ros2_ws/src/rbe500_group_project/install/setup.bash'
[1.076s] INFO:colcon.colcon_core.shell:Creating prefix script '/home/joshfarina/ros2_ws/src/rbe500_group_project/install/local_setup.zsh'
[1.077s] INFO:colcon.colcon_core.shell:Creating prefix chain script '/home/joshfarina/ros2_ws/src/rbe500_group_project/install/setup.zsh'
