[0.245s] DEBUG:colcon:Command line arguments: ['/usr/bin/colcon', 'build', '--symlink-install']
[0.245s] DEBUG:colcon:Parsed command line arguments: Namespace(log_base=None, log_level=None, verb_name='build', build_base='build', install_base='install', merge_install=False, symlink_install=True, test_result_base=None, continue_on_error=False, executor='parallel', parallel_workers=8, event_handlers=None, ignore_user_meta=False, metas=['./colcon.meta'], base_paths=['.'], packages_ignore=None, packages_ignore_regex=None, paths=None, packages_up_to=None, packages_up_to_regex=None, packages_above=None, packages_above_and_dependencies=None, packages_above_depth=None, packages_select_by_dep=None, packages_skip_by_dep=None, packages_skip_up_to=None, packages_select_build_failed=False, packages_skip_build_finished=False, packages_select_test_failures=False, packages_skip_test_passed=False, packages_select=None, packages_skip=None, packages_select_regex=None, packages_skip_regex=None, packages_start=None, packages_end=None, allow_overriding=[], cmake_args=None, cmake_target=None, cmake_target_skip_unavailable=False, cmake_clean_cache=False, cmake_clean_first=False, cmake_force_configure=False, ament_cmake_args=None, catkin_cmake_args=None, catkin_skip_building_tests=False, verb_parser=<colcon_defaults.argument_parser.defaults.DefaultArgumentsDecorator object at 0x7fd9d80d2290>, verb_extension=<colcon_core.verb.build.BuildVerb object at 0x7fd9d88ac1f0>, main=<bound method BuildVerb.main of <colcon_core.verb.build.BuildVerb object at 0x7fd9d88ac1f0>>)
[0.282s] Level 1:colcon.colcon_core.package_discovery:discover_packages(colcon_meta) check parameters
[0.282s] Level 1:colcon.colcon_core.package_discovery:discover_packages(recursive) check parameters
[0.282s] Level 1:colcon.colcon_core.package_discovery:discover_packages(ignore) check parameters
[0.282s] Level 1:colcon.colcon_core.package_discovery:discover_packages(path) check parameters
[0.282s] Level 1:colcon.colcon_core.package_discovery:discover_packages(colcon_meta) discover
[0.282s] Level 1:colcon.colcon_core.package_discovery:discover_packages(recursive) discover
[0.282s] INFO:colcon.colcon_core.package_discovery:Crawling recursively for packages in '/home/joshfarina/ros2_ws/src/rbe500_group_project'
[0.282s] Level 1:colcon.colcon_core.package_identification:_identify(.) by extensions ['ignore', 'ignore_ament_install']
[0.282s] Level 1:colcon.colcon_core.package_identification:_identify(.) by extension 'ignore'
[0.282s] Level 1:colcon.colcon_core.package_identification:_identify(.) by extension 'ignore_ament_install'
[0.282s] Level 1:colcon.colcon_core.package_identification:_identify(.) by extensions ['colcon_pkg']
[0.282s] Level 1:colcon.colcon_core.package_identification:_identify(.) by extension 'colcon_pkg'
[0.282s] Level 1:colcon.colcon_core.package_identification:_identify(.) by extensions ['colcon_meta']
[0.282s] Level 1:colcon.colcon_core.package_identification:_identify(.) by extension 'colcon_meta'
[0.282s] Level 1:colcon.colcon_core.package_identification:_identify(.) by extensions ['ros']
[0.282s] Level 1:colcon.colcon_core.package_identification:_identify(.) by extension 'ros'
[0.293s] Level 1:colcon.colcon_core.package_identification:_identify(.) by extensions ['cmake', 'python']
[0.293s] Level 1:colcon.colcon_core.package_identification:_identify(.) by extension 'cmake'
[0.294s] Level 1:colcon.colcon_core.package_identification:_identify(.) by extension 'python'
[0.294s] Level 1:colcon.colcon_core.package_identification:_identify(.) by extensions ['python_setup_py']
[0.294s] Level 1:colcon.colcon_core.package_identification:_identify(.) by extension 'python_setup_py'
[0.294s] Level 1:colcon.colcon_core.package_identification:_identify(build) by extensions ['ignore', 'ignore_ament_install']
[0.294s] Level 1:colcon.colcon_core.package_identification:_identify(build) by extension 'ignore'
[0.294s] Level 1:colcon.colcon_core.package_identification:_identify(build) ignored
[0.294s] Level 1:colcon.colcon_core.package_identification:_identify(install) by extensions ['ignore', 'ignore_ament_install']
[0.294s] Level 1:colcon.colcon_core.package_identification:_identify(install) by extension 'ignore'
[0.294s] Level 1:colcon.colcon_core.package_identification:_identify(install) ignored
[0.294s] Level 1:colcon.colcon_core.package_identification:_identify(log) by extensions ['ignore', 'ignore_ament_install']
[0.294s] Level 1:colcon.colcon_core.package_identification:_identify(log) by extension 'ignore'
[0.294s] Level 1:colcon.colcon_core.package_identification:_identify(log) ignored
[0.295s] Level 1:colcon.colcon_core.package_identification:_identify(rrbot_simulation_files) by extensions ['ignore', 'ignore_ament_install']
[0.295s] Level 1:colcon.colcon_core.package_identification:_identify(rrbot_simulation_files) by extension 'ignore'
[0.295s] Level 1:colcon.colcon_core.package_identification:_identify(rrbot_simulation_files) by extension 'ignore_ament_install'
[0.295s] Level 1:colcon.colcon_core.package_identification:_identify(rrbot_simulation_files) by extensions ['colcon_pkg']
[0.295s] Level 1:colcon.colcon_core.package_identification:_identify(rrbot_simulation_files) by extension 'colcon_pkg'
[0.295s] Level 1:colcon.colcon_core.package_identification:_identify(rrbot_simulation_files) by extensions ['colcon_meta']
[0.295s] Level 1:colcon.colcon_core.package_identification:_identify(rrbot_simulation_files) by extension 'colcon_meta'
[0.295s] Level 1:colcon.colcon_core.package_identification:_identify(rrbot_simulation_files) by extensions ['ros']
[0.295s] Level 1:colcon.colcon_core.package_identification:_identify(rrbot_simulation_files) by extension 'ros'
[0.295s] Level 1:colcon.colcon_core.package_identification:_identify(rrbot_simulation_files) by extensions ['cmake', 'python']
[0.295s] Level 1:colcon.colcon_core.package_identification:_identify(rrbot_simulation_files) by extension 'cmake'
[0.295s] Level 1:colcon.colcon_core.package_identification:_identify(rrbot_simulation_files) by extension 'python'
[0.295s] Level 1:colcon.colcon_core.package_identification:_identify(rrbot_simulation_files) by extensions ['python_setup_py']
[0.295s] Level 1:colcon.colcon_core.package_identification:_identify(rrbot_simulation_files) by extension 'python_setup_py'
[0.295s] Level 1:colcon.colcon_core.package_identification:_identify(rrbot_simulation_files/build) by extensions ['ignore', 'ignore_ament_install']
[0.295s] Level 1:colcon.colcon_core.package_identification:_identify(rrbot_simulation_files/build) by extension 'ignore'
[0.295s] Level 1:colcon.colcon_core.package_identification:_identify(rrbot_simulation_files/build) ignored
[0.295s] Level 1:colcon.colcon_core.package_identification:_identify(rrbot_simulation_files/install) by extensions ['ignore', 'ignore_ament_install']
[0.296s] Level 1:colcon.colcon_core.package_identification:_identify(rrbot_simulation_files/install) by extension 'ignore'
[0.296s] Level 1:colcon.colcon_core.package_identification:_identify(rrbot_simulation_files/install) ignored
[0.296s] Level 1:colcon.colcon_core.package_identification:_identify(rrbot_simulation_files/log) by extensions ['ignore', 'ignore_ament_install']
[0.296s] Level 1:colcon.colcon_core.package_identification:_identify(rrbot_simulation_files/log) by extension 'ignore'
[0.296s] Level 1:colcon.colcon_core.package_identification:_identify(rrbot_simulation_files/log) ignored
[0.296s] Level 1:colcon.colcon_core.package_identification:_identify(rrbot_simulation_files/rrbot_description) by extensions ['ignore', 'ignore_ament_install']
[0.296s] Level 1:colcon.colcon_core.package_identification:_identify(rrbot_simulation_files/rrbot_description) by extension 'ignore'
[0.296s] Level 1:colcon.colcon_core.package_identification:_identify(rrbot_simulation_files/rrbot_description) by extension 'ignore_ament_install'
[0.296s] Level 1:colcon.colcon_core.package_identification:_identify(rrbot_simulation_files/rrbot_description) by extensions ['colcon_pkg']
[0.296s] Level 1:colcon.colcon_core.package_identification:_identify(rrbot_simulation_files/rrbot_description) by extension 'colcon_pkg'
[0.296s] Level 1:colcon.colcon_core.package_identification:_identify(rrbot_simulation_files/rrbot_description) by extensions ['colcon_meta']
[0.296s] Level 1:colcon.colcon_core.package_identification:_identify(rrbot_simulation_files/rrbot_description) by extension 'colcon_meta'
[0.296s] Level 1:colcon.colcon_core.package_identification:_identify(rrbot_simulation_files/rrbot_description) by extensions ['ros']
[0.296s] Level 1:colcon.colcon_core.package_identification:_identify(rrbot_simulation_files/rrbot_description) by extension 'ros'
[0.299s] DEBUG:colcon.colcon_core.package_identification:Package 'rrbot_simulation_files/rrbot_description' with type 'ros.ament_cmake' and name 'rrbot_description'
[0.299s] Level 1:colcon.colcon_core.package_identification:_identify(rrbot_simulation_files/rrbot_gazebo) by extensions ['ignore', 'ignore_ament_install']
[0.299s] Level 1:colcon.colcon_core.package_identification:_identify(rrbot_simulation_files/rrbot_gazebo) by extension 'ignore'
[0.299s] Level 1:colcon.colcon_core.package_identification:_identify(rrbot_simulation_files/rrbot_gazebo) by extension 'ignore_ament_install'
[0.299s] Level 1:colcon.colcon_core.package_identification:_identify(rrbot_simulation_files/rrbot_gazebo) by extensions ['colcon_pkg']
[0.299s] Level 1:colcon.colcon_core.package_identification:_identify(rrbot_simulation_files/rrbot_gazebo) by extension 'colcon_pkg'
[0.299s] Level 1:colcon.colcon_core.package_identification:_identify(rrbot_simulation_files/rrbot_gazebo) by extensions ['colcon_meta']
[0.299s] Level 1:colcon.colcon_core.package_identification:_identify(rrbot_simulation_files/rrbot_gazebo) by extension 'colcon_meta'
[0.299s] Level 1:colcon.colcon_core.package_identification:_identify(rrbot_simulation_files/rrbot_gazebo) by extensions ['ros']
[0.299s] Level 1:colcon.colcon_core.package_identification:_identify(rrbot_simulation_files/rrbot_gazebo) by extension 'ros'
[0.300s] DEBUG:colcon.colcon_core.package_identification:Package 'rrbot_simulation_files/rrbot_gazebo' with type 'ros.ament_cmake' and name 'rrbot_gazebo'
[0.300s] Level 1:colcon.colcon_core.package_discovery:discover_packages(recursive) using defaults
[0.300s] Level 1:colcon.colcon_core.package_discovery:discover_packages(ignore) discover
[0.300s] Level 1:colcon.colcon_core.package_discovery:discover_packages(ignore) using defaults
[0.300s] Level 1:colcon.colcon_core.package_discovery:discover_packages(path) discover
[0.300s] Level 1:colcon.colcon_core.package_discovery:discover_packages(path) using defaults
[0.319s] Level 1:colcon.colcon_core.package_discovery:discover_packages(prefix_path) check parameters
[0.319s] Level 1:colcon.colcon_core.package_discovery:discover_packages(prefix_path) discover
[0.321s] DEBUG:colcon.colcon_installed_package_information.package_discovery:Found 332 installed packages in /opt/ros/humble
[0.323s] Level 1:colcon.colcon_core.package_discovery:discover_packages(prefix_path) using defaults
[0.372s] Level 5:colcon.colcon_core.verb:set package 'rrbot_description' build argument 'cmake_args' from command line to 'None'
[0.372s] Level 5:colcon.colcon_core.verb:set package 'rrbot_description' build argument 'cmake_target' from command line to 'None'
[0.372s] Level 5:colcon.colcon_core.verb:set package 'rrbot_description' build argument 'cmake_target_skip_unavailable' from command line to 'False'
[0.372s] Level 5:colcon.colcon_core.verb:set package 'rrbot_description' build argument 'cmake_clean_cache' from command line to 'False'
[0.372s] Level 5:colcon.colcon_core.verb:set package 'rrbot_description' build argument 'cmake_clean_first' from command line to 'False'
[0.372s] Level 5:colcon.colcon_core.verb:set package 'rrbot_description' build argument 'cmake_force_configure' from command line to 'False'
[0.372s] Level 5:colcon.colcon_core.verb:set package 'rrbot_description' build argument 'ament_cmake_args' from command line to 'None'
[0.372s] Level 5:colcon.colcon_core.verb:set package 'rrbot_description' build argument 'catkin_cmake_args' from command line to 'None'
[0.372s] Level 5:colcon.colcon_core.verb:set package 'rrbot_description' build argument 'catkin_skip_building_tests' from command line to 'False'
[0.372s] DEBUG:colcon.colcon_core.verb:Building package 'rrbot_description' with the following arguments: {'ament_cmake_args': None, 'build_base': '/home/joshfarina/ros2_ws/src/rbe500_group_project/build/rrbot_description', 'catkin_cmake_args': None, 'catkin_skip_building_tests': False, 'cmake_args': None, 'cmake_clean_cache': False, 'cmake_clean_first': False, 'cmake_force_configure': False, 'cmake_target': None, 'cmake_target_skip_unavailable': False, 'install_base': '/home/joshfarina/ros2_ws/src/rbe500_group_project/install/rrbot_description', 'merge_install': False, 'path': '/home/joshfarina/ros2_ws/src/rbe500_group_project/rrbot_simulation_files/rrbot_description', 'symlink_install': True, 'test_result_base': None}
[0.373s] Level 5:colcon.colcon_core.verb:set package 'rrbot_gazebo' build argument 'cmake_args' from command line to 'None'
[0.373s] Level 5:colcon.colcon_core.verb:set package 'rrbot_gazebo' build argument 'cmake_target' from command line to 'None'
[0.373s] Level 5:colcon.colcon_core.verb:set package 'rrbot_gazebo' build argument 'cmake_target_skip_unavailable' from command line to 'False'
[0.373s] Level 5:colcon.colcon_core.verb:set package 'rrbot_gazebo' build argument 'cmake_clean_cache' from command line to 'False'
[0.373s] Level 5:colcon.colcon_core.verb:set package 'rrbot_gazebo' build argument 'cmake_clean_first' from command line to 'False'
[0.373s] Level 5:colcon.colcon_core.verb:set package 'rrbot_gazebo' build argument 'cmake_force_configure' from command line to 'False'
[0.373s] Level 5:colcon.colcon_core.verb:set package 'rrbot_gazebo' build argument 'ament_cmake_args' from command line to 'None'
[0.373s] Level 5:colcon.colcon_core.verb:set package 'rrbot_gazebo' build argument 'catkin_cmake_args' from command line to 'None'
[0.373s] Level 5:colcon.colcon_core.verb:set package 'rrbot_gazebo' build argument 'catkin_skip_building_tests' from command line to 'False'
[0.373s] DEBUG:colcon.colcon_core.verb:Building package 'rrbot_gazebo' with the following arguments: {'ament_cmake_args': None, 'build_base': '/home/joshfarina/ros2_ws/src/rbe500_group_project/build/rrbot_gazebo', 'catkin_cmake_args': None, 'catkin_skip_building_tests': False, 'cmake_args': None, 'cmake_clean_cache': False, 'cmake_clean_first': False, 'cmake_force_configure': False, 'cmake_target': None, 'cmake_target_skip_unavailable': False, 'install_base': '/home/joshfarina/ros2_ws/src/rbe500_group_project/install/rrbot_gazebo', 'merge_install': False, 'path': '/home/joshfarina/ros2_ws/src/rbe500_group_project/rrbot_simulation_files/rrbot_gazebo', 'symlink_install': True, 'test_result_base': None}
[0.373s] INFO:colcon.colcon_core.executor:Executing jobs using 'parallel' executor
[0.376s] DEBUG:colcon.colcon_parallel_executor.executor.parallel:run_until_complete
[0.376s] INFO:colcon.colcon_ros.task.ament_cmake.build:Building ROS package in '/home/joshfarina/ros2_ws/src/rbe500_group_project/rrbot_simulation_files/rrbot_description' with build type 'ament_cmake'
[0.376s] INFO:colcon.colcon_cmake.task.cmake.build:Building CMake package in '/home/joshfarina/ros2_ws/src/rbe500_group_project/rrbot_simulation_files/rrbot_description'
[0.379s] INFO:colcon.colcon_core.plugin_system:Skipping extension 'colcon_core.shell.bat': Not used on non-Windows systems
[0.379s] INFO:colcon.colcon_core.shell:Skip shell extension 'powershell' for command environment: Not usable outside of PowerShell
[0.379s] DEBUG:colcon.colcon_core.shell:Skip shell extension 'dsv' for command environment
[0.388s] DEBUG:colcon.colcon_core.event_handler.log_command:Invoking command in '/home/joshfarina/ros2_ws/src/rbe500_group_project/build/rrbot_description': CMAKE_PREFIX_PATH=/opt/ros/humble /usr/bin/cmake --build /home/joshfarina/ros2_ws/src/rbe500_group_project/build/rrbot_description -- -j8 -l8
[0.418s] DEBUG:colcon.colcon_core.event_handler.log_command:Invoked command in '/home/joshfarina/ros2_ws/src/rbe500_group_project/build/rrbot_description' returned '0': CMAKE_PREFIX_PATH=/opt/ros/humble /usr/bin/cmake --build /home/joshfarina/ros2_ws/src/rbe500_group_project/build/rrbot_description -- -j8 -l8
[0.444s] DEBUG:colcon.colcon_core.event_handler.log_command:Invoking command in '/home/joshfarina/ros2_ws/src/rbe500_group_project/build/rrbot_description': CMAKE_PREFIX_PATH=/opt/ros/humble /usr/bin/cmake --install /home/joshfarina/ros2_ws/src/rbe500_group_project/build/rrbot_description
[0.464s] Level 1:colcon.colcon_core.environment:create_environment_scripts_only(rrbot_description)
[0.465s] DEBUG:colcon.colcon_core.event_handler.log_command:Invoked command in '/home/joshfarina/ros2_ws/src/rbe500_group_project/build/rrbot_description' returned '0': CMAKE_PREFIX_PATH=/opt/ros/humble /usr/bin/cmake --install /home/joshfarina/ros2_ws/src/rbe500_group_project/build/rrbot_description
[0.469s] Level 1:colcon.colcon_core.environment:checking '/home/joshfarina/ros2_ws/src/rbe500_group_project/install/rrbot_description' for CMake module files
[0.469s] Level 1:colcon.colcon_core.environment:checking '/home/joshfarina/ros2_ws/src/rbe500_group_project/install/rrbot_description' for CMake config files
[0.469s] Level 1:colcon.colcon_core.shell:create_environment_hook('rrbot_description', 'cmake_prefix_path')
[0.471s] INFO:colcon.colcon_core.shell:Creating environment hook '/home/joshfarina/ros2_ws/src/rbe500_group_project/install/rrbot_description/share/rrbot_description/hook/cmake_prefix_path.ps1'
[0.471s] INFO:colcon.colcon_core.shell:Creating environment descriptor '/home/joshfarina/ros2_ws/src/rbe500_group_project/install/rrbot_description/share/rrbot_description/hook/cmake_prefix_path.dsv'
[0.472s] INFO:colcon.colcon_core.shell:Creating environment hook '/home/joshfarina/ros2_ws/src/rbe500_group_project/install/rrbot_description/share/rrbot_description/hook/cmake_prefix_path.sh'
[0.472s] Level 1:colcon.colcon_core.environment:checking '/home/joshfarina/ros2_ws/src/rbe500_group_project/install/rrbot_description/bin'
[0.473s] Level 1:colcon.colcon_core.environment:checking '/home/joshfarina/ros2_ws/src/rbe500_group_project/install/rrbot_description/lib/pkgconfig/rrbot_description.pc'
[0.473s] Level 1:colcon.colcon_core.environment:checking '/home/joshfarina/ros2_ws/src/rbe500_group_project/install/rrbot_description/lib/python3.10/site-packages'
[0.473s] Level 1:colcon.colcon_core.environment:checking '/home/joshfarina/ros2_ws/src/rbe500_group_project/install/rrbot_description/bin'
[0.474s] INFO:colcon.colcon_core.shell:Creating package script '/home/joshfarina/ros2_ws/src/rbe500_group_project/install/rrbot_description/share/rrbot_description/package.ps1'
[0.474s] INFO:colcon.colcon_core.shell:Creating package descriptor '/home/joshfarina/ros2_ws/src/rbe500_group_project/install/rrbot_description/share/rrbot_description/package.dsv'
[0.474s] INFO:colcon.colcon_core.shell:Creating package script '/home/joshfarina/ros2_ws/src/rbe500_group_project/install/rrbot_description/share/rrbot_description/package.sh'
[0.475s] INFO:colcon.colcon_core.shell:Creating package script '/home/joshfarina/ros2_ws/src/rbe500_group_project/install/rrbot_description/share/rrbot_description/package.bash'
[0.476s] INFO:colcon.colcon_core.shell:Creating package script '/home/joshfarina/ros2_ws/src/rbe500_group_project/install/rrbot_description/share/rrbot_description/package.zsh'
[0.476s] Level 1:colcon.colcon_core.environment:create_file_with_runtime_dependencies(/home/joshfarina/ros2_ws/src/rbe500_group_project/install/rrbot_description/share/colcon-core/packages/rrbot_description)
[0.499s] Level 1:colcon.colcon_core.environment:create_environment_scripts_only(rrbot_description)
[0.502s] Level 1:colcon.colcon_core.environment:checking '/home/joshfarina/ros2_ws/src/rbe500_group_project/install/rrbot_description' for CMake module files
[0.502s] Level 1:colcon.colcon_core.environment:checking '/home/joshfarina/ros2_ws/src/rbe500_group_project/install/rrbot_description' for CMake config files
[0.502s] Level 1:colcon.colcon_core.shell:create_environment_hook('rrbot_description', 'cmake_prefix_path')
[0.504s] INFO:colcon.colcon_core.shell:Creating environment hook '/home/joshfarina/ros2_ws/src/rbe500_group_project/install/rrbot_description/share/rrbot_description/hook/cmake_prefix_path.ps1'
[0.504s] INFO:colcon.colcon_core.shell:Creating environment descriptor '/home/joshfarina/ros2_ws/src/rbe500_group_project/install/rrbot_description/share/rrbot_description/hook/cmake_prefix_path.dsv'
[0.504s] INFO:colcon.colcon_core.shell:Creating environment hook '/home/joshfarina/ros2_ws/src/rbe500_group_project/install/rrbot_description/share/rrbot_description/hook/cmake_prefix_path.sh'
[0.505s] Level 1:colcon.colcon_core.environment:checking '/home/joshfarina/ros2_ws/src/rbe500_group_project/install/rrbot_description/bin'
[0.505s] Level 1:colcon.colcon_core.environment:checking '/home/joshfarina/ros2_ws/src/rbe500_group_project/install/rrbot_description/lib/pkgconfig/rrbot_description.pc'
[0.505s] Level 1:colcon.colcon_core.environment:checking '/home/joshfarina/ros2_ws/src/rbe500_group_project/install/rrbot_description/lib/python3.10/site-packages'
[0.506s] Level 1:colcon.colcon_core.environment:checking '/home/joshfarina/ros2_ws/src/rbe500_group_project/install/rrbot_description/bin'
[0.507s] INFO:colcon.colcon_core.shell:Creating package script '/home/joshfarina/ros2_ws/src/rbe500_group_project/install/rrbot_description/share/rrbot_description/package.ps1'
[0.508s] INFO:colcon.colcon_core.shell:Creating package descriptor '/home/joshfarina/ros2_ws/src/rbe500_group_project/install/rrbot_description/share/rrbot_description/package.dsv'
[0.508s] INFO:colcon.colcon_core.shell:Creating package script '/home/joshfarina/ros2_ws/src/rbe500_group_project/install/rrbot_description/share/rrbot_description/package.sh'
[0.509s] INFO:colcon.colcon_core.shell:Creating package script '/home/joshfarina/ros2_ws/src/rbe500_group_project/install/rrbot_description/share/rrbot_description/package.bash'
[0.509s] INFO:colcon.colcon_core.shell:Creating package script '/home/joshfarina/ros2_ws/src/rbe500_group_project/install/rrbot_description/share/rrbot_description/package.zsh'
[0.509s] Level 1:colcon.colcon_core.environment:create_file_with_runtime_dependencies(/home/joshfarina/ros2_ws/src/rbe500_group_project/install/rrbot_description/share/colcon-core/packages/rrbot_description)
[0.509s] INFO:colcon.colcon_ros.task.ament_cmake.build:Building ROS package in '/home/joshfarina/ros2_ws/src/rbe500_group_project/rrbot_simulation_files/rrbot_gazebo' with build type 'ament_cmake'
[0.510s] INFO:colcon.colcon_cmake.task.cmake.build:Building CMake package in '/home/joshfarina/ros2_ws/src/rbe500_group_project/rrbot_simulation_files/rrbot_gazebo'
[0.510s] INFO:colcon.colcon_core.shell:Skip shell extension 'powershell' for command environment: Not usable outside of PowerShell
[0.511s] DEBUG:colcon.colcon_core.shell:Skip shell extension 'dsv' for command environment
[0.517s] DEBUG:colcon.colcon_core.event_handler.log_command:Invoking command in '/home/joshfarina/ros2_ws/src/rbe500_group_project/build/rrbot_gazebo': AMENT_PREFIX_PATH=/home/joshfarina/ros2_ws/src/rbe500_group_project/install/rrbot_description:${AMENT_PREFIX_PATH} CMAKE_PREFIX_PATH=/home/joshfarina/ros2_ws/src/rbe500_group_project/install/rrbot_description:/opt/ros/humble /usr/bin/cmake --build /home/joshfarina/ros2_ws/src/rbe500_group_project/build/rrbot_gazebo -- -j8 -l8
[0.805s] DEBUG:colcon.colcon_core.event_handler.log_command:Invoked command in '/home/joshfarina/ros2_ws/src/rbe500_group_project/build/rrbot_gazebo' returned '0': AMENT_PREFIX_PATH=/home/joshfarina/ros2_ws/src/rbe500_group_project/install/rrbot_description:${AMENT_PREFIX_PATH} CMAKE_PREFIX_PATH=/home/joshfarina/ros2_ws/src/rbe500_group_project/install/rrbot_description:/opt/ros/humble /usr/bin/cmake --build /home/joshfarina/ros2_ws/src/rbe500_group_project/build/rrbot_gazebo -- -j8 -l8
[0.848s] DEBUG:colcon.colcon_core.event_handler.log_command:Invoking command in '/home/joshfarina/ros2_ws/src/rbe500_group_project/build/rrbot_gazebo': AMENT_PREFIX_PATH=/home/joshfarina/ros2_ws/src/rbe500_group_project/install/rrbot_description:${AMENT_PREFIX_PATH} CMAKE_PREFIX_PATH=/home/joshfarina/ros2_ws/src/rbe500_group_project/install/rrbot_description:/opt/ros/humble /usr/bin/cmake --install /home/joshfarina/ros2_ws/src/rbe500_group_project/build/rrbot_gazebo
[0.914s] Level 1:colcon.colcon_core.environment:create_environment_scripts_only(rrbot_gazebo)
[0.916s] Level 1:colcon.colcon_core.environment:checking '/home/joshfarina/ros2_ws/src/rbe500_group_project/install/rrbot_gazebo' for CMake module files
[0.917s] DEBUG:colcon.colcon_core.event_handler.log_command:Invoked command in '/home/joshfarina/ros2_ws/src/rbe500_group_project/build/rrbot_gazebo' returned '0': AMENT_PREFIX_PATH=/home/joshfarina/ros2_ws/src/rbe500_group_project/install/rrbot_description:${AMENT_PREFIX_PATH} CMAKE_PREFIX_PATH=/home/joshfarina/ros2_ws/src/rbe500_group_project/install/rrbot_description:/opt/ros/humble /usr/bin/cmake --install /home/joshfarina/ros2_ws/src/rbe500_group_project/build/rrbot_gazebo
[0.917s] Level 1:colcon.colcon_core.environment:checking '/home/joshfarina/ros2_ws/src/rbe500_group_project/install/rrbot_gazebo' for CMake config files
[0.918s] Level 1:colcon.colcon_core.shell:create_environment_hook('rrbot_gazebo', 'cmake_prefix_path')
[0.919s] INFO:colcon.colcon_core.shell:Creating environment hook '/home/joshfarina/ros2_ws/src/rbe500_group_project/install/rrbot_gazebo/share/rrbot_gazebo/hook/cmake_prefix_path.ps1'
[0.919s] INFO:colcon.colcon_core.shell:Creating environment descriptor '/home/joshfarina/ros2_ws/src/rbe500_group_project/install/rrbot_gazebo/share/rrbot_gazebo/hook/cmake_prefix_path.dsv'
[0.919s] INFO:colcon.colcon_core.shell:Creating environment hook '/home/joshfarina/ros2_ws/src/rbe500_group_project/install/rrbot_gazebo/share/rrbot_gazebo/hook/cmake_prefix_path.sh'
[0.919s] Level 1:colcon.colcon_core.environment:checking '/home/joshfarina/ros2_ws/src/rbe500_group_project/install/rrbot_gazebo/lib'
[0.920s] Level 1:colcon.colcon_core.shell:create_environment_hook('rrbot_gazebo', 'ld_library_path_lib')
[0.920s] INFO:colcon.colcon_core.shell:Creating environment hook '/home/joshfarina/ros2_ws/src/rbe500_group_project/install/rrbot_gazebo/share/rrbot_gazebo/hook/ld_library_path_lib.ps1'
[0.921s] INFO:colcon.colcon_core.shell:Creating environment descriptor '/home/joshfarina/ros2_ws/src/rbe500_group_project/install/rrbot_gazebo/share/rrbot_gazebo/hook/ld_library_path_lib.dsv'
[0.921s] INFO:colcon.colcon_core.shell:Creating environment hook '/home/joshfarina/ros2_ws/src/rbe500_group_project/install/rrbot_gazebo/share/rrbot_gazebo/hook/ld_library_path_lib.sh'
[0.921s] Level 1:colcon.colcon_core.environment:checking '/home/joshfarina/ros2_ws/src/rbe500_group_project/install/rrbot_gazebo/bin'
[0.921s] Level 1:colcon.colcon_core.environment:checking '/home/joshfarina/ros2_ws/src/rbe500_group_project/install/rrbot_gazebo/lib/pkgconfig/rrbot_gazebo.pc'
[0.921s] Level 1:colcon.colcon_core.environment:checking '/home/joshfarina/ros2_ws/src/rbe500_group_project/install/rrbot_gazebo/lib/python3.10/site-packages'
[0.921s] Level 1:colcon.colcon_core.environment:checking '/home/joshfarina/ros2_ws/src/rbe500_group_project/install/rrbot_gazebo/bin'
[0.923s] INFO:colcon.colcon_core.shell:Creating package script '/home/joshfarina/ros2_ws/src/rbe500_group_project/install/rrbot_gazebo/share/rrbot_gazebo/package.ps1'
[0.923s] INFO:colcon.colcon_core.shell:Creating package descriptor '/home/joshfarina/ros2_ws/src/rbe500_group_project/install/rrbot_gazebo/share/rrbot_gazebo/package.dsv'
[0.923s] INFO:colcon.colcon_core.shell:Creating package script '/home/joshfarina/ros2_ws/src/rbe500_group_project/install/rrbot_gazebo/share/rrbot_gazebo/package.sh'
[0.924s] INFO:colcon.colcon_core.shell:Creating package script '/home/joshfarina/ros2_ws/src/rbe500_group_project/install/rrbot_gazebo/share/rrbot_gazebo/package.bash'
[0.924s] INFO:colcon.colcon_core.shell:Creating package script '/home/joshfarina/ros2_ws/src/rbe500_group_project/install/rrbot_gazebo/share/rrbot_gazebo/package.zsh'
[0.924s] Level 1:colcon.colcon_core.environment:create_file_with_runtime_dependencies(/home/joshfarina/ros2_ws/src/rbe500_group_project/install/rrbot_gazebo/share/colcon-core/packages/rrbot_gazebo)
[0.968s] Level 1:colcon.colcon_core.environment:create_environment_scripts_only(rrbot_gazebo)
[0.969s] Level 1:colcon.colcon_core.environment:checking '/home/joshfarina/ros2_ws/src/rbe500_group_project/install/rrbot_gazebo' for CMake module files
[0.970s] Level 1:colcon.colcon_core.environment:checking '/home/joshfarina/ros2_ws/src/rbe500_group_project/install/rrbot_gazebo' for CMake config files
[0.970s] Level 1:colcon.colcon_core.shell:create_environment_hook('rrbot_gazebo', 'cmake_prefix_path')
[0.971s] INFO:colcon.colcon_core.shell:Creating environment hook '/home/joshfarina/ros2_ws/src/rbe500_group_project/install/rrbot_gazebo/share/rrbot_gazebo/hook/cmake_prefix_path.ps1'
[0.971s] INFO:colcon.colcon_core.shell:Creating environment descriptor '/home/joshfarina/ros2_ws/src/rbe500_group_project/install/rrbot_gazebo/share/rrbot_gazebo/hook/cmake_prefix_path.dsv'
[0.971s] INFO:colcon.colcon_core.shell:Creating environment hook '/home/joshfarina/ros2_ws/src/rbe500_group_project/install/rrbot_gazebo/share/rrbot_gazebo/hook/cmake_prefix_path.sh'
[0.972s] Level 1:colcon.colcon_core.environment:checking '/home/joshfarina/ros2_ws/src/rbe500_group_project/install/rrbot_gazebo/lib'
[0.972s] Level 1:colcon.colcon_core.shell:create_environment_hook('rrbot_gazebo', 'ld_library_path_lib')
[0.973s] INFO:colcon.colcon_core.shell:Creating environment hook '/home/joshfarina/ros2_ws/src/rbe500_group_project/install/rrbot_gazebo/share/rrbot_gazebo/hook/ld_library_path_lib.ps1'
[0.973s] INFO:colcon.colcon_core.shell:Creating environment descriptor '/home/joshfarina/ros2_ws/src/rbe500_group_project/install/rrbot_gazebo/share/rrbot_gazebo/hook/ld_library_path_lib.dsv'
[0.973s] INFO:colcon.colcon_core.shell:Creating environment hook '/home/joshfarina/ros2_ws/src/rbe500_group_project/install/rrbot_gazebo/share/rrbot_gazebo/hook/ld_library_path_lib.sh'
[0.973s] Level 1:colcon.colcon_core.environment:checking '/home/joshfarina/ros2_ws/src/rbe500_group_project/install/rrbot_gazebo/bin'
[0.973s] Level 1:colcon.colcon_core.environment:checking '/home/joshfarina/ros2_ws/src/rbe500_group_project/install/rrbot_gazebo/lib/pkgconfig/rrbot_gazebo.pc'
[0.973s] Level 1:colcon.colcon_core.environment:checking '/home/joshfarina/ros2_ws/src/rbe500_group_project/install/rrbot_gazebo/lib/python3.10/site-packages'
[0.973s] Level 1:colcon.colcon_core.environment:checking '/home/joshfarina/ros2_ws/src/rbe500_group_project/install/rrbot_gazebo/bin'
[0.974s] INFO:colcon.colcon_core.shell:Creating package script '/home/joshfarina/ros2_ws/src/rbe500_group_project/install/rrbot_gazebo/share/rrbot_gazebo/package.ps1'
[0.975s] INFO:colcon.colcon_core.shell:Creating package descriptor '/home/joshfarina/ros2_ws/src/rbe500_group_project/install/rrbot_gazebo/share/rrbot_gazebo/package.dsv'
[0.975s] INFO:colcon.colcon_core.shell:Creating package script '/home/joshfarina/ros2_ws/src/rbe500_group_project/install/rrbot_gazebo/share/rrbot_gazebo/package.sh'
[0.975s] INFO:colcon.colcon_core.shell:Creating package script '/home/joshfarina/ros2_ws/src/rbe500_group_project/install/rrbot_gazebo/share/rrbot_gazebo/package.bash'
[0.975s] INFO:colcon.colcon_core.shell:Creating package script '/home/joshfarina/ros2_ws/src/rbe500_group_project/install/rrbot_gazebo/share/rrbot_gazebo/package.zsh'
[0.976s] Level 1:colcon.colcon_core.environment:create_file_with_runtime_dependencies(/home/joshfarina/ros2_ws/src/rbe500_group_project/install/rrbot_gazebo/share/colcon-core/packages/rrbot_gazebo)
[0.976s] DEBUG:colcon.colcon_parallel_executor.executor.parallel:closing loop
[0.976s] DEBUG:colcon.colcon_parallel_executor.executor.parallel:loop closed
[0.976s] DEBUG:colcon.colcon_parallel_executor.executor.parallel:run_until_complete finished with '0'
[0.977s] DEBUG:colcon.colcon_core.event_reactor:joining thread
[0.980s] INFO:colcon.colcon_core.plugin_system:Skipping extension 'colcon_notification.desktop_notification.terminal_notifier': Not used on non-Darwin systems
[0.980s] INFO:colcon.colcon_core.plugin_system:Skipping extension 'colcon_notification.desktop_notification.win32': Not used on non-Windows systems
[0.980s] INFO:colcon.colcon_notification.desktop_notification:Sending desktop notification using 'notify2'
[0.990s] DEBUG:colcon.colcon_core.event_reactor:joined thread
[0.991s] INFO:colcon.colcon_core.shell:Creating prefix script '/home/joshfarina/ros2_ws/src/rbe500_group_project/install/local_setup.ps1'
[0.992s] INFO:colcon.colcon_core.shell:Creating prefix util module '/home/joshfarina/ros2_ws/src/rbe500_group_project/install/_local_setup_util_ps1.py'
[0.994s] INFO:colcon.colcon_core.shell:Creating prefix chain script '/home/joshfarina/ros2_ws/src/rbe500_group_project/install/setup.ps1'
[0.995s] INFO:colcon.colcon_core.shell:Creating prefix script '/home/joshfarina/ros2_ws/src/rbe500_group_project/install/local_setup.sh'
[0.995s] INFO:colcon.colcon_core.shell:Creating prefix util module '/home/joshfarina/ros2_ws/src/rbe500_group_project/install/_local_setup_util_sh.py'
[0.996s] INFO:colcon.colcon_core.shell:Creating prefix chain script '/home/joshfarina/ros2_ws/src/rbe500_group_project/install/setup.sh'
[0.997s] INFO:colcon.colcon_core.shell:Creating prefix script '/home/joshfarina/ros2_ws/src/rbe500_group_project/install/local_setup.bash'
[0.997s] INFO:colcon.colcon_core.shell:Creating prefix chain script '/home/joshfarina/ros2_ws/src/rbe500_group_project/install/setup.bash'
[0.998s] INFO:colcon.colcon_core.shell:Creating prefix script '/home/joshfarina/ros2_ws/src/rbe500_group_project/install/local_setup.zsh'
[0.998s] INFO:colcon.colcon_core.shell:Creating prefix chain script '/home/joshfarina/ros2_ws/src/rbe500_group_project/install/setup.zsh'
