[0.008s] Invoking command in '/home/joshfarina/ros2_ws/src/rbe500_group_project/rrbot_simulation_files/build/rrbot_description': CMAKE_PREFIX_PATH=/opt/ros/humble /usr/bin/cmake /home/joshfarina/ros2_ws/src/rbe500_group_project/rrbot_simulation_files/rrbot_description -DAMENT_CMAKE_SYMLINK_INSTALL=1 -DCMAKE_INSTALL_PREFIX=/home/joshfarina/ros2_ws/src/rbe500_group_project/rrbot_simulation_files/install/rrbot_description
[0.045s] -- The C compiler identification is GNU 11.4.0
[0.085s] -- The CXX compiler identification is GNU 11.4.0
[0.090s] -- Detecting C compiler ABI info
[0.140s] -- Detecting C compiler ABI info - done
[0.146s] -- Check for working C compiler: /usr/bin/cc - skipped
[0.146s] -- Detecting C compile features
[0.146s] -- Detecting C compile features - done
[0.148s] -- Detecting CXX compiler ABI info
[0.203s] -- Detecting CXX compiler ABI info - done
[0.208s] -- Check for working CXX compiler: /usr/bin/c++ - skipped
[0.208s] -- Detecting CXX compile features
[0.209s] -- Detecting CXX compile features - done
[0.211s] -- Found ament_cmake: 1.3.5 (/opt/ros/humble/share/ament_cmake/cmake)
[0.331s] -- Found Python3: /usr/bin/python3.10 (found version "3.10.12") found components: Interpreter 
[0.383s] -- Override CMake install command with custom implementation using symlinks instead of copying resources
[0.445s] -- Configuring done
[0.447s] -- Generating done
[0.448s] -- Build files have been written to: /home/joshfarina/ros2_ws/src/rbe500_group_project/rrbot_simulation_files/build/rrbot_description
[0.451s] Invoked command in '/home/joshfarina/ros2_ws/src/rbe500_group_project/rrbot_simulation_files/build/rrbot_description' returned '0': CMAKE_PREFIX_PATH=/opt/ros/humble /usr/bin/cmake /home/joshfarina/ros2_ws/src/rbe500_group_project/rrbot_simulation_files/rrbot_description -DAMENT_CMAKE_SYMLINK_INSTALL=1 -DCMAKE_INSTALL_PREFIX=/home/joshfarina/ros2_ws/src/rbe500_group_project/rrbot_simulation_files/install/rrbot_description
[0.453s] Invoking command in '/home/joshfarina/ros2_ws/src/rbe500_group_project/rrbot_simulation_files/build/rrbot_description': CMAKE_PREFIX_PATH=/opt/ros/humble /usr/bin/cmake --build /home/joshfarina/ros2_ws/src/rbe500_group_project/rrbot_simulation_files/build/rrbot_description -- -j8 -l8
[0.479s] Invoked command in '/home/joshfarina/ros2_ws/src/rbe500_group_project/rrbot_simulation_files/build/rrbot_description' returned '0': CMAKE_PREFIX_PATH=/opt/ros/humble /usr/bin/cmake --build /home/joshfarina/ros2_ws/src/rbe500_group_project/rrbot_simulation_files/build/rrbot_description -- -j8 -l8
[0.501s] Invoking command in '/home/joshfarina/ros2_ws/src/rbe500_group_project/rrbot_simulation_files/build/rrbot_description': CMAKE_PREFIX_PATH=/opt/ros/humble /usr/bin/cmake --install /home/joshfarina/ros2_ws/src/rbe500_group_project/rrbot_simulation_files/build/rrbot_description
[0.506s] -- Install configuration: ""
[0.506s] -- Execute custom install script
[0.506s] -- Symlinking: /home/joshfarina/ros2_ws/src/rbe500_group_project/rrbot_simulation_files/install/rrbot_description/share/rrbot_description/config/rrbot.rviz
[0.512s] -- Symlinking: /home/joshfarina/ros2_ws/src/rbe500_group_project/rrbot_simulation_files/install/rrbot_description/share/rrbot_description/gazebo/rrbot.gazebo.xacro
[0.518s] -- Symlinking: /home/joshfarina/ros2_ws/src/rbe500_group_project/rrbot_simulation_files/install/rrbot_description/share/rrbot_description/gazebo/rrbot.materials.xacro
[0.524s] -- Symlinking: /home/joshfarina/ros2_ws/src/rbe500_group_project/rrbot_simulation_files/install/rrbot_description/share/rrbot_description/meshes/hokuyo.dae
[0.531s] -- Symlinking: /home/joshfarina/ros2_ws/src/rbe500_group_project/rrbot_simulation_files/install/rrbot_description/share/rrbot_description/launch/view_robot.launch.py
[0.538s] -- Symlinking: /home/joshfarina/ros2_ws/src/rbe500_group_project/rrbot_simulation_files/install/rrbot_description/share/rrbot_description/ros2_control/rrbot.ros2_control.xacro
[0.545s] -- Symlinking: /home/joshfarina/ros2_ws/src/rbe500_group_project/rrbot_simulation_files/install/rrbot_description/share/rrbot_description/urdf/rrbot.urdf.xacro
[0.551s] -- Symlinking: /home/joshfarina/ros2_ws/src/rbe500_group_project/rrbot_simulation_files/install/rrbot_description/share/rrbot_description/urdf/rrbot_description.urdf.xacro
[0.560s] -- Symlinking: /home/joshfarina/ros2_ws/src/rbe500_group_project/rrbot_simulation_files/install/rrbot_description/share/rrbot_description/urdf/rrbot_description_bryan.urdf.xacro
[0.567s] -- Symlinking: /home/joshfarina/ros2_ws/src/rbe500_group_project/rrbot_simulation_files/install/rrbot_description/share/rrbot_description/environment/rrbot_description.dsv
[0.577s] -- Symlinking: /home/joshfarina/ros2_ws/src/rbe500_group_project/rrbot_simulation_files/install/rrbot_description/share/ament_index/resource_index/package_run_dependencies/rrbot_description
[0.584s] -- Symlinking: /home/joshfarina/ros2_ws/src/rbe500_group_project/rrbot_simulation_files/install/rrbot_description/share/ament_index/resource_index/parent_prefix_path/rrbot_description
[0.591s] -- Symlinking: /home/joshfarina/ros2_ws/src/rbe500_group_project/rrbot_simulation_files/install/rrbot_description/share/rrbot_description/environment/ament_prefix_path.sh
[0.597s] -- Symlinking: /home/joshfarina/ros2_ws/src/rbe500_group_project/rrbot_simulation_files/install/rrbot_description/share/rrbot_description/environment/ament_prefix_path.dsv
[0.603s] -- Symlinking: /home/joshfarina/ros2_ws/src/rbe500_group_project/rrbot_simulation_files/install/rrbot_description/share/rrbot_description/environment/path.sh
[0.609s] -- Symlinking: /home/joshfarina/ros2_ws/src/rbe500_group_project/rrbot_simulation_files/install/rrbot_description/share/rrbot_description/environment/path.dsv
[0.616s] -- Symlinking: /home/joshfarina/ros2_ws/src/rbe500_group_project/rrbot_simulation_files/install/rrbot_description/share/rrbot_description/local_setup.bash
[0.622s] -- Symlinking: /home/joshfarina/ros2_ws/src/rbe500_group_project/rrbot_simulation_files/install/rrbot_description/share/rrbot_description/local_setup.sh
[0.630s] -- Symlinking: /home/joshfarina/ros2_ws/src/rbe500_group_project/rrbot_simulation_files/install/rrbot_description/share/rrbot_description/local_setup.zsh
[0.637s] -- Symlinking: /home/joshfarina/ros2_ws/src/rbe500_group_project/rrbot_simulation_files/install/rrbot_description/share/rrbot_description/local_setup.dsv
[0.642s] -- Symlinking: /home/joshfarina/ros2_ws/src/rbe500_group_project/rrbot_simulation_files/install/rrbot_description/share/rrbot_description/package.dsv
[0.648s] -- Symlinking: /home/joshfarina/ros2_ws/src/rbe500_group_project/rrbot_simulation_files/install/rrbot_description/share/ament_index/resource_index/packages/rrbot_description
[0.655s] -- Symlinking: /home/joshfarina/ros2_ws/src/rbe500_group_project/rrbot_simulation_files/install/rrbot_description/share/rrbot_description/cmake/rrbot_descriptionConfig.cmake
[0.660s] -- Symlinking: /home/joshfarina/ros2_ws/src/rbe500_group_project/rrbot_simulation_files/install/rrbot_description/share/rrbot_description/cmake/rrbot_descriptionConfig-version.cmake
[0.666s] -- Symlinking: /home/joshfarina/ros2_ws/src/rbe500_group_project/rrbot_simulation_files/install/rrbot_description/share/rrbot_description/package.xml
[0.674s] Invoked command in '/home/joshfarina/ros2_ws/src/rbe500_group_project/rrbot_simulation_files/build/rrbot_description' returned '0': CMAKE_PREFIX_PATH=/opt/ros/humble /usr/bin/cmake --install /home/joshfarina/ros2_ws/src/rbe500_group_project/rrbot_simulation_files/build/rrbot_description
