[0.426s] DEBUG:colcon:Command line arguments: ['/usr/bin/colcon', 'build', '--symlink-install']
[0.426s] DEBUG:colcon:Parsed command line arguments: Namespace(log_base=None, log_level=None, verb_name='build', build_base='build', install_base='install', merge_install=False, symlink_install=True, test_result_base=None, continue_on_error=False, executor='parallel', parallel_workers=12, event_handlers=None, ignore_user_meta=False, metas=['./colcon.meta'], base_paths=['.'], packages_ignore=None, packages_ignore_regex=None, paths=None, packages_up_to=None, packages_up_to_regex=None, packages_above=None, packages_above_and_dependencies=None, packages_above_depth=None, packages_select_by_dep=None, packages_skip_by_dep=None, packages_skip_up_to=None, packages_select_build_failed=False, packages_skip_build_finished=False, packages_select_test_failures=False, packages_skip_test_passed=False, packages_select=None, packages_skip=None, packages_select_regex=None, packages_skip_regex=None, packages_start=None, packages_end=None, allow_overriding=[], cmake_args=None, cmake_target=None, cmake_target_skip_unavailable=False, cmake_clean_cache=False, cmake_clean_first=False, cmake_force_configure=False, ament_cmake_args=None, catkin_cmake_args=None, catkin_skip_building_tests=False, verb_parser=<colcon_defaults.argument_parser.defaults.DefaultArgumentsDecorator object at 0x7ffb7343f130>, verb_extension=<colcon_core.verb.build.BuildVerb object at 0x7ffb7343e740>, main=<bound method BuildVerb.main of <colcon_core.verb.build.BuildVerb object at 0x7ffb7343e740>>)
[0.446s] Level 1:colcon.colcon_core.package_discovery:discover_packages(colcon_meta) check parameters
[0.446s] Level 1:colcon.colcon_core.package_discovery:discover_packages(recursive) check parameters
[0.446s] Level 1:colcon.colcon_core.package_discovery:discover_packages(ignore) check parameters
[0.446s] Level 1:colcon.colcon_core.package_discovery:discover_packages(path) check parameters
[0.446s] Level 1:colcon.colcon_core.package_discovery:discover_packages(colcon_meta) discover
[0.446s] Level 1:colcon.colcon_core.package_discovery:discover_packages(recursive) discover
[0.446s] INFO:colcon.colcon_core.package_discovery:Crawling recursively for packages in '/home/rutvij/rbe500_group_project-1'
[0.446s] Level 1:colcon.colcon_core.package_identification:_identify(.) by extensions ['ignore', 'ignore_ament_install']
[0.446s] Level 1:colcon.colcon_core.package_identification:_identify(.) by extension 'ignore'
[0.447s] Level 1:colcon.colcon_core.package_identification:_identify(.) by extension 'ignore_ament_install'
[0.447s] Level 1:colcon.colcon_core.package_identification:_identify(.) by extensions ['colcon_pkg']
[0.447s] Level 1:colcon.colcon_core.package_identification:_identify(.) by extension 'colcon_pkg'
[0.447s] Level 1:colcon.colcon_core.package_identification:_identify(.) by extensions ['colcon_meta']
[0.447s] Level 1:colcon.colcon_core.package_identification:_identify(.) by extension 'colcon_meta'
[0.447s] Level 1:colcon.colcon_core.package_identification:_identify(.) by extensions ['ros']
[0.447s] Level 1:colcon.colcon_core.package_identification:_identify(.) by extension 'ros'
[0.453s] Level 1:colcon.colcon_core.package_identification:_identify(.) by extensions ['cmake', 'python']
[0.453s] Level 1:colcon.colcon_core.package_identification:_identify(.) by extension 'cmake'
[0.453s] Level 1:colcon.colcon_core.package_identification:_identify(.) by extension 'python'
[0.453s] Level 1:colcon.colcon_core.package_identification:_identify(.) by extensions ['python_setup_py']
[0.453s] Level 1:colcon.colcon_core.package_identification:_identify(.) by extension 'python_setup_py'
[0.453s] Level 1:colcon.colcon_core.package_identification:_identify(build) by extensions ['ignore', 'ignore_ament_install']
[0.453s] Level 1:colcon.colcon_core.package_identification:_identify(build) by extension 'ignore'
[0.453s] Level 1:colcon.colcon_core.package_identification:_identify(build) ignored
[0.453s] Level 1:colcon.colcon_core.package_identification:_identify(install) by extensions ['ignore', 'ignore_ament_install']
[0.453s] Level 1:colcon.colcon_core.package_identification:_identify(install) by extension 'ignore'
[0.453s] Level 1:colcon.colcon_core.package_identification:_identify(install) ignored
[0.453s] Level 1:colcon.colcon_core.package_identification:_identify(log) by extensions ['ignore', 'ignore_ament_install']
[0.453s] Level 1:colcon.colcon_core.package_identification:_identify(log) by extension 'ignore'
[0.453s] Level 1:colcon.colcon_core.package_identification:_identify(log) ignored
[0.453s] Level 1:colcon.colcon_core.package_identification:_identify(rrbot_simulation_files) by extensions ['ignore', 'ignore_ament_install']
[0.453s] Level 1:colcon.colcon_core.package_identification:_identify(rrbot_simulation_files) by extension 'ignore'
[0.453s] Level 1:colcon.colcon_core.package_identification:_identify(rrbot_simulation_files) by extension 'ignore_ament_install'
[0.453s] Level 1:colcon.colcon_core.package_identification:_identify(rrbot_simulation_files) by extensions ['colcon_pkg']
[0.453s] Level 1:colcon.colcon_core.package_identification:_identify(rrbot_simulation_files) by extension 'colcon_pkg'
[0.453s] Level 1:colcon.colcon_core.package_identification:_identify(rrbot_simulation_files) by extensions ['colcon_meta']
[0.453s] Level 1:colcon.colcon_core.package_identification:_identify(rrbot_simulation_files) by extension 'colcon_meta'
[0.453s] Level 1:colcon.colcon_core.package_identification:_identify(rrbot_simulation_files) by extensions ['ros']
[0.453s] Level 1:colcon.colcon_core.package_identification:_identify(rrbot_simulation_files) by extension 'ros'
[0.454s] Level 1:colcon.colcon_core.package_identification:_identify(rrbot_simulation_files) by extensions ['cmake', 'python']
[0.454s] Level 1:colcon.colcon_core.package_identification:_identify(rrbot_simulation_files) by extension 'cmake'
[0.454s] Level 1:colcon.colcon_core.package_identification:_identify(rrbot_simulation_files) by extension 'python'
[0.454s] Level 1:colcon.colcon_core.package_identification:_identify(rrbot_simulation_files) by extensions ['python_setup_py']
[0.454s] Level 1:colcon.colcon_core.package_identification:_identify(rrbot_simulation_files) by extension 'python_setup_py'
[0.454s] Level 1:colcon.colcon_core.package_identification:_identify(rrbot_simulation_files/build) by extensions ['ignore', 'ignore_ament_install']
[0.454s] Level 1:colcon.colcon_core.package_identification:_identify(rrbot_simulation_files/build) by extension 'ignore'
[0.454s] Level 1:colcon.colcon_core.package_identification:_identify(rrbot_simulation_files/build) ignored
[0.454s] Level 1:colcon.colcon_core.package_identification:_identify(rrbot_simulation_files/install) by extensions ['ignore', 'ignore_ament_install']
[0.454s] Level 1:colcon.colcon_core.package_identification:_identify(rrbot_simulation_files/install) by extension 'ignore'
[0.454s] Level 1:colcon.colcon_core.package_identification:_identify(rrbot_simulation_files/install) ignored
[0.454s] Level 1:colcon.colcon_core.package_identification:_identify(rrbot_simulation_files/log) by extensions ['ignore', 'ignore_ament_install']
[0.454s] Level 1:colcon.colcon_core.package_identification:_identify(rrbot_simulation_files/log) by extension 'ignore'
[0.454s] Level 1:colcon.colcon_core.package_identification:_identify(rrbot_simulation_files/log) ignored
[0.454s] Level 1:colcon.colcon_core.package_identification:_identify(rrbot_simulation_files/rrbot_description) by extensions ['ignore', 'ignore_ament_install']
[0.454s] Level 1:colcon.colcon_core.package_identification:_identify(rrbot_simulation_files/rrbot_description) by extension 'ignore'
[0.454s] Level 1:colcon.colcon_core.package_identification:_identify(rrbot_simulation_files/rrbot_description) by extension 'ignore_ament_install'
[0.454s] Level 1:colcon.colcon_core.package_identification:_identify(rrbot_simulation_files/rrbot_description) by extensions ['colcon_pkg']
[0.454s] Level 1:colcon.colcon_core.package_identification:_identify(rrbot_simulation_files/rrbot_description) by extension 'colcon_pkg'
[0.454s] Level 1:colcon.colcon_core.package_identification:_identify(rrbot_simulation_files/rrbot_description) by extensions ['colcon_meta']
[0.454s] Level 1:colcon.colcon_core.package_identification:_identify(rrbot_simulation_files/rrbot_description) by extension 'colcon_meta'
[0.454s] Level 1:colcon.colcon_core.package_identification:_identify(rrbot_simulation_files/rrbot_description) by extensions ['ros']
[0.454s] Level 1:colcon.colcon_core.package_identification:_identify(rrbot_simulation_files/rrbot_description) by extension 'ros'
[0.455s] DEBUG:colcon.colcon_core.package_identification:Package 'rrbot_simulation_files/rrbot_description' with type 'ros.ament_cmake' and name 'rrbot_description'
[0.455s] Level 1:colcon.colcon_core.package_identification:_identify(rrbot_simulation_files/rrbot_gazebo) by extensions ['ignore', 'ignore_ament_install']
[0.456s] Level 1:colcon.colcon_core.package_identification:_identify(rrbot_simulation_files/rrbot_gazebo) by extension 'ignore'
[0.456s] Level 1:colcon.colcon_core.package_identification:_identify(rrbot_simulation_files/rrbot_gazebo) by extension 'ignore_ament_install'
[0.456s] Level 1:colcon.colcon_core.package_identification:_identify(rrbot_simulation_files/rrbot_gazebo) by extensions ['colcon_pkg']
[0.456s] Level 1:colcon.colcon_core.package_identification:_identify(rrbot_simulation_files/rrbot_gazebo) by extension 'colcon_pkg'
[0.456s] Level 1:colcon.colcon_core.package_identification:_identify(rrbot_simulation_files/rrbot_gazebo) by extensions ['colcon_meta']
[0.456s] Level 1:colcon.colcon_core.package_identification:_identify(rrbot_simulation_files/rrbot_gazebo) by extension 'colcon_meta'
[0.456s] Level 1:colcon.colcon_core.package_identification:_identify(rrbot_simulation_files/rrbot_gazebo) by extensions ['ros']
[0.456s] Level 1:colcon.colcon_core.package_identification:_identify(rrbot_simulation_files/rrbot_gazebo) by extension 'ros'
[0.456s] DEBUG:colcon.colcon_core.package_identification:Package 'rrbot_simulation_files/rrbot_gazebo' with type 'ros.ament_cmake' and name 'rrbot_gazebo'
[0.456s] Level 1:colcon.colcon_core.package_discovery:discover_packages(recursive) using defaults
[0.456s] Level 1:colcon.colcon_core.package_discovery:discover_packages(ignore) discover
[0.456s] Level 1:colcon.colcon_core.package_discovery:discover_packages(ignore) using defaults
[0.456s] Level 1:colcon.colcon_core.package_discovery:discover_packages(path) discover
[0.456s] Level 1:colcon.colcon_core.package_discovery:discover_packages(path) using defaults
[0.495s] Level 1:colcon.colcon_core.package_discovery:discover_packages(prefix_path) check parameters
[0.495s] Level 1:colcon.colcon_core.package_discovery:discover_packages(prefix_path) discover
[0.507s] DEBUG:colcon.colcon_installed_package_information.package_discovery:Found 3 installed packages in /home/rutvij/ros2_ws/install
[0.513s] DEBUG:colcon.colcon_installed_package_information.package_discovery:Found 320 installed packages in /opt/ros/humble
[0.514s] Level 1:colcon.colcon_core.package_discovery:discover_packages(prefix_path) using defaults
[0.556s] Level 5:colcon.colcon_core.verb:set package 'rrbot_description' build argument 'cmake_args' from command line to 'None'
[0.556s] Level 5:colcon.colcon_core.verb:set package 'rrbot_description' build argument 'cmake_target' from command line to 'None'
[0.556s] Level 5:colcon.colcon_core.verb:set package 'rrbot_description' build argument 'cmake_target_skip_unavailable' from command line to 'False'
[0.556s] Level 5:colcon.colcon_core.verb:set package 'rrbot_description' build argument 'cmake_clean_cache' from command line to 'False'
[0.556s] Level 5:colcon.colcon_core.verb:set package 'rrbot_description' build argument 'cmake_clean_first' from command line to 'False'
[0.556s] Level 5:colcon.colcon_core.verb:set package 'rrbot_description' build argument 'cmake_force_configure' from command line to 'False'
[0.556s] Level 5:colcon.colcon_core.verb:set package 'rrbot_description' build argument 'ament_cmake_args' from command line to 'None'
[0.556s] Level 5:colcon.colcon_core.verb:set package 'rrbot_description' build argument 'catkin_cmake_args' from command line to 'None'
[0.557s] Level 5:colcon.colcon_core.verb:set package 'rrbot_description' build argument 'catkin_skip_building_tests' from command line to 'False'
[0.557s] DEBUG:colcon.colcon_core.verb:Building package 'rrbot_description' with the following arguments: {'ament_cmake_args': None, 'build_base': '/home/rutvij/rbe500_group_project-1/build/rrbot_description', 'catkin_cmake_args': None, 'catkin_skip_building_tests': False, 'cmake_args': None, 'cmake_clean_cache': False, 'cmake_clean_first': False, 'cmake_force_configure': False, 'cmake_target': None, 'cmake_target_skip_unavailable': False, 'install_base': '/home/rutvij/rbe500_group_project-1/install/rrbot_description', 'merge_install': False, 'path': '/home/rutvij/rbe500_group_project-1/rrbot_simulation_files/rrbot_description', 'symlink_install': True, 'test_result_base': None}
[0.562s] Level 5:colcon.colcon_core.verb:set package 'rrbot_gazebo' build argument 'cmake_args' from command line to 'None'
[0.562s] Level 5:colcon.colcon_core.verb:set package 'rrbot_gazebo' build argument 'cmake_target' from command line to 'None'
[0.562s] Level 5:colcon.colcon_core.verb:set package 'rrbot_gazebo' build argument 'cmake_target_skip_unavailable' from command line to 'False'
[0.562s] Level 5:colcon.colcon_core.verb:set package 'rrbot_gazebo' build argument 'cmake_clean_cache' from command line to 'False'
[0.562s] Level 5:colcon.colcon_core.verb:set package 'rrbot_gazebo' build argument 'cmake_clean_first' from command line to 'False'
[0.562s] Level 5:colcon.colcon_core.verb:set package 'rrbot_gazebo' build argument 'cmake_force_configure' from command line to 'False'
[0.562s] Level 5:colcon.colcon_core.verb:set package 'rrbot_gazebo' build argument 'ament_cmake_args' from command line to 'None'
[0.562s] Level 5:colcon.colcon_core.verb:set package 'rrbot_gazebo' build argument 'catkin_cmake_args' from command line to 'None'
[0.562s] Level 5:colcon.colcon_core.verb:set package 'rrbot_gazebo' build argument 'catkin_skip_building_tests' from command line to 'False'
[0.562s] DEBUG:colcon.colcon_core.verb:Building package 'rrbot_gazebo' with the following arguments: {'ament_cmake_args': None, 'build_base': '/home/rutvij/rbe500_group_project-1/build/rrbot_gazebo', 'catkin_cmake_args': None, 'catkin_skip_building_tests': False, 'cmake_args': None, 'cmake_clean_cache': False, 'cmake_clean_first': False, 'cmake_force_configure': False, 'cmake_target': None, 'cmake_target_skip_unavailable': False, 'install_base': '/home/rutvij/rbe500_group_project-1/install/rrbot_gazebo', 'merge_install': False, 'path': '/home/rutvij/rbe500_group_project-1/rrbot_simulation_files/rrbot_gazebo', 'symlink_install': True, 'test_result_base': None}
[0.568s] INFO:colcon.colcon_core.executor:Executing jobs using 'parallel' executor
[0.574s] DEBUG:colcon.colcon_parallel_executor.executor.parallel:run_until_complete
[0.574s] INFO:colcon.colcon_ros.task.ament_cmake.build:Building ROS package in '/home/rutvij/rbe500_group_project-1/rrbot_simulation_files/rrbot_description' with build type 'ament_cmake'
[0.574s] INFO:colcon.colcon_cmake.task.cmake.build:Building CMake package in '/home/rutvij/rbe500_group_project-1/rrbot_simulation_files/rrbot_description'
[0.581s] INFO:colcon.colcon_core.plugin_system:Skipping extension 'colcon_core.shell.bat': Not used on non-Windows systems
[0.581s] INFO:colcon.colcon_core.shell:Skip shell extension 'powershell' for command environment: Not usable outside of PowerShell
[0.581s] DEBUG:colcon.colcon_core.shell:Skip shell extension 'dsv' for command environment
[0.604s] DEBUG:colcon.colcon_core.event_handler.log_command:Invoking command in '/home/rutvij/rbe500_group_project-1/build/rrbot_description': CMAKE_PREFIX_PATH=${CMAKE_PREFIX_PATH}:/home/rutvij/ros2_ws/install/my_robot_controller:/opt/ros/humble /usr/bin/cmake --build /home/rutvij/rbe500_group_project-1/build/rrbot_description -- -j12 -l12
[0.624s] DEBUG:colcon.colcon_core.event_handler.log_command:Invoked command in '/home/rutvij/rbe500_group_project-1/build/rrbot_description' returned '0': CMAKE_PREFIX_PATH=${CMAKE_PREFIX_PATH}:/home/rutvij/ros2_ws/install/my_robot_controller:/opt/ros/humble /usr/bin/cmake --build /home/rutvij/rbe500_group_project-1/build/rrbot_description -- -j12 -l12
[0.640s] DEBUG:colcon.colcon_core.event_handler.log_command:Invoking command in '/home/rutvij/rbe500_group_project-1/build/rrbot_description': CMAKE_PREFIX_PATH=${CMAKE_PREFIX_PATH}:/home/rutvij/ros2_ws/install/my_robot_controller:/opt/ros/humble /usr/bin/cmake --install /home/rutvij/rbe500_group_project-1/build/rrbot_description
[0.652s] Level 1:colcon.colcon_core.environment:create_environment_scripts_only(rrbot_description)
[0.652s] DEBUG:colcon.colcon_core.event_handler.log_command:Invoked command in '/home/rutvij/rbe500_group_project-1/build/rrbot_description' returned '0': CMAKE_PREFIX_PATH=${CMAKE_PREFIX_PATH}:/home/rutvij/ros2_ws/install/my_robot_controller:/opt/ros/humble /usr/bin/cmake --install /home/rutvij/rbe500_group_project-1/build/rrbot_description
[0.661s] Level 1:colcon.colcon_core.environment:checking '/home/rutvij/rbe500_group_project-1/install/rrbot_description' for CMake module files
[0.662s] Level 1:colcon.colcon_core.environment:checking '/home/rutvij/rbe500_group_project-1/install/rrbot_description' for CMake config files
[0.662s] Level 1:colcon.colcon_core.shell:create_environment_hook('rrbot_description', 'cmake_prefix_path')
[0.667s] INFO:colcon.colcon_core.shell:Creating environment hook '/home/rutvij/rbe500_group_project-1/install/rrbot_description/share/rrbot_description/hook/cmake_prefix_path.ps1'
[0.668s] INFO:colcon.colcon_core.shell:Creating environment descriptor '/home/rutvij/rbe500_group_project-1/install/rrbot_description/share/rrbot_description/hook/cmake_prefix_path.dsv'
[0.668s] INFO:colcon.colcon_core.shell:Creating environment hook '/home/rutvij/rbe500_group_project-1/install/rrbot_description/share/rrbot_description/hook/cmake_prefix_path.sh'
[0.668s] Level 1:colcon.colcon_core.environment:checking '/home/rutvij/rbe500_group_project-1/install/rrbot_description/bin'
[0.668s] Level 1:colcon.colcon_core.environment:checking '/home/rutvij/rbe500_group_project-1/install/rrbot_description/lib/pkgconfig/rrbot_description.pc'
[0.669s] Level 1:colcon.colcon_core.environment:checking '/home/rutvij/rbe500_group_project-1/install/rrbot_description/lib/python3.10/site-packages'
[0.669s] Level 1:colcon.colcon_core.environment:checking '/home/rutvij/rbe500_group_project-1/install/rrbot_description/bin'
[0.674s] INFO:colcon.colcon_core.shell:Creating package script '/home/rutvij/rbe500_group_project-1/install/rrbot_description/share/rrbot_description/package.ps1'
[0.675s] INFO:colcon.colcon_core.shell:Creating package descriptor '/home/rutvij/rbe500_group_project-1/install/rrbot_description/share/rrbot_description/package.dsv'
[0.675s] INFO:colcon.colcon_core.shell:Creating package script '/home/rutvij/rbe500_group_project-1/install/rrbot_description/share/rrbot_description/package.sh'
[0.675s] INFO:colcon.colcon_core.shell:Creating package script '/home/rutvij/rbe500_group_project-1/install/rrbot_description/share/rrbot_description/package.bash'
[0.676s] INFO:colcon.colcon_core.shell:Creating package script '/home/rutvij/rbe500_group_project-1/install/rrbot_description/share/rrbot_description/package.zsh'
[0.676s] Level 1:colcon.colcon_core.environment:create_file_with_runtime_dependencies(/home/rutvij/rbe500_group_project-1/install/rrbot_description/share/colcon-core/packages/rrbot_description)
[0.693s] Level 1:colcon.colcon_core.environment:create_environment_scripts_only(rrbot_description)
[0.699s] Level 1:colcon.colcon_core.environment:checking '/home/rutvij/rbe500_group_project-1/install/rrbot_description' for CMake module files
[0.699s] Level 1:colcon.colcon_core.environment:checking '/home/rutvij/rbe500_group_project-1/install/rrbot_description' for CMake config files
[0.699s] Level 1:colcon.colcon_core.shell:create_environment_hook('rrbot_description', 'cmake_prefix_path')
[0.705s] INFO:colcon.colcon_core.shell:Creating environment hook '/home/rutvij/rbe500_group_project-1/install/rrbot_description/share/rrbot_description/hook/cmake_prefix_path.ps1'
[0.705s] INFO:colcon.colcon_core.shell:Creating environment descriptor '/home/rutvij/rbe500_group_project-1/install/rrbot_description/share/rrbot_description/hook/cmake_prefix_path.dsv'
[0.705s] INFO:colcon.colcon_core.shell:Creating environment hook '/home/rutvij/rbe500_group_project-1/install/rrbot_description/share/rrbot_description/hook/cmake_prefix_path.sh'
[0.706s] Level 1:colcon.colcon_core.environment:checking '/home/rutvij/rbe500_group_project-1/install/rrbot_description/bin'
[0.706s] Level 1:colcon.colcon_core.environment:checking '/home/rutvij/rbe500_group_project-1/install/rrbot_description/lib/pkgconfig/rrbot_description.pc'
[0.706s] Level 1:colcon.colcon_core.environment:checking '/home/rutvij/rbe500_group_project-1/install/rrbot_description/lib/python3.10/site-packages'
[0.706s] Level 1:colcon.colcon_core.environment:checking '/home/rutvij/rbe500_group_project-1/install/rrbot_description/bin'
[0.712s] INFO:colcon.colcon_core.shell:Creating package script '/home/rutvij/rbe500_group_project-1/install/rrbot_description/share/rrbot_description/package.ps1'
[0.712s] INFO:colcon.colcon_core.shell:Creating package descriptor '/home/rutvij/rbe500_group_project-1/install/rrbot_description/share/rrbot_description/package.dsv'
[0.712s] INFO:colcon.colcon_core.shell:Creating package script '/home/rutvij/rbe500_group_project-1/install/rrbot_description/share/rrbot_description/package.sh'
[0.712s] INFO:colcon.colcon_core.shell:Creating package script '/home/rutvij/rbe500_group_project-1/install/rrbot_description/share/rrbot_description/package.bash'
[0.713s] INFO:colcon.colcon_core.shell:Creating package script '/home/rutvij/rbe500_group_project-1/install/rrbot_description/share/rrbot_description/package.zsh'
[0.713s] Level 1:colcon.colcon_core.environment:create_file_with_runtime_dependencies(/home/rutvij/rbe500_group_project-1/install/rrbot_description/share/colcon-core/packages/rrbot_description)
[0.713s] INFO:colcon.colcon_ros.task.ament_cmake.build:Building ROS package in '/home/rutvij/rbe500_group_project-1/rrbot_simulation_files/rrbot_gazebo' with build type 'ament_cmake'
[0.713s] INFO:colcon.colcon_cmake.task.cmake.build:Building CMake package in '/home/rutvij/rbe500_group_project-1/rrbot_simulation_files/rrbot_gazebo'
[0.726s] INFO:colcon.colcon_core.shell:Skip shell extension 'powershell' for command environment: Not usable outside of PowerShell
[0.726s] DEBUG:colcon.colcon_core.shell:Skip shell extension 'dsv' for command environment
[0.750s] DEBUG:colcon.colcon_core.event_handler.log_command:Invoking command in '/home/rutvij/rbe500_group_project-1/build/rrbot_gazebo': AMENT_PREFIX_PATH=/home/rutvij/rbe500_group_project-1/install/rrbot_description:${AMENT_PREFIX_PATH} CMAKE_PREFIX_PATH=/home/rutvij/rbe500_group_project-1/install/rrbot_description:/home/rutvij/ros2_ws/install/rrbot_gazebo:/home/rutvij/ros2_ws/install/rrbot_description:/home/rutvij/ros2_ws/install/my_robot_controller:/opt/ros/humble /usr/bin/cmake --build /home/rutvij/rbe500_group_project-1/build/rrbot_gazebo -- -j12 -l12
[0.946s] DEBUG:colcon.colcon_core.event_handler.log_command:Invoked command in '/home/rutvij/rbe500_group_project-1/build/rrbot_gazebo' returned '0': AMENT_PREFIX_PATH=/home/rutvij/rbe500_group_project-1/install/rrbot_description:${AMENT_PREFIX_PATH} CMAKE_PREFIX_PATH=/home/rutvij/rbe500_group_project-1/install/rrbot_description:/home/rutvij/ros2_ws/install/rrbot_gazebo:/home/rutvij/ros2_ws/install/rrbot_description:/home/rutvij/ros2_ws/install/my_robot_controller:/opt/ros/humble /usr/bin/cmake --build /home/rutvij/rbe500_group_project-1/build/rrbot_gazebo -- -j12 -l12
[0.998s] DEBUG:colcon.colcon_core.event_handler.log_command:Invoking command in '/home/rutvij/rbe500_group_project-1/build/rrbot_gazebo': AMENT_PREFIX_PATH=/home/rutvij/rbe500_group_project-1/install/rrbot_description:${AMENT_PREFIX_PATH} CMAKE_PREFIX_PATH=/home/rutvij/rbe500_group_project-1/install/rrbot_description:/home/rutvij/ros2_ws/install/rrbot_gazebo:/home/rutvij/ros2_ws/install/rrbot_description:/home/rutvij/ros2_ws/install/my_robot_controller:/opt/ros/humble /usr/bin/cmake --install /home/rutvij/rbe500_group_project-1/build/rrbot_gazebo
[1.038s] Level 1:colcon.colcon_core.environment:create_environment_scripts_only(rrbot_gazebo)
[1.039s] DEBUG:colcon.colcon_core.event_handler.log_command:Invoked command in '/home/rutvij/rbe500_group_project-1/build/rrbot_gazebo' returned '0': AMENT_PREFIX_PATH=/home/rutvij/rbe500_group_project-1/install/rrbot_description:${AMENT_PREFIX_PATH} CMAKE_PREFIX_PATH=/home/rutvij/rbe500_group_project-1/install/rrbot_description:/home/rutvij/ros2_ws/install/rrbot_gazebo:/home/rutvij/ros2_ws/install/rrbot_description:/home/rutvij/ros2_ws/install/my_robot_controller:/opt/ros/humble /usr/bin/cmake --install /home/rutvij/rbe500_group_project-1/build/rrbot_gazebo
[1.045s] Level 1:colcon.colcon_core.environment:checking '/home/rutvij/rbe500_group_project-1/install/rrbot_gazebo' for CMake module files
[1.045s] Level 1:colcon.colcon_core.environment:checking '/home/rutvij/rbe500_group_project-1/install/rrbot_gazebo' for CMake config files
[1.045s] Level 1:colcon.colcon_core.shell:create_environment_hook('rrbot_gazebo', 'cmake_prefix_path')
[1.051s] INFO:colcon.colcon_core.shell:Creating environment hook '/home/rutvij/rbe500_group_project-1/install/rrbot_gazebo/share/rrbot_gazebo/hook/cmake_prefix_path.ps1'
[1.051s] INFO:colcon.colcon_core.shell:Creating environment descriptor '/home/rutvij/rbe500_group_project-1/install/rrbot_gazebo/share/rrbot_gazebo/hook/cmake_prefix_path.dsv'
[1.051s] INFO:colcon.colcon_core.shell:Creating environment hook '/home/rutvij/rbe500_group_project-1/install/rrbot_gazebo/share/rrbot_gazebo/hook/cmake_prefix_path.sh'
[1.052s] Level 1:colcon.colcon_core.environment:checking '/home/rutvij/rbe500_group_project-1/install/rrbot_gazebo/lib'
[1.052s] Level 1:colcon.colcon_core.shell:create_environment_hook('rrbot_gazebo', 'ld_library_path_lib')
[1.058s] INFO:colcon.colcon_core.shell:Creating environment hook '/home/rutvij/rbe500_group_project-1/install/rrbot_gazebo/share/rrbot_gazebo/hook/ld_library_path_lib.ps1'
[1.058s] INFO:colcon.colcon_core.shell:Creating environment descriptor '/home/rutvij/rbe500_group_project-1/install/rrbot_gazebo/share/rrbot_gazebo/hook/ld_library_path_lib.dsv'
[1.058s] INFO:colcon.colcon_core.shell:Creating environment hook '/home/rutvij/rbe500_group_project-1/install/rrbot_gazebo/share/rrbot_gazebo/hook/ld_library_path_lib.sh'
[1.058s] Level 1:colcon.colcon_core.environment:checking '/home/rutvij/rbe500_group_project-1/install/rrbot_gazebo/bin'
[1.058s] Level 1:colcon.colcon_core.environment:checking '/home/rutvij/rbe500_group_project-1/install/rrbot_gazebo/lib/pkgconfig/rrbot_gazebo.pc'
[1.059s] Level 1:colcon.colcon_core.environment:checking '/home/rutvij/rbe500_group_project-1/install/rrbot_gazebo/lib/python3.10/site-packages'
[1.059s] Level 1:colcon.colcon_core.environment:checking '/home/rutvij/rbe500_group_project-1/install/rrbot_gazebo/bin'
[1.065s] INFO:colcon.colcon_core.shell:Creating package script '/home/rutvij/rbe500_group_project-1/install/rrbot_gazebo/share/rrbot_gazebo/package.ps1'
[1.065s] INFO:colcon.colcon_core.shell:Creating package descriptor '/home/rutvij/rbe500_group_project-1/install/rrbot_gazebo/share/rrbot_gazebo/package.dsv'
[1.065s] INFO:colcon.colcon_core.shell:Creating package script '/home/rutvij/rbe500_group_project-1/install/rrbot_gazebo/share/rrbot_gazebo/package.sh'
[1.066s] INFO:colcon.colcon_core.shell:Creating package script '/home/rutvij/rbe500_group_project-1/install/rrbot_gazebo/share/rrbot_gazebo/package.bash'
[1.066s] INFO:colcon.colcon_core.shell:Creating package script '/home/rutvij/rbe500_group_project-1/install/rrbot_gazebo/share/rrbot_gazebo/package.zsh'
[1.066s] Level 1:colcon.colcon_core.environment:create_file_with_runtime_dependencies(/home/rutvij/rbe500_group_project-1/install/rrbot_gazebo/share/colcon-core/packages/rrbot_gazebo)
[1.124s] Level 1:colcon.colcon_core.environment:create_environment_scripts_only(rrbot_gazebo)
[1.129s] Level 1:colcon.colcon_core.environment:checking '/home/rutvij/rbe500_group_project-1/install/rrbot_gazebo' for CMake module files
[1.130s] Level 1:colcon.colcon_core.environment:checking '/home/rutvij/rbe500_group_project-1/install/rrbot_gazebo' for CMake config files
[1.130s] Level 1:colcon.colcon_core.shell:create_environment_hook('rrbot_gazebo', 'cmake_prefix_path')
[1.135s] INFO:colcon.colcon_core.shell:Creating environment hook '/home/rutvij/rbe500_group_project-1/install/rrbot_gazebo/share/rrbot_gazebo/hook/cmake_prefix_path.ps1'
[1.136s] INFO:colcon.colcon_core.shell:Creating environment descriptor '/home/rutvij/rbe500_group_project-1/install/rrbot_gazebo/share/rrbot_gazebo/hook/cmake_prefix_path.dsv'
[1.136s] INFO:colcon.colcon_core.shell:Creating environment hook '/home/rutvij/rbe500_group_project-1/install/rrbot_gazebo/share/rrbot_gazebo/hook/cmake_prefix_path.sh'
[1.136s] Level 1:colcon.colcon_core.environment:checking '/home/rutvij/rbe500_group_project-1/install/rrbot_gazebo/lib'
[1.136s] Level 1:colcon.colcon_core.shell:create_environment_hook('rrbot_gazebo', 'ld_library_path_lib')
[1.142s] INFO:colcon.colcon_core.shell:Creating environment hook '/home/rutvij/rbe500_group_project-1/install/rrbot_gazebo/share/rrbot_gazebo/hook/ld_library_path_lib.ps1'
[1.142s] INFO:colcon.colcon_core.shell:Creating environment descriptor '/home/rutvij/rbe500_group_project-1/install/rrbot_gazebo/share/rrbot_gazebo/hook/ld_library_path_lib.dsv'
[1.142s] INFO:colcon.colcon_core.shell:Creating environment hook '/home/rutvij/rbe500_group_project-1/install/rrbot_gazebo/share/rrbot_gazebo/hook/ld_library_path_lib.sh'
[1.142s] Level 1:colcon.colcon_core.environment:checking '/home/rutvij/rbe500_group_project-1/install/rrbot_gazebo/bin'
[1.142s] Level 1:colcon.colcon_core.environment:checking '/home/rutvij/rbe500_group_project-1/install/rrbot_gazebo/lib/pkgconfig/rrbot_gazebo.pc'
[1.142s] Level 1:colcon.colcon_core.environment:checking '/home/rutvij/rbe500_group_project-1/install/rrbot_gazebo/lib/python3.10/site-packages'
[1.142s] Level 1:colcon.colcon_core.environment:checking '/home/rutvij/rbe500_group_project-1/install/rrbot_gazebo/bin'
[1.148s] INFO:colcon.colcon_core.shell:Creating package script '/home/rutvij/rbe500_group_project-1/install/rrbot_gazebo/share/rrbot_gazebo/package.ps1'
[1.148s] INFO:colcon.colcon_core.shell:Creating package descriptor '/home/rutvij/rbe500_group_project-1/install/rrbot_gazebo/share/rrbot_gazebo/package.dsv'
[1.148s] INFO:colcon.colcon_core.shell:Creating package script '/home/rutvij/rbe500_group_project-1/install/rrbot_gazebo/share/rrbot_gazebo/package.sh'
[1.149s] INFO:colcon.colcon_core.shell:Creating package script '/home/rutvij/rbe500_group_project-1/install/rrbot_gazebo/share/rrbot_gazebo/package.bash'
[1.149s] INFO:colcon.colcon_core.shell:Creating package script '/home/rutvij/rbe500_group_project-1/install/rrbot_gazebo/share/rrbot_gazebo/package.zsh'
[1.149s] Level 1:colcon.colcon_core.environment:create_file_with_runtime_dependencies(/home/rutvij/rbe500_group_project-1/install/rrbot_gazebo/share/colcon-core/packages/rrbot_gazebo)
[1.149s] DEBUG:colcon.colcon_parallel_executor.executor.parallel:closing loop
[1.149s] DEBUG:colcon.colcon_parallel_executor.executor.parallel:loop closed
[1.149s] DEBUG:colcon.colcon_parallel_executor.executor.parallel:run_until_complete finished with '0'
[1.149s] DEBUG:colcon.colcon_core.event_reactor:joining thread
[1.159s] INFO:colcon.colcon_core.plugin_system:Skipping extension 'colcon_notification.desktop_notification.terminal_notifier': Not used on non-Darwin systems
[1.159s] INFO:colcon.colcon_core.plugin_system:Skipping extension 'colcon_notification.desktop_notification.win32': Not used on non-Windows systems
[1.159s] INFO:colcon.colcon_notification.desktop_notification:Sending desktop notification using 'notify2'
[1.168s] DEBUG:colcon.colcon_core.event_reactor:joined thread
[1.174s] INFO:colcon.colcon_core.shell:Creating prefix script '/home/rutvij/rbe500_group_project-1/install/local_setup.ps1'
[1.175s] INFO:colcon.colcon_core.shell:Creating prefix util module '/home/rutvij/rbe500_group_project-1/install/_local_setup_util_ps1.py'
[1.175s] INFO:colcon.colcon_core.shell:Creating prefix chain script '/home/rutvij/rbe500_group_project-1/install/setup.ps1'
[1.182s] INFO:colcon.colcon_core.shell:Creating prefix script '/home/rutvij/rbe500_group_project-1/install/local_setup.sh'
[1.182s] INFO:colcon.colcon_core.shell:Creating prefix util module '/home/rutvij/rbe500_group_project-1/install/_local_setup_util_sh.py'
[1.182s] INFO:colcon.colcon_core.shell:Creating prefix chain script '/home/rutvij/rbe500_group_project-1/install/setup.sh'
[1.189s] INFO:colcon.colcon_core.shell:Creating prefix script '/home/rutvij/rbe500_group_project-1/install/local_setup.bash'
[1.190s] INFO:colcon.colcon_core.shell:Creating prefix chain script '/home/rutvij/rbe500_group_project-1/install/setup.bash'
[1.196s] INFO:colcon.colcon_core.shell:Creating prefix script '/home/rutvij/rbe500_group_project-1/install/local_setup.zsh'
[1.196s] INFO:colcon.colcon_core.shell:Creating prefix chain script '/home/rutvij/rbe500_group_project-1/install/setup.zsh'
