[0.016s] Invoking command in '/home/rutvij/ros2_ws/src/rbe500_group_project/build/rrbot_description': CMAKE_PREFIX_PATH=${CMAKE_PREFIX_PATH}:/home/rutvij/ros2_ws/install/rkd_hw3:/home/rutvij/ros2_ws/install/quat_to_euler:/home/rutvij/ros2_ws/install/my_robot_controller:/home/rutvij/ros2_ws/install/RBE500_HW1_RD:/opt/ros/humble /usr/bin/cmake --build /home/rutvij/ros2_ws/src/rbe500_group_project/build/rrbot_description -- -j4 -l4
[0.066s] Invoked command in '/home/rutvij/ros2_ws/src/rbe500_group_project/build/rrbot_description' returned '0': CMAKE_PREFIX_PATH=${CMAKE_PREFIX_PATH}:/home/rutvij/ros2_ws/install/rkd_hw3:/home/rutvij/ros2_ws/install/quat_to_euler:/home/rutvij/ros2_ws/install/my_robot_controller:/home/rutvij/ros2_ws/install/RBE500_HW1_RD:/opt/ros/humble /usr/bin/cmake --build /home/rutvij/ros2_ws/src/rbe500_group_project/build/rrbot_description -- -j4 -l4
[0.108s] Invoking command in '/home/rutvij/ros2_ws/src/rbe500_group_project/build/rrbot_description': CMAKE_PREFIX_PATH=${CMAKE_PREFIX_PATH}:/home/rutvij/ros2_ws/install/rkd_hw3:/home/rutvij/ros2_ws/install/quat_to_euler:/home/rutvij/ros2_ws/install/my_robot_controller:/home/rutvij/ros2_ws/install/RBE500_HW1_RD:/opt/ros/humble /usr/bin/cmake --install /home/rutvij/ros2_ws/src/rbe500_group_project/build/rrbot_description
[0.118s] -- Install configuration: ""
[0.118s] -- Up-to-date: /home/rutvij/ros2_ws/src/rbe500_group_project/install/rrbot_description/share/rrbot_description/config
[0.119s] -- Up-to-date: /home/rutvij/ros2_ws/src/rbe500_group_project/install/rrbot_description/share/rrbot_description/config/rrbot.rviz
[0.119s] -- Up-to-date: /home/rutvij/ros2_ws/src/rbe500_group_project/install/rrbot_description/share/rrbot_description/gazebo
[0.119s] -- Up-to-date: /home/rutvij/ros2_ws/src/rbe500_group_project/install/rrbot_description/share/rrbot_description/gazebo/rrbot.materials.xacro
[0.119s] -- Up-to-date: /home/rutvij/ros2_ws/src/rbe500_group_project/install/rrbot_description/share/rrbot_description/gazebo/rrbot.gazebo.xacro
[0.119s] -- Up-to-date: /home/rutvij/ros2_ws/src/rbe500_group_project/install/rrbot_description/share/rrbot_description/meshes
[0.120s] -- Up-to-date: /home/rutvij/ros2_ws/src/rbe500_group_project/install/rrbot_description/share/rrbot_description/meshes/hokuyo.dae
[0.120s] -- Up-to-date: /home/rutvij/ros2_ws/src/rbe500_group_project/install/rrbot_description/share/rrbot_description/launch
[0.120s] -- Up-to-date: /home/rutvij/ros2_ws/src/rbe500_group_project/install/rrbot_description/share/rrbot_description/launch/view_robot.launch.py
[0.120s] -- Up-to-date: /home/rutvij/ros2_ws/src/rbe500_group_project/install/rrbot_description/share/rrbot_description/ros2_control
[0.120s] -- Up-to-date: /home/rutvij/ros2_ws/src/rbe500_group_project/install/rrbot_description/share/rrbot_description/ros2_control/rrbot.ros2_control.xacro
[0.121s] -- Up-to-date: /home/rutvij/ros2_ws/src/rbe500_group_project/install/rrbot_description/share/rrbot_description/urdf
[0.121s] -- Up-to-date: /home/rutvij/ros2_ws/src/rbe500_group_project/install/rrbot_description/share/rrbot_description/urdf/rrbot.urdf.xacro
[0.121s] -- Up-to-date: /home/rutvij/ros2_ws/src/rbe500_group_project/install/rrbot_description/share/rrbot_description/urdf/rrbot_description.urdf.xacro
[0.121s] -- Up-to-date: /home/rutvij/ros2_ws/src/rbe500_group_project/install/rrbot_description/share/rrbot_description/urdf/rrbot_description_bryan.urdf.xacro
[0.121s] -- Up-to-date: /home/rutvij/ros2_ws/src/rbe500_group_project/install/rrbot_description/share/rrbot_description/environment/rrbot_description.dsv
[0.121s] -- Up-to-date: /home/rutvij/ros2_ws/src/rbe500_group_project/install/rrbot_description/share/ament_index/resource_index/package_run_dependencies/rrbot_description
[0.122s] -- Up-to-date: /home/rutvij/ros2_ws/src/rbe500_group_project/install/rrbot_description/share/ament_index/resource_index/parent_prefix_path/rrbot_description
[0.122s] -- Up-to-date: /home/rutvij/ros2_ws/src/rbe500_group_project/install/rrbot_description/share/rrbot_description/environment/ament_prefix_path.sh
[0.122s] -- Up-to-date: /home/rutvij/ros2_ws/src/rbe500_group_project/install/rrbot_description/share/rrbot_description/environment/ament_prefix_path.dsv
[0.123s] -- Up-to-date: /home/rutvij/ros2_ws/src/rbe500_group_project/install/rrbot_description/share/rrbot_description/environment/path.sh
[0.123s] -- Up-to-date: /home/rutvij/ros2_ws/src/rbe500_group_project/install/rrbot_description/share/rrbot_description/environment/path.dsv
[0.125s] -- Up-to-date: /home/rutvij/ros2_ws/src/rbe500_group_project/install/rrbot_description/share/rrbot_description/local_setup.bash
[0.125s] -- Up-to-date: /home/rutvij/ros2_ws/src/rbe500_group_project/install/rrbot_description/share/rrbot_description/local_setup.sh
[0.125s] -- Up-to-date: /home/rutvij/ros2_ws/src/rbe500_group_project/install/rrbot_description/share/rrbot_description/local_setup.zsh
[0.126s] -- Up-to-date: /home/rutvij/ros2_ws/src/rbe500_group_project/install/rrbot_description/share/rrbot_description/local_setup.dsv
[0.126s] -- Installing: /home/rutvij/ros2_ws/src/rbe500_group_project/install/rrbot_description/share/rrbot_description/package.dsv
[0.126s] -- Up-to-date: /home/rutvij/ros2_ws/src/rbe500_group_project/install/rrbot_description/share/ament_index/resource_index/packages/rrbot_description
[0.127s] -- Up-to-date: /home/rutvij/ros2_ws/src/rbe500_group_project/install/rrbot_description/share/rrbot_description/cmake/rrbot_descriptionConfig.cmake
[0.127s] -- Up-to-date: /home/rutvij/ros2_ws/src/rbe500_group_project/install/rrbot_description/share/rrbot_description/cmake/rrbot_descriptionConfig-version.cmake
[0.127s] -- Up-to-date: /home/rutvij/ros2_ws/src/rbe500_group_project/install/rrbot_description/share/rrbot_description/package.xml
[0.127s] Invoked command in '/home/rutvij/ros2_ws/src/rbe500_group_project/build/rrbot_description' returned '0': CMAKE_PREFIX_PATH=${CMAKE_PREFIX_PATH}:/home/rutvij/ros2_ws/install/rkd_hw3:/home/rutvij/ros2_ws/install/quat_to_euler:/home/rutvij/ros2_ws/install/my_robot_controller:/home/rutvij/ros2_ws/install/RBE500_HW1_RD:/opt/ros/humble /usr/bin/cmake --install /home/rutvij/ros2_ws/src/rbe500_group_project/build/rrbot_description
