[0.045s] Invoking command in '/home/rutvij/rbe500_group_project-1/build/rrbot_description': CMAKE_PREFIX_PATH=${CMAKE_PREFIX_PATH}:/home/rutvij/ros2_ws/install/my_robot_controller:/opt/ros/humble /usr/bin/cmake /home/rutvij/rbe500_group_project-1/rrbot_simulation_files/rrbot_description -DCMAKE_INSTALL_PREFIX=/home/rutvij/rbe500_group_project-1/install/rrbot_description
[0.162s] -- The C compiler identification is GNU 11.4.0
[0.230s] -- The CXX compiler identification is GNU 11.4.0
[0.241s] -- Detecting C compiler ABI info
[0.299s] -- Detecting C compiler ABI info - done
[0.304s] -- Check for working C compiler: /usr/bin/cc - skipped
[0.304s] -- Detecting C compile features
[0.305s] -- Detecting C compile features - done
[0.308s] -- Detecting CXX compiler ABI info
[0.376s] -- Detecting CXX compiler ABI info - done
[0.385s] -- Check for working CXX compiler: /usr/bin/c++ - skipped
[0.385s] -- Detecting CXX compile features
[0.386s] -- Detecting CXX compile features - done
[0.394s] -- Found ament_cmake: 1.3.6 (/opt/ros/humble/share/ament_cmake/cmake)
[0.540s] -- Found Python3: /usr/bin/python3.10 (found version "3.10.12") found components: Interpreter 
[0.682s] -- Configuring done
[0.685s] -- Generating done
[0.686s] -- Build files have been written to: /home/rutvij/rbe500_group_project-1/build/rrbot_description
[0.690s] Invoked command in '/home/rutvij/rbe500_group_project-1/build/rrbot_description' returned '0': CMAKE_PREFIX_PATH=${CMAKE_PREFIX_PATH}:/home/rutvij/ros2_ws/install/my_robot_controller:/opt/ros/humble /usr/bin/cmake /home/rutvij/rbe500_group_project-1/rrbot_simulation_files/rrbot_description -DCMAKE_INSTALL_PREFIX=/home/rutvij/rbe500_group_project-1/install/rrbot_description
[0.692s] Invoking command in '/home/rutvij/rbe500_group_project-1/build/rrbot_description': CMAKE_PREFIX_PATH=${CMAKE_PREFIX_PATH}:/home/rutvij/ros2_ws/install/my_robot_controller:/opt/ros/humble /usr/bin/cmake --build /home/rutvij/rbe500_group_project-1/build/rrbot_description -- -j12 -l12
[0.724s] Invoked command in '/home/rutvij/rbe500_group_project-1/build/rrbot_description' returned '0': CMAKE_PREFIX_PATH=${CMAKE_PREFIX_PATH}:/home/rutvij/ros2_ws/install/my_robot_controller:/opt/ros/humble /usr/bin/cmake --build /home/rutvij/rbe500_group_project-1/build/rrbot_description -- -j12 -l12
[0.752s] Invoking command in '/home/rutvij/rbe500_group_project-1/build/rrbot_description': CMAKE_PREFIX_PATH=${CMAKE_PREFIX_PATH}:/home/rutvij/ros2_ws/install/my_robot_controller:/opt/ros/humble /usr/bin/cmake --install /home/rutvij/rbe500_group_project-1/build/rrbot_description
[0.758s] -- Install configuration: ""
[0.759s] -- Installing: /home/rutvij/rbe500_group_project-1/install/rrbot_description/share/rrbot_description/config
[0.759s] -- Installing: /home/rutvij/rbe500_group_project-1/install/rrbot_description/share/rrbot_description/config/rrbot.rviz
[0.759s] -- Installing: /home/rutvij/rbe500_group_project-1/install/rrbot_description/share/rrbot_description/gazebo
[0.759s] -- Installing: /home/rutvij/rbe500_group_project-1/install/rrbot_description/share/rrbot_description/gazebo/rrbot.materials.xacro
[0.759s] -- Installing: /home/rutvij/rbe500_group_project-1/install/rrbot_description/share/rrbot_description/gazebo/rrbot.gazebo.xacro
[0.759s] -- Installing: /home/rutvij/rbe500_group_project-1/install/rrbot_description/share/rrbot_description/meshes
[0.759s] -- Installing: /home/rutvij/rbe500_group_project-1/install/rrbot_description/share/rrbot_description/meshes/hokuyo.dae
[0.760s] -- Installing: /home/rutvij/rbe500_group_project-1/install/rrbot_description/share/rrbot_description/launch
[0.760s] -- Installing: /home/rutvij/rbe500_group_project-1/install/rrbot_description/share/rrbot_description/launch/view_robot.launch.py
[0.760s] -- Installing: /home/rutvij/rbe500_group_project-1/install/rrbot_description/share/rrbot_description/ros2_control
[0.760s] -- Installing: /home/rutvij/rbe500_group_project-1/install/rrbot_description/share/rrbot_description/ros2_control/rrbot.ros2_control.xacro
[0.760s] -- Installing: /home/rutvij/rbe500_group_project-1/install/rrbot_description/share/rrbot_description/urdf
[0.760s] -- Installing: /home/rutvij/rbe500_group_project-1/install/rrbot_description/share/rrbot_description/urdf/rrbot_description_bryan.urdf.xacro
[0.760s] -- Installing: /home/rutvij/rbe500_group_project-1/install/rrbot_description/share/rrbot_description/urdf/rrbot_description.urdf.xacro
[0.761s] -- Installing: /home/rutvij/rbe500_group_project-1/install/rrbot_description/share/rrbot_description/urdf/rrbot.urdf.xacro
[0.761s] -- Installing: /home/rutvij/rbe500_group_project-1/install/rrbot_description/share/rrbot_description/environment/rrbot_description.dsv
[0.761s] -- Installing: /home/rutvij/rbe500_group_project-1/install/rrbot_description/share/ament_index/resource_index/package_run_dependencies/rrbot_description
[0.762s] -- Installing: /home/rutvij/rbe500_group_project-1/install/rrbot_description/share/ament_index/resource_index/parent_prefix_path/rrbot_description
[0.762s] -- Installing: /home/rutvij/rbe500_group_project-1/install/rrbot_description/share/rrbot_description/environment/ament_prefix_path.sh
[0.762s] -- Installing: /home/rutvij/rbe500_group_project-1/install/rrbot_description/share/rrbot_description/environment/ament_prefix_path.dsv
[0.762s] -- Installing: /home/rutvij/rbe500_group_project-1/install/rrbot_description/share/rrbot_description/environment/path.sh
[0.762s] -- Installing: /home/rutvij/rbe500_group_project-1/install/rrbot_description/share/rrbot_description/environment/path.dsv
[0.762s] -- Installing: /home/rutvij/rbe500_group_project-1/install/rrbot_description/share/rrbot_description/local_setup.bash
[0.763s] -- Installing: /home/rutvij/rbe500_group_project-1/install/rrbot_description/share/rrbot_description/local_setup.sh
[0.763s] -- Installing: /home/rutvij/rbe500_group_project-1/install/rrbot_description/share/rrbot_description/local_setup.zsh
[0.763s] -- Installing: /home/rutvij/rbe500_group_project-1/install/rrbot_description/share/rrbot_description/local_setup.dsv
[0.763s] -- Installing: /home/rutvij/rbe500_group_project-1/install/rrbot_description/share/rrbot_description/package.dsv
[0.763s] -- Installing: /home/rutvij/rbe500_group_project-1/install/rrbot_description/share/ament_index/resource_index/packages/rrbot_description
[0.763s] -- Installing: /home/rutvij/rbe500_group_project-1/install/rrbot_description/share/rrbot_description/cmake/rrbot_descriptionConfig.cmake
[0.763s] -- Installing: /home/rutvij/rbe500_group_project-1/install/rrbot_description/share/rrbot_description/cmake/rrbot_descriptionConfig-version.cmake
[0.763s] -- Installing: /home/rutvij/rbe500_group_project-1/install/rrbot_description/share/rrbot_description/package.xml
[0.765s] Invoked command in '/home/rutvij/rbe500_group_project-1/build/rrbot_description' returned '0': CMAKE_PREFIX_PATH=${CMAKE_PREFIX_PATH}:/home/rutvij/ros2_ws/install/my_robot_controller:/opt/ros/humble /usr/bin/cmake --install /home/rutvij/rbe500_group_project-1/build/rrbot_description
