[0.007s] Invoking command in '/home/joshfarina/ros2_ws/src/rbe500_group_project/build/rrbot_gazebo': AMENT_PREFIX_PATH=/home/joshfarina/ros2_ws/src/rbe500_group_project/install/rrbot_description:${AMENT_PREFIX_PATH} CMAKE_PREFIX_PATH=/home/joshfarina/ros2_ws/src/rbe500_group_project/install/rrbot_description:/opt/ros/humble /usr/bin/cmake --build /home/joshfarina/ros2_ws/src/rbe500_group_project/build/rrbot_gazebo -- -j8 -l8
[0.038s] [35m[1mConsolidate compiler generated dependencies of target rrbot_gazebo__rosidl_generator_c[0m
[0.038s] [35m[1mConsolidate compiler generated dependencies of target switch[0m
[0.038s] [35m[1mConsolidate compiler generated dependencies of target publisher[0m
[0.047s] [  2%] Built target rrbot_gazebo__cpp
[0.047s] [ 11%] Built target rrbot_gazebo__rosidl_generator_c
[0.051s] [ 22%] Built target publisher
[0.051s] [ 22%] Built target switch
[0.055s] [ 22%] Built target ament_cmake_python_symlink_rrbot_gazebo
[0.056s] [35m[1mConsolidate compiler generated dependencies of target rrbot_gazebo__rosidl_typesupport_fastrtps_cpp[0m
[0.057s] [35m[1mConsolidate compiler generated dependencies of target rrbot_gazebo__rosidl_typesupport_introspection_cpp[0m
[0.057s] [35m[1mConsolidate compiler generated dependencies of target rrbot_gazebo__rosidl_typesupport_introspection_c[0m
[0.057s] [35m[1mConsolidate compiler generated dependencies of target rrbot_gazebo__rosidl_typesupport_cpp[0m
[0.058s] [35m[1mConsolidate compiler generated dependencies of target rrbot_gazebo__rosidl_typesupport_fastrtps_c[0m
[0.062s] [35m[1mConsolidate compiler generated dependencies of target rrbot_gazebo__rosidl_typesupport_c[0m
[0.068s] [ 31%] Built target rrbot_gazebo__rosidl_typesupport_introspection_c
[0.068s] [ 40%] Built target rrbot_gazebo__rosidl_typesupport_cpp
[0.068s] [ 48%] Built target rrbot_gazebo__rosidl_typesupport_introspection_cpp
[0.070s] [ 57%] Built target rrbot_gazebo__rosidl_typesupport_fastrtps_c
[0.070s] [ 65%] Built target rrbot_gazebo__rosidl_typesupport_fastrtps_cpp
[0.071s] [ 74%] Built target rrbot_gazebo__rosidl_typesupport_c
[0.086s] [ 74%] Built target rrbot_gazebo
[0.102s] [ 77%] Built target rrbot_gazebo__py
[0.109s] [35m[1mConsolidate compiler generated dependencies of target rrbot_gazebo__rosidl_generator_py[0m
[0.118s] [ 82%] Built target rrbot_gazebo__rosidl_generator_py
[0.126s] [35m[1mConsolidate compiler generated dependencies of target rrbot_gazebo__rosidl_typesupport_c__pyext[0m
[0.126s] [35m[1mConsolidate compiler generated dependencies of target rrbot_gazebo__rosidl_typesupport_introspection_c__pyext[0m
[0.127s] [35m[1mConsolidate compiler generated dependencies of target rrbot_gazebo__rosidl_typesupport_fastrtps_c__pyext[0m
[0.139s] [ 88%] Built target rrbot_gazebo__rosidl_typesupport_introspection_c__pyext
[0.139s] [100%] Built target rrbot_gazebo__rosidl_typesupport_c__pyext
[0.139s] [100%] Built target rrbot_gazebo__rosidl_typesupport_fastrtps_c__pyext
[0.236s] running egg_info
[0.237s] writing rrbot_gazebo.egg-info/PKG-INFO
[0.237s] writing dependency_links to rrbot_gazebo.egg-info/dependency_links.txt
[0.237s] writing top-level names to rrbot_gazebo.egg-info/top_level.txt
[0.239s] reading manifest file 'rrbot_gazebo.egg-info/SOURCES.txt'
[0.239s] writing manifest file 'rrbot_gazebo.egg-info/SOURCES.txt'
[0.259s] [100%] Built target ament_cmake_python_build_rrbot_gazebo_egg
[0.269s] Invoked command in '/home/joshfarina/ros2_ws/src/rbe500_group_project/build/rrbot_gazebo' returned '0': AMENT_PREFIX_PATH=/home/joshfarina/ros2_ws/src/rbe500_group_project/install/rrbot_description:${AMENT_PREFIX_PATH} CMAKE_PREFIX_PATH=/home/joshfarina/ros2_ws/src/rbe500_group_project/install/rrbot_description:/opt/ros/humble /usr/bin/cmake --build /home/joshfarina/ros2_ws/src/rbe500_group_project/build/rrbot_gazebo -- -j8 -l8
[0.308s] Invoking command in '/home/joshfarina/ros2_ws/src/rbe500_group_project/build/rrbot_gazebo': AMENT_PREFIX_PATH=/home/joshfarina/ros2_ws/src/rbe500_group_project/install/rrbot_description:${AMENT_PREFIX_PATH} CMAKE_PREFIX_PATH=/home/joshfarina/ros2_ws/src/rbe500_group_project/install/rrbot_description:/opt/ros/humble /usr/bin/cmake --install /home/joshfarina/ros2_ws/src/rbe500_group_project/build/rrbot_gazebo
[0.314s] -- Install configuration: ""
[0.314s] -- Execute custom install script
[0.314s] -- Up-to-date symlink: /home/joshfarina/ros2_ws/src/rbe500_group_project/install/rrbot_gazebo/lib/rrbot_gazebo/publisher
[0.314s] -- Up-to-date symlink: /home/joshfarina/ros2_ws/src/rbe500_group_project/install/rrbot_gazebo/lib/rrbot_gazebo/switch
[0.315s] -- Up-to-date symlink: /home/joshfarina/ros2_ws/src/rbe500_group_project/install/rrbot_gazebo/share/rrbot_gazebo/launch/rrbot_world.launch.py
[0.315s] -- Up-to-date symlink: /home/joshfarina/ros2_ws/src/rbe500_group_project/install/rrbot_gazebo/share/rrbot_gazebo/worlds/rrbot.world
[0.315s] -- Up-to-date symlink: /home/joshfarina/ros2_ws/src/rbe500_group_project/install/rrbot_gazebo/share/rrbot_gazebo/config/controllers.yaml
[0.315s] -- Up-to-date symlink: /home/joshfarina/ros2_ws/src/rbe500_group_project/install/rrbot_gazebo/share/rrbot_gazebo/config/gazebo_controllers.yaml
[0.315s] -- Up-to-date symlink: /home/joshfarina/ros2_ws/src/rbe500_group_project/install/rrbot_gazebo/lib/rrbot_gazebo/forward_kinematics_node.py
[0.315s] -- Up-to-date symlink: /home/joshfarina/ros2_ws/src/rbe500_group_project/install/rrbot_gazebo/lib/rrbot_gazebo/inverse_kinematics_node.py
[0.315s] -- Up-to-date symlink: /home/joshfarina/ros2_ws/src/rbe500_group_project/install/rrbot_gazebo/share/ament_index/resource_index/rosidl_interfaces/rrbot_gazebo
[0.315s] -- Up-to-date symlink: /home/joshfarina/ros2_ws/src/rbe500_group_project/install/rrbot_gazebo/include/rrbot_gazebo/rrbot_gazebo/msg/rosidl_generator_c__visibility_control.h
[0.315s] -- Up-to-date symlink: /home/joshfarina/ros2_ws/src/rbe500_group_project/install/rrbot_gazebo/include/rrbot_gazebo/rrbot_gazebo/srv/detail/ik_service__functions.h
[0.316s] -- Up-to-date symlink: /home/joshfarina/ros2_ws/src/rbe500_group_project/install/rrbot_gazebo/include/rrbot_gazebo/rrbot_gazebo/srv/detail/ik_service__struct.h
[0.316s] -- Up-to-date symlink: /home/joshfarina/ros2_ws/src/rbe500_group_project/install/rrbot_gazebo/include/rrbot_gazebo/rrbot_gazebo/srv/detail/ik_service__type_support.h
[0.316s] -- Up-to-date symlink: /home/joshfarina/ros2_ws/src/rbe500_group_project/install/rrbot_gazebo/include/rrbot_gazebo/rrbot_gazebo/srv/ik_service.h
[0.316s] -- Up-to-date symlink: /home/joshfarina/ros2_ws/src/rbe500_group_project/install/rrbot_gazebo/share/rrbot_gazebo/environment/library_path.sh
[0.316s] -- Up-to-date symlink: /home/joshfarina/ros2_ws/src/rbe500_group_project/install/rrbot_gazebo/share/rrbot_gazebo/environment/library_path.dsv
[0.316s] -- Up-to-date symlink: /home/joshfarina/ros2_ws/src/rbe500_group_project/install/rrbot_gazebo/include/rrbot_gazebo/rrbot_gazebo/msg/rosidl_typesupport_fastrtps_c__visibility_control.h
[0.316s] -- Up-to-date symlink: /home/joshfarina/ros2_ws/src/rbe500_group_project/install/rrbot_gazebo/include/rrbot_gazebo/rrbot_gazebo/srv/detail/ik_service__rosidl_typesupport_fastrtps_c.h
[0.316s] -- Up-to-date symlink: /home/joshfarina/ros2_ws/src/rbe500_group_project/install/rrbot_gazebo/include/rrbot_gazebo/rrbot_gazebo/srv/detail/ik_service__builder.hpp
[0.316s] -- Up-to-date symlink: /home/joshfarina/ros2_ws/src/rbe500_group_project/install/rrbot_gazebo/include/rrbot_gazebo/rrbot_gazebo/srv/detail/ik_service__struct.hpp
[0.316s] -- Up-to-date symlink: /home/joshfarina/ros2_ws/src/rbe500_group_project/install/rrbot_gazebo/include/rrbot_gazebo/rrbot_gazebo/srv/detail/ik_service__traits.hpp
[0.316s] -- Up-to-date symlink: /home/joshfarina/ros2_ws/src/rbe500_group_project/install/rrbot_gazebo/include/rrbot_gazebo/rrbot_gazebo/srv/ik_service.hpp
[0.317s] -- Up-to-date symlink: /home/joshfarina/ros2_ws/src/rbe500_group_project/install/rrbot_gazebo/include/rrbot_gazebo/rrbot_gazebo/msg/rosidl_typesupport_fastrtps_cpp__visibility_control.h
[0.317s] -- Up-to-date symlink: /home/joshfarina/ros2_ws/src/rbe500_group_project/install/rrbot_gazebo/include/rrbot_gazebo/rrbot_gazebo/srv/detail/ik_service__rosidl_typesupport_fastrtps_cpp.hpp
[0.317s] -- Up-to-date symlink: /home/joshfarina/ros2_ws/src/rbe500_group_project/install/rrbot_gazebo/include/rrbot_gazebo/rrbot_gazebo/msg/rosidl_typesupport_introspection_c__visibility_control.h
[0.317s] -- Up-to-date symlink: /home/joshfarina/ros2_ws/src/rbe500_group_project/install/rrbot_gazebo/include/rrbot_gazebo/rrbot_gazebo/srv/detail/ik_service__rosidl_typesupport_introspection_c.h
[0.317s] -- Up-to-date symlink: /home/joshfarina/ros2_ws/src/rbe500_group_project/install/rrbot_gazebo/include/rrbot_gazebo/rrbot_gazebo/srv/detail/ik_service__rosidl_typesupport_introspection_cpp.hpp
[0.317s] -- Up-to-date symlink: /home/joshfarina/ros2_ws/src/rbe500_group_project/install/rrbot_gazebo/share/rrbot_gazebo/environment/pythonpath.sh
[0.317s] -- Up-to-date symlink: /home/joshfarina/ros2_ws/src/rbe500_group_project/install/rrbot_gazebo/share/rrbot_gazebo/environment/pythonpath.dsv
[0.318s] -- Up-to-date symlink: /home/joshfarina/ros2_ws/src/rbe500_group_project/install/rrbot_gazebo/local/lib/python3.10/dist-packages/rrbot_gazebo-0.2.0-py3.10.egg-info/PKG-INFO
[0.318s] -- Up-to-date symlink: /home/joshfarina/ros2_ws/src/rbe500_group_project/install/rrbot_gazebo/local/lib/python3.10/dist-packages/rrbot_gazebo-0.2.0-py3.10.egg-info/SOURCES.txt
[0.318s] -- Up-to-date symlink: /home/joshfarina/ros2_ws/src/rbe500_group_project/install/rrbot_gazebo/local/lib/python3.10/dist-packages/rrbot_gazebo-0.2.0-py3.10.egg-info/dependency_links.txt
[0.318s] -- Up-to-date symlink: /home/joshfarina/ros2_ws/src/rbe500_group_project/install/rrbot_gazebo/local/lib/python3.10/dist-packages/rrbot_gazebo-0.2.0-py3.10.egg-info/top_level.txt
[0.318s] -- Up-to-date symlink: /home/joshfarina/ros2_ws/src/rbe500_group_project/install/rrbot_gazebo/local/lib/python3.10/dist-packages/rrbot_gazebo/__init__.py
[0.318s] -- Up-to-date symlink: /home/joshfarina/ros2_ws/src/rbe500_group_project/install/rrbot_gazebo/local/lib/python3.10/dist-packages/rrbot_gazebo/_rrbot_gazebo_s.ep.rosidl_typesupport_c.c
[0.318s] -- Up-to-date symlink: /home/joshfarina/ros2_ws/src/rbe500_group_project/install/rrbot_gazebo/local/lib/python3.10/dist-packages/rrbot_gazebo/_rrbot_gazebo_s.ep.rosidl_typesupport_fastrtps_c.c
[0.318s] -- Up-to-date symlink: /home/joshfarina/ros2_ws/src/rbe500_group_project/install/rrbot_gazebo/local/lib/python3.10/dist-packages/rrbot_gazebo/_rrbot_gazebo_s.ep.rosidl_typesupport_introspection_c.c
[0.318s] -- Up-to-date symlink: /home/joshfarina/ros2_ws/src/rbe500_group_project/install/rrbot_gazebo/local/lib/python3.10/dist-packages/rrbot_gazebo/librrbot_gazebo__rosidl_generator_py.so
[0.318s] -- Up-to-date symlink: /home/joshfarina/ros2_ws/src/rbe500_group_project/install/rrbot_gazebo/local/lib/python3.10/dist-packages/rrbot_gazebo/rrbot_gazebo_s__rosidl_typesupport_c.cpython-310-x86_64-linux-gnu.so
[0.318s] -- Up-to-date symlink: /home/joshfarina/ros2_ws/src/rbe500_group_project/install/rrbot_gazebo/local/lib/python3.10/dist-packages/rrbot_gazebo/rrbot_gazebo_s__rosidl_typesupport_fastrtps_c.cpython-310-x86_64-linux-gnu.so
[0.318s] -- Up-to-date symlink: /home/joshfarina/ros2_ws/src/rbe500_group_project/install/rrbot_gazebo/local/lib/python3.10/dist-packages/rrbot_gazebo/rrbot_gazebo_s__rosidl_typesupport_introspection_c.cpython-310-x86_64-linux-gnu.so
[0.318s] -- Up-to-date symlink: /home/joshfarina/ros2_ws/src/rbe500_group_project/install/rrbot_gazebo/local/lib/python3.10/dist-packages/rrbot_gazebo/srv/__init__.py
[0.319s] -- Up-to-date symlink: /home/joshfarina/ros2_ws/src/rbe500_group_project/install/rrbot_gazebo/local/lib/python3.10/dist-packages/rrbot_gazebo/srv/_ik_service.py
[0.319s] -- Up-to-date symlink: /home/joshfarina/ros2_ws/src/rbe500_group_project/install/rrbot_gazebo/local/lib/python3.10/dist-packages/rrbot_gazebo/srv/_ik_service_s.c
[0.319s] -- Up-to-date symlink: /home/joshfarina/ros2_ws/src/rbe500_group_project/install/rrbot_gazebo/local/lib/python3.10/dist-packages/rrbot_gazebo/rrbot_gazebo_s__rosidl_typesupport_fastrtps_c.cpython-310-x86_64-linux-gnu.so
[0.319s] -- Up-to-date symlink: /home/joshfarina/ros2_ws/src/rbe500_group_project/install/rrbot_gazebo/local/lib/python3.10/dist-packages/rrbot_gazebo/rrbot_gazebo_s__rosidl_typesupport_introspection_c.cpython-310-x86_64-linux-gnu.so
[0.319s] -- Up-to-date symlink: /home/joshfarina/ros2_ws/src/rbe500_group_project/install/rrbot_gazebo/local/lib/python3.10/dist-packages/rrbot_gazebo/rrbot_gazebo_s__rosidl_typesupport_c.cpython-310-x86_64-linux-gnu.so
[0.319s] -- Up-to-date symlink: /home/joshfarina/ros2_ws/src/rbe500_group_project/install/rrbot_gazebo/share/rrbot_gazebo/srv/IKService.idl
[0.319s] -- Up-to-date symlink: /home/joshfarina/ros2_ws/src/rbe500_group_project/install/rrbot_gazebo/share/rrbot_gazebo/srv/IKService.srv
[0.319s] -- Up-to-date symlink: /home/joshfarina/ros2_ws/src/rbe500_group_project/install/rrbot_gazebo/share/rrbot_gazebo/srv/IKService_Request.msg
[0.319s] -- Up-to-date symlink: /home/joshfarina/ros2_ws/src/rbe500_group_project/install/rrbot_gazebo/share/rrbot_gazebo/srv/IKService_Response.msg
[0.320s] -- Up-to-date symlink: /home/joshfarina/ros2_ws/src/rbe500_group_project/install/rrbot_gazebo/share/ament_index/resource_index/package_run_dependencies/rrbot_gazebo
[0.320s] -- Up-to-date symlink: /home/joshfarina/ros2_ws/src/rbe500_group_project/install/rrbot_gazebo/share/ament_index/resource_index/parent_prefix_path/rrbot_gazebo
[0.320s] -- Up-to-date symlink: /home/joshfarina/ros2_ws/src/rbe500_group_project/install/rrbot_gazebo/share/rrbot_gazebo/environment/ament_prefix_path.sh
[0.320s] -- Up-to-date symlink: /home/joshfarina/ros2_ws/src/rbe500_group_project/install/rrbot_gazebo/share/rrbot_gazebo/environment/ament_prefix_path.dsv
[0.320s] -- Up-to-date symlink: /home/joshfarina/ros2_ws/src/rbe500_group_project/install/rrbot_gazebo/share/rrbot_gazebo/environment/path.sh
[0.320s] -- Up-to-date symlink: /home/joshfarina/ros2_ws/src/rbe500_group_project/install/rrbot_gazebo/share/rrbot_gazebo/environment/path.dsv
[0.321s] -- Up-to-date symlink: /home/joshfarina/ros2_ws/src/rbe500_group_project/install/rrbot_gazebo/share/rrbot_gazebo/local_setup.bash
[0.321s] -- Up-to-date symlink: /home/joshfarina/ros2_ws/src/rbe500_group_project/install/rrbot_gazebo/share/rrbot_gazebo/local_setup.sh
[0.321s] -- Up-to-date symlink: /home/joshfarina/ros2_ws/src/rbe500_group_project/install/rrbot_gazebo/share/rrbot_gazebo/local_setup.zsh
[0.321s] -- Up-to-date symlink: /home/joshfarina/ros2_ws/src/rbe500_group_project/install/rrbot_gazebo/share/rrbot_gazebo/local_setup.dsv
[0.321s] -- Symlinking: /home/joshfarina/ros2_ws/src/rbe500_group_project/install/rrbot_gazebo/share/rrbot_gazebo/package.dsv
[0.327s] -- Up-to-date symlink: /home/joshfarina/ros2_ws/src/rbe500_group_project/install/rrbot_gazebo/share/ament_index/resource_index/packages/rrbot_gazebo
[0.327s] -- Up-to-date symlink: /home/joshfarina/ros2_ws/src/rbe500_group_project/install/rrbot_gazebo/share/rrbot_gazebo/cmake/rosidl_cmake-extras.cmake
[0.328s] -- Up-to-date symlink: /home/joshfarina/ros2_ws/src/rbe500_group_project/install/rrbot_gazebo/share/rrbot_gazebo/cmake/ament_cmake_export_dependencies-extras.cmake
[0.328s] -- Up-to-date symlink: /home/joshfarina/ros2_ws/src/rbe500_group_project/install/rrbot_gazebo/share/rrbot_gazebo/cmake/ament_cmake_export_include_directories-extras.cmake
[0.328s] -- Up-to-date symlink: /home/joshfarina/ros2_ws/src/rbe500_group_project/install/rrbot_gazebo/share/rrbot_gazebo/cmake/ament_cmake_export_libraries-extras.cmake
[0.328s] -- Up-to-date symlink: /home/joshfarina/ros2_ws/src/rbe500_group_project/install/rrbot_gazebo/share/rrbot_gazebo/cmake/ament_cmake_export_targets-extras.cmake
[0.328s] -- Up-to-date symlink: /home/joshfarina/ros2_ws/src/rbe500_group_project/install/rrbot_gazebo/share/rrbot_gazebo/cmake/rosidl_cmake_export_typesupport_targets-extras.cmake
[0.328s] -- Up-to-date symlink: /home/joshfarina/ros2_ws/src/rbe500_group_project/install/rrbot_gazebo/share/rrbot_gazebo/cmake/rosidl_cmake_export_typesupport_libraries-extras.cmake
[0.328s] -- Up-to-date symlink: /home/joshfarina/ros2_ws/src/rbe500_group_project/install/rrbot_gazebo/share/rrbot_gazebo/cmake/rrbot_gazeboConfig.cmake
[0.328s] -- Up-to-date symlink: /home/joshfarina/ros2_ws/src/rbe500_group_project/install/rrbot_gazebo/share/rrbot_gazebo/cmake/rrbot_gazeboConfig-version.cmake
[0.328s] -- Up-to-date symlink: /home/joshfarina/ros2_ws/src/rbe500_group_project/install/rrbot_gazebo/share/rrbot_gazebo/package.xml
[0.328s] -- Up-to-date: /home/joshfarina/ros2_ws/src/rbe500_group_project/install/rrbot_gazebo/lib/librrbot_gazebo__rosidl_generator_c.so
[0.328s] -- Up-to-date: /home/joshfarina/ros2_ws/src/rbe500_group_project/install/rrbot_gazebo/lib/librrbot_gazebo__rosidl_typesupport_fastrtps_c.so
[0.329s] -- Up-to-date: /home/joshfarina/ros2_ws/src/rbe500_group_project/install/rrbot_gazebo/lib/librrbot_gazebo__rosidl_typesupport_fastrtps_cpp.so
[0.329s] -- Up-to-date: /home/joshfarina/ros2_ws/src/rbe500_group_project/install/rrbot_gazebo/lib/librrbot_gazebo__rosidl_typesupport_introspection_c.so
[0.329s] -- Up-to-date: /home/joshfarina/ros2_ws/src/rbe500_group_project/install/rrbot_gazebo/lib/librrbot_gazebo__rosidl_typesupport_c.so
[0.329s] -- Up-to-date: /home/joshfarina/ros2_ws/src/rbe500_group_project/install/rrbot_gazebo/lib/librrbot_gazebo__rosidl_typesupport_introspection_cpp.so
[0.329s] -- Up-to-date: /home/joshfarina/ros2_ws/src/rbe500_group_project/install/rrbot_gazebo/lib/librrbot_gazebo__rosidl_typesupport_cpp.so
[0.350s] Listing '/home/joshfarina/ros2_ws/src/rbe500_group_project/install/rrbot_gazebo/local/lib/python3.10/dist-packages/rrbot_gazebo'...
[0.350s] Listing '/home/joshfarina/ros2_ws/src/rbe500_group_project/install/rrbot_gazebo/local/lib/python3.10/dist-packages/rrbot_gazebo/srv'...
[0.354s] -- Up-to-date: /home/joshfarina/ros2_ws/src/rbe500_group_project/install/rrbot_gazebo/lib/librrbot_gazebo__rosidl_generator_py.so
[0.354s] -- Up-to-date: /home/joshfarina/ros2_ws/src/rbe500_group_project/install/rrbot_gazebo/share/rrbot_gazebo/cmake/export_rrbot_gazebo__rosidl_generator_cExport.cmake
[0.354s] -- Up-to-date: /home/joshfarina/ros2_ws/src/rbe500_group_project/install/rrbot_gazebo/share/rrbot_gazebo/cmake/export_rrbot_gazebo__rosidl_generator_cExport-noconfig.cmake
[0.355s] -- Up-to-date: /home/joshfarina/ros2_ws/src/rbe500_group_project/install/rrbot_gazebo/share/rrbot_gazebo/cmake/export_rrbot_gazebo__rosidl_typesupport_fastrtps_cExport.cmake
[0.355s] -- Up-to-date: /home/joshfarina/ros2_ws/src/rbe500_group_project/install/rrbot_gazebo/share/rrbot_gazebo/cmake/export_rrbot_gazebo__rosidl_typesupport_fastrtps_cExport-noconfig.cmake
[0.355s] -- Up-to-date: /home/joshfarina/ros2_ws/src/rbe500_group_project/install/rrbot_gazebo/share/rrbot_gazebo/cmake/export_rrbot_gazebo__rosidl_generator_cppExport.cmake
[0.355s] -- Up-to-date: /home/joshfarina/ros2_ws/src/rbe500_group_project/install/rrbot_gazebo/share/rrbot_gazebo/cmake/export_rrbot_gazebo__rosidl_typesupport_fastrtps_cppExport.cmake
[0.355s] -- Up-to-date: /home/joshfarina/ros2_ws/src/rbe500_group_project/install/rrbot_gazebo/share/rrbot_gazebo/cmake/export_rrbot_gazebo__rosidl_typesupport_fastrtps_cppExport-noconfig.cmake
[0.355s] -- Up-to-date: /home/joshfarina/ros2_ws/src/rbe500_group_project/install/rrbot_gazebo/share/rrbot_gazebo/cmake/rrbot_gazebo__rosidl_typesupport_introspection_cExport.cmake
[0.355s] -- Up-to-date: /home/joshfarina/ros2_ws/src/rbe500_group_project/install/rrbot_gazebo/share/rrbot_gazebo/cmake/rrbot_gazebo__rosidl_typesupport_introspection_cExport-noconfig.cmake
[0.355s] -- Up-to-date: /home/joshfarina/ros2_ws/src/rbe500_group_project/install/rrbot_gazebo/share/rrbot_gazebo/cmake/rrbot_gazebo__rosidl_typesupport_cExport.cmake
[0.355s] -- Up-to-date: /home/joshfarina/ros2_ws/src/rbe500_group_project/install/rrbot_gazebo/share/rrbot_gazebo/cmake/rrbot_gazebo__rosidl_typesupport_cExport-noconfig.cmake
[0.355s] -- Up-to-date: /home/joshfarina/ros2_ws/src/rbe500_group_project/install/rrbot_gazebo/share/rrbot_gazebo/cmake/rrbot_gazebo__rosidl_typesupport_introspection_cppExport.cmake
[0.355s] -- Up-to-date: /home/joshfarina/ros2_ws/src/rbe500_group_project/install/rrbot_gazebo/share/rrbot_gazebo/cmake/rrbot_gazebo__rosidl_typesupport_introspection_cppExport-noconfig.cmake
[0.355s] -- Up-to-date: /home/joshfarina/ros2_ws/src/rbe500_group_project/install/rrbot_gazebo/share/rrbot_gazebo/cmake/rrbot_gazebo__rosidl_typesupport_cppExport.cmake
[0.355s] -- Up-to-date: /home/joshfarina/ros2_ws/src/rbe500_group_project/install/rrbot_gazebo/share/rrbot_gazebo/cmake/rrbot_gazebo__rosidl_typesupport_cppExport-noconfig.cmake
[0.355s] -- Up-to-date: /home/joshfarina/ros2_ws/src/rbe500_group_project/install/rrbot_gazebo/share/rrbot_gazebo/cmake/export_rrbot_gazebo__rosidl_generator_pyExport.cmake
[0.355s] -- Up-to-date: /home/joshfarina/ros2_ws/src/rbe500_group_project/install/rrbot_gazebo/share/rrbot_gazebo/cmake/export_rrbot_gazebo__rosidl_generator_pyExport-noconfig.cmake
[0.359s] Invoked command in '/home/joshfarina/ros2_ws/src/rbe500_group_project/build/rrbot_gazebo' returned '0': AMENT_PREFIX_PATH=/home/joshfarina/ros2_ws/src/rbe500_group_project/install/rrbot_description:${AMENT_PREFIX_PATH} CMAKE_PREFIX_PATH=/home/joshfarina/ros2_ws/src/rbe500_group_project/install/rrbot_description:/opt/ros/humble /usr/bin/cmake --install /home/joshfarina/ros2_ws/src/rbe500_group_project/build/rrbot_gazebo
