[0.035s] Invoking command in '/home/rutvij/rbe500_group_project-1/build/rrbot_gazebo': AMENT_PREFIX_PATH=/home/rutvij/rbe500_group_project-1/install/rrbot_description:${AMENT_PREFIX_PATH} CMAKE_PREFIX_PATH=/home/rutvij/rbe500_group_project-1/install/rrbot_description:/home/rutvij/ros2_ws/install/rrbot_gazebo:/home/rutvij/ros2_ws/install/rrbot_description:/home/rutvij/ros2_ws/install/my_robot_controller:/opt/ros/humble /usr/bin/cmake --build /home/rutvij/rbe500_group_project-1/build/rrbot_gazebo -- -j12 -l12
[0.058s] [35m[1mConsolidate compiler generated dependencies of target switch[0m
[0.058s] [35m[1mConsolidate compiler generated dependencies of target publisher[0m
[0.060s] [35m[1mConsolidate compiler generated dependencies of target rrbot_gazebo__rosidl_generator_c[0m
[0.068s] [  5%] Built target switch
[0.068s] [  6%] Built target publisher
[0.068s] [  8%] Built target rrbot_gazebo__cpp
[0.069s] [ 18%] Built target rrbot_gazebo__rosidl_generator_c
[0.073s] [ 18%] Built target ament_cmake_python_symlink_rrbot_gazebo
[0.074s] [35m[1mConsolidate compiler generated dependencies of target rrbot_gazebo__rosidl_typesupport_cpp[0m
[0.077s] [35m[1mConsolidate compiler generated dependencies of target rrbot_gazebo__rosidl_typesupport_introspection_cpp[0m
[0.077s] [35m[1mConsolidate compiler generated dependencies of target rrbot_gazebo__rosidl_typesupport_fastrtps_cpp[0m
[0.079s] [35m[1mConsolidate compiler generated dependencies of target rrbot_gazebo__rosidl_typesupport_c[0m
[0.079s] [35m[1mConsolidate compiler generated dependencies of target rrbot_gazebo__rosidl_typesupport_introspection_c[0m
[0.079s] [35m[1mConsolidate compiler generated dependencies of target rrbot_gazebo__rosidl_typesupport_fastrtps_c[0m
[0.083s] [ 28%] Built target rrbot_gazebo__rosidl_typesupport_cpp
[0.088s] [ 61%] Built target rrbot_gazebo__rosidl_typesupport_fastrtps_cpp
[0.088s] [ 61%] Built target rrbot_gazebo__rosidl_typesupport_c
[0.088s] [ 62%] Built target rrbot_gazebo__rosidl_typesupport_introspection_cpp
[0.088s] [ 69%] Built target rrbot_gazebo__rosidl_typesupport_introspection_c
[0.092s] [ 79%] Built target rrbot_gazebo__rosidl_typesupport_fastrtps_c
[0.104s] [ 79%] Built target rrbot_gazebo
[0.117s] [ 81%] Built target rrbot_gazebo__py
[0.123s] [35m[1mConsolidate compiler generated dependencies of target rrbot_gazebo__rosidl_generator_py[0m
[0.131s] [ 89%] Built target rrbot_gazebo__rosidl_generator_py
[0.137s] [35m[1mConsolidate compiler generated dependencies of target rrbot_gazebo__rosidl_typesupport_fastrtps_c__pyext[0m
[0.139s] [35m[1mConsolidate compiler generated dependencies of target rrbot_gazebo__rosidl_typesupport_introspection_c__pyext[0m
[0.139s] [35m[1mConsolidate compiler generated dependencies of target rrbot_gazebo__rosidl_typesupport_c__pyext[0m
[0.145s] [ 93%] Built target rrbot_gazebo__rosidl_typesupport_fastrtps_c__pyext
[0.149s] [100%] Built target rrbot_gazebo__rosidl_typesupport_introspection_c__pyext
[0.149s] [100%] Built target rrbot_gazebo__rosidl_typesupport_c__pyext
[0.211s] running egg_info
[0.211s] writing rrbot_gazebo.egg-info/PKG-INFO
[0.211s] writing dependency_links to rrbot_gazebo.egg-info/dependency_links.txt
[0.211s] writing top-level names to rrbot_gazebo.egg-info/top_level.txt
[0.212s] reading manifest file 'rrbot_gazebo.egg-info/SOURCES.txt'
[0.212s] writing manifest file 'rrbot_gazebo.egg-info/SOURCES.txt'
[0.226s] [100%] Built target ament_cmake_python_build_rrbot_gazebo_egg
[0.232s] Invoked command in '/home/rutvij/rbe500_group_project-1/build/rrbot_gazebo' returned '0': AMENT_PREFIX_PATH=/home/rutvij/rbe500_group_project-1/install/rrbot_description:${AMENT_PREFIX_PATH} CMAKE_PREFIX_PATH=/home/rutvij/rbe500_group_project-1/install/rrbot_description:/home/rutvij/ros2_ws/install/rrbot_gazebo:/home/rutvij/ros2_ws/install/rrbot_description:/home/rutvij/ros2_ws/install/my_robot_controller:/opt/ros/humble /usr/bin/cmake --build /home/rutvij/rbe500_group_project-1/build/rrbot_gazebo -- -j12 -l12
[0.284s] Invoking command in '/home/rutvij/rbe500_group_project-1/build/rrbot_gazebo': AMENT_PREFIX_PATH=/home/rutvij/rbe500_group_project-1/install/rrbot_description:${AMENT_PREFIX_PATH} CMAKE_PREFIX_PATH=/home/rutvij/rbe500_group_project-1/install/rrbot_description:/home/rutvij/ros2_ws/install/rrbot_gazebo:/home/rutvij/ros2_ws/install/rrbot_description:/home/rutvij/ros2_ws/install/my_robot_controller:/opt/ros/humble /usr/bin/cmake --install /home/rutvij/rbe500_group_project-1/build/rrbot_gazebo
[0.289s] -- Install configuration: ""
[0.289s] -- Execute custom install script
[0.289s] -- Up-to-date symlink: /home/rutvij/rbe500_group_project-1/install/rrbot_gazebo/lib/rrbot_gazebo/publisher
[0.289s] -- Up-to-date symlink: /home/rutvij/rbe500_group_project-1/install/rrbot_gazebo/lib/rrbot_gazebo/switch
[0.289s] -- Up-to-date symlink: /home/rutvij/rbe500_group_project-1/install/rrbot_gazebo/share/rrbot_gazebo/launch/rrbot_world.launch.py
[0.290s] -- Up-to-date symlink: /home/rutvij/rbe500_group_project-1/install/rrbot_gazebo/share/rrbot_gazebo/worlds/rrbot.world
[0.290s] -- Up-to-date symlink: /home/rutvij/rbe500_group_project-1/install/rrbot_gazebo/share/rrbot_gazebo/config/controllers.yaml
[0.290s] -- Up-to-date symlink: /home/rutvij/rbe500_group_project-1/install/rrbot_gazebo/share/rrbot_gazebo/config/gazebo_controllers.yaml
[0.290s] -- Up-to-date symlink: /home/rutvij/rbe500_group_project-1/install/rrbot_gazebo/lib/rrbot_gazebo/forward_kinematics_node.py
[0.290s] -- Up-to-date symlink: /home/rutvij/rbe500_group_project-1/install/rrbot_gazebo/lib/rrbot_gazebo/inverse_kinematics_node.py
[0.290s] -- Up-to-date symlink: /home/rutvij/rbe500_group_project-1/install/rrbot_gazebo/lib/rrbot_gazebo/joint_effort_control_node.py
[0.290s] -- Up-to-date symlink: /home/rutvij/rbe500_group_project-1/install/rrbot_gazebo/share/ament_index/resource_index/rosidl_interfaces/rrbot_gazebo
[0.290s] -- Up-to-date symlink: /home/rutvij/rbe500_group_project-1/install/rrbot_gazebo/include/rrbot_gazebo/rrbot_gazebo/msg/rosidl_generator_c__visibility_control.h
[0.290s] -- Up-to-date symlink: /home/rutvij/rbe500_group_project-1/install/rrbot_gazebo/include/rrbot_gazebo/rrbot_gazebo/srv/cartesian_velocity_input.h
[0.290s] -- Up-to-date symlink: /home/rutvij/rbe500_group_project-1/install/rrbot_gazebo/include/rrbot_gazebo/rrbot_gazebo/srv/control_input.h
[0.290s] -- Up-to-date symlink: /home/rutvij/rbe500_group_project-1/install/rrbot_gazebo/include/rrbot_gazebo/rrbot_gazebo/srv/detail/cartesian_velocity_input__functions.h
[0.290s] -- Up-to-date symlink: /home/rutvij/rbe500_group_project-1/install/rrbot_gazebo/include/rrbot_gazebo/rrbot_gazebo/srv/detail/cartesian_velocity_input__struct.h
[0.291s] -- Up-to-date symlink: /home/rutvij/rbe500_group_project-1/install/rrbot_gazebo/include/rrbot_gazebo/rrbot_gazebo/srv/detail/cartesian_velocity_input__type_support.h
[0.291s] -- Up-to-date symlink: /home/rutvij/rbe500_group_project-1/install/rrbot_gazebo/include/rrbot_gazebo/rrbot_gazebo/srv/detail/control_input__functions.h
[0.291s] -- Up-to-date symlink: /home/rutvij/rbe500_group_project-1/install/rrbot_gazebo/include/rrbot_gazebo/rrbot_gazebo/srv/detail/control_input__struct.h
[0.291s] -- Up-to-date symlink: /home/rutvij/rbe500_group_project-1/install/rrbot_gazebo/include/rrbot_gazebo/rrbot_gazebo/srv/detail/control_input__type_support.h
[0.291s] -- Up-to-date symlink: /home/rutvij/rbe500_group_project-1/install/rrbot_gazebo/include/rrbot_gazebo/rrbot_gazebo/srv/detail/ik_service__functions.h
[0.291s] -- Up-to-date symlink: /home/rutvij/rbe500_group_project-1/install/rrbot_gazebo/include/rrbot_gazebo/rrbot_gazebo/srv/detail/ik_service__struct.h
[0.291s] -- Up-to-date symlink: /home/rutvij/rbe500_group_project-1/install/rrbot_gazebo/include/rrbot_gazebo/rrbot_gazebo/srv/detail/ik_service__type_support.h
[0.291s] -- Up-to-date symlink: /home/rutvij/rbe500_group_project-1/install/rrbot_gazebo/include/rrbot_gazebo/rrbot_gazebo/srv/detail/joint_velocity_input__functions.h
[0.291s] -- Up-to-date symlink: /home/rutvij/rbe500_group_project-1/install/rrbot_gazebo/include/rrbot_gazebo/rrbot_gazebo/srv/detail/joint_velocity_input__struct.h
[0.291s] -- Up-to-date symlink: /home/rutvij/rbe500_group_project-1/install/rrbot_gazebo/include/rrbot_gazebo/rrbot_gazebo/srv/detail/joint_velocity_input__type_support.h
[0.291s] -- Up-to-date symlink: /home/rutvij/rbe500_group_project-1/install/rrbot_gazebo/include/rrbot_gazebo/rrbot_gazebo/srv/ik_service.h
[0.291s] -- Up-to-date symlink: /home/rutvij/rbe500_group_project-1/install/rrbot_gazebo/include/rrbot_gazebo/rrbot_gazebo/srv/joint_velocity_input.h
[0.291s] -- Up-to-date symlink: /home/rutvij/rbe500_group_project-1/install/rrbot_gazebo/share/rrbot_gazebo/environment/library_path.sh
[0.291s] -- Up-to-date symlink: /home/rutvij/rbe500_group_project-1/install/rrbot_gazebo/share/rrbot_gazebo/environment/library_path.dsv
[0.291s] -- Up-to-date symlink: /home/rutvij/rbe500_group_project-1/install/rrbot_gazebo/include/rrbot_gazebo/rrbot_gazebo/msg/rosidl_typesupport_fastrtps_c__visibility_control.h
[0.292s] -- Up-to-date symlink: /home/rutvij/rbe500_group_project-1/install/rrbot_gazebo/include/rrbot_gazebo/rrbot_gazebo/srv/detail/cartesian_velocity_input__rosidl_typesupport_fastrtps_c.h
[0.292s] -- Up-to-date symlink: /home/rutvij/rbe500_group_project-1/install/rrbot_gazebo/include/rrbot_gazebo/rrbot_gazebo/srv/detail/control_input__rosidl_typesupport_fastrtps_c.h
[0.292s] -- Up-to-date symlink: /home/rutvij/rbe500_group_project-1/install/rrbot_gazebo/include/rrbot_gazebo/rrbot_gazebo/srv/detail/ik_service__rosidl_typesupport_fastrtps_c.h
[0.292s] -- Up-to-date symlink: /home/rutvij/rbe500_group_project-1/install/rrbot_gazebo/include/rrbot_gazebo/rrbot_gazebo/srv/detail/joint_velocity_input__rosidl_typesupport_fastrtps_c.h
[0.292s] -- Up-to-date symlink: /home/rutvij/rbe500_group_project-1/install/rrbot_gazebo/include/rrbot_gazebo/rrbot_gazebo/srv/cartesian_velocity_input.hpp
[0.292s] -- Up-to-date symlink: /home/rutvij/rbe500_group_project-1/install/rrbot_gazebo/include/rrbot_gazebo/rrbot_gazebo/srv/control_input.hpp
[0.292s] -- Up-to-date symlink: /home/rutvij/rbe500_group_project-1/install/rrbot_gazebo/include/rrbot_gazebo/rrbot_gazebo/srv/detail/cartesian_velocity_input__builder.hpp
[0.292s] -- Up-to-date symlink: /home/rutvij/rbe500_group_project-1/install/rrbot_gazebo/include/rrbot_gazebo/rrbot_gazebo/srv/detail/cartesian_velocity_input__struct.hpp
[0.292s] -- Up-to-date symlink: /home/rutvij/rbe500_group_project-1/install/rrbot_gazebo/include/rrbot_gazebo/rrbot_gazebo/srv/detail/cartesian_velocity_input__traits.hpp
[0.292s] -- Up-to-date symlink: /home/rutvij/rbe500_group_project-1/install/rrbot_gazebo/include/rrbot_gazebo/rrbot_gazebo/srv/detail/control_input__builder.hpp
[0.292s] -- Up-to-date symlink: /home/rutvij/rbe500_group_project-1/install/rrbot_gazebo/include/rrbot_gazebo/rrbot_gazebo/srv/detail/control_input__struct.hpp
[0.292s] -- Up-to-date symlink: /home/rutvij/rbe500_group_project-1/install/rrbot_gazebo/include/rrbot_gazebo/rrbot_gazebo/srv/detail/control_input__traits.hpp
[0.292s] -- Up-to-date symlink: /home/rutvij/rbe500_group_project-1/install/rrbot_gazebo/include/rrbot_gazebo/rrbot_gazebo/srv/detail/ik_service__builder.hpp
[0.292s] -- Up-to-date symlink: /home/rutvij/rbe500_group_project-1/install/rrbot_gazebo/include/rrbot_gazebo/rrbot_gazebo/srv/detail/ik_service__struct.hpp
[0.293s] -- Up-to-date symlink: /home/rutvij/rbe500_group_project-1/install/rrbot_gazebo/include/rrbot_gazebo/rrbot_gazebo/srv/detail/ik_service__traits.hpp
[0.293s] -- Up-to-date symlink: /home/rutvij/rbe500_group_project-1/install/rrbot_gazebo/include/rrbot_gazebo/rrbot_gazebo/srv/detail/joint_velocity_input__builder.hpp
[0.293s] -- Up-to-date symlink: /home/rutvij/rbe500_group_project-1/install/rrbot_gazebo/include/rrbot_gazebo/rrbot_gazebo/srv/detail/joint_velocity_input__struct.hpp
[0.293s] -- Up-to-date symlink: /home/rutvij/rbe500_group_project-1/install/rrbot_gazebo/include/rrbot_gazebo/rrbot_gazebo/srv/detail/joint_velocity_input__traits.hpp
[0.293s] -- Up-to-date symlink: /home/rutvij/rbe500_group_project-1/install/rrbot_gazebo/include/rrbot_gazebo/rrbot_gazebo/srv/ik_service.hpp
[0.293s] -- Up-to-date symlink: /home/rutvij/rbe500_group_project-1/install/rrbot_gazebo/include/rrbot_gazebo/rrbot_gazebo/srv/joint_velocity_input.hpp
[0.293s] -- Up-to-date symlink: /home/rutvij/rbe500_group_project-1/install/rrbot_gazebo/include/rrbot_gazebo/rrbot_gazebo/msg/rosidl_typesupport_fastrtps_cpp__visibility_control.h
[0.293s] -- Up-to-date symlink: /home/rutvij/rbe500_group_project-1/install/rrbot_gazebo/include/rrbot_gazebo/rrbot_gazebo/srv/detail/cartesian_velocity_input__rosidl_typesupport_fastrtps_cpp.hpp
[0.293s] -- Up-to-date symlink: /home/rutvij/rbe500_group_project-1/install/rrbot_gazebo/include/rrbot_gazebo/rrbot_gazebo/srv/detail/control_input__rosidl_typesupport_fastrtps_cpp.hpp
[0.293s] -- Up-to-date symlink: /home/rutvij/rbe500_group_project-1/install/rrbot_gazebo/include/rrbot_gazebo/rrbot_gazebo/srv/detail/ik_service__rosidl_typesupport_fastrtps_cpp.hpp
[0.293s] -- Up-to-date symlink: /home/rutvij/rbe500_group_project-1/install/rrbot_gazebo/include/rrbot_gazebo/rrbot_gazebo/srv/detail/joint_velocity_input__rosidl_typesupport_fastrtps_cpp.hpp
[0.293s] -- Up-to-date symlink: /home/rutvij/rbe500_group_project-1/install/rrbot_gazebo/include/rrbot_gazebo/rrbot_gazebo/msg/rosidl_typesupport_introspection_c__visibility_control.h
[0.293s] -- Up-to-date symlink: /home/rutvij/rbe500_group_project-1/install/rrbot_gazebo/include/rrbot_gazebo/rrbot_gazebo/srv/detail/cartesian_velocity_input__rosidl_typesupport_introspection_c.h
[0.293s] -- Up-to-date symlink: /home/rutvij/rbe500_group_project-1/install/rrbot_gazebo/include/rrbot_gazebo/rrbot_gazebo/srv/detail/control_input__rosidl_typesupport_introspection_c.h
[0.293s] -- Up-to-date symlink: /home/rutvij/rbe500_group_project-1/install/rrbot_gazebo/include/rrbot_gazebo/rrbot_gazebo/srv/detail/ik_service__rosidl_typesupport_introspection_c.h
[0.293s] -- Up-to-date symlink: /home/rutvij/rbe500_group_project-1/install/rrbot_gazebo/include/rrbot_gazebo/rrbot_gazebo/srv/detail/joint_velocity_input__rosidl_typesupport_introspection_c.h
[0.294s] -- Up-to-date symlink: /home/rutvij/rbe500_group_project-1/install/rrbot_gazebo/include/rrbot_gazebo/rrbot_gazebo/srv/detail/cartesian_velocity_input__rosidl_typesupport_introspection_cpp.hpp
[0.294s] -- Up-to-date symlink: /home/rutvij/rbe500_group_project-1/install/rrbot_gazebo/include/rrbot_gazebo/rrbot_gazebo/srv/detail/control_input__rosidl_typesupport_introspection_cpp.hpp
[0.294s] -- Up-to-date symlink: /home/rutvij/rbe500_group_project-1/install/rrbot_gazebo/include/rrbot_gazebo/rrbot_gazebo/srv/detail/ik_service__rosidl_typesupport_introspection_cpp.hpp
[0.294s] -- Up-to-date symlink: /home/rutvij/rbe500_group_project-1/install/rrbot_gazebo/include/rrbot_gazebo/rrbot_gazebo/srv/detail/joint_velocity_input__rosidl_typesupport_introspection_cpp.hpp
[0.294s] -- Up-to-date symlink: /home/rutvij/rbe500_group_project-1/install/rrbot_gazebo/share/rrbot_gazebo/environment/pythonpath.sh
[0.294s] -- Up-to-date symlink: /home/rutvij/rbe500_group_project-1/install/rrbot_gazebo/share/rrbot_gazebo/environment/pythonpath.dsv
[0.294s] -- Up-to-date symlink: /home/rutvij/rbe500_group_project-1/install/rrbot_gazebo/local/lib/python3.10/dist-packages/rrbot_gazebo-0.2.0-py3.10.egg-info/PKG-INFO
[0.294s] -- Up-to-date symlink: /home/rutvij/rbe500_group_project-1/install/rrbot_gazebo/local/lib/python3.10/dist-packages/rrbot_gazebo-0.2.0-py3.10.egg-info/SOURCES.txt
[0.294s] -- Up-to-date symlink: /home/rutvij/rbe500_group_project-1/install/rrbot_gazebo/local/lib/python3.10/dist-packages/rrbot_gazebo-0.2.0-py3.10.egg-info/dependency_links.txt
[0.294s] -- Up-to-date symlink: /home/rutvij/rbe500_group_project-1/install/rrbot_gazebo/local/lib/python3.10/dist-packages/rrbot_gazebo-0.2.0-py3.10.egg-info/top_level.txt
[0.294s] -- Up-to-date symlink: /home/rutvij/rbe500_group_project-1/install/rrbot_gazebo/local/lib/python3.10/dist-packages/rrbot_gazebo/__init__.py
[0.294s] -- Up-to-date symlink: /home/rutvij/rbe500_group_project-1/install/rrbot_gazebo/local/lib/python3.10/dist-packages/rrbot_gazebo/_rrbot_gazebo_s.ep.rosidl_typesupport_c.c
[0.294s] -- Up-to-date symlink: /home/rutvij/rbe500_group_project-1/install/rrbot_gazebo/local/lib/python3.10/dist-packages/rrbot_gazebo/_rrbot_gazebo_s.ep.rosidl_typesupport_fastrtps_c.c
[0.294s] -- Up-to-date symlink: /home/rutvij/rbe500_group_project-1/install/rrbot_gazebo/local/lib/python3.10/dist-packages/rrbot_gazebo/_rrbot_gazebo_s.ep.rosidl_typesupport_introspection_c.c
[0.295s] -- Up-to-date symlink: /home/rutvij/rbe500_group_project-1/install/rrbot_gazebo/local/lib/python3.10/dist-packages/rrbot_gazebo/librrbot_gazebo__rosidl_generator_py.so
[0.295s] -- Up-to-date symlink: /home/rutvij/rbe500_group_project-1/install/rrbot_gazebo/local/lib/python3.10/dist-packages/rrbot_gazebo/rrbot_gazebo_s__rosidl_typesupport_c.cpython-310-x86_64-linux-gnu.so
[0.295s] -- Up-to-date symlink: /home/rutvij/rbe500_group_project-1/install/rrbot_gazebo/local/lib/python3.10/dist-packages/rrbot_gazebo/rrbot_gazebo_s__rosidl_typesupport_fastrtps_c.cpython-310-x86_64-linux-gnu.so
[0.295s] -- Up-to-date symlink: /home/rutvij/rbe500_group_project-1/install/rrbot_gazebo/local/lib/python3.10/dist-packages/rrbot_gazebo/rrbot_gazebo_s__rosidl_typesupport_introspection_c.cpython-310-x86_64-linux-gnu.so
[0.295s] -- Up-to-date symlink: /home/rutvij/rbe500_group_project-1/install/rrbot_gazebo/local/lib/python3.10/dist-packages/rrbot_gazebo/srv/__init__.py
[0.295s] -- Up-to-date symlink: /home/rutvij/rbe500_group_project-1/install/rrbot_gazebo/local/lib/python3.10/dist-packages/rrbot_gazebo/srv/_cartesian_velocity_input.py
[0.295s] -- Up-to-date symlink: /home/rutvij/rbe500_group_project-1/install/rrbot_gazebo/local/lib/python3.10/dist-packages/rrbot_gazebo/srv/_cartesian_velocity_input_s.c
[0.295s] -- Up-to-date symlink: /home/rutvij/rbe500_group_project-1/install/rrbot_gazebo/local/lib/python3.10/dist-packages/rrbot_gazebo/srv/_control_input.py
[0.295s] -- Up-to-date symlink: /home/rutvij/rbe500_group_project-1/install/rrbot_gazebo/local/lib/python3.10/dist-packages/rrbot_gazebo/srv/_control_input_s.c
[0.295s] -- Up-to-date symlink: /home/rutvij/rbe500_group_project-1/install/rrbot_gazebo/local/lib/python3.10/dist-packages/rrbot_gazebo/srv/_ik_service.py
[0.295s] -- Up-to-date symlink: /home/rutvij/rbe500_group_project-1/install/rrbot_gazebo/local/lib/python3.10/dist-packages/rrbot_gazebo/srv/_ik_service_s.c
[0.295s] -- Up-to-date symlink: /home/rutvij/rbe500_group_project-1/install/rrbot_gazebo/local/lib/python3.10/dist-packages/rrbot_gazebo/srv/_joint_velocity_input.py
[0.295s] -- Up-to-date symlink: /home/rutvij/rbe500_group_project-1/install/rrbot_gazebo/local/lib/python3.10/dist-packages/rrbot_gazebo/srv/_joint_velocity_input_s.c
[0.295s] -- Up-to-date symlink: /home/rutvij/rbe500_group_project-1/install/rrbot_gazebo/local/lib/python3.10/dist-packages/rrbot_gazebo/rrbot_gazebo_s__rosidl_typesupport_fastrtps_c.cpython-310-x86_64-linux-gnu.so
[0.295s] -- Up-to-date symlink: /home/rutvij/rbe500_group_project-1/install/rrbot_gazebo/local/lib/python3.10/dist-packages/rrbot_gazebo/rrbot_gazebo_s__rosidl_typesupport_introspection_c.cpython-310-x86_64-linux-gnu.so
[0.296s] -- Up-to-date symlink: /home/rutvij/rbe500_group_project-1/install/rrbot_gazebo/local/lib/python3.10/dist-packages/rrbot_gazebo/rrbot_gazebo_s__rosidl_typesupport_c.cpython-310-x86_64-linux-gnu.so
[0.296s] -- Up-to-date symlink: /home/rutvij/rbe500_group_project-1/install/rrbot_gazebo/share/rrbot_gazebo/srv/IKService.idl
[0.296s] -- Up-to-date symlink: /home/rutvij/rbe500_group_project-1/install/rrbot_gazebo/share/rrbot_gazebo/srv/ControlInput.idl
[0.296s] -- Up-to-date symlink: /home/rutvij/rbe500_group_project-1/install/rrbot_gazebo/share/rrbot_gazebo/srv/CartesianVelocityInput.idl
[0.296s] -- Up-to-date symlink: /home/rutvij/rbe500_group_project-1/install/rrbot_gazebo/share/rrbot_gazebo/srv/JointVelocityInput.idl
[0.296s] -- Up-to-date symlink: /home/rutvij/rbe500_group_project-1/install/rrbot_gazebo/share/rrbot_gazebo/srv/IKService.srv
[0.296s] -- Up-to-date symlink: /home/rutvij/rbe500_group_project-1/install/rrbot_gazebo/share/rrbot_gazebo/srv/IKService_Request.msg
[0.296s] -- Up-to-date symlink: /home/rutvij/rbe500_group_project-1/install/rrbot_gazebo/share/rrbot_gazebo/srv/IKService_Response.msg
[0.296s] -- Up-to-date symlink: /home/rutvij/rbe500_group_project-1/install/rrbot_gazebo/share/rrbot_gazebo/srv/ControlInput.srv
[0.296s] -- Up-to-date symlink: /home/rutvij/rbe500_group_project-1/install/rrbot_gazebo/share/rrbot_gazebo/srv/ControlInput_Request.msg
[0.296s] -- Up-to-date symlink: /home/rutvij/rbe500_group_project-1/install/rrbot_gazebo/share/rrbot_gazebo/srv/ControlInput_Response.msg
[0.296s] -- Up-to-date symlink: /home/rutvij/rbe500_group_project-1/install/rrbot_gazebo/share/rrbot_gazebo/srv/CartesianVelocityInput.srv
[0.296s] -- Up-to-date symlink: /home/rutvij/rbe500_group_project-1/install/rrbot_gazebo/share/rrbot_gazebo/srv/CartesianVelocityInput_Request.msg
[0.296s] -- Up-to-date symlink: /home/rutvij/rbe500_group_project-1/install/rrbot_gazebo/share/rrbot_gazebo/srv/CartesianVelocityInput_Response.msg
[0.296s] -- Up-to-date symlink: /home/rutvij/rbe500_group_project-1/install/rrbot_gazebo/share/rrbot_gazebo/srv/JointVelocityInput.srv
[0.296s] -- Up-to-date symlink: /home/rutvij/rbe500_group_project-1/install/rrbot_gazebo/share/rrbot_gazebo/srv/JointVelocityInput_Request.msg
[0.297s] -- Up-to-date symlink: /home/rutvij/rbe500_group_project-1/install/rrbot_gazebo/share/rrbot_gazebo/srv/JointVelocityInput_Response.msg
[0.297s] -- Up-to-date symlink: /home/rutvij/rbe500_group_project-1/install/rrbot_gazebo/share/ament_index/resource_index/package_run_dependencies/rrbot_gazebo
[0.297s] -- Up-to-date symlink: /home/rutvij/rbe500_group_project-1/install/rrbot_gazebo/share/ament_index/resource_index/parent_prefix_path/rrbot_gazebo
[0.297s] -- Up-to-date symlink: /home/rutvij/rbe500_group_project-1/install/rrbot_gazebo/share/rrbot_gazebo/environment/ament_prefix_path.sh
[0.297s] -- Up-to-date symlink: /home/rutvij/rbe500_group_project-1/install/rrbot_gazebo/share/rrbot_gazebo/environment/ament_prefix_path.dsv
[0.297s] -- Up-to-date symlink: /home/rutvij/rbe500_group_project-1/install/rrbot_gazebo/share/rrbot_gazebo/environment/path.sh
[0.297s] -- Up-to-date symlink: /home/rutvij/rbe500_group_project-1/install/rrbot_gazebo/share/rrbot_gazebo/environment/path.dsv
[0.297s] -- Up-to-date symlink: /home/rutvij/rbe500_group_project-1/install/rrbot_gazebo/share/rrbot_gazebo/local_setup.bash
[0.297s] -- Up-to-date symlink: /home/rutvij/rbe500_group_project-1/install/rrbot_gazebo/share/rrbot_gazebo/local_setup.sh
[0.297s] -- Up-to-date symlink: /home/rutvij/rbe500_group_project-1/install/rrbot_gazebo/share/rrbot_gazebo/local_setup.zsh
[0.297s] -- Up-to-date symlink: /home/rutvij/rbe500_group_project-1/install/rrbot_gazebo/share/rrbot_gazebo/local_setup.dsv
[0.297s] -- Symlinking: /home/rutvij/rbe500_group_project-1/install/rrbot_gazebo/share/rrbot_gazebo/package.dsv
[0.302s] -- Up-to-date symlink: /home/rutvij/rbe500_group_project-1/install/rrbot_gazebo/share/ament_index/resource_index/packages/rrbot_gazebo
[0.302s] -- Up-to-date symlink: /home/rutvij/rbe500_group_project-1/install/rrbot_gazebo/share/rrbot_gazebo/cmake/rosidl_cmake-extras.cmake
[0.302s] -- Up-to-date symlink: /home/rutvij/rbe500_group_project-1/install/rrbot_gazebo/share/rrbot_gazebo/cmake/ament_cmake_export_dependencies-extras.cmake
[0.302s] -- Up-to-date symlink: /home/rutvij/rbe500_group_project-1/install/rrbot_gazebo/share/rrbot_gazebo/cmake/ament_cmake_export_include_directories-extras.cmake
[0.302s] -- Up-to-date symlink: /home/rutvij/rbe500_group_project-1/install/rrbot_gazebo/share/rrbot_gazebo/cmake/ament_cmake_export_libraries-extras.cmake
[0.302s] -- Up-to-date symlink: /home/rutvij/rbe500_group_project-1/install/rrbot_gazebo/share/rrbot_gazebo/cmake/ament_cmake_export_targets-extras.cmake
[0.302s] -- Up-to-date symlink: /home/rutvij/rbe500_group_project-1/install/rrbot_gazebo/share/rrbot_gazebo/cmake/rosidl_cmake_export_typesupport_targets-extras.cmake
[0.302s] -- Up-to-date symlink: /home/rutvij/rbe500_group_project-1/install/rrbot_gazebo/share/rrbot_gazebo/cmake/rosidl_cmake_export_typesupport_libraries-extras.cmake
[0.302s] -- Up-to-date symlink: /home/rutvij/rbe500_group_project-1/install/rrbot_gazebo/share/rrbot_gazebo/cmake/rrbot_gazeboConfig.cmake
[0.302s] -- Up-to-date symlink: /home/rutvij/rbe500_group_project-1/install/rrbot_gazebo/share/rrbot_gazebo/cmake/rrbot_gazeboConfig-version.cmake
[0.302s] -- Up-to-date symlink: /home/rutvij/rbe500_group_project-1/install/rrbot_gazebo/share/rrbot_gazebo/package.xml
[0.302s] -- Up-to-date: /home/rutvij/rbe500_group_project-1/install/rrbot_gazebo/lib/librrbot_gazebo__rosidl_generator_c.so
[0.302s] -- Up-to-date: /home/rutvij/rbe500_group_project-1/install/rrbot_gazebo/lib/librrbot_gazebo__rosidl_typesupport_fastrtps_c.so
[0.303s] -- Up-to-date: /home/rutvij/rbe500_group_project-1/install/rrbot_gazebo/lib/librrbot_gazebo__rosidl_typesupport_fastrtps_cpp.so
[0.303s] -- Up-to-date: /home/rutvij/rbe500_group_project-1/install/rrbot_gazebo/lib/librrbot_gazebo__rosidl_typesupport_introspection_c.so
[0.303s] -- Up-to-date: /home/rutvij/rbe500_group_project-1/install/rrbot_gazebo/lib/librrbot_gazebo__rosidl_typesupport_c.so
[0.303s] -- Up-to-date: /home/rutvij/rbe500_group_project-1/install/rrbot_gazebo/lib/librrbot_gazebo__rosidl_typesupport_introspection_cpp.so
[0.303s] -- Up-to-date: /home/rutvij/rbe500_group_project-1/install/rrbot_gazebo/lib/librrbot_gazebo__rosidl_typesupport_cpp.so
[0.319s] Listing '/home/rutvij/rbe500_group_project-1/install/rrbot_gazebo/local/lib/python3.10/dist-packages/rrbot_gazebo'...
[0.319s] Listing '/home/rutvij/rbe500_group_project-1/install/rrbot_gazebo/local/lib/python3.10/dist-packages/rrbot_gazebo/srv'...
[0.322s] -- Up-to-date: /home/rutvij/rbe500_group_project-1/install/rrbot_gazebo/lib/librrbot_gazebo__rosidl_generator_py.so
[0.322s] -- Up-to-date: /home/rutvij/rbe500_group_project-1/install/rrbot_gazebo/share/rrbot_gazebo/cmake/export_rrbot_gazebo__rosidl_generator_cExport.cmake
[0.322s] -- Up-to-date: /home/rutvij/rbe500_group_project-1/install/rrbot_gazebo/share/rrbot_gazebo/cmake/export_rrbot_gazebo__rosidl_generator_cExport-noconfig.cmake
[0.322s] -- Up-to-date: /home/rutvij/rbe500_group_project-1/install/rrbot_gazebo/share/rrbot_gazebo/cmake/export_rrbot_gazebo__rosidl_typesupport_fastrtps_cExport.cmake
[0.322s] -- Up-to-date: /home/rutvij/rbe500_group_project-1/install/rrbot_gazebo/share/rrbot_gazebo/cmake/export_rrbot_gazebo__rosidl_typesupport_fastrtps_cExport-noconfig.cmake
[0.322s] -- Up-to-date: /home/rutvij/rbe500_group_project-1/install/rrbot_gazebo/share/rrbot_gazebo/cmake/export_rrbot_gazebo__rosidl_generator_cppExport.cmake
[0.322s] -- Up-to-date: /home/rutvij/rbe500_group_project-1/install/rrbot_gazebo/share/rrbot_gazebo/cmake/export_rrbot_gazebo__rosidl_typesupport_fastrtps_cppExport.cmake
[0.322s] -- Up-to-date: /home/rutvij/rbe500_group_project-1/install/rrbot_gazebo/share/rrbot_gazebo/cmake/export_rrbot_gazebo__rosidl_typesupport_fastrtps_cppExport-noconfig.cmake
[0.323s] -- Up-to-date: /home/rutvij/rbe500_group_project-1/install/rrbot_gazebo/share/rrbot_gazebo/cmake/rrbot_gazebo__rosidl_typesupport_introspection_cExport.cmake
[0.323s] -- Up-to-date: /home/rutvij/rbe500_group_project-1/install/rrbot_gazebo/share/rrbot_gazebo/cmake/rrbot_gazebo__rosidl_typesupport_introspection_cExport-noconfig.cmake
[0.323s] -- Up-to-date: /home/rutvij/rbe500_group_project-1/install/rrbot_gazebo/share/rrbot_gazebo/cmake/rrbot_gazebo__rosidl_typesupport_cExport.cmake
[0.323s] -- Up-to-date: /home/rutvij/rbe500_group_project-1/install/rrbot_gazebo/share/rrbot_gazebo/cmake/rrbot_gazebo__rosidl_typesupport_cExport-noconfig.cmake
[0.323s] -- Up-to-date: /home/rutvij/rbe500_group_project-1/install/rrbot_gazebo/share/rrbot_gazebo/cmake/rrbot_gazebo__rosidl_typesupport_introspection_cppExport.cmake
[0.323s] -- Up-to-date: /home/rutvij/rbe500_group_project-1/install/rrbot_gazebo/share/rrbot_gazebo/cmake/rrbot_gazebo__rosidl_typesupport_introspection_cppExport-noconfig.cmake
[0.323s] -- Up-to-date: /home/rutvij/rbe500_group_project-1/install/rrbot_gazebo/share/rrbot_gazebo/cmake/rrbot_gazebo__rosidl_typesupport_cppExport.cmake
[0.323s] -- Up-to-date: /home/rutvij/rbe500_group_project-1/install/rrbot_gazebo/share/rrbot_gazebo/cmake/rrbot_gazebo__rosidl_typesupport_cppExport-noconfig.cmake
[0.323s] -- Up-to-date: /home/rutvij/rbe500_group_project-1/install/rrbot_gazebo/share/rrbot_gazebo/cmake/export_rrbot_gazebo__rosidl_generator_pyExport.cmake
[0.323s] -- Up-to-date: /home/rutvij/rbe500_group_project-1/install/rrbot_gazebo/share/rrbot_gazebo/cmake/export_rrbot_gazebo__rosidl_generator_pyExport-noconfig.cmake
[0.325s] Invoked command in '/home/rutvij/rbe500_group_project-1/build/rrbot_gazebo' returned '0': AMENT_PREFIX_PATH=/home/rutvij/rbe500_group_project-1/install/rrbot_description:${AMENT_PREFIX_PATH} CMAKE_PREFIX_PATH=/home/rutvij/rbe500_group_project-1/install/rrbot_description:/home/rutvij/ros2_ws/install/rrbot_gazebo:/home/rutvij/ros2_ws/install/rrbot_description:/home/rutvij/ros2_ws/install/my_robot_controller:/opt/ros/humble /usr/bin/cmake --install /home/rutvij/rbe500_group_project-1/build/rrbot_gazebo
