[0.051s] Invoking command in '/home/rutvij/rbe500_group_project-1/build/rrbot_gazebo': AMENT_PREFIX_PATH=/home/rutvij/rbe500_group_project-1/install/rrbot_description:${AMENT_PREFIX_PATH} CMAKE_PREFIX_PATH=/home/rutvij/rbe500_group_project-1/install/rrbot_description:/home/rutvij/ros2_ws/install/rrbot_gazebo:/home/rutvij/ros2_ws/install/rrbot_description:/home/rutvij/ros2_ws/install/my_robot_controller:/opt/ros/humble /usr/bin/cmake /home/rutvij/rbe500_group_project-1/rrbot_simulation_files/rrbot_gazebo -DCMAKE_INSTALL_PREFIX=/home/rutvij/rbe500_group_project-1/install/rrbot_gazebo
[0.095s] -- The C compiler identification is GNU 11.4.0
[0.144s] -- The CXX compiler identification is GNU 11.4.0
[0.152s] -- Detecting C compiler ABI info
[0.222s] -- Detecting C compiler ABI info - done
[0.228s] -- Check for working C compiler: /usr/bin/cc - skipped
[0.228s] -- Detecting C compile features
[0.229s] -- Detecting C compile features - done
[0.232s] -- Detecting CXX compiler ABI info
[0.297s] -- Detecting CXX compiler ABI info - done
[0.303s] -- Check for working CXX compiler: /usr/bin/c++ - skipped
[0.303s] -- Detecting CXX compile features
[0.303s] -- Detecting CXX compile features - done
[0.305s] -- Found ament_cmake: 1.3.6 (/opt/ros/humble/share/ament_cmake/cmake)
[0.453s] -- Found Python3: /usr/bin/python3.10 (found version "3.10.12") found components: Interpreter 
[0.534s] -- Found rclpy: 3.3.11 (/opt/ros/humble/share/rclpy/cmake)
[0.536s] -- Found rclcpp: 16.0.7 (/opt/ros/humble/share/rclcpp/cmake)
[0.587s] -- Found rosidl_generator_c: 3.1.5 (/opt/ros/humble/share/rosidl_generator_c/cmake)
[0.593s] -- Found rosidl_adapter: 3.1.5 (/opt/ros/humble/share/rosidl_adapter/cmake)
[0.607s] -- Found rosidl_generator_cpp: 3.1.5 (/opt/ros/humble/share/rosidl_generator_cpp/cmake)
[0.623s] -- Using all available rosidl_typesupport_c: rosidl_typesupport_fastrtps_c;rosidl_typesupport_introspection_c
[0.646s] -- Using all available rosidl_typesupport_cpp: rosidl_typesupport_fastrtps_cpp;rosidl_typesupport_introspection_cpp
[0.729s] -- Found rmw_implementation_cmake: 6.1.1 (/opt/ros/humble/share/rmw_implementation_cmake/cmake)
[0.734s] -- Found rmw_fastrtps_cpp: 6.2.5 (/opt/ros/humble/share/rmw_fastrtps_cpp/cmake)
[0.845s] -- Found OpenSSL: /usr/lib/x86_64-linux-gnu/libcrypto.so (found version "3.0.2")  
[0.869s] -- Found FastRTPS: /opt/ros/humble/include  
[0.906s] -- Using RMW implementation 'rmw_fastrtps_cpp' as default
[0.921s] -- Looking for pthread.h
[0.985s] -- Looking for pthread.h - found
[0.985s] -- Performing Test CMAKE_HAVE_LIBC_PTHREAD
[1.046s] -- Performing Test CMAKE_HAVE_LIBC_PTHREAD - Success
[1.047s] -- Found Threads: TRUE  
[1.206s] -- Found geometry_msgs: 4.2.3 (/opt/ros/humble/share/geometry_msgs/cmake)
[1.245s] -- Found controller_manager_msgs: 2.35.0 (/opt/ros/humble/share/controller_manager_msgs/cmake)
[1.300s] -- Found rosidl_default_generators: 1.2.0 (/opt/ros/humble/share/rosidl_default_generators/cmake)
[1.312s] [31mCMake Error at /opt/ros/humble/share/rosidl_cmake/cmake/rosidl_generate_interfaces.cmake:93 (message):
[1.312s]   rosidl_generate_interfaces() the passed file 'srv/ControlInput.srv' doesn't
[1.312s]   exist relative to the CMAKE_CURRENT_SOURCE_DIR
[1.312s]   '/home/rutvij/rbe500_group_project-1/rrbot_simulation_files/rrbot_gazebo'
[1.312s] Call Stack (most recent call first):
[1.313s]   CMakeLists.txt:46 (rosidl_generate_interfaces)
[1.313s] 
[1.313s] [0m
[1.313s] -- Configuring incomplete, errors occurred!
[1.313s] See also "/home/rutvij/rbe500_group_project-1/build/rrbot_gazebo/CMakeFiles/CMakeOutput.log".
[1.320s] Invoked command in '/home/rutvij/rbe500_group_project-1/build/rrbot_gazebo' returned '1': AMENT_PREFIX_PATH=/home/rutvij/rbe500_group_project-1/install/rrbot_description:${AMENT_PREFIX_PATH} CMAKE_PREFIX_PATH=/home/rutvij/rbe500_group_project-1/install/rrbot_description:/home/rutvij/ros2_ws/install/rrbot_gazebo:/home/rutvij/ros2_ws/install/rrbot_description:/home/rutvij/ros2_ws/install/my_robot_controller:/opt/ros/humble /usr/bin/cmake /home/rutvij/rbe500_group_project-1/rrbot_simulation_files/rrbot_gazebo -DCMAKE_INSTALL_PREFIX=/home/rutvij/rbe500_group_project-1/install/rrbot_gazebo
